63721511785584	EXPERIMENT:		SUBJECT:	120	START_SCENE	esc_city01	START_CONDITION:	Scaled	UI:	KeyboardMouse
63721511785652	TASK_START	LM_Timeline	TaskList
63721511785652	EEG_TRIGGER	Name	EXP_start	Value	1
63721511785653	TASK_START	InitializeExperiment	TaskList
63721511785653	TASK_START	PlaceTargets	TaskList
63721511785653	TASK_START	CheckForUsedTargets	LM_CompareLists
63721511785669	TASK_END	CheckForUsedTargets	LM_CompareLists	16
63721511785671	TASK_START	ListTargetLocations	ObjectList
63721511785671	TASK_ADD	ListTargetLocations	ObjectList	Target01	null
63721511785671	TASK_ADD	ListTargetLocations	ObjectList	Target02	null
63721511785671	TASK_ADD	ListTargetLocations	ObjectList	Target03	null
63721511785671	TASK_ADD	ListTargetLocations	ObjectList	Target04	null
63721511785671	TASK_ADD	ListTargetLocations	ObjectList	Target05	null
63721511785671	TASK_ADD	ListTargetLocations	ObjectList	Target06	null
63721511785671	TASK_ADD	ListTargetLocations	ObjectList	Target07	null
63721511785671	TASK_ADD	ListTargetLocations	ObjectList	Target08	null
63721511785723	TASK_END	ListTargetLocations	ObjectList	52
63721511785724	TASK_START	ListTargets	ObjectList
63721511785724	TASK_ADD	ListTargets	ObjectList	Camera Store	null
63721511785724	TASK_ADD	ListTargets	ObjectList	Barber Shop	null
63721511785724	TASK_ADD	ListTargets	ObjectList	Hair Dresser	null
63721511785724	TASK_ADD	ListTargets	ObjectList	Grocery	null
63721511785724	TASK_ADD	ListTargets	ObjectList	Toy Shop	null
63721511785724	TASK_ADD	ListTargets	ObjectList	Clothing Store	null
63721511785724	TASK_ADD	ListTargets	ObjectList	Bike Shop	null
63721511785724	TASK_ADD	ListTargets	ObjectList	Computer Shop	null
63721511785724	TASK_ADD	ListTargets	ObjectList	Pharmacy	null
63721511785724	TASK_ADD	ListTargets	ObjectList	Music Store	null
63721511785724	TASK_ADD	ListTargets	ObjectList	Pet Shop	null
63721511785724	TASK_ADD	ListTargets	ObjectList	Bakery	null
63721511785724	TASK_ADD	ListTargets	ObjectList	Ice Cream Shop	null
63721511785724	TASK_ADD	ListTargets	ObjectList	Coffee Shop	null
63721511785724	TASK_ADD	ListTargets	ObjectList	Post Office	null
63721511785724	TASK_ADD	ListTargets	ObjectList	Repair Shop	null
63721511785734	TASK_END	ListTargets	ObjectList	10
63721511785736	TASK_START	PopulateTargets	MoveObjects
63721511785736	TARGET INFORMATION ----------------------------------------
63721511785736	Target01: 	Camera Store	Position: 	5.95	0.085	116.45	Rotation: 	270	270	0
63721511785736	Target02: 	Barber Shop	Position: 	5.95	0.085	14.45	Rotation: 	270	270	0
63721511785736	Target03: 	Hair Dresser	Position: 	85.935	0.085	14.45	Rotation: 	270	270	0
63721511785736	Target04: 	Grocery	Position: 	85.935	0.085	74.45998	Rotation: 	270	270	0
63721511785736	Target05: 	Toy Shop	Position: 	36.55	0.085	74.45998	Rotation: 	270	180	0
63721511785736	Target06: 	Clothing Store	Position: 	36.55	0.085	116.45	Rotation: 	270	180	0
63721511785736	Target07: 	Bike Shop	Position: 	76.49999	0.085	106.25	Rotation: 	270	0	0
63721511785736	Target08: 	Computer Shop	Position: 	76.49999	0.085	37.4	Rotation: 	270	90	0
63721511785736	-----------------------------------------------------------/
63721511785742	TASK_END	PopulateTargets	MoveObjects	7
63721511785743	TASK_START	UpdateUsedTargets	LM_CompareLists
63721511785751	TASK_END	UpdateUsedTargets	LM_CompareLists	8
63721511785751	LM_Output	TaskList
TaskListName	RepetitionNumber	CatchFlag
PlaceTargets1False
63721511785751	TASK_END	PlaceTargets	TaskList	98
63721511785752	TASK_START	ListNavigationStarts	ObjectList
63721511785752	TASK_ADD	ListNavigationStarts	ObjectList	StartLocation01	null
63721511785752	TASK_ADD	ListNavigationStarts	ObjectList	StartLocation04	null
63721511785752	TASK_ADD	ListNavigationStarts	ObjectList	StartLocation06	null
63721511785752	TASK_ADD	ListNavigationStarts	ObjectList	StartLocation08	null
63721511785752	TASK_ADD	ListNavigationStarts	ObjectList	StartLocation03	null
63721511785752	TASK_ADD	ListNavigationStarts	ObjectList	StartLocation07	null
63721511785752	TASK_ADD	ListNavigationStarts	ObjectList	StartLocation02	null
63721511785752	TASK_ADD	ListNavigationStarts	ObjectList	StartLocation05	null
63721511785758	TASK_END	ListNavigationStarts	ObjectList	6
63721511785759	TASK_START	ListLargePlayerStarts	ObjectList
63721511785759	TASK_ADD	ListLargePlayerStarts	ObjectList	ScaledPlayerSpawn05	null
63721511785759	TASK_ADD	ListLargePlayerStarts	ObjectList	ScaledPlayerSpawn01	null
63721511785759	TASK_ADD	ListLargePlayerStarts	ObjectList	ScaledPlayerSpawn08	null
63721511785759	TASK_ADD	ListLargePlayerStarts	ObjectList	ScaledPlayerSpawn02	null
63721511785759	TASK_ADD	ListLargePlayerStarts	ObjectList	ScaledPlayerSpawn04	null
63721511785759	TASK_ADD	ListLargePlayerStarts	ObjectList	ScaledPlayerSpawn03	null
63721511785759	TASK_ADD	ListLargePlayerStarts	ObjectList	ScaledPlayerSpawn07	null
63721511785759	TASK_ADD	ListLargePlayerStarts	ObjectList	ScaledPlayerSpawn06	null
63721511785761	TASK_END	ListLargePlayerStarts	ObjectList	3
63721511785762	TASK_START	ListSmallPlayerStarts	ObjectList
63721511785762	TASK_ADD	ListSmallPlayerStarts	ObjectList	StartLocation05	null
63721511785762	TASK_ADD	ListSmallPlayerStarts	ObjectList	StartLocation04	null
63721511785762	TASK_ADD	ListSmallPlayerStarts	ObjectList	StartLocation08	null
63721511785762	TASK_ADD	ListSmallPlayerStarts	ObjectList	StartLocation07	null
63721511785762	TASK_ADD	ListSmallPlayerStarts	ObjectList	StartLocation03	null
63721511785762	TASK_ADD	ListSmallPlayerStarts	ObjectList	StartLocation02	null
63721511785762	TASK_ADD	ListSmallPlayerStarts	ObjectList	StartLocation01	null
63721511785762	TASK_ADD	ListSmallPlayerStarts	ObjectList	StartLocation06	null
63721511785765	TASK_END	ListSmallPlayerStarts	ObjectList	3
63721511785765	LM_Output	TaskList
TaskListName	RepetitionNumber	CatchFlag
InitializeExperiment1False
63721511785765	TASK_END	InitializeExperiment	TaskList	112
63721511785766	TASK_START	BeginMessage	InstructionsTask
63721511787623	INPUT_EVENT    PlayerPressedActionButton    1
63721511787623	TASK_END	BeginMessage	InstructionsTask	1857
63721511787624	TASK_START	Tasks	TaskList
63721511787624	TASK_START	Practice	TaskList
63721511787624	TASK_START	LearnTargets	TaskList
63721511787625	TASK_START	LearnTargets Instructions	InstructionsTask
63721511788575	INPUT_EVENT    PlayerPressedActionButton    1
63721511788575	TASK_END	LearnTargets Instructions	InstructionsTask	950
63721511788576	TASK_START	ViewTargets	TaskList
63721511788576	TASK_START	ListTargetsForLearning	ObjectList
63721511788576	TASK_ADD	ListTargetsForLearning	ObjectList	Barber Shop	null
63721511788576	TASK_ADD	ListTargetsForLearning	ObjectList	Bike Shop	null
63721511788576	TASK_ADD	ListTargetsForLearning	ObjectList	Computer Shop	null
63721511788576	TASK_ADD	ListTargetsForLearning	ObjectList	Toy Shop	null
63721511788576	TASK_ADD	ListTargetsForLearning	ObjectList	Grocery	null
63721511788576	TASK_ADD	ListTargetsForLearning	ObjectList	Hair Dresser	null
63721511788576	TASK_ADD	ListTargetsForLearning	ObjectList	Clothing Store	null
63721511788576	TASK_ADD	ListTargetsForLearning	ObjectList	Camera Store	null
63721511788582	TASK_END	ListTargetsForLearning	ObjectList	6
63721511788583	TASK_START	RotateTarget	ViewTargets
63721511788583	EEG_TRIGGER	Name	ViewTarget_start	Value	2
63721511788584	Practice	Barber Shop
63721511791590	Practice	Bike Shop
63721511794591	Practice	Computer Shop
63721511797606	Practice	Toy Shop
63721511800606	Practice	Grocery
63721511803606	Practice	Hair Dresser
63721511806606	Practice	Clothing Store
63721511809606	Practice	Camera Store
63721511812631	TASK_END	RotateTarget	ViewTargets	24048
63721511812631	LM_Output	TaskList
TaskListName	RepetitionNumber	CatchFlag
ViewTargets2False
63721511812631	TASK_START	ListTargetsForLearning	ObjectList
63721511812631	TASK_ADD	ListTargetsForLearning	ObjectList	Hair Dresser	null
63721511812631	TASK_ADD	ListTargetsForLearning	ObjectList	Bike Shop	null
63721511812631	TASK_ADD	ListTargetsForLearning	ObjectList	Barber Shop	null
63721511812631	TASK_ADD	ListTargetsForLearning	ObjectList	Grocery	null
63721511812631	TASK_ADD	ListTargetsForLearning	ObjectList	Clothing Store	null
63721511812631	TASK_ADD	ListTargetsForLearning	ObjectList	Toy Shop	null
63721511812631	TASK_ADD	ListTargetsForLearning	ObjectList	Computer Shop	null
63721511812631	TASK_ADD	ListTargetsForLearning	ObjectList	Camera Store	null
63721511812659	TASK_END	ListTargetsForLearning	ObjectList	28
63721511812659	TASK_START	RotateTarget	ViewTargets
63721511812659	EEG_TRIGGER	Name	ViewTarget_start	Value	2
63721511812660	Practice	Hair Dresser
63721511815662	Practice	Bike Shop
63721511818675	Practice	Barber Shop
63721511821678	Practice	Grocery
63721511824678	Practice	Clothing Store
63721511827678	Practice	Toy Shop
63721511830678	Practice	Computer Shop
63721511833678	Practice	Camera Store
63721511836706	TASK_END	RotateTarget	ViewTargets	24047
63721511836707	LM_Output	TaskList
TaskListName	RepetitionNumber	CatchFlag
ViewTargets3False
63721511836707	TASK_START	ListTargetsForLearning	ObjectList
63721511836707	TASK_ADD	ListTargetsForLearning	ObjectList	Bike Shop	null
63721511836707	TASK_ADD	ListTargetsForLearning	ObjectList	Camera Store	null
63721511836707	TASK_ADD	ListTargetsForLearning	ObjectList	Barber Shop	null
63721511836707	TASK_ADD	ListTargetsForLearning	ObjectList	Grocery	null
63721511836707	TASK_ADD	ListTargetsForLearning	ObjectList	Computer Shop	null
63721511836707	TASK_ADD	ListTargetsForLearning	ObjectList	Hair Dresser	null
63721511836707	TASK_ADD	ListTargetsForLearning	ObjectList	Toy Shop	null
63721511836707	TASK_ADD	ListTargetsForLearning	ObjectList	Clothing Store	null
63721511836715	TASK_END	ListTargetsForLearning	ObjectList	8
63721511836715	TASK_START	RotateTarget	ViewTargets
63721511836716	EEG_TRIGGER	Name	ViewTarget_start	Value	2
63721511836716	Practice	Bike Shop
63721511839727	Practice	Camera Store
63721511842731	Practice	Barber Shop
63721511845730	Practice	Grocery
63721511848730	Practice	Computer Shop
63721511851730	Practice	Hair Dresser
63721511854731	Practice	Toy Shop
63721511857759	Practice	Clothing Store
63721511860762	TASK_END	RotateTarget	ViewTargets	24047
63721511860762	LM_Output	TaskList
TaskListName	RepetitionNumber	CatchFlag
ViewTargets3False
63721511860762	TASK_END	ViewTargets	TaskList	72186
63721511860762	LM_Output	TaskList
TaskListName	RepetitionNumber	CatchFlag
LearnTargets1False
63721511860762	TASK_END	LearnTargets	TaskList	73138
63721511860762	LM_Output	TaskList
TaskListName	RepetitionNumber	CatchFlag
Practice1False
63721511860762	TASK_END	Practice	TaskList	73138
63721511860763	TASK_START	Standard	TaskList
63721511860766	TASK_END	Standard	TaskList	3
63721511860766	TASK_START	Scaled	TaskList
63721511860770	TASK_END	Scaled	TaskList	4
63721511860770	LM_Output	TaskList
TaskListName	RepetitionNumber	CatchFlag
Tasks1False
63721511860770	TASK_END	Tasks	TaskList	73146
63721511860771	TASK_START	EndMessage	InstructionsTask
63721511865778	TASK_END	EndMessage	InstructionsTask	5007
63721511865778	LM_Output	TaskList
TaskListName	RepetitionNumber	CatchFlag
LM_Timeline1False
63721511865781	EEG_TRIGGER	Name	EXP_end	Value	3
63721511865781	TASK_END	LM_Timeline	TaskList	80129
63721511865782	
================ Index of EEG Triggers ================
1: EXP_start
2: ViewTarget_start
3: EXP_end

