63721511866690	EXPERIMENT:		SUBJECT:	120	START_SCENE	esc_city02	START_CONDITION:	Standard	UI:	KeyboardMouse
63721511866740	TASK_START	LM_Timeline	TaskList
63721511866740	EEG_TRIGGER	Name	EXP_start	Value	1
63721511866740	TASK_START	InitializeExperiment	TaskList
63721511866741	TASK_START	PlaceTargets	TaskList
63721511866741	TASK_START	CheckForUsedTargets	LM_CompareLists
63721511866745	TASK_END	CheckForUsedTargets	LM_CompareLists	4
63721511866746	TASK_START	ListTargetLocations	ObjectList
63721511866746	TASK_ADD	ListTargetLocations	ObjectList	Target01	null
63721511866746	TASK_ADD	ListTargetLocations	ObjectList	Target02	null
63721511866746	TASK_ADD	ListTargetLocations	ObjectList	Target03	null
63721511866746	TASK_ADD	ListTargetLocations	ObjectList	Target04	null
63721511866746	TASK_ADD	ListTargetLocations	ObjectList	Target05	null
63721511866746	TASK_ADD	ListTargetLocations	ObjectList	Target06	null
63721511866746	TASK_ADD	ListTargetLocations	ObjectList	Target07	null
63721511866746	TASK_ADD	ListTargetLocations	ObjectList	Target08	null
63721511866781	TASK_END	ListTargetLocations	ObjectList	35
63721511866781	TASK_START	ListTargets	ObjectList
63721511866781	TASK_ADD	ListTargets	ObjectList	Pet Shop	null
63721511866781	TASK_ADD	ListTargets	ObjectList	Post Office	null
63721511866781	TASK_ADD	ListTargets	ObjectList	Music Store	null
63721511866781	TASK_ADD	ListTargets	ObjectList	Coffee Shop	null
63721511866781	TASK_ADD	ListTargets	ObjectList	Pharmacy	null
63721511866781	TASK_ADD	ListTargets	ObjectList	Repair Shop	null
63721511866781	TASK_ADD	ListTargets	ObjectList	Bakery	null
63721511866781	TASK_ADD	ListTargets	ObjectList	Ice Cream Shop	null
63721511866795	TASK_END	ListTargets	ObjectList	14
63721511866795	TASK_START	PopulateTargets	MoveObjects
63721511866795	TARGET INFORMATION ----------------------------------------
63721511866795	Target01: 	Pet Shop	Position: 	86.7	0.08500671	138.55	Rotation: 	270	0	0
63721511866795	Target02: 	Post Office	Position: 	86.7	0.08500671	55.25	Rotation: 	270	270	0
63721511866795	Target03: 	Music Store	Position: 	36.54999	0.08500671	55.25	Rotation: 	270	90	0
63721511866795	Target04: 	Coffee Shop	Position: 	36.54999	0.08500671	86.7	Rotation: 	270	270	0
63721511866795	Target05: 	Pharmacy	Position: 	76.49999	0.08500671	86.7	Rotation: 	270	180	0
63721511866795	Target06: 	Repair Shop	Position: 	76.49999	0.08500671	16.15	Rotation: 	270	90	0
63721511866795	Target07: 	Bakery	Position: 	14.28003	0.08500671	16.15	Rotation: 	270	90	0
63721511866796	Target08: 	Ice Cream Shop	Position: 	14.28003	0.08500671	137.445	Rotation: 	270	0	0
63721511866796	-----------------------------------------------------------/
63721511866811	TASK_END	PopulateTargets	MoveObjects	16
63721511866811	TASK_START	UpdateUsedTargets	LM_CompareLists
63721511866825	TASK_END	UpdateUsedTargets	LM_CompareLists	14
63721511866825	LM_Output	TaskList
TaskListName	RepetitionNumber	CatchFlag
PlaceTargets1False
63721511866825	TASK_END	PlaceTargets	TaskList	84
63721511866825	TASK_START	ListNavigationStarts	ObjectList
63721511866825	TASK_ADD	ListNavigationStarts	ObjectList	StartLocation06	null
63721511866825	TASK_ADD	ListNavigationStarts	ObjectList	StartLocation03	null
63721511866825	TASK_ADD	ListNavigationStarts	ObjectList	StartLocation08	null
63721511866825	TASK_ADD	ListNavigationStarts	ObjectList	StartLocation07	null
63721511866825	TASK_ADD	ListNavigationStarts	ObjectList	StartLocation05	null
63721511866825	TASK_ADD	ListNavigationStarts	ObjectList	StartLocation02	null
63721511866825	TASK_ADD	ListNavigationStarts	ObjectList	StartLocation04	null
63721511866825	TASK_ADD	ListNavigationStarts	ObjectList	StartLocation01	null
63721511866830	TASK_END	ListNavigationStarts	ObjectList	5
63721511866831	TASK_START	ListLargePlayerStarts	ObjectList
63721511866831	TASK_ADD	ListLargePlayerStarts	ObjectList	ScaledPlayerSpawn05	null
63721511866831	TASK_ADD	ListLargePlayerStarts	ObjectList	ScaledPlayerSpawn06	null
63721511866831	TASK_ADD	ListLargePlayerStarts	ObjectList	ScaledPlayerSpawn07	null
63721511866831	TASK_ADD	ListLargePlayerStarts	ObjectList	ScaledPlayerSpawn03	null
63721511866831	TASK_ADD	ListLargePlayerStarts	ObjectList	ScaledPlayerSpawn01	null
63721511866831	TASK_ADD	ListLargePlayerStarts	ObjectList	ScaledPlayerSpawn04	null
63721511866831	TASK_ADD	ListLargePlayerStarts	ObjectList	ScaledPlayerSpawn08	null
63721511866831	TASK_ADD	ListLargePlayerStarts	ObjectList	ScaledPlayerSpawn02	null
63721511866835	TASK_END	ListLargePlayerStarts	ObjectList	4
63721511866835	TASK_START	ListSmallPlayerStarts	ObjectList
63721511866835	TASK_ADD	ListSmallPlayerStarts	ObjectList	StartLocation01	null
63721511866835	TASK_ADD	ListSmallPlayerStarts	ObjectList	StartLocation07	null
63721511866835	TASK_ADD	ListSmallPlayerStarts	ObjectList	StartLocation08	null
63721511866835	TASK_ADD	ListSmallPlayerStarts	ObjectList	StartLocation06	null
63721511866835	TASK_ADD	ListSmallPlayerStarts	ObjectList	StartLocation05	null
63721511866835	TASK_ADD	ListSmallPlayerStarts	ObjectList	StartLocation02	null
63721511866835	TASK_ADD	ListSmallPlayerStarts	ObjectList	StartLocation04	null
63721511866835	TASK_ADD	ListSmallPlayerStarts	ObjectList	StartLocation03	null
63721511866843	TASK_END	ListSmallPlayerStarts	ObjectList	8
63721511866843	LM_Output	TaskList
TaskListName	RepetitionNumber	CatchFlag
InitializeExperiment1False
63721511866843	TASK_END	InitializeExperiment	TaskList	103
63721511866843	TASK_START	BeginMessage	InstructionsTask
63721511875862	INPUT_EVENT    PlayerPressedActionButton    1
63721511875862	TASK_END	BeginMessage	InstructionsTask	9019
63721511875863	TASK_START	Tasks	TaskList
63721511875863	TASK_START	Practice	TaskList
63721511875863	TASK_START	LearnTargets	TaskList
63721511875864	TASK_START	LearnTargets Instructions	InstructionsTask
63721511877427	INPUT_EVENT    PlayerPressedActionButton    1
63721511877427	TASK_END	LearnTargets Instructions	InstructionsTask	1563
63721511877428	TASK_START	ViewTargets	TaskList
63721511877428	TASK_START	ListTargetsForLearning	ObjectList
63721511877428	TASK_ADD	ListTargetsForLearning	ObjectList	Coffee Shop	null
63721511877428	TASK_ADD	ListTargetsForLearning	ObjectList	Pet Shop	null
63721511877428	TASK_ADD	ListTargetsForLearning	ObjectList	Repair Shop	null
63721511877428	TASK_ADD	ListTargetsForLearning	ObjectList	Post Office	null
63721511877428	TASK_ADD	ListTargetsForLearning	ObjectList	Ice Cream Shop	null
63721511877428	TASK_ADD	ListTargetsForLearning	ObjectList	Music Store	null
63721511877428	TASK_ADD	ListTargetsForLearning	ObjectList	Bakery	null
63721511877428	TASK_ADD	ListTargetsForLearning	ObjectList	Pharmacy	null
63721511877435	TASK_END	ListTargetsForLearning	ObjectList	7
63721511877436	TASK_START	RotateTarget	ViewTargets
63721511877436	EEG_TRIGGER	Name	ViewTarget_start	Value	2
63721511877436	Practice	Coffee Shop
63721511880459	Practice	Pet Shop
63721511883475	Practice	Repair Shop
63721511886475	Practice	Post Office
63721511889483	Practice	Ice Cream Shop
63721511892490	Practice	Music Store
63721511895490	Practice	Bakery
63721511898490	Practice	Pharmacy
63721511901495	TASK_END	RotateTarget	ViewTargets	24059
63721511901495	LM_Output	TaskList
TaskListName	RepetitionNumber	CatchFlag
ViewTargets2False
63721511901496	TASK_START	ListTargetsForLearning	ObjectList
63721511901496	TASK_ADD	ListTargetsForLearning	ObjectList	Pharmacy	null
63721511901496	TASK_ADD	ListTargetsForLearning	ObjectList	Repair Shop	null
63721511901496	TASK_ADD	ListTargetsForLearning	ObjectList	Music Store	null
63721511901496	TASK_ADD	ListTargetsForLearning	ObjectList	Pet Shop	null
63721511901496	TASK_ADD	ListTargetsForLearning	ObjectList	Coffee Shop	null
63721511901496	TASK_ADD	ListTargetsForLearning	ObjectList	Post Office	null
63721511901496	TASK_ADD	ListTargetsForLearning	ObjectList	Bakery	null
63721511901496	TASK_ADD	ListTargetsForLearning	ObjectList	Ice Cream Shop	null
63721511901506	TASK_END	ListTargetsForLearning	ObjectList	10
63721511901507	TASK_START	RotateTarget	ViewTargets
63721511901507	EEG_TRIGGER	Name	ViewTarget_start	Value	2
63721511901508	Practice	Pharmacy
63721511904527	Practice	Repair Shop
63721511907527	Practice	Music Store
63721511910544	Practice	Pet Shop
63721511913543	Practice	Coffee Shop
63721511916543	Practice	Post Office
63721511919543	Practice	Bakery
63721511922543	Practice	Ice Cream Shop
63721511925547	TASK_END	RotateTarget	ViewTargets	24040
63721511925547	LM_Output	TaskList
TaskListName	RepetitionNumber	CatchFlag
ViewTargets3False
63721511925547	TASK_START	ListTargetsForLearning	ObjectList
63721511925547	TASK_ADD	ListTargetsForLearning	ObjectList	Pharmacy	null
63721511925547	TASK_ADD	ListTargetsForLearning	ObjectList	Post Office	null
63721511925547	TASK_ADD	ListTargetsForLearning	ObjectList	Music Store	null
63721511925547	TASK_ADD	ListTargetsForLearning	ObjectList	Ice Cream Shop	null
63721511925547	TASK_ADD	ListTargetsForLearning	ObjectList	Repair Shop	null
63721511925547	TASK_ADD	ListTargetsForLearning	ObjectList	Pet Shop	null
63721511925547	TASK_ADD	ListTargetsForLearning	ObjectList	Bakery	null
63721511925547	TASK_ADD	ListTargetsForLearning	ObjectList	Coffee Shop	null
63721511925559	TASK_END	ListTargetsForLearning	ObjectList	12
63721511925560	TASK_START	RotateTarget	ViewTargets
63721511925560	EEG_TRIGGER	Name	ViewTarget_start	Value	2
63721511925560	Practice	Pharmacy
63721511928575	Practice	Post Office
63721511931591	Practice	Music Store
63721511934607	Practice	Ice Cream Shop
63721511937612	Practice	Repair Shop
63721511940615	Practice	Pet Shop
63721511943623	Practice	Bakery
63721511946627	Practice	Coffee Shop
63721511949631	TASK_END	RotateTarget	ViewTargets	24071
63721511949631	LM_Output	TaskList
TaskListName	RepetitionNumber	CatchFlag
ViewTargets3False
63721511949631	TASK_END	ViewTargets	TaskList	72203
63721511949631	LM_Output	TaskList
TaskListName	RepetitionNumber	CatchFlag
LearnTargets1False
63721511949631	TASK_END	LearnTargets	TaskList	73768
63721511949631	LM_Output	TaskList
TaskListName	RepetitionNumber	CatchFlag
Practice1False
63721511949631	TASK_END	Practice	TaskList	73768
63721511949631	TASK_START	Scaled	TaskList
63721511949643	TASK_END	Scaled	TaskList	12
63721511949644	TASK_START	Standard	TaskList
63721511949647	TASK_END	Standard	TaskList	3
63721511949647	LM_Output	TaskList
TaskListName	RepetitionNumber	CatchFlag
Tasks1False
63721511949647	TASK_END	Tasks	TaskList	73784
63721511949647	TASK_START	EndMessage	InstructionsTask
63721511954647	TASK_END	EndMessage	InstructionsTask	5000
63721511954647	LM_Output	TaskList
TaskListName	RepetitionNumber	CatchFlag
LM_Timeline1False
63721511954648	EEG_TRIGGER	Name	EXP_end	Value	3
63721511954648	TASK_END	LM_Timeline	TaskList	87908
63721511954648	
================ Index of EEG Triggers ================
1: EXP_start
2: ViewTarget_start
3: EXP_end

