63695173644897	EXPERIMENT:	esc	SUBJECT:	107	BIOSEX:	Male	AGE:	30	START_SCENE	esc_city01	START_CONDITION:	Standard	UI:	ViveAndVirtualizer
63695173644959	TASK_START	LM_Timeline	TaskList
63695173644959	TASK:	LM_Timeline	Repetition:	1	Catch:	False
63695173644960	TASK_START	InitializeExperiment	TaskList
63695173644960	TASK:	InitializeExperiment	Repetition:	1	Catch:	False
63695173644960	TASK_START	PlaceTargets	TaskList
63695173644960	TASK:	PlaceTargets	Repetition:	1	Catch:	False
63695173644962	TASK_START	CheckForUsedTargets	LM_CompareLists
63695173645012	TASK_END	CheckForUsedTargets	LM_CompareLists	50
63695173645014	TASK_START	ListHighlightObjects	ObjectList
63695173645014	TASK_ADD	ListHighlightObjects	ObjectList	Highlight01	null
63695173645014	TASK_ADD	ListHighlightObjects	ObjectList	Highlight02	null
63695173645014	TASK_ADD	ListHighlightObjects	ObjectList	Highlight03	null
63695173645014	TASK_ADD	ListHighlightObjects	ObjectList	Highlight04	null
63695173645014	TASK_ADD	ListHighlightObjects	ObjectList	Highlight05	null
63695173645014	TASK_ADD	ListHighlightObjects	ObjectList	Highlight06	null
63695173645014	TASK_ADD	ListHighlightObjects	ObjectList	Highlight07	null
63695173645014	TASK_ADD	ListHighlightObjects	ObjectList	Highlight08	null
63695173645058	TASK_END	ListHighlightObjects	ObjectList	44
63695173645059	TASK_START	ListTargetPlaceholders	ObjectList
63695173645059	TASK_ADD	ListTargetPlaceholders	ObjectList	Target01	null
63695173645059	TASK_ADD	ListTargetPlaceholders	ObjectList	Target02	null
63695173645059	TASK_ADD	ListTargetPlaceholders	ObjectList	Target03	null
63695173645059	TASK_ADD	ListTargetPlaceholders	ObjectList	Target04	null
63695173645059	TASK_ADD	ListTargetPlaceholders	ObjectList	Target05	null
63695173645059	TASK_ADD	ListTargetPlaceholders	ObjectList	Target06	null
63695173645059	TASK_ADD	ListTargetPlaceholders	ObjectList	Target07	null
63695173645059	TASK_ADD	ListTargetPlaceholders	ObjectList	Target08	null
63695173645084	TASK_END	ListTargetPlaceholders	ObjectList	25
63695173645086	TASK_START	PopulateHighlightObjects	MoveObjects
63695173645087	Target01: 	Highlight01	Position: 	5.95	0.085	116.45	Rotation: 	270	270	0
63695173645087	Target02: 	Highlight02	Position: 	5.95	0.085	14.45	Rotation: 	270	270	0
63695173645087	Target03: 	Highlight03	Position: 	85.935	0.085	14.45	Rotation: 	270	270	0
63695173645087	Target04: 	Highlight04	Position: 	85.935	0.085	74.45999	Rotation: 	270	270	0
63695173645087	Target05: 	Highlight05	Position: 	36.55	0.085	74.45999	Rotation: 	270	180	0
63695173645087	Target06: 	Highlight06	Position: 	36.55	0.085	116.45	Rotation: 	270	180	0
63695173645087	Target07: 	Highlight07	Position: 	76.49999	0.085	106.25	Rotation: 	270	0	0
63695173645087	Target08: 	Highlight08	Position: 	76.49999	0.085	37.4	Rotation: 	270	90	0
63695173645106	TASK_END	PopulateHighlightObjects	MoveObjects	20
63695173645107	TASK_START	ListTargets	ObjectList
63695173645107	TASK_ADD	ListTargets	ObjectList	Post Office	null
63695173645107	TASK_ADD	ListTargets	ObjectList	Barber Shop	null
63695173645107	TASK_ADD	ListTargets	ObjectList	Pharmacy	null
63695173645108	TASK_ADD	ListTargets	ObjectList	Computer Shop	null
63695173645108	TASK_ADD	ListTargets	ObjectList	Camera Store	null
63695173645108	TASK_ADD	ListTargets	ObjectList	Music Store	null
63695173645108	TASK_ADD	ListTargets	ObjectList	Clothing Store	null
63695173645108	TASK_ADD	ListTargets	ObjectList	Pet Shop	null
63695173645108	TASK_ADD	ListTargets	ObjectList	Grocery	null
63695173645108	TASK_ADD	ListTargets	ObjectList	Bike Shop	null
63695173645108	TASK_ADD	ListTargets	ObjectList	Ice Cream Shop	null
63695173645108	TASK_ADD	ListTargets	ObjectList	Coffee Shop	null
63695173645108	TASK_ADD	ListTargets	ObjectList	Hair Dresser	null
63695173645108	TASK_ADD	ListTargets	ObjectList	Bakery	null
63695173645108	TASK_ADD	ListTargets	ObjectList	Repair Shop	null
63695173645108	TASK_ADD	ListTargets	ObjectList	Toy Shop	null
63695173645135	TASK_END	ListTargets	ObjectList	28
63695173645136	TASK_START	ListTargetLocations	ObjectList
63695173645136	TASK_ADD	ListTargetLocations	ObjectList	Target01	null
63695173645136	TASK_ADD	ListTargetLocations	ObjectList	Target02	null
63695173645136	TASK_ADD	ListTargetLocations	ObjectList	Target03	null
63695173645136	TASK_ADD	ListTargetLocations	ObjectList	Target04	null
63695173645136	TASK_ADD	ListTargetLocations	ObjectList	Target05	null
63695173645136	TASK_ADD	ListTargetLocations	ObjectList	Target06	null
63695173645136	TASK_ADD	ListTargetLocations	ObjectList	Target07	null
63695173645136	TASK_ADD	ListTargetLocations	ObjectList	Target08	null
63695173645144	TASK_END	ListTargetLocations	ObjectList	8
63695173645146	TASK_START	PopulateTargets	MoveObjects
63695173645147	TARGET INFORMATION ----------------------------------------
63695173645147	Target01: 	Post Office	Position: 	5.95	0.085	116.45	Rotation: 	270	270	0
63695173645147	Target02: 	Barber Shop	Position: 	5.95	0.085	14.45	Rotation: 	270	270	0
63695173645147	Target03: 	Pharmacy	Position: 	85.935	0.085	14.45	Rotation: 	270	270	0
63695173645147	Target04: 	Computer Shop	Position: 	85.935	0.085	74.45998	Rotation: 	270	270	0
63695173645147	Target05: 	Camera Store	Position: 	36.55	0.085	74.45998	Rotation: 	270	180	0
63695173645147	Target06: 	Music Store	Position: 	36.55	0.085	116.45	Rotation: 	270	180	0
63695173645147	Target07: 	Clothing Store	Position: 	76.49999	0.085	106.25	Rotation: 	270	0	0
63695173645147	Target08: 	Pet Shop	Position: 	76.49999	0.085	37.4	Rotation: 	270	90	0
63695173645147	-----------------------------------------------------------
63695173645154	TASK_END	PopulateTargets	MoveObjects	8
63695173645155	TASK_START	UpdateUsedTargets	LM_CompareLists
63695173645165	TASK_END	UpdateUsedTargets	LM_CompareLists	10
63695173645165	TASK_END	PlaceTargets	TaskList	205
63695173645166	TASK_START	ListNavigationStarts	ObjectList
63695173645166	TASK_ADD	ListNavigationStarts	ObjectList	StartLoc02	null
63695173645166	TASK_ADD	ListNavigationStarts	ObjectList	StartLoc05	null
63695173645166	TASK_ADD	ListNavigationStarts	ObjectList	StartLoc07	null
63695173645166	TASK_ADD	ListNavigationStarts	ObjectList	StartLoc01	null
63695173645166	TASK_ADD	ListNavigationStarts	ObjectList	StartLoc08	null
63695173645166	TASK_ADD	ListNavigationStarts	ObjectList	StartLoc04	null
63695173645166	TASK_ADD	ListNavigationStarts	ObjectList	StartLoc06	null
63695173645166	TASK_ADD	ListNavigationStarts	ObjectList	StartLoc03	null
63695173645176	TASK_END	ListNavigationStarts	ObjectList	10
63695173645177	TASK_START	ListLargePlayerStarts	ObjectList
63695173645177	TASK_ADD	ListLargePlayerStarts	ObjectList	ScaledPlayerSpawn06	null
63695173645177	TASK_ADD	ListLargePlayerStarts	ObjectList	ScaledPlayerSpawn03	null
63695173645177	TASK_ADD	ListLargePlayerStarts	ObjectList	ScaledPlayerSpawn07	null
63695173645177	TASK_ADD	ListLargePlayerStarts	ObjectList	ScaledPlayerSpawn05	null
63695173645177	TASK_ADD	ListLargePlayerStarts	ObjectList	ScaledPlayerSpawn04	null
63695173645177	TASK_ADD	ListLargePlayerStarts	ObjectList	ScaledPlayerSpawn01	null
63695173645177	TASK_ADD	ListLargePlayerStarts	ObjectList	ScaledPlayerSpawn08	null
63695173645177	TASK_ADD	ListLargePlayerStarts	ObjectList	ScaledPlayerSpawn02	null
63695173645187	TASK_END	ListLargePlayerStarts	ObjectList	10
63695173645188	TASK_START	ListSmallPlayerStarts	ObjectList
63695173645188	TASK_ADD	ListSmallPlayerStarts	ObjectList	StartLoc03	null
63695173645188	TASK_ADD	ListSmallPlayerStarts	ObjectList	StartLoc08	null
63695173645188	TASK_ADD	ListSmallPlayerStarts	ObjectList	StartLoc06	null
63695173645188	TASK_ADD	ListSmallPlayerStarts	ObjectList	StartLoc05	null
63695173645188	TASK_ADD	ListSmallPlayerStarts	ObjectList	StartLoc01	null
63695173645188	TASK_ADD	ListSmallPlayerStarts	ObjectList	StartLoc02	null
63695173645188	TASK_ADD	ListSmallPlayerStarts	ObjectList	StartLoc07	null
63695173645188	TASK_ADD	ListSmallPlayerStarts	ObjectList	StartLoc04	null
63695173645198	TASK_END	ListSmallPlayerStarts	ObjectList	10
63695173645198	TASK_END	InitializeExperiment	TaskList	238
63695173645200	TASK_START	BeginMessage	InstructionsTask
63695173647283	INPUT_EVENT    PlayerPressedReturn    1
63695173647285	TASK_END	BeginMessage	InstructionsTask	2085
63695173647286	TASK_START	Tasks	TaskList
63695173647286	TASK:	Tasks	Repetition:	1	Catch:	False
63695173647287	TASK_START	PracticeTaskLoop	TaskList
63695173647287	TASK:	PracticeTaskLoop	Repetition:	1	Catch:	False
63695173647288	TASK_START	LearnTargets	TaskList
63695173647288	TASK:	LearnTargets	Repetition:	1	Catch:	False
63695173647289	TASK_START	LearnTargets Instructions	InstructionsTask
63695173648490	INPUT_EVENT    PlayerPressedReturn    1
63695173648491	TASK_END	LearnTargets Instructions	InstructionsTask	1202
63695173648493	TASK_START	ViewTargets	TaskList
63695173648493	TASK:	ViewTargets	Repetition:	1	Catch:	False
63695173648494	TASK_START	ListTargetsForLearning	ObjectList
63695173648494	TASK_ADD	ListTargetsForLearning	ObjectList	Post Office	null
63695173648494	TASK_ADD	ListTargetsForLearning	ObjectList	Pet Shop	null
63695173648494	TASK_ADD	ListTargetsForLearning	ObjectList	Pharmacy	null
63695173648494	TASK_ADD	ListTargetsForLearning	ObjectList	Camera Store	null
63695173648494	TASK_ADD	ListTargetsForLearning	ObjectList	Clothing Store	null
63695173648494	TASK_ADD	ListTargetsForLearning	ObjectList	Music Store	null
63695173648494	TASK_ADD	ListTargetsForLearning	ObjectList	Barber Shop	null
63695173648494	TASK_ADD	ListTargetsForLearning	ObjectList	Computer Shop	null
63695173648501	TASK_END	ListTargetsForLearning	ObjectList	7
63695173648503	TASK_START	RotateTarget	ViewTargets
63695173648504	Practice	Post Office
63695173651511	Practice	Pet Shop
63695173654519	Practice	Pharmacy
63695173657523	Practice	Camera Store
63695173660528	Practice	Clothing Store
63695173663533	Practice	Music Store
63695173666537	Practice	Barber Shop
63695173669543	Practice	Computer Shop
63695173672559	TASK_END	RotateTarget	ViewTargets	24056
63695173672559	TASK:	ViewTargets	Repetition:	2	Catch:	False
63695173672560	TASK_START	ListTargetsForLearning	ObjectList
63695173672560	TASK_ADD	ListTargetsForLearning	ObjectList	Barber Shop	null
63695173672560	TASK_ADD	ListTargetsForLearning	ObjectList	Pet Shop	null
63695173672560	TASK_ADD	ListTargetsForLearning	ObjectList	Clothing Store	null
63695173672560	TASK_ADD	ListTargetsForLearning	ObjectList	Pharmacy	null
63695173672560	TASK_ADD	ListTargetsForLearning	ObjectList	Post Office	null
63695173672560	TASK_ADD	ListTargetsForLearning	ObjectList	Camera Store	null
63695173672560	TASK_ADD	ListTargetsForLearning	ObjectList	Computer Shop	null
63695173672560	TASK_ADD	ListTargetsForLearning	ObjectList	Music Store	null
63695173672572	TASK_END	ListTargetsForLearning	ObjectList	12
63695173672573	TASK_START	RotateTarget	ViewTargets
63695173672573	Practice	Barber Shop
63695173675574	Practice	Pet Shop
63695173678578	Practice	Clothing Store
63695173681584	Practice	Pharmacy
63695173684588	Practice	Post Office
63695173687593	Practice	Camera Store
63695173690598	Practice	Computer Shop
63695173693603	Practice	Music Store
63695173696618	TASK_END	RotateTarget	ViewTargets	24045
63695173696618	TAS