63696024848518	EXPERIMENT:		SUBJECT:	101	START_SCENE	esc_practice	START_CONDITION:	Standard	UI:	ViveAndVirtualizer
63696024848596	TASK_START	LM_Timeline	TaskList
63696024848596	TASK:	LM_Timeline	Repetition:	1	Catch:	False
63696024848597	TASK_START	InitializeExperiment	TaskList
63696024848597	TASK:	InitializeExperiment	Repetition:	1	Catch:	False
63696024848598	TASK_START	PlaceTargets	TaskList
63696024848598	TASK:	PlaceTargets	Repetition:	1	Catch:	False
63696024848599	TASK_START	CheckForUsedTargets	LM_CompareLists
63696024848626	TASK_END	CheckForUsedTargets	LM_CompareLists	27
63696024848628	TASK_START	ListHighlightObjects	ObjectList
63696024848628	TASK_ADD	ListHighlightObjects	ObjectList	Highlight01 (1)	null
63696024848628	TASK_ADD	ListHighlightObjects	ObjectList	Highlight01 (2)	null
63696024848652	TASK_END	ListHighlightObjects	ObjectList	24
63696024848653	TASK_START	ListTargetPlaceholders	ObjectList
63696024848653	TASK_ADD	ListTargetPlaceholders	ObjectList	Target01	null
63696024848653	TASK_ADD	ListTargetPlaceholders	ObjectList	Target02	null
63696024848654	TASK_ADD	ListTargetPlaceholders	ObjectList	Target03	null
63696024848669	TASK_END	ListTargetPlaceholders	ObjectList	16
63696024848671	TASK_START	PopulateHighlightObjects	MoveObjects
63696024848671	Target01: 	Highlight01 (1)	Position: 	-19.9	1.02	-19	Rotation: 	0	0	0
63696024848672	Target02: 	Highlight01 (2)	Position: 	17.3	1.03	-15.17002	Rotation: 	90	0	0
63696024848672	Target03: 	Highlight01 (1)	Position: 	15	1.42	17.70002	Rotation: 	0	0	0
63696024848689	TASK_END	PopulateHighlightObjects	MoveObjects	18
63696024848690	TASK_START	ListTargets	ObjectList
63696024848690	TASK_ADD	ListTargets	ObjectList	Red Sphere	null
63696024848690	TASK_ADD	ListTargets	ObjectList	Blue Capsule	null
63696024848690	TASK_ADD	ListTargets	ObjectList	Green Cylinder	null
63696024848710	TASK_END	ListTargets	ObjectList	20
63696024848711	TASK_START	ListTargetLocations	ObjectList
63696024848711	TASK_ADD	ListTargetLocations	ObjectList	Target01	null
63696024848711	TASK_ADD	ListTargetLocations	ObjectList	Target02	null
63696024848711	TASK_ADD	ListTargetLocations	ObjectList	Target03	null
63696024848717	TASK_END	ListTargetLocations	ObjectList	6
63696024848718	TASK_START	PopulateTargets	MoveObjects
63696024848718	TARGET INFORMATION ----------------------------------------
63696024848719	Target01: 	Red Sphere	Position: 	-19.9	1.02	-19.00002	Rotation: 	0	0	0
63696024848719	Target02: 	Blue Capsule	Position: 	17.3	1.03	-15.16999	Rotation: 	90	0	0
63696024848719	Target03: 	Green Cylinder	Position: 	15	1.42	17.70002	Rotation: 	0	0	0
63696024848719	-----------------------------------------------------------
63696024848725	TASK_END	PopulateTargets	MoveObjects	7
63696024848726	TASK_START	UpdateUsedTargets	LM_CompareLists
63696024848737	TASK_END	UpdateUsedTargets	LM_CompareLists	11
63696024848737	TASK_END	PlaceTargets	TaskList	139
63696024848738	TASK_START	ListNavigationStarts	ObjectList
63696024848738	TASK_ADD	ListNavigationStarts	ObjectList	StartLoc03	null
63696024848738	TASK_ADD	ListNavigationStarts	ObjectList	StartLoc02	null
63696024848738	TASK_ADD	ListNavigationStarts	ObjectList	StartLoc01	null
63696024848748	TASK_END	ListNavigationStarts	ObjectList	10
63696024848750	TASK_START	ListLargePlayerStarts	ObjectList
63696024848750	TASK_ADD	ListLargePlayerStarts	ObjectList	ScaledPlayerSpawn04	null
63696024848750	TASK_ADD	ListLargePlayerStarts	ObjectList	ScaledPlayerSpawn08	null
63696024848750	TASK_ADD	ListLargePlayerStarts	ObjectList	ScaledPlayerSpawn05	null
63696024848750	TASK_ADD	ListLargePlayerStarts	ObjectList	ScaledPlayerSpawn01	null
63696024848750	TASK_ADD	ListLargePlayerStarts	ObjectList	ScaledPlayerSpawn07	null
63696024848750	TASK_ADD	ListLargePlayerStarts	ObjectList	ScaledPlayerSpawn03	null
63696024848750	TASK_ADD	ListLargePlayerStarts	ObjectList	ScaledPlayerSpawn02	null
63696024848750	TASK_ADD	ListLargePlayerStarts	ObjectList	ScaledPlayerSpawn06	null
63696024848759	TASK_END	ListLargePlayerStarts	ObjectList	9
63696024848760	TASK_START	ListSmallPlayerStarts	ObjectList
63696024848760	TASK_ADD	ListSmallPlayerStarts	ObjectList	StartLoc01	null
63696024848760	TASK_ADD	ListSmallPlayerStarts	ObjectList	StartLoc03	null
63696024848760	TASK_ADD	ListSmallPlayerStarts	ObjectList	StartLoc02	null
63696024848769	TASK_END	ListSmallPlayerStarts	ObjectList	9
63696024848769	TASK_END	InitializeExperiment	TaskList	172
63696024848771	TASK_START	BeginMessage	InstructionsTask
63696024872855	TASK_END	LM_Timeline	TaskList	24259
