63721516255225	EXPERIMENT:		SUBJECT:	136	START_SCENE	esc_city01	START_CONDITION:	Scaled	UI:	KeyboardMouse
63721516255279	TASK_START	LM_Timeline	TaskList
63721516255279	EEG_TRIGGER	Name	EXP_start	Value	1
63721516255279	TASK_START	InitializeExperiment	TaskList
63721516255280	TASK_START	PlaceTargets	TaskList
63721516255280	TASK_START	CheckForUsedTargets	LM_CompareLists
63721516255308	TASK_END	CheckForUsedTargets	LM_CompareLists	28
63721516255309	TASK_START	ListTargetLocations	ObjectList
63721516255309	TASK_ADD	ListTargetLocations	ObjectList	Target01	null
63721516255309	TASK_ADD	ListTargetLocations	ObjectList	Target02	null
63721516255309	TASK_ADD	ListTargetLocations	ObjectList	Target03	null
63721516255309	TASK_ADD	ListTargetLocations	ObjectList	Target04	null
63721516255309	TASK_ADD	ListTargetLocations	ObjectList	Target05	null
63721516255309	TASK_ADD	ListTargetLocations	ObjectList	Target06	null
63721516255309	TASK_ADD	ListTargetLocations	ObjectList	Target07	null
63721516255309	TASK_ADD	ListTargetLocations	ObjectList	Target08	null
63721516255357	TASK_END	ListTargetLocations	ObjectList	48
63721516255357	TASK_START	ListTargets	ObjectList
63721516255357	TASK_ADD	ListTargets	ObjectList	Pet Shop	null
63721516255357	TASK_ADD	ListTargets	ObjectList	Computer Shop	null
63721516255357	TASK_ADD	ListTargets	ObjectList	Post Office	null
63721516255357	TASK_ADD	ListTargets	ObjectList	Ice Cream Shop	null
63721516255357	TASK_ADD	ListTargets	ObjectList	Repair Shop	null
63721516255357	TASK_ADD	ListTargets	ObjectList	Coffee Shop	null
63721516255358	TASK_ADD	ListTargets	ObjectList	Barber Shop	null
63721516255358	TASK_ADD	ListTargets	ObjectList	Grocery	null
63721516255358	TASK_ADD	ListTargets	ObjectList	Bike Shop	null
63721516255358	TASK_ADD	ListTargets	ObjectList	Hair Dresser	null
63721516255358	TASK_ADD	ListTargets	ObjectList	Music Store	null
63721516255358	TASK_ADD	ListTargets	ObjectList	Camera Store	null
63721516255358	TASK_ADD	ListTargets	ObjectList	Clothing Store	null
63721516255358	TASK_ADD	ListTargets	ObjectList	Toy Shop	null
63721516255358	TASK_ADD	ListTargets	ObjectList	Bakery	null
63721516255358	TASK_ADD	ListTargets	ObjectList	Pharmacy	null
63721516255369	TASK_END	ListTargets	ObjectList	12
63721516255370	TASK_START	PopulateTargets	MoveObjects
63721516255370	TARGET INFORMATION ----------------------------------------
63721516255371	Target01: 	Pet Shop	Position: 	5.95	0.085	116.45	Rotation: 	270	270	0
63721516255371	Target02: 	Computer Shop	Position: 	5.95	0.085	14.45	Rotation: 	270	270	0
63721516255371	Target03: 	Post Office	Position: 	85.935	0.085	14.45	Rotation: 	270	270	0
63721516255371	Target04: 	Ice Cream Shop	Position: 	85.935	0.085	74.45998	Rotation: 	270	270	0
63721516255371	Target05: 	Repair Shop	Position: 	36.55	0.085	74.45998	Rotation: 	270	180	0
63721516255371	Target06: 	Coffee Shop	Position: 	36.55	0.085	116.45	Rotation: 	270	180	0
63721516255371	Target07: 	Barber Shop	Position: 	76.49999	0.085	106.25	Rotation: 	270	0	0
63721516255371	Target08: 	Grocery	Position: 	76.49999	0.085	37.4	Rotation: 	270	90	0
63721516255371	-----------------------------------------------------------/
63721516255379	TASK_END	PopulateTargets	MoveObjects	8
63721516255379	TASK_START	UpdateUsedTargets	LM_CompareLists
63721516255386	TASK_END	UpdateUsedTargets	LM_CompareLists	7
63721516255386	LM_Output	TaskList
TaskListName	RepetitionNumber	CatchFlag
PlaceTargets1False
63721516255387	TASK_END	PlaceTargets	TaskList	107
63721516255387	TASK_START	ListNavigationStarts	ObjectList
63721516255387	TASK_ADD	ListNavigationStarts	ObjectList	StartLocation04	null
63721516255387	TASK_ADD	ListNavigationStarts	ObjectList	StartLocation05	null
63721516255387	TASK_ADD	ListNavigationStarts	ObjectList	StartLocation06	null
63721516255387	TASK_ADD	ListNavigationStarts	ObjectList	StartLocation01	null
63721516255387	TASK_ADD	ListNavigationStarts	ObjectList	StartLocation02	null
63721516255387	TASK_ADD	ListNavigationStarts	ObjectList	StartLocation07	null
63721516255387	TASK_ADD	ListNavigationStarts	ObjectList	StartLocation03	null
63721516255387	TASK_ADD	ListNavigationStarts	ObjectList	StartLocation08	null
63721516255393	TASK_END	ListNavigationStarts	ObjectList	6
63721516255394	TASK_START	ListLargePlayerStarts	ObjectList
63721516255394	TASK_ADD	ListLargePlayerStarts	ObjectList	ScaledPlayerSpawn01	null
63721516255394	TASK_ADD	ListLargePlayerStarts	ObjectList	ScaledPlayerSpawn04	null
63721516255394	TASK_ADD	ListLargePlayerStarts	ObjectList	ScaledPlayerSpawn08	null
63721516255394	TASK_ADD	ListLargePlayerStarts	ObjectList	ScaledPlayerSpawn02	null
63721516255394	TASK_ADD	ListLargePlayerStarts	ObjectList	ScaledPlayerSpawn05	null
63721516255394	TASK_ADD	ListLargePlayerStarts	ObjectList	ScaledPlayerSpawn07	null
63721516255394	TASK_ADD	ListLargePlayerStarts	ObjectList	ScaledPlayerSpawn03	null
63721516255394	TASK_ADD	ListLargePlayerStarts	ObjectList	ScaledPlayerSpawn06	null
63721516255401	TASK_END	ListLargePlayerStarts	ObjectList	7
63721516255401	TASK_START	ListSmallPlayerStarts	ObjectList
63721516255401	TASK_ADD	ListSmallPlayerStarts	ObjectList	StartLocation07	null
63721516255401	TASK_ADD	ListSmallPlayerStarts	ObjectList	StartLocation04	null
63721516255402	TASK_ADD	ListSmallPlayerStarts	ObjectList	StartLocation01	null
63721516255402	TASK_ADD	ListSmallPlayerStarts	ObjectList	StartLocation05	null
63721516255402	TASK_ADD	ListSmallPlayerStarts	ObjectList	StartLocation06	null
63721516255402	TASK_ADD	ListSmallPlayerStarts	ObjectList	StartLocation02	null
63721516255402	TASK_ADD	ListSmallPlayerStarts	ObjectList	StartLocation08	null
63721516255402	TASK_ADD	ListSmallPlayerStarts	ObjectList	StartLocation03	null
63721516255405	TASK_END	ListSmallPlayerStarts	ObjectList	4
63721516255405	LM_Output	TaskList
TaskListName	RepetitionNumber	CatchFlag
InitializeExperiment1False
63721516255405	TASK_END	InitializeExperiment	TaskList	126
63721516255406	TASK_START	BeginMessage	InstructionsTask
63721516257058	INPUT_EVENT    PlayerPressedActionButton    1
63721516257059	TASK_END	BeginMessage	InstructionsTask	1652
63721516257059	TASK_START	Tasks	TaskList
63721516257065	TASK_END	Tasks	TaskList	6
63721516257065	TASK_START	EndMessage	InstructionsTask
63721516262077	TASK_END	EndMessage	InstructionsTask	5012
63721516262077	LM_Output	TaskList
TaskListName	RepetitionNumber	CatchFlag
LM_Timeline1False
63721516262080	EEG_TRIGGER	Name	EXP_end	Value	2
63721516262080	TASK_END	LM_Timeline	TaskList	6802
63721516262080	
================ Index of EEG Triggers ================
1: EXP_start
2: EXP_end

