63721514768814	EXPERIMENT:		SUBJECT:	131	START_SCENE	esc_city02	START_CONDITION:	Scaled	UI:	KeyboardMouse
63721514768864	TASK_START	LM_Timeline	TaskList
63721514768865	EEG_TRIGGER	Name	EXP_start	Value	1
63721514768865	TASK_START	InitializeExperiment	TaskList
63721514768865	TASK_START	PlaceTargets	TaskList
63721514768866	TASK_START	CheckForUsedTargets	LM_CompareLists
63721514768871	TASK_END	CheckForUsedTargets	LM_CompareLists	5
63721514768871	TASK_START	ListTargetLocations	ObjectList
63721514768871	TASK_ADD	ListTargetLocations	ObjectList	Target01	null
63721514768871	TASK_ADD	ListTargetLocations	ObjectList	Target02	null
63721514768871	TASK_ADD	ListTargetLocations	ObjectList	Target03	null
63721514768871	TASK_ADD	ListTargetLocations	ObjectList	Target04	null
63721514768871	TASK_ADD	ListTargetLocations	ObjectList	Target05	null
63721514768871	TASK_ADD	ListTargetLocations	ObjectList	Target06	null
63721514768871	TASK_ADD	ListTargetLocations	ObjectList	Target07	null
63721514768871	TASK_ADD	ListTargetLocations	ObjectList	Target08	null
63721514768895	TASK_END	ListTargetLocations	ObjectList	24
63721514768896	TASK_START	ListTargets	ObjectList
63721514768896	TASK_ADD	ListTargets	ObjectList	Post Office	null
63721514768896	TASK_ADD	ListTargets	ObjectList	Bakery	null
63721514768896	TASK_ADD	ListTargets	ObjectList	Barber Shop	null
63721514768896	TASK_ADD	ListTargets	ObjectList	Toy Shop	null
63721514768896	TASK_ADD	ListTargets	ObjectList	Pet Shop	null
63721514768896	TASK_ADD	ListTargets	ObjectList	Grocery	null
63721514768896	TASK_ADD	ListTargets	ObjectList	Ice Cream Shop	null
63721514768896	TASK_ADD	ListTargets	ObjectList	Repair Shop	null
63721514768903	TASK_END	ListTargets	ObjectList	7
63721514768903	TASK_START	PopulateTargets	MoveObjects
63721514768903	TARGET INFORMATION ----------------------------------------
63721514768903	Target01: 	Post Office	Position: 	86.7	0.08500671	138.55	Rotation: 	270	0	0
63721514768903	Target02: 	Bakery	Position: 	86.7	0.08500671	55.25	Rotation: 	270	270	0
63721514768903	Target03: 	Barber Shop	Position: 	36.54999	0.08500671	55.25	Rotation: 	270	90	0
63721514768903	Target04: 	Toy Shop	Position: 	36.54999	0.08500671	86.7	Rotation: 	270	270	0
63721514768903	Target05: 	Pet Shop	Position: 	76.49999	0.08500671	86.7	Rotation: 	270	180	0
63721514768903	Target06: 	Grocery	Position: 	76.49999	0.08500671	16.15	Rotation: 	270	90	0
63721514768903	Target07: 	Ice Cream Shop	Position: 	14.28003	0.08500671	16.15	Rotation: 	270	90	0
63721514768903	Target08: 	Repair Shop	Position: 	14.28003	0.08500671	137.445	Rotation: 	270	0	0
63721514768903	-----------------------------------------------------------/
63721514768911	TASK_END	PopulateTargets	MoveObjects	8
63721514768912	TASK_START	UpdateUsedTargets	LM_CompareLists
63721514768920	TASK_END	UpdateUsedTargets	LM_CompareLists	8
63721514768920	LM_Output	TaskList
TaskListName	RepetitionNumber	CatchFlag
PlaceTargets1False
63721514768920	TASK_END	PlaceTargets	TaskList	55
63721514768920	TASK_START	ListNavigationStarts	ObjectList
63721514768920	TASK_ADD	ListNavigationStarts	ObjectList	StartLocation05	null
63721514768920	TASK_ADD	ListNavigationStarts	ObjectList	StartLocation01	null
63721514768920	TASK_ADD	ListNavigationStarts	ObjectList	StartLocation04	null
63721514768920	TASK_ADD	ListNavigationStarts	ObjectList	StartLocation07	null
63721514768920	TASK_ADD	ListNavigationStarts	ObjectList	StartLocation03	null
63721514768920	TASK_ADD	ListNavigationStarts	ObjectList	StartLocation06	null
63721514768920	TASK_ADD	ListNavigationStarts	ObjectList	StartLocation02	null
63721514768920	TASK_ADD	ListNavigationStarts	ObjectList	StartLocation08	null
63721514768927	TASK_END	ListNavigationStarts	ObjectList	7
63721514768927	TASK_START	ListLargePlayerStarts	ObjectList
63721514768927	TASK_ADD	ListLargePlayerStarts	ObjectList	ScaledPlayerSpawn07	null
63721514768927	TASK_ADD	ListLargePlayerStarts	ObjectList	ScaledPlayerSpawn08	null
63721514768927	TASK_ADD	ListLargePlayerStarts	ObjectList	ScaledPlayerSpawn04	null
63721514768927	TASK_ADD	ListLargePlayerStarts	ObjectList	ScaledPlayerSpawn03	null
63721514768927	TASK_ADD	ListLargePlayerStarts	ObjectList	ScaledPlayerSpawn01	null
63721514768927	TASK_ADD	ListLargePlayerStarts	ObjectList	ScaledPlayerSpawn05	null
63721514768927	TASK_ADD	ListLargePlayerStarts	ObjectList	ScaledPlayerSpawn02	null
63721514768927	TASK_ADD	ListLargePlayerStarts	ObjectList	ScaledPlayerSpawn06	null
63721514768935	TASK_END	ListLargePlayerStarts	ObjectList	8
63721514768936	TASK_START	ListSmallPlayerStarts	ObjectList
63721514768936	TASK_ADD	ListSmallPlayerStarts	ObjectList	StartLocation01	null
63721514768936	TASK_ADD	ListSmallPlayerStarts	ObjectList	StartLocation08	null
63721514768936	TASK_ADD	ListSmallPlayerStarts	ObjectList	StartLocation06	null
63721514768936	TASK_ADD	ListSmallPlayerStarts	ObjectList	StartLocation02	null
63721514768936	TASK_ADD	ListSmallPlayerStarts	ObjectList	StartLocation04	null
63721514768936	TASK_ADD	ListSmallPlayerStarts	ObjectList	StartLocation03	null
63721514768936	TASK_ADD	ListSmallPlayerStarts	ObjectList	StartLocation05	null
63721514768936	TASK_ADD	ListSmallPlayerStarts	Obje