63695175062036	EXPERIMENT:	esc	SUBJECT:	113	BIOSEX:	Male	AGE:	30	START_SCENE	esc_city01	START_CONDITION:	Standard	UI:	ViveAndVirtualizer
63695175062096	TASK_START	LM_Timeline	TaskList
63695175062096	TASK:	LM_Timeline	Repetition:	1	Catch:	False
63695175062097	TASK_START	InitializeExperiment	TaskList
63695175062097	TASK:	InitializeExperiment	Repetition:	1	Catch:	False
63695175062098	TASK_START	PlaceTargets	TaskList
63695175062098	TASK:	PlaceTargets	Repetition:	1	Catch:	False
63695175062099	TASK_START	CheckForUsedTargets	LM_CompareLists
63695175062157	TASK_END	CheckForUsedTargets	LM_CompareLists	58
63695175062159	TASK_START	ListHighlightObjects	ObjectList
63695175062159	TASK_ADD	ListHighlightObjects	ObjectList	Highlight01	null
63695175062159	TASK_ADD	ListHighlightObjects	ObjectList	Highlight02	null
63695175062159	TASK_ADD	ListHighlightObjects	ObjectList	Highlight03	null
63695175062159	TASK_ADD	ListHighlightObjects	ObjectList	Highlight04	null
63695175062159	TASK_ADD	ListHighlightObjects	ObjectList	Highlight05	null
63695175062159	TASK_ADD	ListHighlightObjects	ObjectList	Highlight06	null
63695175062159	TASK_ADD	ListHighlightObjects	ObjectList	Highlight07	null
63695175062159	TASK_ADD	ListHighlightObjects	ObjectList	Highlight08	null
63695175062203	TASK_END	ListHighlightObjects	ObjectList	44
63695175062204	TASK_START	ListTargetPlaceholders	ObjectList
63695175062204	TASK_ADD	ListTargetPlaceholders	ObjectList	Target01	null
63695175062204	TASK_ADD	ListTargetPlaceholders	ObjectList	Target02	null
63695175062204	TASK_ADD	ListTargetPlaceholders	ObjectList	Target03	null
63695175062204	TASK_ADD	ListTargetPlaceholders	ObjectList	Target04	null
63695175062204	TASK_ADD	ListTargetPlaceholders	ObjectList	Target05	null
63695175062204	TASK_ADD	ListTargetPlaceholders	ObjectList	Target06	null
63695175062204	TASK_ADD	ListTargetPlaceholders	ObjectList	Target07	null
63695175062204	TASK_ADD	ListTargetPlaceholders	ObjectList	Target08	null
63695175062226	TASK_END	ListTargetPlaceholders	ObjectList	22
63695175062228	TASK_START	PopulateHighlightObjects	MoveObjects
63695175062229	Target01: 	Highlight01	Position: 	5.95	0.085	116.45	Rotation: 	270	270	0
63695175062229	Target02: 	Highlight02	Position: 	5.95	0.085	14.45	Rotation: 	270	270	0
63695175062229	Target03: 	Highlight03	Position: 	85.935	0.085	14.45	Rotation: 	270	270	0
63695175062229	Target04: 	Highlight04	Position: 	85.935	0.085	74.45999	Rotation: 	270	270	0
63695175062229	Target05: 	Highlight05	Position: 	36.55	0.085	74.45999	Rotation: 	270	180	0
63695175062229	Target06: 	Highlight06	Position: 	36.55	0.085	116.45	Rotation: 	270	180	0
63695175062229	Target07: 	Highlight07	Position: 	76.49999	0.085	106.25	Rotation: 	270	0	0
63695175062229	Target08: 	Highlight08	Position: 	76.49999	0.085	37.4	Rotation: 	270	90	0
63695175062249	TASK_END	PopulateHighlightObjects	MoveObjects	21
63695175062251	TASK_START	ListTargets	ObjectList
63695175062251	TASK_ADD	ListTargets	ObjectList	Computer Shop	null
63695175062251	TASK_ADD	ListTargets	ObjectList	Grocery	null
63695175062251	TASK_ADD	ListTargets	ObjectList	Pharmacy	null
63695175062251	TASK_ADD	ListTargets	ObjectList	Barber Shop	null
63695175062251	TASK_ADD	ListTargets	ObjectList	Music Store	null
63695175062251	TASK_ADD	ListTargets	ObjectList	Ice Cream Shop	null
63695175062251	TASK_ADD	ListTargets	ObjectList	Post Office	null
63695175062251	TASK_ADD	ListTargets	ObjectList	Clothing Store	null
63695175062251	TASK_ADD	ListTargets	ObjectList	Repair Shop	null
63695175062251	TASK_ADD	ListTargets	ObjectList	Toy Shop	null
63695175062251	TASK_ADD	ListTargets	ObjectList	Bakery	null
63695175062251	TASK_ADD	ListTargets	ObjectList	Camera Store	null
63695175062251	TASK_ADD	ListTargets	ObjectList	Coffee Shop	null
63695175062251	TASK_ADD	ListTargets	ObjectList	Pet Shop	null
63695175062251	TASK_ADD	ListTargets	ObjectList	Bike Shop	null
63695175062251	TASK_ADD	ListTargets	ObjectList	Hair Dresser	null
63695175062273	TASK_END	ListTargets	ObjectList	22
63695175062274	TASK_START	ListTargetLocations	ObjectList
63695175062274	TASK_ADD	ListTargetLocations	ObjectList	Target01	null
63695175062274	TASK_ADD	ListTargetLocations	ObjectList	Target02	null
63695175062274	TASK_ADD	ListTargetLocations	ObjectList	Target03	null
63695175062274	TASK_ADD	ListTargetLocations	ObjectList	Target04	null
63695175062274	TASK_ADD	ListTargetLocations	ObjectList	Target05	null
63695175062274	TASK_ADD	ListTargetLocations	ObjectList	Target06	null
63695175062274	TASK_ADD	ListTargetLocations	ObjectList	Target07	null
63695175062274	TASK_ADD	ListTargetLocations	ObjectList	Target08	null
63695175062284	TASK_END	ListTargetLocations	ObjectList	10
63695175062285	TASK_START	PopulateTargets	MoveObjects
63695175062286	TARGET INFORMATION ----------------------------------------
63695175062286	Target01: 	Computer Shop	Position: 	5.95	0.085	116.45	Rotation: 	270	270	0
63695175062286	Target02: 	Grocery	Position: 	5.95	0.085	14.45	Rotation: 	270	270	0
63695175062286	Target03: 	Pharmacy	Position: 	85.935	0.085	14.45	Rotation: 	270	270	0
63695175062286	Target04: 	Barber Shop	Position: 	85.935	0.085	74.45998	Rotation: 	270	270	0
63695175062287	Target05: 	Music Store	Position: 	36.55	0.085	74.45998	Rotation: 	270	180	0
63695175062287	Target06: 	Ice Cream Shop	Position: 	36.55	0.085	116.45	Rotation: 	270	180	0
63695175062287	Target07: 	Post Office	Position: 	76.49999	0.085	106.25	Rotation: 	270	0	0
63695175062287	Target08: 	Clothing Store	Position: 	76.49999	0.085	37.4	Rotation: 	270	90	0
63695175062287	-----------------------------------------------------------
63695175062296	TASK_END	PopulateTargets	MoveObjects	11
63695175062297	TASK_START	UpdateUsedTargets	LM_CompareLists
63695175062306	TASK_END	UpdateUsedTargets	LM_CompareLists	9
63695175062307	TASK_END	PlaceTargets	TaskList	208
63695175062308	TASK_START	ListNavigationStarts	ObjectList
63695175062308	TASK_ADD	ListNavigationStarts	ObjectList	StartLoc02	null
63695175062308	TASK_ADD	ListNavigationStarts	ObjectList	StartLoc05	null
63695175062308	TASK_ADD	ListNavigationStarts	ObjectList	StartLoc04	null
63695175062308	TASK_ADD	ListNavigationStarts	ObjectList	StartLoc06	null
63695175062308	TASK_ADD	ListNavigationStarts	ObjectList	StartLoc07	null
63695175062308	TASK_ADD	ListNavigationStarts	ObjectList	StartLoc03	null
63695175062308	TASK_ADD	ListNavigationStarts	ObjectList	StartLoc08	null
63695175062308	TASK_ADD	ListNavigationStarts	ObjectList	StartLoc01	null
63695175062318	TASK_END	ListNavigationStarts	ObjectList	10
63695175062319	TASK_START	ListLargePlayerStarts	ObjectList
63695175062319	TASK_ADD	ListLargePlayerStarts	ObjectList	ScaledPlayerSpawn02	null
63695175062319	TASK_ADD	ListLargePlayerStarts	ObjectList	ScaledPlayerSpawn01	null
63695175062319	TASK_ADD	ListLargePlayerStarts	ObjectList	ScaledPlayerSpawn05	null
63695175062319	TASK_ADD	ListLargePlayerStarts	ObjectList	ScaledPlayerSpawn07	null
63695175062319	TASK_ADD	ListLargePlayerStarts	ObjectList	ScaledPlayerSpawn03	null
63695175062319	TASK_ADD	ListLargePlayerStarts	ObjectList	ScaledPlayerSpawn08	null
63695175062319	TASK_ADD	ListLargePlayerStarts	ObjectList	ScaledPlayerSpawn06	null
63695175062319	TASK_ADD	ListLargePlayerStarts	ObjectList	ScaledPlayerSpawn04	null
63695175062328	TASK_END	ListLargePlayerStarts	ObjectList	9
63695175062330	TASK_START	ListSmallPlayerStarts	ObjectList
63695175062330	TASK_ADD	ListSmallPlayerStarts	ObjectList	StartLoc08	null
63695175062330	TASK_ADD	ListSmallPlayerStarts	ObjectList	StartLoc02	null
63695175062330	TASK_ADD	ListSmallPlayerStarts	ObjectList	StartLoc03	null
63695175062330	TASK_ADD	ListSmallPlayerStarts	ObjectList	StartLoc01	null
63695175062330	TASK_ADD	ListSmallPlayerStarts	ObjectList	StartLoc06	null
63695175062330	TASK_ADD	ListSmallPlayerStarts	ObjectList	StartLoc05	null
63695175062330	TASK_ADD	ListSmallPlayerStarts	ObjectList	StartLoc04	null
63695175062330	TASK_ADD	ListSmallPlayerStarts	ObjectList	StartLoc07	null
63695175062340	TASK_END	ListSmallPlayerStarts	ObjectList	10
63695175062340	TASK_END	InitializeExperiment	TaskList	243
63695175062341	TASK_START	BeginMessage	InstructionsTask
63695175068119	INPUT_EVENT    PlayerPressedActionButton    1
63695175068120	TASK_END	BeginMessage	InstructionsTask	5779
63695175068122	TASK_START	Tasks	TaskList
63695175068122	TASK:	Tasks	Repetition:	1	Catch:	False
63695175068122	TASK_START	PracticeTaskLoop	TaskList
63695175068122	TASK:	PracticeTaskLoop	Repetition:	1	Catch:	False
63695175068123	TASK_START	LearnTargets	TaskList
63695175068123	TASK:	LearnTargets	Repetition:	1	Catch:	False
63695175068124	TASK_START	LearnTargets Instructions	InstructionsTask
63695175068898	INPUT_EVENT    PlayerPressedActionButton    1
63695175068899	TASK_END	LearnTargets Instructions	InstructionsTask	775
63695175068900	TASK_START	ViewTargets	TaskList
63695175068900	TASK:	ViewTargets	Repetition:	1	Catch:	False
63695175068901	TASK_START	ListTargetsForLearning	ObjectList
63695175068901	TASK_ADD	ListTargetsForLearning	ObjectList	Music Store	null
63695175068901	TASK_ADD	ListTargetsForLearning	ObjectList	Ice Cream Shop	null
63695175068901	TASK_ADD	ListTargetsForLearning	ObjectList	Grocery	null
63695175068901	TASK_ADD	ListTargetsForLearning	ObjectList	Post Office	null
63695175068901	TASK_ADD	ListTargetsForLearning	ObjectList	Pharmacy	null
63695175068901	TASK_ADD	ListTargetsForLearning	ObjectList	Barber Shop	null
63695175068901	TASK_ADD	ListTargetsForLearning	ObjectList	Clothing Store	null
63695175068902	TASK_ADD	ListTargetsForLearning	ObjectList	Computer Shop	null
63695175068912	TASK_END	ListTargetsForLearning	ObjectList	11
63695175068914	TASK_START	RotateTarget	ViewTargets
63695175068915	Practice	Music Store
63695175071918	Practice	Ice Cream Shop
63695175074918	Practice	Grocery
63695175077927	Practice	Post Office
63695175080927	Practice	Pharmacy
63695175083936	Practice	Barber Shop
63695175086940	Practice	Clothing Store
63695175089946	Practice	Computer Shop
63695175092962	TASK_END	RotateTarget	ViewTargets	24048
63695175092962	TASK:	ViewTargets	Repetition:	2	Catch:	False
63695175092963	TASK_START	ListTargetsForLearning	ObjectList
63695175092964	TASK_ADD	ListTargetsForLearning	ObjectList	Music Store	null
63695175092964	TASK_ADD	ListTargetsForLearning	ObjectList	Computer Shop	null
63695175092964	TASK_ADD	ListTargetsForLearning	ObjectList	Post Office	null
63695175092964	TASK_ADD	ListTargetsForLearning	ObjectList	Clothing Store	null
63695175092964	TASK_ADD	ListTargetsForLearning	ObjectList	Pharmacy	null
63695175092964	TASK_ADD	ListTargetsForLearning	ObjectList	Ice Cream Shop	null
63695175092964	TASK_ADD	ListTargetsForLearning	ObjectList	Barber Shop	null
63695175092964	TASK_ADD	ListTargetsForLearning	ObjectList	Grocery	null
63695175092977	TASK_END	ListTargetsForLearning	ObjectList	14
63695175092978	TASK_START	RotateTarget	ViewTargets
63695175092978	Practice	Music Store
63695175095989	Practice	Computer Shop
63695175098993	Practice	Post Office
63695175101999	Practice	Clothing Store
63695175105003	Practice	Pharmacy
63695175108007	Practice	Ice Cream Shop
63695175111012	Practice	Barber Shop
63695175114017	Practice	Grocery
63695175117033	TASK_END	RotateTarget	ViewTargets	24055
6