63695175117414	EXPERIMENT:	esc	SUBJECT:	113	BIOSEX:	Male	AGE:	30	START_SCENE	esc_city02	START_CONDITION:	Scaled	UI:	ViveAndVirtualizer
63695175117481	TASK_START	LM_Timeline	TaskList
63695175117481	TASK:	LM_Timeline	Repetition:	1	Catch:	False
63695175117482	TASK_START	InitializeExperiment	TaskList
63695175117482	TASK:	InitializeExperiment	Repetition:	1	Catch:	False
63695175117482	TASK_START	PlaceTargets	TaskList
63695175117482	TASK:	PlaceTargets	Repetition:	1	Catch:	False
63695175117483	TASK_START	CheckForUsedTargets	LM_CompareLists
63695175117526	TASK_END	CheckForUsedTargets	LM_CompareLists	43
63695175117527	TASK_START	ListHighlightObjects	ObjectList
63695175117527	TASK_ADD	ListHighlightObjects	ObjectList	Highlight01	null
63695175117527	TASK_ADD	ListHighlightObjects	ObjectList	Highlight02	null
63695175117527	TASK_ADD	ListHighlightObjects	ObjectList	Highlight03	null
63695175117527	TASK_ADD	ListHighlightObjects	ObjectList	Highlight04	null
63695175117527	TASK_ADD	ListHighlightObjects	ObjectList	Highlight05	null
63695175117527	TASK_ADD	ListHighlightObjects	ObjectList	Highlight06	null
63695175117527	TASK_ADD	ListHighlightObjects	ObjectList	Highlight07	null
63695175117527	TASK_ADD	ListHighlightObjects	ObjectList	Highlight08	null
63695175117554	TASK_END	ListHighlightObjects	ObjectList	27
63695175117555	TASK_START	ListTargetPlaceholders	ObjectList
63695175117555	TASK_ADD	ListTargetPlaceholders	ObjectList	Target01	null
63695175117555	TASK_ADD	ListTargetPlaceholders	ObjectList	Target02	null
63695175117555	TASK_ADD	ListTargetPlaceholders	ObjectList	Target03	null
63695175117555	TASK_ADD	ListTargetPlaceholders	ObjectList	Target04	null
63695175117555	TASK_ADD	ListTargetPlaceholders	ObjectList	Target05	null
63695175117555	TASK_ADD	ListTargetPlaceholders	ObjectList	Target06	null
63695175117555	TASK_ADD	ListTargetPlaceholders	ObjectList	Target07	null
63695175117555	TASK_ADD	ListTargetPlaceholders	ObjectList	Target08	null
63695175117586	TASK_END	ListTargetPlaceholders	ObjectList	31
63695175117587	TASK_START	PopulateHighlightObjects	MoveObjects
63695175117587	Target01: 	Highlight01	Position: 	86.70001	0.08500671	138.55	Rotation: 	270	0	0
63695175117587	Target02: 	Highlight02	Position: 	86.70001	0.08500671	55.25	Rotation: 	270	270	0
63695175117587	Target03: 	Highlight03	Position: 	36.54999	0.08500671	55.25	Rotation: 	270	90	0
63695175117587	Target04: 	Highlight04	Position: 	36.54999	0.08500671	86.70001	Rotation: 	270	270	0
63695175117587	Target05: 	Highlight05	Position: 	76.5	0.08500671	86.70001	Rotation: 	270	180	0
63695175117587	Target06: 	Highlight06	Position: 	76.5	0.08500671	16.15002	Rotation: 	270	90	0
63695175117587	Target07: 	Highlight07	Position: 	14.28003	0.08500671	16.15002	Rotation: 	270	90	0
63695175117587	Target08: 	Highlight08	Position: 	14.28003	0.08500671	137.445	Rotation: 	270	0	0
63695175117604	TASK_END	PopulateHighlightObjects	MoveObjects	17
63695175117605	TASK_START	ListTargets	ObjectList
63695175117605	TASK_ADD	ListTargets	ObjectList	Camera Store	null
63695175117605	TASK_ADD	ListTargets	ObjectList	Bakery	null
63695175117605	TASK_ADD	ListTargets	ObjectList	Bike Shop	null
63695175117605	TASK_ADD	ListTargets	ObjectList	Repair Shop	null
63695175117605	TASK_ADD	ListTargets	ObjectList	Pet Shop	null
63695175117605	TASK_ADD	ListTargets	ObjectList	Toy Shop	null
63695175117605	TASK_ADD	ListTargets	ObjectList	Coffee Shop	null
63695175117605	TASK_ADD	ListTargets	ObjectList	Hair Dresser	null
63695175117619	TASK_END	ListTargets	ObjectList	14
63695175117621	TASK_START	ListTargetLocations	ObjectList
63695175117621	TASK_ADD	ListTargetLocations	ObjectList	Target01	null
63695175117621	TASK_ADD	ListTargetLocations	ObjectList	Target02	null
63695175117621	TASK_ADD	ListTargetLocations	ObjectList	Target03	null
63695175117621	TASK_ADD	ListTargetLocations	ObjectList	Target04	null
63695175117621	TASK_ADD	ListTargetLocations	ObjectList	Target05	null
63695175117621	TASK_ADD	ListTargetLocations	ObjectList	Target06	null
63695175117621	TASK_ADD	ListTargetLocations	ObjectList	Target07	null
63695175117621	TASK_ADD	ListTargetLocations	ObjectList	Target08	null
63695175117637	TASK_END	ListTargetLocations	ObjectList	16
63695175117638	TASK_START	PopulateTargets	MoveObjects
63695175117639	TARGET INFORMATION ----------------------------------------
63695175117639	Target01: 	Camera Store	Position: 	86.70001	0.08500671	138.55	Rotation: 	270	0	0
63695175117639	Target02: 	Bakery	Position: 	86.70001	0.08500671	55.25	Rotation: 	270	270	0
63695175117639	Target03: 	Bike Shop	Position: 	36.54999	0.08500671	55.25	Rotation: 	270	90	0
63695175117639	Target04: 	Repair Shop	Position: 	36.54999	0.08500671	86.70001	Rotation: 	270	270	0
63695175117639	Target05: 	Pet Shop	Position: 	76.5	0.08500671	86.70001	Rotation: 	270	180	0
63695175117639	Target06: 	Toy Shop	Position: 	76.5	0.08500671	16.15002	Rotation: 	270	90	0
63695175117639	Target07: 	Coffee Shop	Position: 	14.28003	0.08500671	16.15002	Rotation: 	270	90	0
63695175117639	Target08: 	Hair Dresser	Position: 	14.28003	0.08500671	137.445	Rotation: 	270	0	0
63695175117639	-----------------------------------------------------------
63695175117655	TASK_END	PopulateTargets	MoveObjects	17
63695175117656	TASK_START	UpdateUsedTargets	LM_CompareLists
63695175117662	TASK_END	UpdateUsedTargets	LM_CompareLists	6
63695175117662	TASK_END	PlaceTargets	TaskList	180
63695175117663	TASK_START	ListNavigationStarts	ObjectList
63695175117663	TASK_ADD	ListNavigationStarts	ObjectList	StartLoc01	null
63695175117663	TASK_ADD	ListNavigationStarts	ObjectList	StartLoc08	null
63695175117663	TASK_ADD	ListNavigationStarts	ObjectList	StartLoc07	null
63695175117663	TASK_ADD	ListNavigationStarts	ObjectList	StartLoc04	null
63695175117663	TASK_ADD	ListNavigationStarts	ObjectList	StartLoc02	null
63695175117663	TASK_ADD	ListNavigationStarts	ObjectList	StartLoc03	null
63695175117663	TASK_ADD	ListNavigationStarts	ObjectList	StartLoc06	null
63695175117663	TASK_ADD	ListNavigationStarts	ObjectList	StartLoc05	null
63695175117669	TASK_END	ListNavigationStarts	ObjectList	6
63695175117670	TASK_START	ListLargePlayerStarts	ObjectList
63695175117670	TASK_ADD	ListLargePlayerStarts	ObjectList	ScaledPlayerSpawn07	null
63695175117670	TASK_ADD	ListLargePlayerStarts	ObjectList	ScaledPlayerSpawn01	null
63695175117670	TASK_ADD	ListLargePlayerStarts	ObjectList	ScaledPlayerSpawn08	null
63695175117670	TASK_ADD	ListLargePlayerStarts	ObjectList	ScaledPlayerSpawn05	null
63695175117670	TASK_ADD	ListLargePlayerStarts	ObjectList	ScaledPlayerSpawn03	null
63695175117670	TASK_ADD	ListLargePlayerStarts	ObjectList	ScaledPlayerSpawn06	null
63695175117670	TASK_ADD	ListLargePlayerStarts	ObjectList	ScaledPlayerSpawn02	null
63695175117670	TASK_ADD	ListLargePlayerStarts	ObjectList	ScaledPlayerSpawn04	null
63695175117675	TASK_END	ListLargePlayerStarts	ObjectList	5
63695175117676	TASK_START	ListSmallPlayerStarts	ObjectList
63695175117676	TASK_ADD	ListSmallPlayerStarts	ObjectList	StartLoc07	null
63695175117676	TASK_ADD	ListSmallPlayerStarts	ObjectList	StartLoc01	null
63695175117676	TASK_ADD	ListSmallPlayerStarts	ObjectList	StartLoc08	null
63695175117676	TASK_ADD	ListSmallPlayerStarts	ObjectList	StartLoc05	null
63695175117676	TASK_ADD	ListSmallPlayerStarts	ObjectList	StartLoc03	null
63695175117676	TASK_ADD	ListSmallPlayerStarts	ObjectList	StartLoc06	null
63695175117676	TASK_ADD	ListSmallPlayerStarts	ObjectList	StartLoc02	null
63695175117676	TASK_ADD	ListSmallPlayerStarts	ObjectList	StartLoc04	null
63695175117686	TASK_END	ListSmallPlayerStarts	ObjectList	10
63695175117686	TASK_END	InitializeExperiment	TaskList	204
63695175117687	TASK_START	BeginMessage	InstructionsTask
63695175198956	TASK_END	LM_Timeline	TaskList	81475
