63721515723529	EXPERIMENT:		SUBJECT:	142	START_SCENE	esc_city01	START_CONDITION:	Scaled	UI:	KeyboardMouse
63721515723577	TASK_START	LM_Timeline	TaskList
63721515723577	EEG_TRIGGER	Name	EXP_start	Value	1
63721515723578	TASK_START	InitializeExperiment	TaskList
63721515723578	TASK_START	PlaceTargets	TaskList
63721515723578	TASK_START	CheckForUsedTargets	LM_CompareLists
63721515723582	TASK_END	CheckForUsedTargets	LM_CompareLists	4
63721515723583	TASK_START	ListTargetLocations	ObjectList
63721515723583	TASK_ADD	ListTargetLocations	ObjectList	Target01	null
63721515723583	TASK_ADD	ListTargetLocations	ObjectList	Target02	null
63721515723583	TASK_ADD	ListTargetLocations	ObjectList	Target03	null
63721515723583	TASK_ADD	ListTargetLocations	ObjectList	Target04	null
63721515723583	TASK_ADD	ListTargetLocations	ObjectList	Target05	null
63721515723583	TASK_ADD	ListTargetLocations	ObjectList	Target06	null
63721515723583	TASK_ADD	ListTargetLocations	ObjectList	Target07	null
63721515723583	TASK_ADD	ListTargetLocations	ObjectList	Target08	null
63721515723617	TASK_END	ListTargetLocations	ObjectList	34
63721515723618	TASK_START	ListTargets	ObjectList
63721515723618	TASK_ADD	ListTargets	ObjectList	Coffee Shop	null
63721515723618	TASK_ADD	ListTargets	ObjectList	Music Store	null
63721515723618	TASK_ADD	ListTargets	ObjectList	Camera Store	null
63721515723618	TASK_ADD	ListTargets	ObjectList	Post Office	null
63721515723618	TASK_ADD	ListTargets	ObjectList	Grocery	null
63721515723618	TASK_ADD	ListTargets	ObjectList	Pet Shop	null
63721515723618	TASK_ADD	ListTargets	ObjectList	Pharmacy	null
63721515723618	TASK_ADD	ListTargets	ObjectList	Bakery	null
63721515723628	TASK_END	ListTargets	ObjectList	10
63721515723628	TASK_START	PopulateTargets	MoveObjects
63721515723628	TARGET INFORMATION ----------------------------------------
63721515723628	Target01: 	Coffee Shop	Position: 	86.7	0.08500671	138.55	Rotation: 	270	0	0
63721515723628	Target02: 	Music Store	Position: 	86.7	0.08500671	55.25	Rotation: 	270	270	0
63721515723628	Target03: 	Camera Store	Position: 	36.54999	0.08500671	55.25	Rotation: 	270	90	0
63721515723628	Target04: 	Post Office	Position: 	36.54999	0.08500671	86.7	Rotation: 	270	270	0
63721515723628	Target05: 	Grocery	Position: 	76.49999	0.08500671	86.7	Rotation: 	270	180	0
63721515723628	Target06: 	Pet Shop	Position: 	76.49999	0.08500671	16.15	Rotation: 	270	90	0
63721515723628	Target07: 	Pharmacy	Position: 	14.28003	0.08500671	16.15	Rotation: 	270	90	0
63721515723628	Target08: 	Bakery	Position: 	14.28003	0.08500671	137.445	Rotation: 	270	0	0
63721515723628	-----------------------------------------------------------/
63721515723636	TASK_END	PopulateTargets	MoveObjects	8
63721515723636	TASK_START	UpdateUsedTargets	LM_CompareLists
63721515723640	TASK_END	UpdateUsedTargets	LM_CompareLists	4
63721515723640	LM_Output	TaskList
TaskListName	RepetitionNumber	CatchFlag
PlaceTargets1False
63721515723640	TASK_END	PlaceTargets	TaskList	62
63721515723641	TASK_START	ListNavigationStarts	ObjectList
63721515723641	TASK_ADD	ListNavigationStarts	ObjectList	StartLocation08	null
63721515723641	TASK_ADD	ListNavigationStarts	ObjectList	StartLocation06	null
63721515723641	TASK_ADD	ListNavigationStarts	ObjectList	StartLocation07	null
63721515723641	TASK_ADD	ListNavigationStarts	ObjectList	StartLocation02	null
63721515723641	TASK_ADD	ListNavigationStarts	ObjectList	StartLocation05	null
63721515723641	TASK_ADD	ListNavigationStarts	ObjectList	StartLocation03	null
63721515723641	TASK_ADD	ListNavigationStarts	ObjectList	StartLocation01	null
63721515723641	TASK_ADD	ListNavigationStarts	ObjectList	StartLocation04	null
63721515723648	TASK_END	ListNavigationStarts	ObjectList	7
63721515723648	TASK_START	ListLargePlayerStarts	ObjectList
63721515723648	TASK_ADD	ListLargePlayerStarts	ObjectList	ScaledPlayerSpawn06	null
63721515723648	TASK_ADD	ListLargePlayerStarts	ObjectList	ScaledPlayerSpawn04	null
63721515723648	TASK_ADD	ListLargePlayerStarts	ObjectList	ScaledPlayerSpawn08	null
63721515723648	TASK_ADD	ListLargePlayerStarts	ObjectList	ScaledPlayerSpawn05	null
63721515723648	TASK_ADD	ListLargePlayerStarts	ObjectList	ScaledPlayerSpawn03	null
63721515723648	TASK_ADD	ListLargePlayerStarts	ObjectList	ScaledPlayerSpawn07	null
63721515723649	TASK_ADD	ListLargePlayerStarts	ObjectList	ScaledPlayerSpawn02	null
63721515723649	TASK_ADD	ListLargePlayerStarts	ObjectList	ScaledPlayerSpawn01	null
63721515723659	TASK_END	ListLargePlayerStarts	ObjectList	11
63721515723660	TASK_START	ListSmallPlayerStarts	ObjectList
63721515723660	TASK_ADD	ListSmallPlayerStarts	ObjectList	StartLocation07	null
63721515723660	TASK_ADD	ListSmallPlayerStarts	ObjectList	StartLocation02	null
63721515723660	TASK_ADD	ListSmallPlayerStarts	ObjectList	StartLocation08	null
63721515723660	TASK_ADD	ListSmallPlayerStarts	ObjectList	StartLocation06	null
63721515723660	TASK_ADD	ListSmallPlayerStarts	ObjectList	StartLocation01	null
63721515723660	TASK_ADD	ListSmallPlayerStarts	ObjectList	StartLocation04	null
63721515723660	TASK_ADD	ListSmallPlayerStarts	ObjectList	StartLocation05	null
63721515723660	TASK_ADD	ListSmallPlayerStarts	Object