63695172881101	EXPERIMENT:	esc	SUBJECT:	106	BIOSEX:	Male	AGE:	30	START_SCENE	esc_city01	START_CONDITION:	Scaled	UI:	ViveAndVirtualizer
63695172881161	TASK_START	LM_Timeline	TaskList
63695172881161	TASK:	LM_Timeline	Repetition:	1	Catch:	False
63695172881162	TASK_START	InitializeExperiment	TaskList
63695172881162	TASK:	InitializeExperiment	Repetition:	1	Catch:	False
63695172881162	TASK_START	PlaceTargets	TaskList
63695172881162	TASK:	PlaceTargets	Repetition:	1	Catch:	False
63695172881164	TASK_START	CheckForUsedTargets	LM_CompareLists
63695172881214	TASK_END	CheckForUsedTargets	LM_CompareLists	50
63695172881216	TASK_START	ListHighlightObjects	ObjectList
63695172881216	TASK_ADD	ListHighlightObjects	ObjectList	Highlight01	null
63695172881216	TASK_ADD	ListHighlightObjects	ObjectList	Highlight02	null
63695172881216	TASK_ADD	ListHighlightObjects	ObjectList	Highlight03	null
63695172881216	TASK_ADD	ListHighlightObjects	ObjectList	Highlight04	null
63695172881216	TASK_ADD	ListHighlightObjects	ObjectList	Highlight05	null
63695172881217	TASK_ADD	ListHighlightObjects	ObjectList	Highlight06	null
63695172881217	TASK_ADD	ListHighlightObjects	ObjectList	Highlight07	null
63695172881217	TASK_ADD	ListHighlightObjects	ObjectList	Highlight08	null
63695172881258	TASK_END	ListHighlightObjects	ObjectList	42
63695172881259	TASK_START	ListTargetPlaceholders	ObjectList
63695172881259	TASK_ADD	ListTargetPlaceholders	ObjectList	Target01	null
63695172881259	TASK_ADD	ListTargetPlaceholders	ObjectList	Target02	null
63695172881259	TASK_ADD	ListTargetPlaceholders	ObjectList	Target03	null
63695172881259	TASK_ADD	ListTargetPlaceholders	ObjectList	Target04	null
63695172881259	TASK_ADD	ListTargetPlaceholders	ObjectList	Target05	null
63695172881259	TASK_ADD	ListTargetPlaceholders	ObjectList	Target06	null
63695172881259	TASK_ADD	ListTargetPlaceholders	ObjectList	Target07	null
63695172881259	TASK_ADD	ListTargetPlaceholders	ObjectList	Target08	null
63695172881281	TASK_END	ListTargetPlaceholders	ObjectList	22
63695172881283	TASK_START	PopulateHighlightObjects	MoveObjects
63695172881284	Target01: 	Highlight01	Position: 	5.95	0.085	116.45	Rotation: 	270	270	0
63695172881284	Target02: 	Highlight02	Position: 	5.95	0.085	14.45	Rotation: 	270	270	0
63695172881284	Target03: 	Highlight03	Position: 	85.935	0.085	14.45	Rotation: 	270	270	0
63695172881284	Target04: 	Highlight04	Position: 	85.935	0.085	74.45999	Rotation: 	270	270	0
63695172881284	Target05: 	Highlight05	Position: 	36.55	0.085	74.45999	Rotation: 	270	180	0
63695172881284	Target06: 	Highlight06	Position: 	36.55	0.085	116.45	Rotation: 	270	180	0
63695172881284	Target07: 	Highlight07	Position: 	76.49999	0.085	106.25	Rotation: 	270	0	0
63695172881284	Target08: 	Highlight08	Position: 	76.49999	0.085	37.4	Rotation: 	270	90	0
63695172881306	TASK_END	PopulateHighlightObjects	MoveObjects	23
63695172881308	TASK_START	ListTargets	ObjectList
63695172881308	TASK_ADD	ListTargets	ObjectList	Pharmacy	null
63695172881308	TASK_ADD	ListTargets	ObjectList	Pet Shop	null
63695172881308	TASK_ADD	ListTargets	ObjectList	Bike Shop	null
63695172881308	TASK_ADD	ListTargets	ObjectList	Camera Store	null
63695172881308	TASK_ADD	ListTargets	ObjectList	Toy Shop	null
63695172881308	TASK_ADD	ListTargets	ObjectList	Clothing Store	null
63695172881308	TASK_ADD	ListTargets	ObjectList	Music Store	null
63695172881308	TASK_ADD	ListTargets	ObjectList	Computer Shop	null
63695172881308	TASK_ADD	ListTargets	ObjectList	Post Office	null
63695172881308	TASK_ADD	ListTargets	ObjectList	Repair Shop	null
63695172881308	TASK_ADD	ListTargets	ObjectList	Coffee Shop	null
63695172881308	TASK_ADD	ListTargets	ObjectList	Ice Cream Shop	null
63695172881308	TASK_ADD	ListTargets	ObjectList	Grocery	null
63695172881308	TASK_ADD	ListTargets	ObjectList	Barber Shop	null
63695172881308	TASK_ADD	ListTargets	ObjectList	Hair Dresser	null
63695172881308	TASK_ADD	ListTargets	ObjectList	Bakery	null
63695172881334	TASK_END	ListTargets	ObjectList	26
63695172881336	TASK_START	ListTargetLocations	ObjectList
63695172881336	TASK_ADD	ListTargetLocations	ObjectList	Target01	null
63695172881336	TASK_ADD	ListTargetLocations	ObjectList	Target02	null
63695172881336	TASK_ADD	ListTargetLocations	ObjectList	Target03	null
63695172881336	TASK_ADD	ListTargetLocations	ObjectList	Target04	null
63695172881336	TASK_ADD	ListTargetLocations	ObjectList	Target05	null
63695172881336	TASK_ADD	ListTargetLocations	ObjectList	Target06	null
63695172881336	TASK_ADD	ListTargetLocations	ObjectList	Target07	null
63695172881336	TASK_ADD	ListTargetLocations	ObjectList	Target08	null
63695172881342	TASK_END	ListTargetLocations	ObjectList	6
63695172881343	TASK_START	PopulateTargets	MoveObjects
63695172881344	TARGET INFORMATION ----------------------------------------
63695172881344	Target01: 	Pharmacy	Position: 	5.95	0.085	116.45	Rotation: 	270	270	0
63695172881345	Target02: 	Pet Shop	Position: 	5.95	0.085	14.45	Rotation: 	270	270	0
63695172881345	Target03: 	Bike Shop	Position: 	85.935	0.085	14.45	Rotation: 	270	270	0
63695172881345	Target04: 	Camera Store	Position: 	85.935	0.085	74.45998	Rotation: 	270	270	0
63695172881345	Target05: 	Toy Shop	Position: 	36.55	0.085	74.45998	Rotation: 	270	180	0
63695172881345	Target06: 	Clothing Store	Position: 	36.55	0.085	116.45	Rotation: 	270	180	0
63695172881345	Target07: 	Music Store	Position: 	76.49999	0.085	106.25	Rotation: 	270	0	0
63695172881345	Target08: 	Computer Shop	Position: 	76.49999	0.085	37.4	Rotation: 	270	90	0
63695172881345	-----------------------------------------------------------
63695172881351	TASK_END	PopulateTargets	MoveObjects	8
63695172881352	TASK_START	UpdateUsedTargets	LM_CompareLists
63695172881362	TASK_END	UpdateUsedTargets	LM_CompareLists	10
63695172881363	TASK_END	PlaceTargets	TaskList	201
63695172881364	TASK_START	ListNavigationStarts	ObjectList
63695172881364	TASK_ADD	ListNavigationStarts	ObjectList	StartLoc01	null
63695172881364	TASK_ADD	ListNavigationStarts	ObjectList	StartLoc02	null
63695172881364	TASK_ADD	ListNavigationStarts	ObjectList	StartLoc06	null
63695172881364	TASK_ADD	ListNavigationStarts	ObjectList	StartLoc07	null
63695172881364	TASK_ADD	ListNavigationStarts	ObjectList	StartLoc03	null
63695172881364	TASK_ADD	ListNavigationStarts	ObjectList	StartLoc08	null
63695172881364	TASK_ADD	ListNavigationStarts	ObjectList	StartLoc05	null
63695172881364	TASK_ADD	ListNavigationStarts	ObjectList	StartLoc04	null
63695172881372	TASK_END	ListNavigationStarts	ObjectList	8
63695172881373	TASK_START	ListLargePlayerStarts	ObjectList
63695172881373	TASK_ADD	ListLargePlayerStarts	ObjectList	ScaledPlayerSpawn01	null
63695172881373	TASK_ADD	ListLargePlayerStarts	ObjectList	ScaledPlayerSpawn02	null
63695172881373	TASK_ADD	ListLargePlayerStarts	ObjectList	ScaledPlayerSpawn06	null
63695172881373	TASK_ADD	ListLargePlayerStarts	ObjectList	ScaledPlayerSpawn07	null
63695172881373	TASK_ADD	ListLargePlayerStarts	ObjectList	ScaledPlayerSpawn03	null
63695172881373	TASK_ADD	ListLargePlayerStarts	ObjectList	ScaledPlayerSpawn08	null
63695172881373	TASK_ADD	ListLargePlayerStarts	ObjectList	ScaledPlayerSpawn05	null
63695172881373	TASK_ADD	ListLargePlayerStarts	ObjectList	ScaledPlayerSpawn04	null
63695172881383	TASK_END	ListLargePlayerStarts	ObjectList	10
63695172881384	TASK_START	ListSmallPlayerStarts	ObjectList
63695172881384	TASK_ADD	ListSmallPlayerStarts	ObjectList	StartLoc01	null
63695172881384	TASK_ADD	ListSmallPlayerStarts	ObjectList	StartLoc02	null
63695172881384	TASK_ADD	ListSmallPlayerStarts	ObjectList	StartLoc08	null
63695172881384	TASK_ADD	ListSmallPlayerStarts	ObjectList	StartLoc04	null
63695172881384	TASK_ADD	ListSmallPlayerStarts	ObjectList	StartLoc06	null
63695172881384	TASK_ADD	ListSmallPlayerStarts	ObjectList	StartLoc05	null
63695172881384	TASK_ADD	ListSmallPlayerStarts	ObjectList	StartLoc03	null
63695172881384	TASK_ADD	ListSmallPlayerStarts	ObjectList	StartLoc07	null
63695172881394	TASK_END	ListSmallPlayerStarts	ObjectList	10
63695172881394	TASK_END	InitializeExperiment	TaskList	232
63695172881396	TASK_START	BeginMessage	InstructionsTask
63695172897264	INPUT_EVENT    PlayerPressedReturn    1
63695172897265	TASK_END	BeginMessage	InstructionsTask	15869
63695172897266	TASK_START	Tasks	TaskList
63695172897266	TASK:	Tasks	Repetition:	1	Catch:	False
63695172897267	TASK_START	PracticeTaskLoop	TaskList
63695172897267	TASK:	PracticeTaskLoop	Repetition:	1	Catch:	False
63695172897268	TASK_START	LearnTargets	TaskList
63695172897268	TASK:	LearnTargets	Repetition:	1	Catch:	False
63695172897269	TASK_START	LearnTargets Instructions	InstructionsTask
63695172897967	INPUT_EVENT    PlayerPressedReturn    1
63695172897968	TASK_END	LearnTargets Instructions	InstructionsTask	699
63695172897969	TASK_START	ViewTargets	TaskList
63695172897969	TASK:	ViewTargets	Repetition:	1	Catch:	False
63695172897970	TASK_START	ListTargetsForLearning	ObjectList
63695172897970	TASK_ADD	ListTargetsForLearning	ObjectList	Clothing Store	null
63695172897970	TASK_ADD	ListTargetsForLearning	ObjectList	Camera Store	null
63695172897970	TASK_ADD	ListTargetsForLearning	ObjectList	Pet Shop	null
63695172897970	TASK_ADD	ListTargetsForLearning	ObjectList	Toy Shop	null
63695172897970	TASK_ADD	ListTargetsForLearning	ObjectList	Pharmacy	null
63695172897970	TASK_ADD	ListTargetsForLearning	ObjectList	Bike Shop	null
63695172897970	TASK_ADD	ListTargetsForLearning	ObjectList	Computer Shop	null
63695172897970	TASK_ADD	ListTargetsForLearning	ObjectList	Music Store	null
63695172897978	TASK_END	ListTargetsForLearning	ObjectList	8
63695172897980	TASK_START	RotateTarget	ViewTargets
63695172897981	Practice	Clothing Store
63695172900991	Practice	Camera Store
63695172903996	Practice	Pet Shop
63695172907000	Practice	Toy Shop
63695172910005	Practice	Pharmacy
63695172913010	Practice	Bike Shop
63695172916013	Practice	Computer Shop
63695172919016	Practice	Music Store
63695172922035	TASK_END	RotateTarget	ViewTargets	24055
63695172922036	TASK:	ViewTargets	Repetition:	2	Catch:	False
63695172922037	TASK_START	ListTargetsForLearning	ObjectList
63695172922037	TASK_ADD	ListTargetsForLearning	ObjectList	Music Store	null
63695172922037	TASK_ADD	ListTargetsForLearning	ObjectList	Pet Shop	null
63695172922037	TASK_ADD	ListTargetsForLearning	ObjectList	Toy Shop	null
63695172922037	TASK_ADD	ListTargetsForLearning	ObjectList	Pharmacy	null
63695172922037	TASK_ADD	ListTargetsForLearning	ObjectList	Camera Store	null
63695172922037	TASK_ADD	ListTargetsForLearning	ObjectList	Clothing Store	null
63695172922037	TASK_ADD	ListTargetsForLearning	ObjectList	Computer Shop	null
63695172922037	TASK_ADD	ListTargetsForLearning	ObjectList	Bike Shop	null
63695172922051	TASK_END	ListTargetsForLearning	ObjectList	14
63695172922052	TASK_START	RotateTarget	ViewTargets
63695172922052	Practice	Music Store
63695172925062	Practice	Pet Shop
63695172928067	Practice	Toy Shop
63695172931071	Practice	Pharmacy
63695172934076	Practice	Camera Store
63695172937080	Practice	Clothing Store
63695172940085	Practice	Computer Shop
63695172943090	Practice	Bike Shop
63695172946106	TASK_END	RotateTarget	ViewTargets	24054
63695172946106	TASK_END	ViewTargets	TaskList	4