63695172946499	EXPERIMENT:	esc	SUBJECT:	106	BIOSEX:	Male	AGE:	30	START_SCENE	esc_city02	START_CONDITION:	Standard	UI:	ViveAndVirtualizer
63695172946563	TASK_START	LM_Timeline	TaskList
63695172946563	TASK:	LM_Timeline	Repetition:	1	Catch:	False
63695172946563	TASK_START	InitializeExperiment	TaskList
63695172946564	TASK:	InitializeExperiment	Repetition:	1	Catch:	False
63695172946564	TASK_START	PlaceTargets	TaskList
63695172946564	TASK:	PlaceTargets	Repetition:	1	Catch:	False
63695172946565	TASK_START	CheckForUsedTargets	LM_CompareLists
63695172946614	TASK_END	CheckForUsedTargets	LM_CompareLists	49
63695172946615	TASK_START	ListHighlightObjects	ObjectList
63695172946615	TASK_ADD	ListHighlightObjects	ObjectList	Highlight01	null
63695172946615	TASK_ADD	ListHighlightObjects	ObjectList	Highlight02	null
63695172946615	TASK_ADD	ListHighlightObjects	ObjectList	Highlight03	null
63695172946615	TASK_ADD	ListHighlightObjects	ObjectList	Highlight04	null
63695172946615	TASK_ADD	ListHighlightObjects	ObjectList	Highlight05	null
63695172946615	TASK_ADD	ListHighlightObjects	ObjectList	Highlight06	null
63695172946615	TASK_ADD	ListHighlightObjects	ObjectList	Highlight07	null
63695172946615	TASK_ADD	ListHighlightObjects	ObjectList	Highlight08	null
63695172946650	TASK_END	ListHighlightObjects	ObjectList	35
63695172946651	TASK_START	ListTargetPlaceholders	ObjectList
63695172946651	TASK_ADD	ListTargetPlaceholders	ObjectList	Target01	null
63695172946651	TASK_ADD	ListTargetPlaceholders	ObjectList	Target02	null
63695172946651	TASK_ADD	ListTargetPlaceholders	ObjectList	Target03	null
63695172946651	TASK_ADD	ListTargetPlaceholders	ObjectList	Target04	null
63695172946651	TASK_ADD	ListTargetPlaceholders	ObjectList	Target05	null
63695172946651	TASK_ADD	ListTargetPlaceholders	ObjectList	Target06	null
63695172946651	TASK_ADD	ListTargetPlaceholders	ObjectList	Target07	null
63695172946651	TASK_ADD	ListTargetPlaceholders	ObjectList	Target08	null
63695172946671	TASK_END	ListTargetPlaceholders	ObjectList	20
63695172946672	TASK_START	PopulateHighlightObjects	MoveObjects
63695172946672	Target01: 	Highlight01	Position: 	86.70001	0.08500671	138.55	Rotation: 	270	0	0
63695172946672	Target02: 	Highlight02	Position: 	86.70001	0.08500671	55.25	Rotation: 	270	270	0
63695172946672	Target03: 	Highlight03	Position: 	36.54999	0.08500671	55.25	Rotation: 	270	90	0
63695172946672	Target04: 	Highlight04	Position: 	36.54999	0.08500671	86.70001	Rotation: 	270	270	0
63695172946672	Target05: 	Highlight05	Position: 	76.5	0.08500671	86.70001	Rotation: 	270	180	0
63695172946672	Target06: 	Highlight06	Position: 	76.5	0.08500671	16.15002	Rotation: 	270	90	0
63695172946672	Target07: 	Highlight07	Position: 	14.28003	0.08500671	16.15002	Rotation: 	270	90	0
63695172946672	Target08: 	Highlight08	Position: 	14.28003	0.08500671	137.445	Rotation: 	270	0	0
63695172946689	TASK_END	PopulateHighlightObjects	MoveObjects	17
63695172946690	TASK_START	ListTargets	ObjectList
63695172946690	TASK_ADD	ListTargets	ObjectList	Hair Dresser	null
63695172946690	TASK_ADD	ListTargets	ObjectList	Repair Shop	null
63695172946690	TASK_ADD	ListTargets	ObjectList	Post Office	null
63695172946690	TASK_ADD	ListTargets	ObjectList	Coffee Shop	null
63695172946690	TASK_ADD	ListTargets	ObjectList	Bakery	null
63695172946690	TASK_ADD	ListTargets	ObjectList	Barber Shop	null
63695172946690	TASK_ADD	ListTargets	ObjectList	Ice Cream Shop	null
63695172946690	TASK_ADD	ListTargets	ObjectList	Grocery	null
63695172946706	TASK_END	ListTargets	ObjectList	16
63695172946707	TASK_START	ListTargetLocations	ObjectList
63695172946707	TASK_ADD	ListTargetLocations	ObjectList	Target01	null
63695172946707	TASK_ADD	ListTargetLocations	ObjectList	Target02	null
63695172946707	TASK_ADD	ListTargetLocations	ObjectList	Target03	null
63695172946707	TASK_ADD	ListTargetLocations	ObjectList	Target04	null
63695172946707	TASK_ADD	ListTargetLocations	ObjectList	Target05	null
63695172946707	TASK_ADD	ListTargetLocations	ObjectList	Target06	null
63695172946707	TASK_ADD	ListTargetLocations	ObjectList	Target07	null
63695172946707	TASK_ADD	ListTargetLocations	ObjectList	Target08	null
63695172946723	TASK_END	ListTargetLocations	ObjectList	16
63695172946724	TASK_START	PopulateTargets	MoveObjects
63695172946725	TARGET INFORMATION ----------------------------------------
63695172946725	Target01: 	Hair Dresser	Position: 	86.70001	0.08500671	138.55	Rotation: 	270	0	0
63695172946725	Target02: 	Repair Shop	Position: 	86.70001	0.08500671	55.25	Rotation: 	270	270	0
63695172946725	Target03: 	Post Office	Position: 	36.54999	0.08500671	55.25	Rotation: 	270	90	0
63695172946725	Target04: 	Coffee Shop	Position: 	36.54999	0.08500671	86.70001	Rotation: 	270	270	0
63695172946725	Target05: 	Bakery	Position: 	76.5	0.08500671	86.70001	Rotation: 	270	180	0
63695172946725	Target06: 	Barber Shop	Position: 	76.5	0.08500671	16.15002	Rotation: 	270	90	0
63695172946725	Target07: 	Ice Cream Shop	Position: 	14.28003	0.08500671	16.15002	Rotation: 	270	90	0
63695172946725	Target08: 	Grocery	Position: 	14.28003	0.08500671	137.445	Rotation: 	270	0	0
63695172946725	-----------------------------------------------------------
63695172946739	TASK_END	PopulateTargets	MoveObjects	15
63695172946740	TASK_START	UpdateUsedTargets	LM_CompareLists
63695172946748	TASK_END	UpdateUsedTargets	LM_CompareLists	8
63695172946748	TASK_END	PlaceTargets	TaskList	184
63695172946749	TASK_START	ListNavigationStarts	ObjectList
63695172946749	TASK_ADD	ListNavigationStarts	ObjectList	StartLoc01	null
63695172946749	TASK_ADD	ListNavigationStarts	ObjectList	StartLoc05	null
63695172946749	TASK_ADD	ListNavigationStarts	ObjectList	StartLoc04	null
63695172946749	TASK_ADD	ListNavigationStarts	ObjectList	StartLoc03	null
63695172946749	TASK_ADD	ListNavigationStarts	ObjectList	StartLoc02	null
63695172946749	TASK_ADD	ListNavigationStarts	ObjectList	StartLoc07	null
63695172946749	TASK_ADD	ListNavigationStarts	ObjectList	StartLoc06	null
63695172946749	TASK_ADD	ListNavigationStarts	ObjectList	StartLoc08	null
63695172946760	TASK_END	ListNavigationStarts	ObjectList	11
63695172946761	TASK_START	ListLargePlayerStarts	ObjectList
63695172946761	TASK_ADD	ListLargePlayerStarts	ObjectList	ScaledPlayerSpawn06	null
63695172946761	TASK_ADD	ListLargePlayerStarts	ObjectList	ScaledPlayerSpawn02	null
63695172946761	TASK_ADD	ListLargePlayerStarts	ObjectList	ScaledPlayerSpawn05	null
63695172946761	TASK_ADD	ListLargePlayerStarts	ObjectList	ScaledPlayerSpawn08	null
63695172946761	TASK_ADD	ListLargePlayerStarts	ObjectList	ScaledPlayerSpawn07	null
63695172946761	TASK_ADD	ListLargePlayerStarts	ObjectList	ScaledPlayerSpawn01	null
63695172946761	TASK_ADD	ListLargePlayerStarts	ObjectList	ScaledPlayerSpawn04	null
63695172946761	TASK_ADD	ListLargePlayerStarts	ObjectList	ScaledPlayerSpawn03	null
63695172946771	TASK_END	ListLargePlayerStarts	ObjectList	10
63695172946772	TASK_START	ListSmallPlayerStarts	ObjectList
63695172946772	TASK_ADD	ListSmallPlayerStarts	ObjectList	StartLoc06	null
63695172946772	TASK_ADD	ListSmallPlayerStarts	ObjectList	StartLoc01	null
63695172946772	TASK_ADD	ListSmallPlayerStarts	ObjectList	StartLoc03	null
63695172946772	TASK_ADD	ListSmallPlayerStarts	ObjectList	StartLoc08	null
63695172946772	TASK_ADD	ListSmallPlayerStarts	ObjectList	StartLoc05	null
63695172946772	TASK_ADD	ListSmallPlayerStarts	ObjectList	StartLoc04	null
63695172946772	TASK_ADD	ListSmallPlayerStarts	ObjectList	StartLoc07	null
63695172946772	TASK_ADD	ListSmallPlayerStarts	ObjectList	StartLoc02	null
63695172946782	TASK_END	ListSmallPlayerStarts	ObjectList	10
63695172946782	TASK_END	InitializeExperiment	TaskList	219
63695172946783	TASK_START	BeginMessage	InstructionsTask
63695173046788	TASK_END	BeginMessage	InstructionsTask	100005
63695173046789	TASK_START	Tasks	TaskList
63695173046789	TASK:	Tasks	Repetition:	1	Catch:	False
63695173046790	TASK_START	PracticeTaskLoop	TaskList
63695173046790	TASK:	PracticeTaskLoop	Repetition:	1	Catch:	False
63695173046791	TASK_START	LearnTargets	TaskList
63695173046791	TASK:	LearnTargets	Repetition:	1	Catch:	False
63695173046792	TASK_START	LearnTargets Instructions