63695174618354	EXPERIMENT:	esc	SUBJECT:	112	BIOSEX:	Male	AGE:	30	START_SCENE	esc_city01	START_CONDITION:	Scaled	UI:	ViveAndVirtualizer
63695174618423	TASK_START	LM_Timeline	TaskList
63695174618423	TASK:	LM_Timeline	Repetition:	1	Catch:	False
63695174618424	TASK_START	InitializeExperiment	TaskList
63695174618424	TASK:	InitializeExperiment	Repetition:	1	Catch:	False
63695174618425	TASK_START	PlaceTargets	TaskList
63695174618425	TASK:	PlaceTargets	Repetition:	1	Catch:	False
63695174618426	TASK_START	CheckForUsedTargets	LM_CompareLists
63695174618473	TASK_END	CheckForUsedTargets	LM_CompareLists	47
63695174618475	TASK_START	ListHighlightObjects	ObjectList
63695174618475	TASK_ADD	ListHighlightObjects	ObjectList	Highlight01	null
63695174618475	TASK_ADD	ListHighlightObjects	ObjectList	Highlight02	null
63695174618475	TASK_ADD	ListHighlightObjects	ObjectList	Highlight03	null
63695174618475	TASK_ADD	ListHighlightObjects	ObjectList	Highlight04	null
63695174618475	TASK_ADD	ListHighlightObjects	ObjectList	Highlight05	null
63695174618475	TASK_ADD	ListHighlightObjects	ObjectList	Highlight06	null
63695174618475	TASK_ADD	ListHighlightObjects	ObjectList	Highlight07	null
63695174618476	TASK_ADD	ListHighlightObjects	ObjectList	Highlight08	null
63695174618514	TASK_END	ListHighlightObjects	ObjectList	39
63695174618515	TASK_START	ListTargetPlaceholders	ObjectList
63695174618515	TASK_ADD	ListTargetPlaceholders	ObjectList	Target01	null
63695174618515	TASK_ADD	ListTargetPlaceholders	ObjectList	Target02	null
63695174618515	TASK_ADD	ListTargetPlaceholders	ObjectList	Target03	null
63695174618515	TASK_ADD	ListTargetPlaceholders	ObjectList	Target04	null
63695174618515	TASK_ADD	ListTargetPlaceholders	ObjectList	Target05	null
63695174618515	TASK_ADD	ListTargetPlaceholders	ObjectList	Target06	null
63695174618515	TASK_ADD	ListTargetPlaceholders	ObjectList	Target07	null
63695174618515	TASK_ADD	ListTargetPlaceholders	ObjectList	Target08	null
63695174618539	TASK_END	ListTargetPlaceholders	ObjectList	24
63695174618541	TASK_START	PopulateHighlightObjects	MoveObjects
63695174618542	Target01: 	Highlight01	Position: 	5.95	0.085	116.45	Rotation: 	270	270	0
63695174618542	Target02: 	Highlight02	Position: 	5.95	0.085	14.45	Rotation: 	270	270	0
63695174618542	Target03: 	Highlight03	Position: 	85.935	0.085	14.45	Rotation: 	270	270	0
63695174618542	Target04: 	Highlight04	Position: 	85.935	0.085	74.45999	Rotation: 	270	270	0
63695174618542	Target05: 	Highlight05	Position: 	36.55	0.085	74.45999	Rotation: 	270	180	0
63695174618542	Target06: 	Highlight06	Position: 	36.55	0.085	116.45	Rotation: 	270	180	0
63695174618542	Target07: 	Highlight07	Position: 	76.49999	0.085	106.25	Rotation: 	270	0	0
63695174618542	Target08: 	Highlight08	Position: 	76.49999	0.085	37.4	Rotation: 	270	90	0
63695174618562	TASK_END	PopulateHighlightObjects	MoveObjects	21
63695174618564	TASK_START	ListTargets	ObjectList
63695174618564	TASK_ADD	ListTargets	ObjectList	Hair Dresser	null
63695174618564	TASK_ADD	ListTargets	ObjectList	Camera Store	null
63695174618564	TASK_ADD	ListTargets	ObjectList	Barber Shop	null
63695174618564	TASK_ADD	ListTargets	ObjectList	Computer Shop	null
63695174618564	TASK_ADD	ListTargets	ObjectList	Post Office	null
63695174618564	TASK_ADD	ListTargets	ObjectList	Repair Shop	null
63695174618564	TASK_ADD	ListTargets	ObjectList	Music Store	null
63695174618564	TASK_ADD	ListTargets	ObjectList	Toy Shop	null
63695174618564	TASK_ADD	ListTargets	ObjectList	Coffee Shop	null
63695174618564	TASK_ADD	ListTargets	ObjectList	Clothing Store	null
63695174618564	TASK_ADD	ListTargets	ObjectList	Bakery	null
63695174618564	TASK_ADD	ListTargets	ObjectList	Grocery	null
63695174618564	TASK_ADD	ListTargets	ObjectList	Ice Cream Shop	null
63695174618564	TASK_ADD	ListTargets	ObjectList	Bike Shop	null
63695174618564	TASK_ADD	ListTargets	ObjectList	Pharmacy	null
63695174618564	TASK_ADD	ListTargets	ObjectList	Pet Shop	null
63695174618589	TASK_END	ListTargets	ObjectList	25
63695174618590	TASK_START	ListTargetLocations	ObjectList
63695174618590	TASK_ADD	ListTargetLocations	ObjectList	Target01	null
63695174618590	TASK_ADD	ListTargetLocations	ObjectList	Target02	null
63695174618590	TASK_ADD	ListTargetLocations	ObjectList	Target03	null
63695174618590	TASK_ADD	ListTargetLocations	ObjectList	Target04	null
63695174618590	TASK_ADD	ListTargetLocations	ObjectList	Target05	null
63695174618590	TASK_ADD	ListTargetLocations	ObjectList	Target06	null
63695174618590	TASK_ADD	ListTargetLocations	ObjectList	Target07	null
63695174618590	TASK_ADD	ListTargetLocations	ObjectList	Target08	null
63695174618596	TASK_END	ListTargetLocations	ObjectList	6
63695174618597	TASK_START	PopulateTargets	MoveObjects
63695174618598	TARGET INFORMATION ----------------------------------------
63695174618598	Target01: 	Hair Dresser	Position: 	5.95	0.085	116.45	Rotation: 	270	270	0
63695174618598	Target02: 	Camera Store	Position: 	5.95	0.085	14.45	Rotation: 	270	270	0
63695174618598	Target03: 	Barber Shop	Position: 	85.935	0.085	14.45	Rotation: 	270	270	0
63695174618598	Target04: 	Computer Shop	Position: 	85.935	0.085	74.45998	Rotation: 	270	270	0
63695174618599	Target05: 	Post Office	Position: 	36.55	0.085	74.45998	Rotation: 	270	180	0
63695174618599	Target06: 	Repair Shop	Position: 	36.55	0.085	116.45	Rotation: 	270	180	0
63695174618599	Target07: 	Music Store	Position: 	76.49999	0.085	106.25	Rotation: 	270	0	0
63695174618599	Target08: 	Toy Shop	Position: 	76.49999	0.085	37.4	Rotation: 	270	90	0
63695174618599	-----------------------------------------------------------
63695174618606	TASK_END	PopulateTargets	MoveObjects	9
63695174618607	TASK_START	UpdateUsedTargets	LM_CompareLists
63695174618618	TASK_END	UpdateUsedTargets	LM_CompareLists	11
63695174618618	TASK_END	PlaceTargets	TaskList	193
63695174618619	TASK_START	ListNavigationStarts	ObjectList
63695174618619	TASK_ADD	ListNavigationStarts	ObjectList	StartLoc02	null
63695174618619	TASK_ADD	ListNavigationStarts	ObjectList	StartLoc06	null
63695174618619	TASK_ADD	ListNavigationStarts	ObjectList	StartLoc03	null
63695174618619	TASK_ADD	ListNavigationStarts	ObjectList	StartLoc05	null
63695174618619	TASK_ADD	ListNavigationStarts	ObjectList	StartLoc08	null
63695174618619	TASK_ADD	ListNavigationStarts	ObjectList	StartLoc04	null
63695174618619	TASK_ADD	ListNavigationStarts	ObjectList	StartLoc01	null
63695174618619	TASK_ADD	ListNavigationStarts	ObjectList	StartLoc07	null
63695174618629	TASK_END	ListNavigationStarts	ObjectList	10
63695174618630	TASK_START	ListLargePlayerStarts	ObjectList
63695174618630	TASK_ADD	ListLargePlayerStarts	ObjectList	ScaledPlayerSpawn07	null
63695174618630	TASK_ADD	ListLargePlayerStarts	ObjectList	ScaledPlayerSpawn01	null
63695174618630	TASK_ADD	ListLargePlayerStarts	ObjectList	ScaledPlayerSpawn03	null
63695174618630	TASK_ADD	ListLargePlayerStarts	ObjectList	ScaledPlayerSpawn08	null
63695174618630	TASK_ADD	ListLargePlayerStarts	ObjectList	ScaledPlayerSpawn04	null
63695174618630	TASK_ADD	ListLargePlayerStarts	ObjectList	ScaledPlayerSpawn05	null
63695174618630	TASK_ADD	ListLargePlayerStarts	ObjectList	ScaledPlayerSpawn06	null
63695174618630	TASK_ADD	ListLargePlayerStarts	ObjectList	ScaledPlayerSpawn02	null
63695174618640	TASK_END	ListLargePlayerStarts	ObjectList	10
63695174618641	TASK_START	ListSmallPlayerStarts	ObjectList
63695174618641	TASK_ADD	ListSmallPlayerStarts	ObjectList	StartLoc06	null
63695174618641	TASK_ADD	ListSmallPlayerStarts	ObjectList	StartLoc04	null
63695174618641	TASK_ADD	ListSmallPlayerStarts	ObjectList	StartLoc03	null
63695174618641	TASK_ADD	ListSmallPlayerStarts	ObjectList	StartLoc01	null
63695174618641	TASK_ADD	ListSmallPlayerStarts	ObjectList	StartLoc05	null
63695174618641	TASK_ADD	ListSmallPlayerStarts	ObjectList	StartLoc07	null
63695174618641	TASK_ADD	ListSmallPlayerStarts	ObjectList	StartLoc02	null
63695174618641	TASK_ADD	ListSmallPlayerStarts	ObjectList	StartLoc08	null
63695174618651	TASK_END	ListSmallPlayerStarts	ObjectList	10
63695174618651	TASK_END	InitializeExperiment	TaskList	227
63695174618653	TASK_START	BeginMessage	InstructionsTask
63695174649908	INPUT_EVENT    PlayerPressedActionButton    1
63695174649910	TASK_END	BeginMessage	InstructionsTask	31257
63695174649911	TASK_START	Tasks	TaskList
63695174649911	TASK:	Tasks	Repetition:	1	Catch:	False
63695174649912	TASK_START	PracticeTaskLoop	TaskList
63695174649912	TASK:	PracticeTaskLoop	Repetition:	1	Catch:	False
63695174649913	TASK_START	LearnTargets	TaskList
63695174649913	TASK:	LearnTargets	Repetition:	1	Catch:	False
63695174649915	TASK_START	LearnTargets Instructions	InstructionsTask
63695174651468	INPUT_EVENT    PlayerPressedActionButton    1
63695174651469	TASK_END	LearnTargets Instructions	InstructionsTask	1554
63695174651470	TASK_START	ViewTargets	TaskList
63695174651470	TASK:	ViewTargets	Repetition:	1	Catch:	False
63695174651471	TASK_START	ListTargetsForLearning	ObjectList
63695174651471	TASK_ADD	ListTargetsForLearning	ObjectList	Computer Shop	null
63695174651471	TASK_ADD	ListTargetsForLearning	ObjectList	Post Office	null
63695174651471	TASK_ADD	ListTargetsForLearning	ObjectList	Hair Dresser	null
63695174651472	TASK_ADD	ListTargetsForLearning	ObjectList	Toy Shop	null
63695174651472	TASK_ADD	ListTargetsForLearning	ObjectList	Music Store	null
63695174651472	TASK_ADD	ListTargetsForLearning	ObjectList	Camera Store	null
63695174651472	TASK_ADD	ListTargetsForLearning	ObjectList	Barber Shop	null
63695174651472	TASK_ADD	ListTargetsForLearning	ObjectList	Repair Shop	null
63695174651482	TASK_END	ListTargetsForLearning	ObjectList	11
63695174651484	TASK_START	RotateTarget	ViewTargets
63695174651484	Practice	Computer Shop
63695174654488	Practice	Post Office
63695174657490	Practice	Hair Dresser
63695174660499	Practice	Toy Shop
63695174663500	Practice	Music Store
63695174666508	Practice	Camera Store
63695174669512	Practice	Barber Shop
63695174672517	Practice	Repair Shop
63695174675533	TASK_END	RotateTarget	ViewTargets	24049
63695174675534	TASK:	ViewTargets	Repetition:	2	Catch:	False
63695174675535	TASK_START	ListTargetsForLearning	ObjectList
63695174675535	TASK_ADD	ListTargetsForLearning	ObjectList	Camera Store	null
63695174675535	TASK_ADD	ListTargetsForLearning	ObjectList	Music Store	null
63695174675535	TASK_ADD	ListTargetsForLearning	ObjectList	Post Office	null
63695174675535	TASK_ADD	ListTargetsForLearning	ObjectList	Computer Shop	null
63695174675535	TASK_ADD	ListTargetsForLearning	ObjectList	Barber Shop	null
63695174675535	TASK_ADD	ListTargetsForLearning	ObjectList	Repair Shop	null
63695174675535	TASK_ADD	ListTargetsForLearning	ObjectList	Hair Dresser	null
63695174675535	TASK_ADD	ListTargetsForLearning	ObjectList	Toy Shop	null
63695174675547	TASK_END	ListTargetsForLearning	ObjectList	12
63695174675548	TASK_START	RotateTarget	ViewTargets
63695174675548	Practice	Camera Store
63695174678548	Practice	Music Store
63695174681553	Practice	Post Office
63695174684558	Practice	Computer Shop
63695174687563	Practice	Barber Shop
63695174690567	Practice	Repair Shop
63695174693572	Practice	Hair Dresser
63695174696577	Practice	Toy Shop
63695174699593	TASK_END	RotateTarget	ViewTargets	24045
6