63695174699999	EXPERIMENT:	esc	SUBJECT:	112	BIOSEX:	Male	AGE:	30	START_SCENE	esc_city02	START_CONDITION:	Standard	UI:	ViveAndVirtualizer
63695174700066	TASK_START	LM_Timeline	TaskList
63695174700066	TASK:	LM_Timeline	Repetition:	1	Catch:	False
63695174700066	TASK_START	InitializeExperiment	TaskList
63695174700066	TASK:	InitializeExperiment	Repetition:	1	Catch:	False
63695174700067	TASK_START	PlaceTargets	TaskList
63695174700067	TASK:	PlaceTargets	Repetition:	1	Catch:	False
63695174700068	TASK_START	CheckForUsedTargets	LM_CompareLists
63695174700108	TASK_END	CheckForUsedTargets	LM_CompareLists	40
63695174700109	TASK_START	ListHighlightObjects	ObjectList
63695174700109	TASK_ADD	ListHighlightObjects	ObjectList	Highlight01	null
63695174700109	TASK_ADD	ListHighlightObjects	ObjectList	Highlight02	null
63695174700109	TASK_ADD	ListHighlightObjects	ObjectList	Highlight03	null
63695174700109	TASK_ADD	ListHighlightObjects	ObjectList	Highlight04	null
63695174700109	TASK_ADD	ListHighlightObjects	ObjectList	Highlight05	null
63695174700109	TASK_ADD	ListHighlightObjects	ObjectList	Highlight06	null
63695174700109	TASK_ADD	ListHighlightObjects	ObjectList	Highlight07	null
63695174700109	TASK_ADD	ListHighlightObjects	ObjectList	Highlight08	null
63695174700136	TASK_END	ListHighlightObjects	ObjectList	27
63695174700137	TASK_START	ListTargetPlaceholders	ObjectList
63695174700137	TASK_ADD	ListTargetPlaceholders	ObjectList	Target01	null
63695174700137	TASK_ADD	ListTargetPlaceholders	ObjectList	Target02	null
63695174700137	TASK_ADD	ListTargetPlaceholders	ObjectList	Target03	null
63695174700137	TASK_ADD	ListTargetPlaceholders	ObjectList	Target04	null
63695174700137	TASK_ADD	ListTargetPlaceholders	ObjectList	Target05	null
63695174700137	TASK_ADD	ListTargetPlaceholders	ObjectList	Target06	null
63695174700137	TASK_ADD	ListTargetPlaceholders	ObjectList	Target07	null
63695174700137	TASK_ADD	ListTargetPlaceholders	ObjectList	Target08	null
63695174700158	TASK_END	ListTargetPlaceholders	ObjectList	21
63695174700159	TASK_START	PopulateHighlightObjects	MoveObjects
63695174700159	Target01: 	Highlight01	Position: 	86.70001	0.08500671	138.55	Rotation: 	270	0	0
63695174700159	Target02: 	Highlight02	Position: 	86.70001	0.08500671	55.25	Rotation: 	270	270	0
63695174700160	Target03: 	Highlight03	Position: 	36.54999	0.08500671	55.25	Rotation: 	270	90	0
63695174700160	Target04: 	Highlight04	Position: 	36.54999	0.08500671	86.70001	Rotation: 	270	270	0
63695174700160	Target05: 	Highlight05	Position: 	76.5	0.08500671	86.70001	Rotation: 	270	180	0
63695174700160	Target06: 	Highlight06	Position: 	76.5	0.08500671	16.15002	Rotation: 	270	90	0
63695174700160	Target07: 	Highlight07	Position: 	14.28003	0.08500671	16.15002	Rotation: 	270	90	0
63695174700160	Target08: 	Highlight08	Position: 	14.28003	0.08500671	137.445	Rotation: 	270	0	0
63695174700175	TASK_END	PopulateHighlightObjects	MoveObjects	16
63695174700176	TASK_START	ListTargets	ObjectList
63695174700176	TASK_ADD	ListTargets	ObjectList	Bakery	null
63695174700176	TASK_ADD	ListTargets	ObjectList	Bike Shop	null
63695174700176	TASK_ADD	ListTargets	ObjectList	Pharmacy	null
63695174700176	TASK_ADD	ListTargets	ObjectList	Ice Cream Shop	null
63695174700177	TASK_ADD	ListTargets	ObjectList	Grocery	null
63695174700177	TASK_ADD	ListTargets	ObjectList	Pet Shop	null
63695174700177	TASK_ADD	ListTargets	ObjectList	Coffee Shop	null
63695174700177	TASK_ADD	ListTargets	ObjectList	Clothing Store	null
63695174700191	TASK_END	ListTargets	ObjectList	15
63695174700192	TASK_START	ListTargetLocations	ObjectList
63695174700192	TASK_ADD	ListTargetLocations	ObjectList	Target01	null
63695174700192	TASK_ADD	ListTargetLocations	ObjectList	Target02	null
63695174700192	TASK_ADD	ListTargetLocations	ObjectList	Target03	null
63695174700192	TASK_ADD	ListTargetLocations	ObjectList	Target04	null
63695174700192	TASK_ADD	ListTargetLocations	ObjectList	Target05	null
63695174700192	TASK_ADD	ListTargetLocations	ObjectList	Target06	null
63695174700192	TASK_ADD	ListTargetLocations	ObjectList	Target07	null
63695174700192	TASK_ADD	ListTargetLocations	ObjectList	Target08	null
63695174700209	TASK_END	ListTargetLocations	ObjectList	17
63695174700210	TASK_START	PopulateTargets	MoveObjects
63695174700211	TARGET INFORMATION ----------------------------------------
63695174700211	Target01: 	Bakery	Position: 	86.70001	0.08500671	138.55	Rotation: 	270	0	0
63695174700211	Target02: 	Bike Shop	Position: 	86.70001	0.08500671	55.25	Rotation: 	270	270	0
63695174700211	Target03: 	Pharmacy	Position: 	36.54999	0.08500671	55.25	Rotation: 	270	90	0
63695174700211	Target04: 	Ice Cream Shop	Position: 	36.54999	0.08500671	86.70001	Rotation: 	270	270	0
63695174700211	Target05: 	Grocery	Position: 	76.5	0.08500671	86.70001	Rotation: 	270	180	0
63695174700211	Target06: 	Pet Shop	Position: 	76.5	0.08500671	16.15002	Rotation: 	270	90	0
63695174700211	Target07: 	Coffee Shop	Position: 	14.28003	0.08500671	16.15002	Rotation: 	270	90	0
63695174700211	Target08: 	Clothing Store	Position: 	14.28003	0.08500671	137.445	Rotation: 	270	0	0
63695174700211	-----------------------------------------------------------
63695174700224	TASK_END	PopulateTargets	MoveObjects	14
63695174700225	TASK_START	UpdateUsedTargets	LM_CompareLists
63695174700231	TASK_END	UpdateUsedTargets	LM_CompareLists	6
63695174700231	TASK_END	PlaceTargets	TaskList	164
63695174700232	TASK_START	ListNavigationStarts	ObjectList
63695174700232	TASK_ADD	ListNavigationStarts	ObjectList	StartLoc01	null
63695174700232	TASK_ADD	ListNavigationStarts	ObjectList	StartLoc04	null
63695174700232	TASK_ADD	ListNavigationStarts	ObjectList	StartLoc02	null
63695174700232	TASK_ADD	ListNavigationStarts	ObjectList	StartLoc05	null
63695174700232	TASK_ADD	ListNavigationStarts	ObjectList	StartLoc06	null
63695174700232	TASK_ADD	ListNavigationStarts	ObjectList	StartLoc08	null
63695174700232	TASK_ADD	ListNavigationStarts	ObjectList	StartLoc03	null
63695174700232	TASK_ADD	ListNavigationStarts	ObjectList	StartLoc07	null
63695174700237	TASK_END	ListNavigationStarts	ObjectList	5
63695174700238	TASK_START	ListLargePlayerStarts	ObjectList
63695174700238	TASK_ADD	ListLargePlayerStarts	ObjectList	ScaledPlayerSpawn01	null
63695174700238	TASK_ADD	ListLargePlayerStarts	ObjectList	ScaledPlayerSpawn04	null
63695174700238	TASK_ADD	ListLargePlayerStarts	ObjectList	ScaledPlayerSpawn02	null
63695174700238	TASK_ADD	ListLargePlayerStarts	ObjectList	ScaledPlayerSpawn05	null
63695174700238	TASK_ADD	ListLargePlayerStarts	ObjectList	ScaledPlayerSpawn06	null
63695174700238	TASK_ADD	ListLargePlayerStarts	ObjectList	ScaledPlayerSpawn08	null
63695174700238	TASK_ADD	ListLargePlayerStarts	ObjectList	ScaledPlayerSpawn03	null
63695174700238	TASK_ADD	ListLargePlayerStarts	ObjectList	ScaledPlayerSpawn07	null
63695174700246	TASK_END	ListLargePlayerStarts	ObjectList	8
63695174700247	TASK_START	ListSmallPlayerStarts	ObjectList
63695174700247	TASK_ADD	ListSmallPlayerStarts	ObjectList	StartLoc03	null
63695174700247	TASK_ADD	ListSmallPlayerStarts	ObjectList	StartLoc07	null
63695174700247	TASK_ADD	ListSmallPlayerStarts	ObjectList	StartLoc02	null
63695174700247	TASK_ADD	ListSmallPlayerStarts	ObjectList	StartLoc06	null
63695174700247	TASK_ADD	ListSmallPlayerStarts	ObjectList	StartLoc05	null
63695174700247	TASK_ADD	ListSmallPlayerStarts	ObjectList	StartLoc04	null
63695174700247	TASK_ADD	ListSmallPlayerStarts	ObjectList	StartLoc08	null
63695174700247	TASK_ADD	ListSmallPlayerStarts	ObjectList	StartLoc01	null
63695174700258	TASK_END	ListSmallPlayerStarts	ObjectList	11
63695174700258	TASK_END	InitializeExperiment	TaskList	192
63695174700258	TASK_START	BeginMessage	InstructionsTask
63695174716080	TASK_END	LM_Timeline	TaskList	16014
