63695174525943	EXPERIMENT:	esc	SUBJECT:	111	BIOSEX:	Male	AGE:	30	START_SCENE	esc_city02	START_CONDITION:	Scaled	UI:	ViveAndVirtualizer
63695174526010	TASK_START	LM_Timeline	TaskList
63695174526010	TASK:	LM_Timeline	Repetition:	1	Catch:	False
63695174526010	TASK_START	InitializeExperiment	TaskList
63695174526010	TASK:	InitializeExperiment	Repetition:	1	Catch:	False
63695174526011	TASK_START	PlaceTargets	TaskList
63695174526011	TASK:	PlaceTargets	Repetition:	1	Catch:	False
63695174526012	TASK_START	CheckForUsedTargets	LM_CompareLists
63695174526063	TASK_END	CheckForUsedTargets	LM_CompareLists	51
63695174526064	TASK_START	ListHighlightObjects	ObjectList
63695174526064	TASK_ADD	ListHighlightObjects	ObjectList	Highlight01	null
63695174526064	TASK_ADD	ListHighlightObjects	ObjectList	Highlight02	null
63695174526064	TASK_ADD	ListHighlightObjects	ObjectList	Highlight03	null
63695174526064	TASK_ADD	ListHighlightObjects	ObjectList	Highlight04	null
63695174526064	TASK_ADD	ListHighlightObjects	ObjectList	Highlight05	null
63695174526064	TASK_ADD	ListHighlightObjects	ObjectList	Highlight06	null
63695174526064	TASK_ADD	ListHighlightObjects	ObjectList	Highlight07	null
63695174526064	TASK_ADD	ListHighlightObjects	ObjectList	Highlight08	null
63695174526092	TASK_END	ListHighlightObjects	ObjectList	28
63695174526093	TASK_START	ListTargetPlaceholders	ObjectList
63695174526093	TASK_ADD	ListTargetPlaceholders	ObjectList	Target01	null
63695174526093	TASK_ADD	ListTargetPlaceholders	ObjectList	Target02	null
63695174526093	TASK_ADD	ListTargetPlaceholders	ObjectList	Target03	null
63695174526093	TASK_ADD	ListTargetPlaceholders	ObjectList	Target04	null
63695174526093	TASK_ADD	ListTargetPlaceholders	ObjectList	Target05	null
63695174526093	TASK_ADD	ListTargetPlaceholders	ObjectList	Target06	null
63695174526093	TASK_ADD	ListTargetPlaceholders	ObjectList	Target07	null
63695174526093	TASK_ADD	ListTargetPlaceholders	ObjectList	Target08	null
63695174526120	TASK_END	ListTargetPlaceholders	ObjectList	27
63695174526121	TASK_START	PopulateHighlightObjects	MoveObjects
63695174526121	Target01: 	Highlight01	Position: 	86.70001	0.08500671	138.55	Rotation: 	270	0	0
63695174526121	Target02: 	Highlight02	Position: 	86.70001	0.08500671	55.25	Rotation: 	270	270	0
63695174526121	Target03: 	Highlight03	Position: 	36.54999	0.08500671	55.25	Rotation: 	270	90	0
63695174526121	Target04: 	Highlight04	Position: 	36.54999	0.08500671	86.70001	Rotation: 	270	270	0
63695174526121	Target05: 	Highlight05	Position: 	76.5	0.08500671	86.70001	Rotation: 	270	180	0
63695174526121	Target06: 	Highlight06	Position: 	76.5	0.08500671	16.15002	Rotation: 	270	90	0
63695174526121	Target07: 	Highlight07	Position: 	14.28003	0.08500671	16.15002	Rotation: 	270	90	0
63695174526121	Target08: 	Highlight08	Position: 	14.28003	0.08500671	137.445	Rotation: 	270	0	0
63695174526138	TASK_END	PopulateHighlightObjects	MoveObjects	17
63695174526139	TASK_START	ListTargets	ObjectList
63695174526139	TASK_ADD	ListTargets	ObjectList	Pharmacy	null
63695174526139	TASK_ADD	ListTargets	ObjectList	Computer Shop	null
63695174526139	TASK_ADD	ListTargets	ObjectList	Grocery	null
63695174526139	TASK_ADD	ListTargets	ObjectList	Bakery	null
63695174526139	TASK_ADD	ListTargets	ObjectList	Hair Dresser	null
63695174526139	TASK_ADD	ListTargets	ObjectList	Post Office	null
63695174526139	TASK_ADD	ListTargets	ObjectList	Clothing Store	null
63695174526139	TASK_ADD	ListTargets	ObjectList	Music Store	null
63695174526154	TASK_END	ListTargets	ObjectList	15
63695174526155	TASK_START	ListTargetLocations	ObjectList
63695174526155	TASK_ADD	ListTargetLocations	ObjectList	Target01	null
63695174526155	TASK_ADD	ListTargetLocations	ObjectList	Target02	null
63695174526156	TASK_ADD	ListTargetLocations	ObjectList	Target03	null
63695174526156	TASK_ADD	ListTargetLocations	ObjectList	Target04	null
63695174526156	TASK_ADD	ListTargetLocations	ObjectList	Target05	null
63695174526156	TASK_ADD	ListTargetLocations	ObjectList	Target06	null
63695174526156	TASK_ADD	ListTargetLocations	ObjectList	Target07	null
63695174526156	TASK_ADD	ListTargetLocations	ObjectList	Target08	null
63695174526161	TASK_END	ListTargetLocations	ObjectList	6
63695174526162	TASK_START	PopulateTargets	MoveObjects
63695174526163	TARGET INFORMATION ----------------------------------------
63695174526163	Target01: 	Pharmacy	Position: 	86.70001	0.08500671	138.55	Rotation: 	270	0	0
63695174526163	Target02: 	Computer Shop	Position: 	86.70001	0.08500671	55.25	Rotation: 	270	270	0
63695174526163	Target03: 	Grocery	Position: 	36.54999	0.08500671	55.25	Rotation: 	270	90	0
63695174526163	Target04: 	Bakery	Position: 	36.54999	0.08500671	86.70001	Rotation: 	270	270	0
63695174526163	Target05: 	Hair Dresser	Position: 	76.5	0.08500671	86.70001	Rotation: 	270	180	0
63695174526163	Target06: 	Post Office	Position: 	76.5	0.08500671	16.15002	Rotation: 	270	90	0
63695174526163	Target07: 	Clothing Store	Position: 	14.28003	0.08500671	16.15002	Rotation: 	270	90	0
63695174526163	Target08: 	Music Store	Position: 	14.28003	0.08500671	137.445	Rotation: 	270	0	0
63695174526164	-----------------------------------------------------------
63695174526169	TASK_END	PopulateTargets	MoveObjects	7
63695174526170	TASK_START	UpdateUsedTargets	LM_CompareLists
63695174526176	TASK_END	UpdateUsedTargets	LM_CompareLists	6
63695174526176	TASK_END	PlaceTargets	TaskList	165
63695174526177	TASK_START	ListNavigationStarts	ObjectList
63695174526177	TASK_ADD	ListNavigationStarts	ObjectList	StartLoc08	null
63695174526177	TASK_ADD	ListNavigationStarts	ObjectList	StartLoc06	null
63695174526177	TASK_ADD	ListNavigationStarts	ObjectList	StartLoc02	null
63695174526177	TASK_ADD	ListNavigationStarts	ObjectList	StartLoc04	null
63695174526177	TASK_ADD	ListNavigationStarts	ObjectList	StartLoc05	null
63695174526177	TASK_ADD	ListNavigationStarts	ObjectList	StartLoc03	null
63695174526177	TASK_ADD	ListNavigationStarts	ObjectList	StartLoc01	null
63695174526177	TASK_ADD	ListNavigationStarts	ObjectList	StartLoc07	null
63695174526187	TASK_END	ListNavigationStarts	ObjectList	10
63695174526188	TASK_START	ListLargePlayerStarts	ObjectList
63695174526188	TASK_ADD	ListLargePlayerStarts	ObjectList	ScaledPlayerSpawn03	null
63695174526188	TASK_ADD	ListLargePlayerStarts	ObjectList	ScaledPlayerSpawn07	null
63695174526188	TASK_ADD	ListLargePlayerStarts	ObjectList	ScaledPlayerSpawn05	null
63695174526188	TASK_ADD	ListLargePlayerStarts	ObjectList	ScaledPlayerSpawn01	null
63695174526188	TASK_ADD	ListLargePlayerStarts	ObjectList	ScaledPlayerSpawn08	null
63695174526188	TASK_ADD	ListLargePlayerStarts	ObjectList	ScaledPlayerSpawn04	null
63695174526188	TASK_ADD	ListLargePlayerStarts	ObjectList	ScaledPlayerSpawn06	null
63695174526188	TASK_ADD	ListLargePlayerStarts	ObjectList	ScaledPlayerSpawn02	null
63695174526198	TASK_END	ListLargePlayerStarts	ObjectList	10
63695174526199	TASK_START	ListSmallPlayerStarts	ObjectList
63695174526199	TASK_ADD	ListSmallPlayerStarts	ObjectList	StartLoc03	null
63695174526199	TASK_ADD	ListSmallPlayerStarts	ObjectList	StartLoc07	null
63695174526199	TASK_ADD	ListSmallPlayerStarts	ObjectList	StartLoc05	null
63695174526199	TASK_ADD	ListSmallPlayerStarts	ObjectList	StartLoc01	null
63695174526199	TASK_ADD	ListSmallPlayerStarts	ObjectList	StartLoc08	null
63695174526199	TASK_ADD	ListSmallPlayerStarts	ObjectList	StartLoc04	null
63695174526199	TASK_ADD	ListSmallPlayerStarts	ObjectList	StartLoc06	null
63695174526199	TASK_ADD	ListSmallPlayerStarts	ObjectList	StartLoc02	null
63695174526209	TASK_END	ListSmallPlayerStarts	ObjectList	10
63695174526209	TASK_END	InitializeExperiment	TaskList	199
63695174526211	TASK_START	BeginMessage	InstructionsTask
63695174553612	INPUT_EVENT    PlayerPressedActionButton    1
63695174553613	TASK_END	BeginMessage	InstructionsTask	27402
63695174553614	TASK_START	Tasks	TaskList
63695174553614	TASK:	Tasks	Repetition:	1	Catch:	False
63695174553615	TASK_START	PracticeTaskLoop	TaskList
63695174553615	TASK:	PracticeTaskLoop	Repetition:	1	Catch:	False
63695174553616	TASK_START	LearnTargets	TaskList
63695174553616	TASK:	LearnTargets	Repetition:	1	Catch:	False
63695174553617	TASK_START	LearnTargets Instructions	InstructionsTask
63695174554684	INPUT_EVENT    PlayerPressedActionButton    1
63695174554685	TASK_END	LearnTargets Instructions	InstructionsTask	1068
63695174554686	TASK_START	ViewTargets	TaskList
63695174554686	TASK:	ViewTargets	Repetition:	1	Catch:	False
63695174554687	TASK_START	ListTargetsForLearning	ObjectList
63695174554687	TASK_ADD	ListTargetsForLearning	ObjectList	Grocery	null
63695174554687	TASK_ADD	ListTargetsForLearning	ObjectList	Music Store	null
63695174554687	TASK_ADD	ListTargetsForLearning	ObjectList	Bakery	null
63695174554687	TASK_ADD	ListTargetsForLearning	ObjectList	Clothing Store	null
63695174554687	TASK_ADD	ListTargetsForLearning	ObjectList	Computer Shop	null
63695174554687	TASK_ADD	ListTargetsForLearning	ObjectList	Post Office	null
63695174554687	TASK_ADD	ListTargetsForLearning	ObjectList	Hair Dresser	null
63695174554687	TASK_ADD	ListTargetsForLearning	ObjectList	Pharmacy	null
63695174554698	TASK_END	ListTargetsForLearning	ObjectList	11
63695174554699	TASK_START	RotateTarget	ViewTargets
63695174554699	Practice	Grocery
63695174557700	Practice	Music Store
63695174560707	Practice	Bakery
63695174563710	Practice	Clothing Store
63695174566715	Practice	Computer Shop
63695174569719	Practice	Post Office
63695174572725	Practice	Hair Dresser
63695174575728	Practice	Pharmacy
63695174578348	TASK_END	LM_Timeline	TaskList	52338
