63695174474894	EXPERIMENT:	esc	SUBJECT:	111	BIOSEX:	Male	AGE:	30	START_SCENE	esc_city01	START_CONDITION:	Standard	UI:	ViveAndVirtualizer
63695174474964	TASK_START	LM_Timeline	TaskList
63695174474964	TASK:	LM_Timeline	Repetition:	1	Catch:	False
63695174474965	TASK_START	InitializeExperiment	TaskList
63695174474965	TASK:	InitializeExperiment	Repetition:	1	Catch:	False
63695174474965	TASK_START	PlaceTargets	TaskList
63695174474965	TASK:	PlaceTargets	Repetition:	1	Catch:	False
63695174474967	TASK_START	CheckForUsedTargets	LM_CompareLists
63695174475012	TASK_END	CheckForUsedTargets	LM_CompareLists	45
63695174475014	TASK_START	ListHighlightObjects	ObjectList
63695174475014	TASK_ADD	ListHighlightObjects	ObjectList	Highlight01	null
63695174475014	TASK_ADD	ListHighlightObjects	ObjectList	Highlight02	null
63695174475014	TASK_ADD	ListHighlightObjects	ObjectList	Highlight03	null
63695174475014	TASK_ADD	ListHighlightObjects	ObjectList	Highlight04	null
63695174475014	TASK_ADD	ListHighlightObjects	ObjectList	Highlight05	null
63695174475015	TASK_ADD	ListHighlightObjects	ObjectList	Highlight06	null
63695174475015	TASK_ADD	ListHighlightObjects	ObjectList	Highlight07	null
63695174475015	TASK_ADD	ListHighlightObjects	ObjectList	Highlight08	null
63695174475057	TASK_END	ListHighlightObjects	ObjectList	43
63695174475058	TASK_START	ListTargetPlaceholders	ObjectList
63695174475058	TASK_ADD	ListTargetPlaceholders	ObjectList	Target01	null
63695174475058	TASK_ADD	ListTargetPlaceholders	ObjectList	Target02	null
63695174475058	TASK_ADD	ListTargetPlaceholders	ObjectList	Target03	null
63695174475058	TASK_ADD	ListTargetPlaceholders	ObjectList	Target04	null
63695174475058	TASK_ADD	ListTargetPlaceholders	ObjectList	Target05	null
63695174475058	TASK_ADD	ListTargetPlaceholders	ObjectList	Target06	null
63695174475058	TASK_ADD	ListTargetPlaceholders	ObjectList	Target07	null
63695174475058	TASK_ADD	ListTargetPlaceholders	ObjectList	Target08	null
63695174475083	TASK_END	ListTargetPlaceholders	ObjectList	25
63695174475084	TASK_START	PopulateHighlightObjects	MoveObjects
63695174475085	Target01: 	Highlight01	Position: 	5.95	0.085	116.45	Rotation: 	270	270	0
63695174475085	Target02: 	Highlight02	Position: 	5.95	0.085	14.45	Rotation: 	270	270	0
63695174475085	Target03: 	Highlight03	Position: 	85.935	0.085	14.45	Rotation: 	270	270	0
63695174475085	Target04: 	Highlight04	Position: 	85.935	0.085	74.45999	Rotation: 	270	270	0
63695174475085	Target05: 	Highlight05	Position: 	36.55	0.085	74.45999	Rotation: 	270	180	0
63695174475085	Target06: 	Highlight06	Position: 	36.55	0.085	116.45	Rotation: 	270	180	0
63695174475085	Target07: 	Highlight07	Position: 	76.49999	0.085	106.25	Rotation: 	270	0	0
63695174475085	Target08: 	Highlight08	Position: 	76.49999	0.085	37.4	Rotation: 	270	90	0
63695174475106	TASK_END	PopulateHighlightObjects	MoveObjects	22
63695174475107	TASK_START	ListTargets	ObjectList
63695174475107	TASK_ADD	ListTargets	ObjectList	Repair Shop	null
63695174475107	TASK_ADD	ListTargets	ObjectList	Barber Shop	null
63695174475107	TASK_ADD	ListTargets	ObjectList	Ice Cream Shop	null
63695174475107	TASK_ADD	ListTargets	ObjectList	Pet Shop	null
63695174475107	TASK_ADD	ListTargets	ObjectList	Camera Store	null
63695174475107	TASK_ADD	ListTargets	ObjectList	Toy Shop	null
63695174475107	TASK_ADD	ListTargets	ObjectList	Coffee Shop	null
63695174475107	TASK_ADD	ListTargets	ObjectList	Bike Shop	null
63695174475107	TASK_ADD	ListTargets	ObjectList	Music Store	null
63695174475107	TASK_ADD	ListTargets	ObjectList	Computer Shop	null
63695174475107	TASK_ADD	ListTargets	ObjectList	Pharmacy	null
63695174475107	TASK_ADD	ListTargets	ObjectList	Grocery	null
63695174475107	TASK_ADD	ListTargets	ObjectList	Hair Dresser	null
63695174475107	TASK_ADD	ListTargets	ObjectList	Post Office	null
63695174475107	TASK_ADD	ListTargets	ObjectList	Bakery	null
63695174475107	TASK_ADD	ListTargets	ObjectList	Clothing Store	null
63695174475131	TASK_END	ListTargets	ObjectList	24
63695174475132	TASK_START	ListTargetLocations	ObjectList
63695174475133	TASK_ADD	ListTargetLocations	ObjectList	Target01	null
63695174475133	TASK_ADD	ListTargetLocations	ObjectList	Target02	null
63695174475133	TASK_ADD	ListTargetLocations	ObjectList	Target03	null
63695174475133	TASK_ADD	ListTargetLocations	ObjectList	Target04	null
63695174475133	TASK_ADD	ListTargetLocations	ObjectList	Target05	null
63695174475133	TASK_ADD	ListTargetLocations	ObjectList	Target06	null
63695174475133	TASK_ADD	ListTargetLocations	ObjectList	Target07	null
63695174475133	TASK_ADD	ListTargetLocations	ObjectList	Target08	null
63695174475144	TASK_END	ListTargetLocations	ObjectList	12
63695174475145	TASK_START	PopulateTargets	MoveObjects
63695174475146	TARGET INFORMATION ----------------------------------------
63695174475146	Target01: 	Repair Shop	Position: 	5.95	0.085	116.45	Rotation: 	270	270	0
63695174475146	Target02: 	Barber Shop	Position: 	5.95	0.085	14.45	Rotation: 	270	270	0
63695174475146	Target03: 	Ice Cream Shop	Position: 	85.935	0.085	14.45	Rotation: 	270	270	0
63695174475146	Target04: 	Pet Shop	Position: 	85.935	0.085	74.45998	Rotation: 	270	270	0
63695174475146	Target05: 	Camera Store	Position: 	36.55	0.085	74.45998	Rotation: 	270	180	0
63695174475147	Target06: 	Toy Shop	Position: 	36.55	0.085	116.45	Rotation: 	270	180	0
63695174475147	Target07: 	Coffee Shop	Position: 	76.49999	0.085	106.25	Rotation: 	270	0	0
63695174475147	Target08: 	Bike Shop	Position: 	76.49999	0.085	37.4	Rotation: 	270	90	0
63695174475147	-----------------------------------------------------------
63695174475155	TASK_END	PopulateTargets	MoveObjects	10
63695174475156	TASK_START	UpdateUsedTargets	LM_CompareLists
63695174475165	TASK_END	UpdateUsedTargets	LM_CompareLists	9
63695174475165	TASK_END	PlaceTargets	TaskList	200
63695174475166	TASK_START	ListNavigationStarts	ObjectList
63695174475166	TASK_ADD	ListNavigationStarts	ObjectList	StartLoc07	null
63695174475166	TASK_ADD	ListNavigationStarts	ObjectList	StartLoc06	null
63695174475166	TASK_ADD	ListNavigationStarts	ObjectList	StartLoc02	null
63695174475166	TASK_ADD	ListNavigationStarts	ObjectList	StartLoc05	null
63695174475167	TASK_ADD	ListNavigationStarts	ObjectList	StartLoc01	null
63695174475167	TASK_ADD	ListNavigationStarts	ObjectList	StartLoc04	null
63695174475167	TASK_ADD	ListNavigationStarts	ObjectList	StartLoc08	null
63695174475167	TASK_ADD	ListNavigationStarts	ObjectList	StartLoc03	null
63695174475177	TASK_END	ListNavigationStarts	ObjectList	11
63695174475178	TASK_START	ListLargePlayerStarts	ObjectList
63695174475178	TASK_ADD	ListLargePlayerStarts	ObjectList	ScaledPlayerSpawn04	null
63695174475178	TASK_ADD	ListLargePlayerStarts	ObjectList	ScaledPlayerSpawn03	null
63695174475178	TASK_ADD	ListLargePlayerStarts	ObjectList	ScaledPlayerSpawn07	null
63695174475178	TASK_ADD	ListLargePlayerStarts	ObjectList	ScaledPlayerSpawn06	null
63695174475178	TASK_ADD	ListLargePlayerStarts	ObjectList	ScaledPlayerSpawn08	null
63695174475178	TASK_ADD	ListLargePlayerStarts	ObjectList	ScaledPlayerSpawn01	null
63695174475178	TASK_ADD	ListLargePlayerStarts	ObjectList	ScaledPlayerSpawn05	null
63695174475178	TASK_ADD	ListLargePlayerStarts	ObjectList	ScaledPlayerSpawn02	null
63695174475187	TASK_END	ListLargePlayerStarts	ObjectList	9
63695174475189	TASK_START	ListSmallPlayerStarts	ObjectList
63695174475189	TASK_ADD	ListSmallPlayerStarts	ObjectList	StartLoc07	null
63695174475189	TASK_ADD	ListSmallPlayerStarts	ObjectList	StartLoc08	null
63695174475189	TASK_ADD	ListSmallPlayerStarts	ObjectList	StartLoc06	null
63695174475189	TASK_ADD	ListSmallPlayerStarts	ObjectList	StartLoc01	null
63695174475189	TASK_ADD	ListSmallPlayerStarts	ObjectList	StartLoc04	null
63695174475189	TASK_ADD	ListSmallPlayerStarts	ObjectList	StartLoc02	null
63695174475189	TASK_ADD	ListSmallPlayerStarts	ObjectList	StartLoc03	null
63695174475189	TASK_ADD	ListSmallPlayerStarts	ObjectList	StartLoc05	null
63695174475198	TASK_END	ListSmallPlayerStarts	ObjectList	10
63695174475198	TASK_END	InitializeExperiment	TaskList	233
63695174475200	TASK_START	BeginMessage	InstructionsTask
63695174477070	INPUT_EVENT    PlayerPressedReturn    1
63695174477071	TASK_END	BeginMessage	InstructionsTask	1871
63695174477072	TASK_START	Tasks	TaskList
63695174477072	TASK:	Tasks	Repetition:	1	Catch:	False
63695174477073	TASK_START	PracticeTaskLoop	TaskList
63695174477073	TASK:	PracticeTaskLoop	Repetition:	1	Catch:	False
63695174477074	TASK_START	LearnTargets	TaskList
63695174477074	TASK:	LearnTargets	Repetition:	1	Catch:	False
63695174477075	TASK_START	LearnTargets Instructions	InstructionsTask
63695174477434	INPUT_EVENT    PlayerPressedReturn    1
63695174477435	TASK_END	LearnTargets Instructions	InstructionsTask	360
63695174477436	TASK_START	ViewTargets	TaskList
63695174477436	TASK:	ViewTargets	Repetition:	1	Catch:	False
63695174477437	TASK_START	ListTargetsForLearning	ObjectList
63695174477437	TASK_ADD	ListTargetsForLearning	ObjectList	Pet Shop	null
63695174477437	TASK_ADD	ListTargetsForLearning	ObjectList	Toy Shop	null
63695174477437	TASK_ADD	ListTargetsForLearning	ObjectList	Repair Shop	null
63695174477437	TASK_ADD	ListTargetsForLearning	ObjectList	Coffee Shop	null
63695174477437	TASK_ADD	ListTargetsForLearning	ObjectList	Ice Cream Shop	null
63695174477438	TASK_ADD	ListTargetsForLearning	ObjectList	Bike Shop	null
63695174477438	TASK_ADD	ListTargetsForLearning	ObjectList	Barber Shop	null
63695174477438	TASK_ADD	ListTargetsForLearning	ObjectList	Camera Store	null
63695174477445	TASK_END	ListTargetsForLearning	ObjectList	8
63695174477447	TASK_START	RotateTarget	ViewTargets
63695174477448	Practice	Pet Shop
63695174480452	Practice	Toy Shop
63695174483456	Practice	Repair Shop
63695174486460	Practice	Coffee Shop
63695174489465	Practice	Ice Cream Shop
63695174492470	Practice	Bike Shop
63695174495475	Practice	Barber Shop
63695174498479	Practice	Camera Store
63695174501496	TASK_END	RotateTarget	ViewTargets	24049
63695174501496	TASK:	ViewTargets	Repetition:	2	Catch:	False
63695174501497	TASK_START	ListTargetsForLearning	ObjectList
63695174501497	TASK_ADD	ListTargetsForLearning	ObjectList	Toy Shop	null
63695174501497	TASK_ADD	ListTargetsForLearning	ObjectList	Repair Shop	null
63695174501497	TASK_ADD	ListTargetsForLearning	ObjectList	Pet Shop	null
63695174501497	TASK_ADD	ListTargetsForLearning	ObjectList	Bike Shop	null
63695174501497	TASK_ADD	ListTargetsForLearning	ObjectList	Coffee Shop	null
63695174501497	TASK_ADD	ListTargetsForLearning	ObjectList	Barber Shop	null
63695174501497	TASK_ADD	ListTargetsForLearning	ObjectList	Camera Store	null
63695174501497	TASK_ADD	ListTargetsForLearning	ObjectList	Ice Cream Shop	null
63695174501509	TASK_END	ListTargetsForLearning	ObjectList	12
63695174501510	TASK_START	RotateTarget	ViewTargets
63695174501510	Practice	Toy Shop
63695174504511	Practice	Repair Shop
63695174507516	Practice	Pet Shop
63695174510520	Practice	Bike Shop
63695174513525	Practice	Coffee Shop
63695174516530	Practice	Barber Shop
63695174519534	Practice	Camera Store
63695174522541	Practice	Ice Cream Shop
63695174525555	TASK_END	RotateTarget	ViewTargets	24045
63695174525555	TASK_END	ViewTargets	Tas