63695423747340	EXPERIMENT:	esc	SUBJECT:	101	BIOSEX:	Male	AGE:	30	START_SCENE	esc_city02	START_CONDITION:	Scaled	UI:	ViveAndVirtualizer
63695423747391	TASK_START	LM_Timeline	TaskList
63695423747391	TASK:	LM_Timeline	Repetition:	1	Catch:	False
63695423747392	TASK_START	InitializeExperiment	TaskList
63695423747392	TASK:	InitializeExperiment	Repetition:	1	Catch:	False
63695423747392	TASK_START	PlaceTargets	TaskList
63695423747392	TASK:	PlaceTargets	Repetition:	1	Catch:	False
63695423747393	TASK_START	CheckForUsedTargets	LM_CompareLists
63695423747398	TASK_END	CheckForUsedTargets	LM_CompareLists	5
63695423747399	TASK_START	ListHighlightObjects	ObjectList
63695423747399	TASK_ADD	ListHighlightObjects	ObjectList	Highlight01	null
63695423747399	TASK_ADD	ListHighlightObjects	ObjectList	Highlight02	null
63695423747399	TASK_ADD	ListHighlightObjects	ObjectList	Highlight03	null
63695423747399	TASK_ADD	ListHighlightObjects	ObjectList	Highlight04	null
63695423747399	TASK_ADD	ListHighlightObjects	ObjectList	Highlight05	null
63695423747399	TASK_ADD	ListHighlightObjects	ObjectList	Highlight06	null
63695423747399	TASK_ADD	ListHighlightObjects	ObjectList	Highlight07	null
63695423747399	TASK_ADD	ListHighlightObjects	ObjectList	Highlight08	null
63695423747444	TASK_END	ListHighlightObjects	ObjectList	45
63695423747445	TASK_START	ListTargetPlaceholders	ObjectList
63695423747445	TASK_ADD	ListTargetPlaceholders	ObjectList	Target01	null
63695423747445	TASK_ADD	ListTargetPlaceholders	ObjectList	Target02	null
63695423747446	TASK_ADD	ListTargetPlaceholders	ObjectList	Target03	null
63695423747446	TASK_ADD	ListTargetPlaceholders	ObjectList	Target04	null
63695423747446	TASK_ADD	ListTargetPlaceholders	ObjectList	Target05	null
63695423747446	TASK_ADD	ListTargetPlaceholders	ObjectList	Target06	null
63695423747446	TASK_ADD	ListTargetPlaceholders	ObjectList	Target07	null
63695423747446	TASK_ADD	ListTargetPlaceholders	ObjectList	Target08	null
63695423747469	TASK_END	ListTargetPlaceholders	ObjectList	24
63695423747470	TASK_START	PopulateHighlightObjects	MoveObjects
63695423747470	Target01: 	Highlight01	Position: 	86.70001	0.08500671	138.55	Rotation: 	270	0	0
63695423747470	Target02: 	Highlight02	Position: 	86.70001	0.08500671	55.25	Rotation: 	270	270	0
63695423747471	Target03: 	Highlight03	Position: 	36.54999	0.08500671	55.25	Rotation: 	270	90	0
63695423747471	Target04: 	Highlight04	Position: 	36.54999	0.08500671	86.70001	Rotation: 	270	270	0
63695423747471	Target05: 	Highlight05	Position: 	76.5	0.08500671	86.70001	Rotation: 	270	180	0
63695423747471	Target06: 	Highlight06	Position: 	76.5	0.08500671	16.15002	Rotation: 	270	90	0
63695423747471	Target07: 	Highlight07	Position: 	14.28003	0.08500671	16.15002	Rotation: 	270	90	0
63695423747471	Target08: 	Highlight08	Position: 	14.28003	0.08500671	137.445	Rotation: 	270	0	0
63695423747485	TASK_END	PopulateHighlightObjects	MoveObjects	15
63695423747486	TASK_START	ListTargets	ObjectList
63695423747486	TASK_ADD	ListTargets	ObjectList	Bike Shop	null
63695423747486	TASK_ADD	ListTargets	ObjectList	Music Store	null
63695423747486	TASK_ADD	ListTargets	ObjectList	Barber Shop	null
63695423747486	TASK_ADD	ListTargets	ObjectList	Coffee Shop	null
63695423747486	TASK_ADD	ListTargets	ObjectList	Hair Dresser	null
63695423747486	TASK_ADD	ListTargets	ObjectList	Bakery	null
63695423747486	TASK_ADD	ListTargets	ObjectList	Pharmacy	null
63695423747486	TASK_ADD	ListTargets	ObjectList	Grocery	null
63695423747486	TASK_ADD	ListTargets	ObjectList	Repair Shop	null
63695423747486	TASK_ADD	ListTargets	ObjectList	Camera Store	null
63695423747486	TASK_ADD	ListTargets	ObjectList	Post Office	null
63695423747486	TASK_ADD	ListTargets	ObjectList	Ice Cream Shop	null
63695423747486	TASK_ADD	ListTargets	ObjectList	Computer Shop	null
63695423747486	TASK_ADD	ListTargets	ObjectList	Toy Shop	null
63695423747486	TASK_ADD	ListTargets	ObjectList	Clothing Store	null
63695423747486	TASK_ADD	ListTargets	ObjectList	Pet Shop	null
63695423747492	TASK_END	ListTargets	ObjectList	6
63695423747493	TASK_START	ListTargetLocations	ObjectList
63695423747493	TASK_ADD	ListTargetLocations	ObjectList	Target01	null
63695423747493	TASK_ADD	ListTargetLocations	ObjectList	Target02	null
63695423747493	TASK_ADD	ListTargetLocations	ObjectList	Target03	null
63695423747493	TASK_ADD	ListTargetLocations	ObjectList	Target04	null
63695423747493	TASK_ADD	ListTargetLocations	ObjectList	Target05	null
63695423747493	TASK_ADD	ListTargetLocations	ObjectList	Target06	null
63695423747493	TASK_ADD	ListTargetLocations	ObjectList	Target07	null
63695423747493	TASK_ADD	ListTargetLocations	ObjectList	Target08	null
63695423747498	TASK_END	ListTargetLocations	ObjectList	5
63695423747500	TASK_START	PopulateTargets	MoveObjects
63695423747501	TARGET INFORMATION ----------------------------------------
63695423747501	Target01: 	Bike Shop	Position: 	86.70001	0.08500671	138.55	Rotation: 	270	0	0
63695423747501	Target02: 	Music Store	Position: 	86.70001	0.08500671	55.25	Rotation: 	270	270	0
63695423747501	Target03: 	Barber Shop	Position: 	36.54999	0.08500671	55.25	Rotation: 	270	90	0
63695423747501	Target04: 	Coffee Shop	Position: 	36.54999	0.08500671	86.70001	Rotation: 	270	270	0
63695423747501	Target05: 	Hair Dresser	Position: 	76.5	0.08500671	86.70001	Rotation: 	270	180	0
63695423747501	Target06: 	Bakery	Position: 	76.5	0.08500671	16.15002	Rotation: 	270	90	0
63695423747501	Target07: 	Pharmacy	Position: 	14.28003	0.08500671	16.15002	Rotation: 	270	90	0
63695423747501	Target08: 	Grocery	Position: 	14.28003	0.08500671	137.445	Rotation: 	270	0	0
63695423747501	-----------------------------------------------------------
63695423747508	TASK_END	PopulateTargets	MoveObjects	8
63695423747509	TASK_START	UpdateUsedTargets	LM_CompareLists
63695423747517	TASK_END	UpdateUsedTargets	LM_CompareLists	8
63695423747517	TASK_END	PlaceTargets	TaskList	125
63695423747518	TASK_START	ListNavigationStarts	ObjectList
63695423747518	TASK_ADD	ListNavigationStarts	ObjectList	StartLoc04	null
63695423747518	TASK_ADD	ListNavigationStarts	ObjectList	StartLoc03	null
63695423747518	TASK_ADD	ListNavigationStarts	ObjectList	StartLoc01	null
63695423747518	TASK_ADD	ListNavigationStarts	ObjectList	StartLoc07	null
63695423747518	TASK_ADD	ListNavigationStarts	ObjectList	StartLoc08	null
63695423747518	TASK_ADD	ListNavigationStarts	ObjectList	StartLoc02	null
63695423747518	TASK_ADD	ListNavigationStarts	ObjectList	StartLoc05	null
63695423747518	TASK_ADD	ListNavigationStarts	ObjectList	StartLoc06	null
63695423747528	TASK_END	ListNavigationStarts	ObjectList	10
63695423747529	TASK_START	ListLargePlayerStarts	ObjectList
63695423747529	TASK_ADD	ListLargePlayerStarts	ObjectList	ScaledPlayerSpawn04	null
63695423747529	TASK_ADD	ListLargePlayerStarts	ObjectList	ScaledPlayerSpawn03	null
63695423747529	TASK_ADD	ListLargePlayerStarts	ObjectList	ScaledPlayerSpawn01	null
63695423747529	TASK_ADD	ListLargePlayerStarts	ObjectList	ScaledPlayerSpawn07	null
63695423747529	TASK_ADD	ListLargePlayerStarts	ObjectList	ScaledPlayerSpawn08	null
63695423747529	TASK_ADD	ListLargePlayerStarts	ObjectList	ScaledPlayerSpawn02	null
63695423747529	TASK_ADD	ListLargePlayerStarts	ObjectList	ScaledPlayerSpawn05	null
63695423747529	TASK_ADD	ListLargePlayerStarts	ObjectList	ScaledPlayerSpawn06	null
63695423747539	TASK_END	ListLargePlayerStarts	ObjectList	10
63695423747541	TASK_START	ListSmallPlayerStarts	ObjectList
63695423747541	TASK_ADD	ListSmallPlayerStarts	ObjectList	StartLoc05	null
63695423747541	TASK_ADD	ListSmallPlayerStarts	ObjectList	StartLoc02	null
63695423747541	TASK_ADD	ListSmallPlayerStarts	ObjectList	StartLoc08	null
63695423747541	TASK_ADD	ListSmallPlayerStarts	ObjectList	StartLoc06	null
63695423747541	TASK_ADD	ListSmallPlayerStarts	ObjectList	StartLoc04	null
63695423747541	TASK_ADD	ListSmallPlayerStarts	ObjectList	StartLoc07	null
63695423747541	TASK_ADD	ListSmallPlayerStarts	ObjectList	StartLoc03	null
63695423747541	TASK_ADD	ListSmallPlayerStarts	ObjectList	StartLoc01	null
63695423747550	TASK_END	ListSmallPlayerStarts	ObjectList	9
63695423747550	TASK_END	InitializeExperiment	TaskList	159
63695423747551	TASK_START	BeginMessage	InstructionsTask
63695423803123	TASK_END	LM_Timeline	TaskList	55732
