63721452156758	EXPERIMENT:		SUBJECT:	101	START_SCENE	esc_city01	START_CONDITION:	Standard	UI:	KeyboardMouse
63721452156819	TASK_START	LM_Timeline	TaskList
63721452156820	EEG_TRIGGER	Name	EXP_start	Value	1
63721452156820	TASK_START	InitializeExperiment	TaskList
63721452156820	TASK_START	PlaceTargets	TaskList
63721452156821	TASK_START	CheckForUsedTargets	LM_CompareLists
63721452156836	TASK_END	CheckForUsedTargets	LM_CompareLists	15
63721452156837	TASK_START	ListTargetLocations	ObjectList
63721452156837	TASK_ADD	ListTargetLocations	ObjectList	Target01	null
63721452156837	TASK_ADD	ListTargetLocations	ObjectList	Target02	null
63721452156837	TASK_ADD	ListTargetLocations	ObjectList	Target03	null
63721452156837	TASK_ADD	ListTargetLocations	ObjectList	Target04	null
63721452156837	TASK_ADD	ListTargetLocations	ObjectList	Target05	null
63721452156837	TASK_ADD	ListTargetLocations	ObjectList	Target06	null
63721452156837	TASK_ADD	ListTargetLocations	ObjectList	Target07	null
63721452156837	TASK_ADD	ListTargetLocations	ObjectList	Target08	null
63721452156878	TASK_END	ListTargetLocations	ObjectList	41
63721452156879	TASK_START	ListTargets	ObjectList
63721452156879	TASK_ADD	ListTargets	ObjectList	Clothing Store	null
63721452156879	TASK_ADD	ListTargets	ObjectList	Pet Shop	null
63721452156879	TASK_ADD	ListTargets	ObjectList	Toy Shop	null
63721452156879	TASK_ADD	ListTargets	ObjectList	Camera Store	null
63721452156879	TASK_ADD	ListTargets	ObjectList	Bakery	null
63721452156879	TASK_ADD	ListTargets	ObjectList	Grocery	null
63721452156879	TASK_ADD	ListTargets	ObjectList	Pharmacy	null
63721452156879	TASK_ADD	ListTargets	ObjectList	Hair Dresser	null
63721452156879	TASK_ADD	ListTargets	ObjectList	Music Store	null
63721452156879	TASK_ADD	ListTargets	ObjectList	Barber Shop	null
63721452156879	TASK_ADD	ListTargets	ObjectList	Repair Shop	null
63721452156879	TASK_ADD	ListTargets	ObjectList	Ice Cream Shop	null
63721452156879	TASK_ADD	ListTargets	ObjectList	Computer Shop	null
63721452156879	TASK_ADD	ListTargets	ObjectList	Post Office	null
63721452156879	TASK_ADD	ListTargets	ObjectList	Coffee Shop	null
63721452156879	TASK_ADD	ListTargets	ObjectList	Bike Shop	null
63721452156892	TASK_END	ListTargets	ObjectList	13
63721452156893	TASK_START	PopulateTargets	MoveObjects
63721452156893	TARGET INFORMATION ----------------------------------------
63721452156894	Target01: 	Clothing Store	Position: 	5.95	0.085	116.45	Rotation: 	270	270	0
63721452156894	Target02: 	Pet Shop	Position: 	5.95	0.085	14.45	Rotation: 	270	270	0
63721452156894	Target03: 	Toy Shop	Position: 	85.935	0.085	14.45	Rotation: 	270	270	0
63721452156894	Target04: 	Camera Store	Position: 	85.935	0.085	74.45998	Rotation: 	270	270	0
63721452156894	Target05: 	Bakery	Position: 	36.55	0.085	74.45998	Rotation: 	270	180	0
63721452156894	Target06: 	Grocery	Position: 	36.55	0.085	116.45	Rotation: 	270	180	0
63721452156894	Target07: 	Pharmacy	Position: 	76.49999	0.085	106.25	Rotation: 	270	0	0
63721452156894	Target08: 	Hair Dresser	Position: 	76.49999	0.085	37.4	Rotation: 	270	90	0
63721452156894	-----------------------------------------------------------/
63721452156900	TASK_END	PopulateTargets	MoveObjects	7
63721452156901	TASK_START	UpdateUsedTargets	LM_CompareLists
63721452156909	TASK_END	UpdateUsedTargets	LM_CompareLists	8
63721452156909	LM_Output	TaskList
TaskListName	RepetitionNumber	CatchFlag
PlaceTargets1False
63721452156909	TASK_END	PlaceTargets	TaskList	89
63721452156910	TASK_START	ListNavigationStarts	ObjectList
63721452156910	TASK_ADD	ListNavigationStarts	ObjectList	StartLocation04	null
63721452156910	TASK_ADD	ListNavigationStarts	ObjectList	StartLocation06	null
63721452156910	TASK_ADD	ListNavigationStarts	ObjectList	StartLocation05	null
63721452156910	TASK_ADD	ListNavigationStarts	ObjectList	StartLocation01	null
63721452156910	TASK_ADD	ListNavigationStarts	ObjectList	StartLocation02	null
63721452156910	TASK_ADD	ListNavigationStarts	ObjectList	StartLocation03	null
63721452156910	TASK_ADD	ListNavigationStarts	ObjectList	StartLocation08	null
63721452156910	TASK_ADD	ListNavigationStarts	ObjectList	StartLocation07	null
63721452156916	TASK_END	ListNavigationStarts	ObjectList	6
63721452156917	TASK_START	ListLargePlayerStarts	ObjectList
63721452156917	TASK_ADD	ListLargePlayerStarts	ObjectList	ScaledPlayerSpawn02	null
63721452156917	TASK_ADD	ListLargePlayerStarts	ObjectList	ScaledPlayerSpawn01	null
63721452156917	TASK_ADD	ListLargePlayerStarts	ObjectList	ScaledPlayerSpawn03	null
63721452156917	TASK_ADD	ListLargePlayerStarts	ObjectList	ScaledPlayerSpawn05	null
63721452156917	TASK_ADD	ListLargePlayerStarts	ObjectList	ScaledPlayerSpawn07	null
63721452156917	TASK_ADD	ListLargePlayerStarts	ObjectList	ScaledPlayerSpawn04	null
63721452156917	TASK_ADD	ListLargePlayerStarts	ObjectList	ScaledPlayerSpawn06	null
63721452156917	TASK_ADD	ListLargePlayerStarts	ObjectList	ScaledPlayerSpawn08	null
63721452156920	TASK_END	ListLargePlayerStarts	ObjectList	3
63721452156920	TASK_START	ListSmallPlayerStarts	ObjectList
63721452156920	TASK_ADD	ListSmallPlayerStarts	ObjectList	StartLocation04	null
63721452156920	TASK_ADD	ListSmallPlayerStarts	ObjectList	StartLocation08	null
63721452156921	TASK_ADD	ListSmallPlayerStarts	ObjectList	StartLocation02	null
63721452156921	TASK_ADD	ListSmallPlayerStarts	ObjectList	StartLocation05	null
63721452156921	TASK_ADD	ListSmallPlayerStarts	ObjectList	StartLocation06	null
63721452156921	TASK_ADD	ListSmallPlayerStarts	ObjectList	StartLocation03	null
63721452156921	TASK_ADD	ListSmallPlayerStarts	ObjectList	StartLocation07	null
63721452156921	TASK_ADD	ListSmallPlayerStarts	ObjectList	StartLocation01	null
63721452156924	TASK_END	ListSmallPlayerStarts	ObjectList	4
63721452156924	LM_Output	TaskList
TaskListName	RepetitionNumber	CatchFlag
InitializeExperiment1False
63721452156924	TASK_END	InitializeExperiment	TaskList	104
63721452156925	TASK_START	BeginMessage	InstructionsTask
63721452177613	INPUT_EVENT    PlayerPressedActionButton    1
63721452177613	TASK_END	BeginMessage	InstructionsTask	20688
63721452177614	TASK_START	Tasks	TaskList
63721452177620	TASK_END	Tasks	TaskList	6
63721452177620	TASK_START	EndMessage	Inst