63695424304177	EXPERIMENT:	esc	SUBJECT:	103	BIOSEX:	Male	AGE:	30	START_SCENE	esc_city02	START_CONDITION:	Scaled	UI:	ViveAndVirtualizer
63695424304227	TASK_START	LM_Timeline	TaskList
63695424304227	TASK:	LM_Timeline	Repetition:	1	Catch:	False
63695424304228	TASK_START	InitializeExperiment	TaskList
63695424304228	TASK:	InitializeExperiment	Repetition:	1	Catch:	False
63695424304228	TASK_START	PlaceTargets	TaskList
63695424304228	TASK:	PlaceTargets	Repetition:	1	Catch:	False
63695424304229	TASK_START	CheckForUsedTargets	LM_CompareLists
63695424304234	TASK_END	CheckForUsedTargets	LM_CompareLists	5
63695424304235	TASK_START	ListHighlightObjects	ObjectList
63695424304235	TASK_ADD	ListHighlightObjects	ObjectList	Highlight01	null
63695424304235	TASK_ADD	ListHighlightObjects	ObjectList	Highlight02	null
63695424304235	TASK_ADD	ListHighlightObjects	ObjectList	Highlight03	null
63695424304235	TASK_ADD	ListHighlightObjects	ObjectList	Highlight04	null
63695424304235	TASK_ADD	ListHighlightObjects	ObjectList	Highlight05	null
63695424304235	TASK_ADD	ListHighlightObjects	ObjectList	Highlight06	null
63695424304235	TASK_ADD	ListHighlightObjects	ObjectList	Highlight07	null
63695424304235	TASK_ADD	ListHighlightObjects	ObjectList	Highlight08	null
63695424304287	TASK_END	ListHighlightObjects	ObjectList	52
63695424304288	TASK_START	ListTargetPlaceholders	ObjectList
63695424304288	TASK_ADD	ListTargetPlaceholders	ObjectList	Target01	null
63695424304288	TASK_ADD	ListTargetPlaceholders	ObjectList	Target02	null
63695424304288	TASK_ADD	ListTargetPlaceholders	ObjectList	Target03	null
63695424304288	TASK_ADD	ListTargetPlaceholders	ObjectList	Target04	null
63695424304288	TASK_ADD	ListTargetPlaceholders	ObjectList	Target05	null
63695424304288	TASK_ADD	ListTargetPlaceholders	ObjectList	Target06	null
63695424304288	TASK_ADD	ListTargetPlaceholders	ObjectList	Target07	null
63695424304288	TASK_ADD	ListTargetPlaceholders	ObjectList	Target08	null
63695424304314	TASK_END	ListTargetPlaceholders	ObjectList	26
63695424304316	TASK_START	PopulateHighlightObjects	MoveObjects
63695424304316	Target01: 	Highlight01	Position: 	86.70001	0.08500671	138.55	Rotation: 	270	0	0
63695424304316	Target02: 	Highlight02	Position: 	86.70001	0.08500671	55.25	Rotation: 	270	270	0
63695424304316	Target03: 	Highlight03	Position: 	36.54999	0.08500671	55.25	Rotation: 	270	90	0
63695424304316	Target04: 	Highlight04	Position: 	36.54999	0.08500671	86.70001	Rotation: 	270	270	0
63695424304316	Target05: 	Highlight05	Position: 	76.5	0.08500671	86.70001	Rotation: 	270	180	0
63695424304316	Target06: 	Highlight06	Position: 	76.5	0.08500671	16.15002	Rotation: 	270	90	0
63695424304316	Target07: 	Highlight07	Position: 	14.28003	0.08500671	16.15002	Rotation: 	270	90	0
63695424304316	Target08: 	Highlight08	Position: 	14.28003	0.08500671	137.445	Rotation: 	270	0	0
63695424304325	TASK_END	PopulateHighlightObjects	MoveObjects	9
63695424304326	TASK_START	ListTargets	ObjectList
63695424304326	TASK_ADD	ListTargets	ObjectList	Pharmacy	null
63695424304326	TASK_ADD	ListTargets	ObjectList	Music Store	null
63695424304326	TASK_ADD	ListTargets	ObjectList	Pet Shop	null
63695424304326	TASK_ADD	ListTargets	ObjectList	Bike Shop	null
63695424304326	TASK_ADD	ListTargets	ObjectList	Grocery	null
63695424304326	TASK_ADD	ListTargets	ObjectList	Barber Shop	null
63695424304326	TASK_ADD	ListTargets	ObjectList	Ice Cream Shop	null
63695424304326	TASK_ADD	ListTargets	ObjectList	Post Office	null
63695424304326	TASK_ADD	ListTargets	ObjectList	Repair Shop	null
63695424304326	TASK_ADD	ListTargets	ObjectList	Camera Store	null
63695424304326	TASK_ADD	ListTargets	ObjectList	Bakery	null
63695424304326	TASK_ADD	ListTargets	ObjectList	Toy Shop	null
63695424304326	TASK_ADD	ListTargets	ObjectList	Hair Dresser	null
63695424304326	TASK_ADD	ListTargets	ObjectList	Clothing Store	null
63695424304326	TASK_ADD	ListTargets	ObjectList	Coffee Shop	null
63695424304326	TASK_ADD	ListTargets	ObjectList	Computer Shop	null
63695424304332	TASK_END	ListTargets	ObjectList	6
63695424304333	TASK_START	ListTargetLocations	ObjectList
63695424304333	TASK_ADD	ListTargetLocations	ObjectList	Target01	null
63695424304333	TASK_ADD	ListTargetLocations	ObjectList	Target02	null
63695424304333	TASK_ADD	ListTargetLocations	ObjectList	Target03	null
63695424304333	TASK_ADD	ListTargetLocations	ObjectList	Target04	null
63695424304333	TASK_ADD	ListTargetLocations	ObjectList	Target05	null
63695424304333	TASK_ADD	ListTargetLocations	ObjectList	Target06	null
63695424304333	TASK_ADD	ListTargetLocations	ObjectList	Target07	null
63695424304333	TASK_ADD	ListTargetLocations	ObjectList	Target08	null
63695424304341	TASK_END	ListTargetLocations	ObjectList	8
63695424304342	TASK_START	PopulateTargets	MoveObjects
63695424304343	TARGET INFORMATION ----------------------------------------
63695424304343	Target01: 	Pharmacy	Position: 	86.70001	0.08500671	138.55	Rotation: 	270	0	0
63695424304343	Target02: 	Music Store	Position: 	86.70001	0.08500671	55.25	Rotation: 	270	270	0
63695424304343	Target03: 	Pet Shop	Position: 	36.54999	0.08500671	55.25	Rotation: 	270	90	0
63695424304343	Target04: 	Bike Shop	Position: 	36.54999	0.08500671	86.70001	Rotation: 	270	270	0
63695424304343	Target05: 	Grocery	Position: 	76.5	0.08500671	86.70001	Rotation: 	270	180	0
63695424304343	Target06: 	Barber Shop	Position: 	76.5	0.08500671	16.15002	Rotation: 	270	90	0
63695424304343	Target07: 	Ice Cream Shop	Position: 	14.28003	0.08500671	16.15002	Rotation: 	270	90	0
63695424304343	Target08: 	Post Office	Position: 	14.28003	0.08500671	137.445	Rotation: 	270	0	0
63695424304343	-----------------------------------------------------------
63695424304350	TASK_END	PopulateTargets	MoveObjects	8
63695424304351	TASK_START	UpdateUsedTargets	LM_CompareLists
63695424304362	TASK_END	UpdateUsedTargets	LM_CompareLists	10
63695424304362	TASK_END	PlaceTargets	TaskList	134
63695424304363	TASK_START	ListNavigationStarts	ObjectList
63695424304363	TASK_ADD	ListNavigationStarts	ObjectList	StartLoc08	null
63695424304363	TASK_ADD	ListNavigationStarts	ObjectList	StartLoc07	null
63695424304363	TASK_ADD	ListNavigationStarts	ObjectList	StartLoc05	null
63695424304363	TASK_ADD	ListNavigationStarts	ObjectList	StartLoc03	null
63695424304363	TASK_ADD	ListNavigationStarts	ObjectList	StartLoc06	null
63695424304363	TASK_ADD	ListNavigationStarts	ObjectList	StartLoc04	null
63695424304363	TASK_ADD	ListNavigationStarts	ObjectList	StartLoc01	null
63695424304363	TASK_ADD	ListNavigationStarts	ObjectList	StartLoc02	null
63695424304372	TASK_END	ListNavigationStarts	ObjectList	9
63695424304373	TASK_START	ListLargePlayerStarts	ObjectList
63695424304373	TASK_ADD	ListLargePlayerStarts	ObjectList	ScaledPlayerSpawn06	null
63695424304373	TASK_ADD	ListLargePlayerStarts	ObjectList	ScaledPlayerSpawn04	null
63695424304373	TASK_ADD	ListLargePlayerStarts	ObjectList	ScaledPlayerSpawn07	null
63695424304373	TASK_ADD	ListLargePlayerStarts	ObjectList	ScaledPlayerSpawn02	null
63695424304373	TASK_ADD	ListLargePlayerStarts	ObjectList	ScaledPlayerSpawn05	null
63695424304373	TASK_ADD	ListLargePlayerStarts	ObjectList	ScaledPlayerSpawn01	null
63695424304373	TASK_ADD	ListLargePlayerStarts	ObjectList	ScaledPlayerSpawn03	null
63695424304373	TASK_ADD	ListLargePlayerStarts	ObjectList	ScaledPlayerSpawn08	null
63695424304382	TASK_END	ListLargePlayerStarts	ObjectList	9
63695424304384	TASK_START	ListSmallPlayerStarts	ObjectList
63695424304384	TASK_ADD	ListSmallPlayerStarts	ObjectList	StartLoc06	null
63695424304384	TASK_ADD	ListSmallPlayerStarts	ObjectList	StartLoc04	null
63695424304384	TASK_ADD	ListSmallPlayerStarts	ObjectList	StartLoc07	null
63695424304384	TASK_ADD	ListSmallPlayerStarts	ObjectList	StartLoc02	null
63695424304384	TASK_ADD	ListSmallPlayerStarts	ObjectList	StartLoc05	null
63695424304384	TASK_ADD	ListSmallPlayerStarts	ObjectList	StartLoc01	null
63695424304384	TASK_ADD	ListSmallPlayerStarts	ObjectList	StartLoc03	null
63695424304384	TASK_ADD	ListSmallPlayerStarts	ObjectList	StartLoc08	null
63695424304394	TASK_END	ListSmallPlayerStarts	ObjectList	10
63695424304394	TASK_END	InitializeExperiment	TaskList	166
63695424304395	TASK_START	BeginMessage	InstructionsTask
63695424344447	TASK_END	LM_Timeline	TaskList	40220
