63695424278281	EXPERIMENT:	esc	SUBJECT:	103	BIOSEX:	Male	AGE:	30	START_SCENE	esc_city01	START_CONDITION:	Standard	UI:	ViveAndVirtualizer
63695424278369	TASK_START	LM_Timeline	TaskList
63695424278369	TASK:	LM_Timeline	Repetition:	1	Catch:	False
63695424278370	TASK_START	InitializeExperiment	TaskList
63695424278370	TASK:	InitializeExperiment	Repetition:	1	Catch:	False
63695424278371	TASK_START	PlaceTargets	TaskList
63695424278371	TASK:	PlaceTargets	Repetition:	1	Catch:	False
63695424278372	TASK_START	CheckForUsedTargets	LM_CompareLists
63695424278407	TASK_END	CheckForUsedTargets	LM_CompareLists	35
63695424278408	TASK_START	ListHighlightObjects	ObjectList
63695424278408	TASK_ADD	ListHighlightObjects	ObjectList	Highlight01	null
63695424278408	TASK_ADD	ListHighlightObjects	ObjectList	Highlight02	null
63695424278408	TASK_ADD	ListHighlightObjects	ObjectList	Highlight03	null
63695424278409	TASK_ADD	ListHighlightObjects	ObjectList	Highlight04	null
63695424278409	TASK_ADD	ListHighlightObjects	ObjectList	Highlight05	null
63695424278409	TASK_ADD	ListHighlightObjects	ObjectList	Highlight06	null
63695424278409	TASK_ADD	ListHighlightObjects	ObjectList	Highlight07	null
63695424278409	TASK_ADD	ListHighlightObjects	ObjectList	Highlight08	null
63695424278447	TASK_END	ListHighlightObjects	ObjectList	39
63695424278448	TASK_START	ListTargetPlaceholders	ObjectList
63695424278448	TASK_ADD	ListTargetPlaceholders	ObjectList	Target01	null
63695424278448	TASK_ADD	ListTargetPlaceholders	ObjectList	Target02	null
63695424278448	TASK_ADD	ListTargetPlaceholders	ObjectList	Target03	null
63695424278448	TASK_ADD	ListTargetPlaceholders	ObjectList	Target04	null
63695424278448	TASK_ADD	ListTargetPlaceholders	ObjectList	Target05	null
63695424278448	TASK_ADD	ListTargetPlaceholders	ObjectList	Target06	null
63695424278448	TASK_ADD	ListTargetPlaceholders	ObjectList	Target07	null
63695424278448	TASK_ADD	ListTargetPlaceholders	ObjectList	Target08	null
63695424278463	TASK_END	ListTargetPlaceholders	ObjectList	15
63695424278465	TASK_START	PopulateHighlightObjects	MoveObjects
63695424278466	Target01: 	Highlight01	Position: 	5.95	0.085	116.45	Rotation: 	270	270	0
63695424278466	Target02: 	Highlight02	Position: 	5.95	0.085	14.45	Rotation: 	270	270	0
63695424278466	Target03: 	Highlight03	Position: 	85.935	0.085	14.45	Rotation: 	270	270	0
63695424278466	Target04: 	Highlight04	Position: 	85.935	0.085	74.45999	Rotation: 	270	270	0
63695424278466	Target05: 	Highlight05	Position: 	36.55	0.085	74.45999	Rotation: 	270	180	0
63695424278466	Target06: 	Highlight06	Position: 	36.55	0.085	116.45	Rotation: 	270	180	0
63695424278466	Target07: 	Highlight07	Position: 	76.49999	0.085	106.25	Rotation: 	270	0	0
63695424278466	Target08: 	Highlight08	Position: 	76.49999	0.085	37.4	Rotation: 	270	90	0
63695424278486	TASK_END	PopulateHighlightObjects	MoveObjects	21
63695424278488	TASK_START	ListTargets	ObjectList
63695424278488	TASK_ADD	ListTargets	ObjectList	Post Office	null
63695424278488	TASK_ADD	ListTargets	ObjectList	Barber Shop	null
63695424278488	TASK_ADD	ListTargets	ObjectList	Bike Shop	null
63695424278488	TASK_ADD	ListTargets	ObjectList	Coffee Shop	null
63695424278488	TASK_ADD	ListTargets	ObjectList	Hair Dresser	null
63695424278488	TASK_ADD	ListTargets	ObjectList	Repair Shop	null
63695424278488	TASK_ADD	ListTargets	ObjectList	Ice Cream Shop	null
63695424278488	TASK_ADD	ListTargets	ObjectList	Clothing Store	null
63695424278488	TASK_ADD	ListTargets	ObjectList	Grocery	null
63695424278488	TASK_ADD	ListTargets	ObjectList	Computer Shop	null
63695424278488	TASK_ADD	ListTargets	ObjectList	Bakery	null
63695424278488	TASK_ADD	ListTargets	ObjectList	Pharmacy	null
63695424278488	TASK_ADD	ListTargets	ObjectList	Camera Store	null
63695424278488	TASK_ADD	ListTargets	ObjectList	Pet Shop	null
63695424278488	TASK_ADD	ListTargets	ObjectList	Music Store	null
63695424278488	TASK_ADD	ListTargets	ObjectList	Toy Shop	null
63695424278508	TASK_END	ListTargets	ObjectList	20
63695424278509	TASK_START	ListTargetLocations	ObjectList
63695424278509	TASK_ADD	ListTargetLocations	ObjectList	Target01	null
63695424278509	TASK_ADD	ListTargetLocations	ObjectList	Target02	null
63695424278509	TASK_ADD	ListTargetLocations	ObjectList	Target03	null
63695424278509	TASK_ADD	ListTargetLocations	ObjectList	Target04	null
63695424278510	TASK_ADD	ListTargetLocations	ObjectList	Target05	null
63695424278510	TASK_ADD	ListTargetLocations	ObjectList	Target06	null
63695424278510	TASK_ADD	ListTargetLocations	ObjectList	Target07	null
63695424278510	TASK_ADD	ListTargetLocations	ObjectList	Target08	null
63695424278517	TASK_END	ListTargetLocations	ObjectList	8
63695424278518	TASK_START	PopulateTargets	MoveObjects
63695424278519	TARGET INFORMATION ----------------------------------------
63695424278519	Target01: 	Post Office	Position: 	5.95	0.085	116.45	Rotation: 	270	270	0
63695424278519	Target02: 	Barber Shop	Position: 	5.95	0.085	14.45	Rotation: 	270	270	0
63695424278519	Target03: 	Bike Shop	Position: 	85.935	0.085	14.45	Rotation: 	270	270	0
63695424278519	Target04: 	Coffee Shop	Position: 	85.935	0.085	74.45998	Rotation: 	270	270	0
63695424278520	Target05: 	Hair Dresser	Position: 	36.55	0.085	74.45998	Rotation: 	270	180	0
63695424278520	Target06: 	Repair Shop	Position: 	36.55	0.085	116.45	Rotation: 	270	180	0
63695424278520	Target07: 	Ice Cream Shop	Position: 	76.49999	0.085	106.25	Rotation: 	270	0	0
63695424278520	Target08: 	Clothing Store	Position: 	76.49999	0.085	37.4	Rotation: 	270	90	0
63695424278520	-----------------------------------------------------------
63695424278525	TASK_END	PopulateTargets	MoveObjects	7
63695424278527	TASK_START	UpdateUsedTargets	LM_CompareLists
63695424278535	TASK_END	UpdateUsedTargets	LM_CompareLists	8
63695424278535	TASK_END	PlaceTargets	TaskList	164
63695424278536	TASK_START	ListNavigationStarts	ObjectList
63695424278536	TASK_ADD	ListNavigationStarts	ObjectList	StartLoc06	null
63695424278536	TASK_ADD	ListNavigationStarts	ObjectList	StartLoc02	null
63695424278536	TASK_ADD	ListNavigationStarts	ObjectList	StartLoc04	null
63695424278536	TASK_ADD	ListNavigationStarts	ObjectList	StartLoc03	null
63695424278536	TASK_ADD	ListNavigationStarts	ObjectList	StartLoc07	null
63695424278536	TASK_ADD	ListNavigationStarts	ObjectList	StartLoc01	null
63695424278536	TASK_ADD	ListNavigationStarts	ObjectList	StartLoc05	null
63695424278536	TASK_ADD	ListNavigationStarts	ObjectList	StartLoc08	null
63695424278545	TASK_END	ListNavigationStarts	ObjectList	9
63695424278546	TASK_START	ListLargePlayerStarts	ObjectList
63695424278546	TASK_ADD	ListLargePlayerStarts	ObjectList	ScaledPlayerSpawn06	null
63695424278546	TASK_ADD	ListLargePlayerStarts	ObjectList	ScaledPlayerSpawn05	null
63695424278546	TASK_ADD	ListLargePlayerStarts	ObjectList	ScaledPlayerSpawn03	null
63695424278546	TASK_ADD	ListLargePlayerStarts	ObjectList	ScaledPlayerSpawn02	null
63695424278547	TASK_ADD	ListLargePlayerStarts	ObjectList	ScaledPlayerSpawn01	null
63695424278547	TASK_ADD	ListLargePlayerStarts	ObjectList	ScaledPlayerSpawn04	null
63695424278547	TASK_ADD	ListLargePlayerStarts	ObjectList	ScaledPlayerSpawn08	null
63695424278547	TASK_ADD	ListLargePlayerStarts	ObjectList	ScaledPlayerSpawn07	null
63695424278556	TASK_END	ListLargePlayerStarts	ObjectList	10
63695424278558	TASK_START	ListSmallPlayerStarts	ObjectList
63695424278558	TASK_ADD	ListSmallPlayerStarts	ObjectList	StartLoc06	null
63695424278558	TASK_ADD	ListSmallPlayerStarts	ObjectList	StartLoc05	null
63695424278558	TASK_ADD	ListSmallPlayerStarts	ObjectList	StartLoc03	null
63695424278558	TASK_ADD	ListSmallPlayerStarts	ObjectList	StartLoc02	null
63695424278558	TASK_ADD	ListSmallPlayerStarts	ObjectList	StartLoc01	null
63695424278558	TASK_ADD	ListSmallPlayerStarts	ObjectList	StartLoc04	null
63695424278558	TASK_ADD	ListSmallPlayerStarts	ObjectList	StartLoc08	null
63695424278558	TASK_ADD	ListSmallPlayerStarts	ObjectList	StartLoc07	null
63695424278567	TASK_END	ListSmallPlayerStarts	ObjectList	9
63695424278567	TASK_END	InitializeExperiment	TaskList	197
63695424278569	TASK_START	BeginMessage	InstructionsTask
63695424302769	INPUT_EVEN