63695254751836	EXPERIMENT:	esc	SUBJECT:	202	BIOSEX:	Male	AGE:	30	START_SCENE	esc_city01	START_CONDITION:	Standard	UI:	ViveAndVirtualizer
63695254751916	TASK_START	LM_Timeline	TaskList
63695254751916	TASK:	LM_Timeline	Repetition:	1	Catch:	False
63695254751916	TASK_START	InitializeExperiment	TaskList
63695254751916	TASK:	InitializeExperiment	Repetition:	1	Catch:	False
63695254751917	TASK_START	PlaceTargets	TaskList
63695254751917	TASK:	PlaceTargets	Repetition:	1	Catch:	False
63695254751918	TASK_START	CheckForUsedTargets	LM_CompareLists
63695254751965	TASK_END	CheckForUsedTargets	LM_CompareLists	47
63695254751966	TASK_START	ListHighlightObjects	ObjectList
63695254751966	TASK_ADD	ListHighlightObjects	ObjectList	Highlight01	null
63695254751966	TASK_ADD	ListHighlightObjects	ObjectList	Highlight02	null
63695254751966	TASK_ADD	ListHighlightObjects	ObjectList	Highlight03	null
63695254751966	TASK_ADD	ListHighlightObjects	ObjectList	Highlight04	null
63695254751966	TASK_ADD	ListHighlightObjects	ObjectList	Highlight05	null
63695254751966	TASK_ADD	ListHighlightObjects	ObjectList	Highlight06	null
63695254751966	TASK_ADD	ListHighlightObjects	ObjectList	Highlight07	null
63695254751966	TASK_ADD	ListHighlightObjects	ObjectList	Highlight08	null
63695254751997	TASK_END	ListHighlightObjects	ObjectList	31
63695254751998	TASK_START	ListTargetPlaceholders	ObjectList
63695254751998	TASK_ADD	ListTargetPlaceholders	ObjectList	Target01	null
63695254751998	TASK_ADD	ListTargetPlaceholders	ObjectList	Target02	null
63695254751998	TASK_ADD	ListTargetPlaceholders	ObjectList	Target03	null
63695254751998	TASK_ADD	ListTargetPlaceholders	ObjectList	Target04	null
63695254751998	TASK_ADD	ListTargetPlaceholders	ObjectList	Target05	null
63695254751998	TASK_ADD	ListTargetPlaceholders	ObjectList	Target06	null
63695254751998	TASK_ADD	ListTargetPlaceholders	ObjectList	Target07	null
63695254751998	TASK_ADD	ListTargetPlaceholders	ObjectList	Target08	null
63695254752020	TASK_END	ListTargetPlaceholders	ObjectList	22
63695254752021	TASK_START	PopulateHighlightObjects	MoveObjects
63695254752021	Target01: 	Highlight01	Position: 	5.95	0.085	116.45	Rotation: 	270	270	0
63695254752021	Target02: 	Highlight02	Position: 	5.95	0.085	14.45	Rotation: 	270	270	0
63695254752021	Target03: 	Highlight03	Position: 	85.935	0.085	14.45	Rotation: 	270	270	0
63695254752021	Target04: 	Highlight04	Position: 	85.935	0.085	74.45999	Rotation: 	270	270	0
63695254752021	Target05: 	Highlight05	Position: 	36.55	0.085	74.45999	Rotation: 	270	180	0
63695254752021	Target06: 	Highlight06	Position: 	36.55	0.085	116.45	Rotation: 	270	180	0
63695254752021	Target07: 	Highlight07	Position: 	76.49999	0.085	106.25	Rotation: 	270	0	0
63695254752021	Target08: 	Highlight08	Position: 	76.49999	0.085	37.4	Rotation: 	270	90	0
63695254752027	TASK_END	PopulateHighlightObjects	MoveObjects	6
63695254752028	TASK_START	ListTargets	ObjectList
63695254752028	TASK_ADD	ListTargets	ObjectList	Toy Shop	null
63695254752028	TASK_ADD	ListTargets	ObjectList	Clothing Store	null
63695254752028	TASK_ADD	ListTargets	ObjectList	Pet Shop	null
63695254752028	TASK_ADD	ListTargets	ObjectList	Ice Cream Shop	null
63695254752028	TASK_ADD	ListTargets	ObjectList	Grocery	null
63695254752028	TASK_ADD	ListTargets	ObjectList	Camera Store	null
63695254752029	TASK_ADD	ListTargets	ObjectList	Bakery	null
63695254752029	TASK_ADD	ListTargets	ObjectList	Post Office	null
63695254752034	TASK_END	ListTargets	ObjectList	6
63695254752035	TASK_START	ListTargetLocations	ObjectList
63695254752035	TASK_ADD	ListTargetLocations	ObjectList	Target01	null
63695254752035	TASK_ADD	ListTargetLocations	ObjectList	Target02	null
63695254752035	TASK_ADD	ListTargetLocations	ObjectList	Target03	null
63695254752035	TASK_ADD	ListTargetLocations	ObjectList	Target04	null
63695254752035	TASK_ADD	ListTargetLocations	ObjectList	Target05	null
63695254752035	TASK_ADD	ListTargetLocations	ObjectList	Target06	null
63695254752035	TASK_ADD	ListTargetLocations	ObjectList	Target07	null
63695254752035	TASK_ADD	ListTargetLocations	ObjectList	Target08	null
63695254752040	TASK_END	ListTargetLocations	ObjectList	5
63695254752042	TASK_START	PopulateTargets	MoveObjects
63695254752043	TARGET INFORMATION ----------------------------------------
63695254752043	Target01: 	Toy Shop	Position: 	5.95	0.085	116.45	Rotation: 	270	270	0
63695254752043	Target02: 	Clothing Store	Position: 	5.95	0.085	14.45	Rotation: 	270	270	0
63695254752043	Target03: 	Pet Shop	Position: 	85.935	0.085	14.45	Rotation: 	270	270	0
63695254752043	Target04: 	Ice Cream Shop	Position: 	85.935	0.085	74.45998	Rotation: 	270	270	0
63695254752043	Target05: 	Grocery	Position: 	36.55	0.085	74.45998	Rotation: 	270	180	0
63695254752043	Target06: 	Camera Store	Position: 	36.55	0.085	116.45	Rotation: 	270	180	0
63695254752043	Target07: 	Bakery	Position: 	76.49999	0.085	106.25	Rotation: 	270	0	0
63695254752043	Target08: 	Post Office	Position: 	76.49999	0.085	37.4	Rotation: 	270	90	0
63695254752043	-----------------------------------------------------------
63695254752052	TASK_END	PopulateTargets	MoveObjects	10
63695254752053	TASK_START	UpdateUsedTargets	LM_CompareLists
63695254752063	TASK_END	UpdateUsedTargets	LM_CompareLists	10
63695254752063	TASK_END	PlaceTargets	TaskList	146
63695254752064	TASK_START	ListNavigationStarts	ObjectList
63695254752064	TASK_ADD	ListNavigationStarts	ObjectList	StartLoc07	null
63695254752064	TASK_ADD	ListNavigationStarts	ObjectList	StartLoc03	null
63695254752064	TASK_ADD	ListNavigationStarts	ObjectList	StartLoc05	null
63695254752064	TASK_ADD	ListNavigationStarts	ObjectList	StartLoc08	null
63695254752064	TASK_ADD	ListNavigationStarts	ObjectList	StartLoc01	null
63695254752064	TASK_ADD	ListNavigationStarts	ObjectList	StartLoc06	null
63695254752064	TASK_ADD	ListNavigationStarts	ObjectList	StartLoc04	null
63695254752064	TASK_ADD	ListNavigationStarts	ObjectList	StartLoc02	null
63695254752074	TASK_END	ListNavigationStarts	ObjectList	10
63695254752075	TASK_START	ListLargePlayerStarts	ObjectList
63695254752075	TASK_ADD	ListLargePlayerStarts	ObjectList	ScaledPlayerSpawn07	null
63695254752075	TASK_ADD	ListLargePlayerStarts	ObjectList	ScaledPlayerSpawn03	null
63695254752075	TASK_ADD	ListLargePlayerStarts	ObjectList	ScaledPlayerSpawn05	null
63695254752075	TASK_ADD	ListLargePlayerStarts	ObjectList	ScaledPlayerSpawn08	null
63695254752075	TASK_ADD	ListLargePlayerStarts	ObjectList	ScaledPlayerSpawn01	null
63695254752075	TASK_ADD	ListLargePlayerStarts	ObjectList	ScaledPlayerSpawn06	null
63695254752075	TASK_ADD	ListLargePlayerStarts	ObjectList	ScaledPlayerSpawn04	null
63695254752075	TASK_ADD	ListLargePlayerStarts	ObjectList	ScaledPlayerSpawn02	null
63695254752085	TASK_END	ListLargePlayerStarts	ObjectList	10
63695254752086	TASK_START	ListSmallPlayerStarts	ObjectList
63695254752086	TASK_ADD	ListSmallPlayerStarts	ObjectList	StartLoc06	null
63695254752086	TASK_ADD	ListSmallPlayerStarts	ObjectList	StartLoc02	null
63695254752086	TASK_ADD	ListSmallPlayerStarts	ObjectList	StartLoc04	null
63695254752086	TASK_ADD	ListSmallPlayerStarts	ObjectList	StartLoc08	null
63695254752086	TASK_ADD	ListSmallPlayerStarts	ObjectList	StartLoc03	null
63695254752086	TASK_ADD	ListSmallPlayerStarts	ObjectList	StartLoc07	null
63695254752086	TASK_ADD	ListSmallPlayerStarts	ObjectList	StartLoc01	null
63695254752086	TASK_ADD	ListSmallPlayerStarts	ObjectList	StartLoc05	null
63695254752096	TASK_END	ListSmallPlayerStarts	ObjectList	10
63695254752096	TASK_END	InitializeExperiment	TaskList	180
63695254752097	TASK_START	BeginMessage	InstructionsTask
63695254757262	INPUT_EVENT    PlayerPressedActionButton    1
63695254757263	TASK_END	BeginMessage	InstructionsTask	5166
63695254757264	TASK_START	Tasks	TaskList
63695254757264	TASK:	Tasks	Repetition:	1	Catch:	False
63695254757264	TASK_START	PracticeTaskLoop	TaskList
63695254757264	TASK:	PracticeTaskLoop	Repetition:	1	Catch:	False
63695254757265	TASK_START	LearnTargets	TaskList
63695254757265	TASK:	LearnTargets	Repetition:	1	Catch:	False
63695254757266	TASK_START	LearnTargets Instructions	InstructionsTask
63695254759126	INPUT_EVENT    PlayerPressedActionButton    1
63695254759127	TASK_END	LearnTargets Instructions	InstructionsTask	1861
63695254759128	TASK_START	ViewTargets	TaskList
63695254759128	TASK:	ViewTargets	Repetition:	1	Catch:	False
63695254759129	TASK_START	ListTargetsForLearning	ObjectList
63695254759129	TASK_ADD	ListTargetsForLearning	ObjectList	Pet Shop	null
63695254759129	TASK_ADD	ListTargetsForLearning	ObjectList	Camera Store	null
63695254759129	TASK_ADD	ListTargetsForLearning	ObjectList	Post Office	null
63695254759129	TASK_ADD	ListTargetsForLearning	ObjectList	Ice Cream Shop	null
63695254759129	TASK_ADD	ListTargetsForLearning	ObjectList	Toy Shop	null
63695254759129	TASK_ADD	ListTargetsForLearning	ObjectList	Bakery	null
63695254759129	TASK_ADD	ListTargetsForLearning	ObjectList	Clothing Store	null
63695254759129	TASK_ADD	ListTargetsForLearning	ObjectList	Grocery	null
63695254759139	TASK_END	ListTargetsForLearning	ObjectList	10
63695254759140	TASK_START	RotateTarget	ViewTargets
63695254759141	Practice	Pet Shop
63695254762142	Practice	Camera Store
63695254765147	Practice	Post Office
63695254768152	Practice	Ice Cream Shop
63695254771156	Practice	Toy Shop
63695254774161	Practice	Bakery
63695254775418	TASK_END	LM_Timeline	TaskList	23502
