63695254701571	EXPERIMENT:	esc	SUBJECT:	202	BIOSEX:	Male	AGE:	30	START_SCENE	esc_city02	START_CONDITION:	Scaled	UI:	ViveAndVirtualizer
63695254701636	TASK_START	LM_Timeline	TaskList
63695254701636	TASK:	LM_Timeline	Repetition:	1	Catch:	False
63695254701636	TASK_START	InitializeExperiment	TaskList
63695254701636	TASK:	InitializeExperiment	Repetition:	1	Catch:	False
63695254701637	TASK_START	PlaceTargets	TaskList
63695254701637	TASK:	PlaceTargets	Repetition:	1	Catch:	False
63695254701639	TASK_START	CheckForUsedTargets	LM_CompareLists
63695254701687	TASK_END	CheckForUsedTargets	LM_CompareLists	48
63695254701689	TASK_START	ListHighlightObjects	ObjectList
63695254701689	TASK_ADD	ListHighlightObjects	ObjectList	Highlight01	null
63695254701689	TASK_ADD	ListHighlightObjects	ObjectList	Highlight02	null
63695254701689	TASK_ADD	ListHighlightObjects	ObjectList	Highlight03	null
63695254701689	TASK_ADD	ListHighlightObjects	ObjectList	Highlight04	null
63695254701689	TASK_ADD	ListHighlightObjects	ObjectList	Highlight05	null
63695254701689	TASK_ADD	ListHighlightObjects	ObjectList	Highlight06	null
63695254701689	TASK_ADD	ListHighlightObjects	ObjectList	Highlight07	null
63695254701689	TASK_ADD	ListHighlightObjects	ObjectList	Highlight08	null
63695254701739	TASK_END	ListHighlightObjects	ObjectList	50
63695254701740	TASK_START	ListTargetPlaceholders	ObjectList
63695254701740	TASK_ADD	ListTargetPlaceholders	ObjectList	Target01	null
63695254701740	TASK_ADD	ListTargetPlaceholders	ObjectList	Target02	null
63695254701740	TASK_ADD	ListTargetPlaceholders	ObjectList	Target03	null
63695254701740	TASK_ADD	ListTargetPlaceholders	ObjectList	Target04	null
63695254701740	TASK_ADD	ListTargetPlaceholders	ObjectList	Target05	null
63695254701740	TASK_ADD	ListTargetPlaceholders	ObjectList	Target06	null
63695254701740	TASK_ADD	ListTargetPlaceholders	ObjectList	Target07	null
63695254701740	TASK_ADD	ListTargetPlaceholders	ObjectList	Target08	null
63695254701767	TASK_END	ListTargetPlaceholders	ObjectList	27
63695254701768	TASK_START	PopulateHighlightObjects	MoveObjects
63695254701769	Target01: 	Highlight01	Position: 	86.70001	0.08500671	138.55	Rotation: 	270	0	0
63695254701769	Target02: 	Highlight02	Position: 	86.70001	0.08500671	55.25	Rotation: 	270	270	0
63695254701769	Target03: 	Highlight03	Position: 	36.54999	0.08500671	55.25	Rotation: 	270	90	0
63695254701769	Target04: 	Highlight04	Position: 	36.54999	0.08500671	86.70001	Rotation: 	270	270	0
63695254701769	Target05: 	Highlight05	Position: 	76.5	0.08500671	86.70001	Rotation: 	270	180	0
63695254701769	Target06: 	Highlight06	Position: 	76.5	0.08500671	16.15002	Rotation: 	270	90	0
63695254701769	Target07: 	Highlight07	Position: 	14.28003	0.08500671	16.15002	Rotation: 	270	90	0
63695254701769	Target08: 	Highlight08	Position: 	14.28003	0.08500671	137.445	Rotation: 	270	0	0
63695254701792	TASK_END	PopulateHighlightObjects	MoveObjects	24
63695254701794	TASK_START	ListTargets	ObjectList
63695254701794	TASK_ADD	ListTargets	ObjectList	Pharmacy	null
63695254701794	TASK_ADD	ListTargets	ObjectList	Barber Shop	null
63695254701794	TASK_ADD	ListTargets	ObjectList	Music Store	null
63695254701794	TASK_ADD	ListTargets	ObjectList	Hair Dresser	null
63695254701794	TASK_ADD	ListTargets	ObjectList	Coffee Shop	null
63695254701794	TASK_ADD	ListTargets	ObjectList	Computer Shop	null
63695254701794	TASK_ADD	ListTargets	ObjectList	Repair Shop	null
63695254701794	TASK_ADD	ListTargets	ObjectList	Bike Shop	null
63695254701794	TASK_ADD	ListTargets	ObjectList	Post Office	null
63695254701794	TASK_ADD	ListTargets	ObjectList	Bakery	null
63695254701794	TASK_ADD	ListTargets	ObjectList	Toy Shop	null
63695254701794	TASK_ADD	ListTargets	ObjectList	Pet Shop	null
63695254701794	TASK_ADD	ListTargets	ObjectList	Clothing Store	null
63695254701794	TASK_ADD	ListTargets	ObjectList	Camera Store	null
63695254701794	TASK_ADD	ListTargets	ObjectList	Grocery	null
63695254701794	TASK_ADD	ListTargets	ObjectList	Ice Cream Shop	null
63695254701814	TASK_END	ListTargets	ObjectList	20
63695254701815	TASK_START	ListTargetLocations	ObjectList
63695254701815	TASK_ADD	ListTargetLocations	ObjectList	Target01	null
63695254701815	TASK_ADD	ListTargetLocations	ObjectList	Target02	null
63695254701815	TASK_ADD	ListTargetLocations	ObjectList	Target03	null
63695254701815	TASK_ADD	ListTargetLocations	ObjectList	Target04	null
63695254701815	TASK_ADD	ListTargetLocations	ObjectList	Target05	null
63695254701815	TASK_ADD	ListTargetLocations	ObjectList	Target06	null
63695254701815	TASK_ADD	ListTargetLocations	ObjectList	Target07	null
63695254701815	TASK_ADD	ListTargetLocations	ObjectList	Target08	null
63695254701824	TASK_END	ListTargetLocations	ObjectList	9
63695254701825	TASK_START	PopulateTargets	MoveObjects
63695254701826	TARGET INFORMATION ----------------------------------------
63695254701826	Target01: 	Pharmacy	Position: 	86.70001	0.08500671	138.55	Rotation: 	270	0	0
63695254701826	Target02: 	Barber Shop	Position: 	86.70001	0.08500671	55.25	Rotation: 	270	270	0
63695254701826	Target03: 	Music Store	Position: 	36.54999	0.08500671	55.25	Rotation: 	270	90	0
63695254701827	Target04: 	Hair Dresser	Position: 	36.54999	0.08500671	86.70001	Rotation: 	270	270	0
63695254701827	Target05: 	Coffee Shop	Position: 	76.5	0.08500671	86.70001	Rotation: 	270	180	0
63695254701827	Target06: 	Computer Shop	Position: 	76.5	0.08500671	16.15002	Rotation: 	270	90	0
63695254701827	Target07: 	Repair Shop	Position: 	14.28003	0.08500671	16.15002	Rotation: 	270	90	0
63695254701827	Target08: 	Bike Shop	Position: 	14.28003	0.08500671	137.445	Rotation: 	270	0	0
63695254701827	-----------------------------------------------------------
63695254701836	TASK_END	PopulateTargets	MoveObjects	11
63695254701837	TASK_START	UpdateUsedTargets	LM_CompareLists
63695254701848	TASK_END	UpdateUsedTargets	LM_CompareLists	11
63695254701848	TASK_END	PlaceTargets	TaskList	211
63695254701849	TASK_START	ListNavigationStarts	ObjectList
63695254701849	TASK_ADD	ListNavigationStarts	ObjectList	StartLoc06	null
63695254701849	TASK_ADD	ListNavigationStarts	ObjectList	StartLoc05	null
63695254701849	TASK_ADD	ListNavigationStarts	ObjectList	StartLoc02	null
63695254701849	TASK_ADD	ListNavigationStarts	ObjectList	StartLoc07	null
63695254701849	TASK_ADD	ListNavigationStarts	ObjectList	StartLoc03	null
63695254701849	TASK_ADD	ListNavigationStarts	ObjectList	StartLoc08	null
63695254701849	TASK_ADD	ListNavigationStarts	ObjectList	StartLoc04	null
63695254701849	TASK_ADD	ListNavigationStarts	ObjectList	StartLoc01	null
63695254701857	TASK_END	ListNavigationStarts	ObjectList	8
63695254701858	TASK_START	ListLargePlayerStarts	ObjectList
63695254701858	TASK_ADD	ListLargePlayerStarts	ObjectList	ScaledPlayerSpawn06	null
63695254701858	TASK_ADD	ListLargePlayerStarts	ObjectList	ScaledPlayerSpawn05	null
63695254701858	TASK_ADD	ListLargePlayerStarts	ObjectList	ScaledPlayerSpawn02	null
63695254701858	TASK_ADD	ListLargePlayerStarts	ObjectList	ScaledPlayerSpawn07	null
63695254701858	TASK_ADD	ListLargePlayerStarts	ObjectList	ScaledPlayerSpawn03	null
63695254701858	TASK_ADD	ListLargePlayerStarts	ObjectList	ScaledPlayerSpawn08	null
63695254701858	TASK_ADD	ListLargePlayerStarts	ObjectList	ScaledPlayerSpawn04	null
63695254701858	TASK_ADD	ListLargePlayerStarts	ObjectList	ScaledPlayerSpawn01	null
63695254701869	TASK_END	ListLargePlayerStarts	ObjectList	11
63695254701870	TASK_START	ListSmallPlayerStarts	ObjectList
63695254701870	TASK_ADD	ListSmallPlayerStarts	ObjectList	StartLoc01	null
63695254701870	TASK_ADD	ListSmallPlayerStarts	ObjectList	StartLoc02	null
63695254701870	TASK_ADD	ListSmallPlayerStarts	ObjectList	StartLoc05	null
63695254701870	TASK_ADD	ListSmallPlayerStarts	ObjectList	StartLoc03	null
63695254701870	TASK_ADD	ListSmallPlayerStarts	ObjectList	StartLoc06	null
63695254701870	TASK_ADD	ListSmallPlayerStarts	ObjectList	StartLoc04	null
63695254701870	TASK_ADD	ListSmallPlayerStarts	ObjectList	StartLoc07	null
63695254701870	TASK_ADD	ListSmallPlayerStarts	ObjectList	StartLoc08	null
63695254701880	TASK_END	ListSmallPlayerStarts	ObjectList	10
63695254701880	TASK_END	InitializeExperiment	TaskList	244
63695254701882	TASK_START	BeginMessage	InstructionsTask
63695254703169	INPUT_EVENT    PlayerPressedReturn    1
63695254703170	TASK_END	BeginMessage	InstructionsTask	1288
63695254703172	TASK_START	Tasks	TaskList
63695254703172	TASK:	Tasks	Repetition:	1	Catch:	False
63695254703172	TASK_START	PracticeTaskLoop	TaskList
63695254703172	TASK:	PracticeTaskLoop	Repetition:	1	Catch:	False
63695254703173	TASK_START	LearnTargets	TaskList
63695254703173	TASK:	LearnTargets	Repetition:	1	Catch:	False
63695254703174	TASK_START	LearnTargets Instructions	InstructionsTask
63695254703333	INPUT_EVENT    PlayerPressedReturn    1
63695254703333	TASK_END	LearnTargets Instructions	InstructionsTask	159
63695254703335	TASK_START	ViewTargets	TaskList
63695254703335	TASK:	ViewTargets	Repetition:	1	Catch:	False
63695254703336	TASK_START	ListTargetsForLearning	ObjectList
63695254703336	TASK_ADD	ListTargetsForLearning	ObjectList	Bike Shop	null
63695254703336	TASK_ADD	ListTargetsForLearning	ObjectList	Music Store	null
63695254703336	TASK_ADD	ListTargetsForLearning	ObjectList	Pharmacy	null
63695254703336	TASK_ADD	ListTargetsForLearning	ObjectList	Barber Shop	null
63695254703336	TASK_ADD	ListTargetsForLearning	ObjectList	Hair Dresser	null
63695254703336	TASK_ADD	ListTargetsForLearning	ObjectList	Computer Shop	null
63695254703336	TASK_ADD	ListTargetsForLearning	ObjectList	Coffee Shop	null
63695254703336	TASK_ADD	ListTargetsForLearning	ObjectList	Repair Shop	null
63695254703343	TASK_END	ListTargetsForLearning	ObjectList	7
63695254703345	TASK_START	RotateTarget	ViewTargets
63695254703346	Practice	Bike Shop
63695254706350	Practice	Music Store
63695254709352	Practice	Pharmacy
63695254712359	Practice	Barber Shop
63695254715364	Practice	Hair Dresser
63695254718368	Practice	Computer Shop
63695254721374	Practice	Coffee Shop
63695254724375	Practice	Repair Shop
63695254727394	TASK_END	RotateTarget	ViewTargets	24049
63695254727394	TASK:	ViewTargets	Repetition:	2	Catch:	False
63695254727396	TASK_START	ListTargetsForLearning	ObjectList
63695254727396	TASK_ADD	ListTargetsForLearning	ObjectList	Barber Shop	null
63695254727396	TASK_ADD	ListTargetsForLearning	ObjectList	Music Store	null
63695254727396	TASK_ADD	ListTargetsForLearning	ObjectList	Bike Shop	null
63695254727396	TASK_ADD	ListTargetsForLearning	ObjectList	Coffee Shop	null
63695254727396	TASK_ADD	ListTargetsForLearning	ObjectList	Hair Dresser	null
63695254727396	TASK_ADD	ListTargetsForLearning	ObjectList	Repair Shop	null
63695254727396	TASK_ADD	ListTargetsForLearning	ObjectList	Pharmacy	null
63695254727396	TASK_ADD	ListTargetsForLearning	ObjectList	Computer Shop	null
63695254727407	TASK_END	ListTargetsForLearning	ObjectList	11
63695254727408	TASK_START	RotateTarget	ViewTargets
63695254727408	Practice	Barber Shop
63695254730410	Practice	Music Store
63695254733414	Practice	Bike Shop
63695254736419	Practice	Coffee Shop
63695254739421	Practice	Hair Dresser
63695254742428	Practice	Repair Shop
63695254745433	Practice	Pharmacy
63695254748437	Pract