63695254443239	EXPERIMENT:	esc	SUBJECT:	201	BIOSEX:	Male	AGE:	30	START_SCENE	esc_city02	START_CONDITION:	Standard	UI:	ViveAndVirtualizer
63695254443306	TASK_START	LM_Timeline	TaskList
63695254443306	TASK:	LM_Timeline	Repetition:	1	Catch:	False
63695254443306	TASK_START	InitializeExperiment	TaskList
63695254443307	TASK:	InitializeExperiment	Repetition:	1	Catch:	False
63695254443307	TASK_START	PlaceTargets	TaskList
63695254443307	TASK:	PlaceTargets	Repetition:	1	Catch:	False
63695254443309	TASK_START	CheckForUsedTargets	LM_CompareLists
63695254443369	TASK_END	CheckForUsedTargets	LM_CompareLists	60
63695254443371	TASK_START	ListHighlightObjects	ObjectList
63695254443371	TASK_ADD	ListHighlightObjects	ObjectList	Highlight01	null
63695254443371	TASK_ADD	ListHighlightObjects	ObjectList	Highlight02	null
63695254443371	TASK_ADD	ListHighlightObjects	ObjectList	Highlight03	null
63695254443371	TASK_ADD	ListHighlightObjects	ObjectList	Highlight04	null
63695254443371	TASK_ADD	ListHighlightObjects	ObjectList	Highlight05	null
63695254443371	TASK_ADD	ListHighlightObjects	ObjectList	Highlight06	null
63695254443371	TASK_ADD	ListHighlightObjects	ObjectList	Highlight07	null
63695254443372	TASK_ADD	ListHighlightObjects	ObjectList	Highlight08	null
63695254443417	TASK_END	ListHighlightObjects	ObjectList	46
63695254443418	TASK_START	ListTargetPlaceholders	ObjectList
63695254443418	TASK_ADD	ListTargetPlaceholders	ObjectList	Target01	null
63695254443418	TASK_ADD	ListTargetPlaceholders	ObjectList	Target02	null
63695254443418	TASK_ADD	ListTargetPlaceholders	ObjectList	Target03	null
63695254443418	TASK_ADD	ListTargetPlaceholders	ObjectList	Target04	null
63695254443418	TASK_ADD	ListTargetPlaceholders	ObjectList	Target05	null
63695254443418	TASK_ADD	ListTargetPlaceholders	ObjectList	Target06	null
63695254443418	TASK_ADD	ListTargetPlaceholders	ObjectList	Target07	null
63695254443418	TASK_ADD	ListTargetPlaceholders	ObjectList	Target08	null
63695254443443	TASK_END	ListTargetPlaceholders	ObjectList	25
63695254443444	TASK_START	PopulateHighlightObjects	MoveObjects
63695254443445	Target01: 	Highlight01	Position: 	86.70001	0.08500671	138.55	Rotation: 	270	0	0
63695254443446	Target02: 	Highlight02	Position: 	86.70001	0.08500671	55.25	Rotation: 	270	270	0
63695254443446	Target03: 	Highlight03	Position: 	36.54999	0.08500671	55.25	Rotation: 	270	90	0
63695254443446	Target04: 	Highlight04	Position: 	36.54999	0.08500671	86.70001	Rotation: 	270	270	0
63695254443446	Target05: 	Highlight05	Position: 	76.5	0.08500671	86.70001	Rotation: 	270	180	0
63695254443446	Target06: 	Highlight06	Position: 	76.5	0.08500671	16.15002	Rotation: 	270	90	0
63695254443446	Target07: 	Highlight07	Position: 	14.28003	0.08500671	16.15002	Rotation: 	270	90	0
63695254443446	Target08: 	Highlight08	Position: 	14.28003	0.08500671	137.445	Rotation: 	270	0	0
63695254443470	TASK_END	PopulateHighlightObjects	MoveObjects	26
63695254443471	TASK_START	ListTargets	ObjectList
63695254443471	TASK_ADD	ListTargets	ObjectList	Post Office	null
63695254443471	TASK_ADD	ListTargets	ObjectList	Camera Store	null
63695254443471	TASK_ADD	ListTargets	ObjectList	Pharmacy	null
63695254443471	TASK_ADD	ListTargets	ObjectList	Music Store	null
63695254443471	TASK_ADD	ListTargets	ObjectList	Barber Shop	null
63695254443471	TASK_ADD	ListTargets	ObjectList	Coffee Shop	null
63695254443471	TASK_ADD	ListTargets	ObjectList	Computer Shop	null
63695254443471	TASK_ADD	ListTargets	ObjectList	Bike Shop	null
63695254443471	TASK_ADD	ListTargets	ObjectList	Repair Shop	null
63695254443471	TASK_ADD	ListTargets	ObjectList	Pet Shop	null
63695254443471	TASK_ADD	ListTargets	ObjectList	Ice Cream Shop	null
63695254443471	TASK_ADD	ListTargets	ObjectList	Clothing Store	null
63695254443471	TASK_ADD	ListTargets	ObjectList	Hair Dresser	null
63695254443471	TASK_ADD	ListTargets	ObjectList	Grocery	null
63695254443471	TASK_ADD	ListTargets	ObjectList	Bakery	null
63695254443471	TASK_ADD	ListTargets	ObjectList	Toy Shop	null
63695254443491	TASK_END	ListTargets	ObjectList	20
63695254443492	TASK_START	ListTargetLocations	ObjectList
63695254443492	TASK_ADD	ListTargetLocations	ObjectList	Target01	null
63695254443492	TASK_ADD	ListTargetLocations	ObjectList	Target02	null
63695254443492	TASK_ADD	ListTargetLocations	ObjectList	Target03	null
63695254443492	TASK_ADD	ListTargetLocations	ObjectList	Target04	null
63695254443492	TASK_ADD	ListTargetLocations	ObjectList	Target05	null
63695254443492	TASK_ADD	ListTargetLocations	ObjectList	Target06	null
63695254443492	TASK_ADD	ListTargetLocations	ObjectList	Target07	null
63695254443492	TASK_ADD	ListTargetLocations	ObjectList	Target08	null
63695254443498	TASK_END	ListTargetLocations	ObjectList	6
63695254443499	TASK_START	PopulateTargets	MoveObjects
63695254443500	TARGET INFORMATION ----------------------------------------
63695254443500	Target01: 	Post Office	Position: 	86.70001	0.08500671	138.55	Rotation: 	270	0	0
63695254443500	Target02: 	Camera Store	Position: 	86.70001	0.08500671	55.25	Rotation: 	270	270	0
63695254443500	Target03: 	Pharmacy	Position: 	36.54999	0.08500671	55.25	Rotation: 	270	90	0
63695254443500	Target04: 	Music Store	Position: 	36.54999	0.08500671	86.70001	Rotation: 	270	270	0
63695254443500	Target05: 	Barber Shop	Position: 	76.5	0.08500671	86.70001	Rotation: 	270	180	0
63695254443500	Target06: 	Coffee Shop	Position: 	76.5	0.08500671	16.15002	Rotation: 	270	90	0
63695254443500	Target07: 	Computer Shop	Position: 	14.28003	0.08500671	16.15002	Rotation: 	270	90	0
63695254443500	Target08: 	Bike Shop	Position: 	14.28003	0.08500671	137.445	Rotation: 	270	0	0
63695254443501	-----------------------------------------------------------
63695254443509	TASK_END	PopulateTargets	MoveObjects	10
63695254443510	TASK_START	UpdateUsedTargets	LM_CompareLists
63695254443520	TASK_END	UpdateUsedTargets	LM_CompareLists	10
63695254443520	TASK_END	PlaceTargets	TaskList	213
63695254443521	TASK_START	ListNavigationStarts	ObjectList
63695254443521	TASK_ADD	ListNavigationStarts	ObjectList	StartLoc07	null
63695254443521	TASK_ADD	ListNavigationStarts	ObjectList	StartLoc03	null
63695254443521	TASK_ADD	ListNavigationStarts	ObjectList	StartLoc06	null
63695254443521	TASK_ADD	ListNavigationStarts	ObjectList	StartLoc08	null
63695254443521	TASK_ADD	ListNavigationStarts	ObjectList	StartLoc05	null
63695254443521	TASK_ADD	ListNavigationStarts	ObjectList	StartLoc02	null
63695254443521	TASK_ADD	ListNavigationStarts	ObjectList	StartLoc01	null
63695254443521	TASK_ADD	ListNavigationStarts	ObjectList	StartLoc04	null
63695254443531	TASK_END	ListNavigationStarts	ObjectList	10
63695254443532	TASK_START	ListLargePlayerStarts	ObjectList
63695254443532	TASK_ADD	ListLargePlayerStarts	ObjectList	ScaledPlayerSpawn07	null
63695254443532	TASK_ADD	ListLargePlayerStarts	ObjectList	ScaledPlayerSpawn03	null
63695254443532	TASK_ADD	ListLargePlayerStarts	ObjectList	ScaledPlayerSpawn06	null
63695254443532	TASK_ADD	ListLargePlayerStarts	ObjectList	ScaledPlayerSpawn08	null
63695254443532	TASK_ADD	ListLargePlayerStarts	ObjectList	ScaledPlayerSpawn05	null
63695254443532	TASK_ADD	ListLargePlayerStarts	ObjectList	ScaledPlayerSpawn02	null
63695254443532	TASK_ADD	ListLargePlayerStarts	ObjectList	ScaledPlayerSpawn01	null
63695254443532	TASK_ADD	ListLargePlayerStarts	ObjectList	ScaledPlayerSpawn04	null
63695254443542	TASK_END	ListLargePlayerStarts	ObjectList	10
63695254443543	TASK_START	ListSmallPlayerStarts	ObjectList
63695254443543	TASK_ADD	ListSmallPlayerStarts	ObjectList	StartLoc06	null
63695254443543	TASK_ADD	ListSmallPlayerStarts	ObjectList	StartLoc04	null
63695254443543	TASK_ADD	ListSmallPlayerStarts	ObjectList	StartLoc08	null
63695254443543	TASK_ADD	ListSmallPlayerStarts	ObjectList	StartLoc01	null
63695254443543	TASK_ADD	ListSmallPlayerStarts	ObjectList	StartLoc02	null
63695254443543	TASK_ADD	ListSmallPlayerStarts	ObjectList	StartLoc03	null
63695254443543	TASK_ADD	ListSmallPlayerStarts	ObjectList	StartLoc05	null
63695254443543	TASK_ADD	ListSmallPlayerStarts	ObjectList	StartLoc07	null
63695254443554	TASK_END	ListSmallPlayerStarts	ObjectList	11
63695254443554	TASK_END	InitializeExperiment	TaskList	248
63695254443556	TASK_START	BeginMessage	InstructionsTask
63695254451113	INPUT_EVENT    PlayerPressedActionButton    1
63695254451114	TASK_END	BeginMessage	InstructionsTask	7558
63695254451115	TASK_START	Tasks	TaskList
63695254451115	TASK:	Tasks	Repetition:	1	Catch:	False
63695254451116	TASK_START	PracticeTaskLoop	TaskList
63695254451116	TASK:	PracticeTaskLoop	Repetition:	1	Catch:	False
63695254451116	TASK_START	LearnTargets	TaskList
63695254451116	TASK:	LearnTargets	Repetition:	1	Catch:	False
63695254451117	TASK_START	LearnTargets Instructions	InstructionsTask
63695254451440	INPUT_EVENT    PlayerPressedActionButton    1
63695254451440	TASK_END	LearnTargets Instructions	InstructionsTask	323
63695254451442	TASK_START	ViewTargets	TaskList
63695254451442	TASK:	ViewTargets	Repetition:	1	Catch:	False
63695254451443	TASK_START	ListTargetsForLearning	ObjectList
63695254451443	TASK_ADD	ListTargetsForLearning	ObjectList	Coffee Shop	null
63695254451443	TASK_ADD	ListTargetsForLearning	ObjectList	Computer Shop	null
63695254451443	TASK_ADD	ListTargetsForLearning	ObjectList	Barber Shop	null
63695254451443	TASK_ADD	ListTargetsForLearning	ObjectList	Bike Shop	null
63695254451443	TASK_ADD	ListTargetsForLearning	ObjectList	Music Store	null
63695254451443	TASK_ADD	ListTargetsForLearning	ObjectList	Camera Store	null
63695254451443	TASK_ADD	ListTargetsForLearning	ObjectList	Post Office	null
63695254451443	TASK_ADD	ListTargetsForLearning	ObjectList	Pharmacy	null
63695254451453	TASK_END	ListTargetsForLearning	ObjectList	10
63695254451455	TASK_START	RotateTarget	ViewTargets
63695254451456	Practice	Coffee Shop
63695254454461	Practice	Computer Shop
63695254457465	Practice	Barber Shop
63695254460470	Practice	Bike Shop
63695254463475	Practice	Music Store
63695254466480	Practice	Camera Store
63695254469484	Practice	Post Office
63695254472489	Practice	Pharmacy
63695254475505	TASK_END	RotateTarget	ViewTargets	24050
63695254475505	TASK:	ViewTargets	Repetition:	2	Catch:	False
63695254475506	TASK_START	ListTargetsForLearning	ObjectList
63695254475506	TASK_ADD	ListTargetsForLearning	ObjectList	Coffee Shop	null
63695254475506	TASK_ADD	ListTargetsForLearning	ObjectList	Post Office	null
63695254475506	TASK_ADD	ListTargetsForLearning	ObjectList	Camera Store	null
63695254475506	TASK_ADD	ListTargetsForLearning	ObjectList	Bike Shop	null
63695254475506	TASK_ADD	ListTargetsForLearning	ObjectList	Music Store	null
63695254475506	TASK_ADD	ListTargetsForLearning	ObjectList	Computer Shop	null
63695254475506	TASK_ADD	ListTargetsForLearning	ObjectList	Pharmacy	null
63695254475506	TASK_ADD	ListTargetsForLearning	ObjectList	Barber Shop	null
63695254475518	TASK_END	ListTargetsForLearning	ObjectList	12
63695254475519	TASK_START	RotateTarget	ViewTargets
63695254475519	Practice	Coffee Shop
63695254478521	Practice	Post Office
63695254481526	Practice	Camera Store
63695254484530	Practice	Bike Shop
63695254487535	Practice	Music Store
63695254490539	Practice	Computer Shop
63695254493545	Practice	Pharmacy
63