63695254499948	EXPERIMENT:	esc	SUBJECT:	201	BIOSEX:	Male	AGE:	30	START_SCENE	esc_city01	START_CONDITION:	Scaled	UI:	ViveAndVirtualizer
63695254500023	TASK_START	LM_Timeline	TaskList
63695254500023	TASK:	LM_Timeline	Repetition:	1	Catch:	False
63695254500024	TASK_START	InitializeExperiment	TaskList
63695254500024	TASK:	InitializeExperiment	Repetition:	1	Catch:	False
63695254500025	TASK_START	PlaceTargets	TaskList
63695254500025	TASK:	PlaceTargets	Repetition:	1	Catch:	False
63695254500025	TASK_START	CheckForUsedTargets	LM_CompareLists
63695254500067	TASK_END	CheckForUsedTargets	LM_CompareLists	42
63695254500068	TASK_START	ListHighlightObjects	ObjectList
63695254500068	TASK_ADD	ListHighlightObjects	ObjectList	Highlight01	null
63695254500068	TASK_ADD	ListHighlightObjects	ObjectList	Highlight02	null
63695254500068	TASK_ADD	ListHighlightObjects	ObjectList	Highlight03	null
63695254500068	TASK_ADD	ListHighlightObjects	ObjectList	Highlight04	null
63695254500068	TASK_ADD	ListHighlightObjects	ObjectList	Highlight05	null
63695254500068	TASK_ADD	ListHighlightObjects	ObjectList	Highlight06	null
63695254500068	TASK_ADD	ListHighlightObjects	ObjectList	Highlight07	null
63695254500068	TASK_ADD	ListHighlightObjects	ObjectList	Highlight08	null
63695254500097	TASK_END	ListHighlightObjects	ObjectList	29
63695254500098	TASK_START	ListTargetPlaceholders	ObjectList
63695254500098	TASK_ADD	ListTargetPlaceholders	ObjectList	Target01	null
63695254500098	TASK_ADD	ListTargetPlaceholders	ObjectList	Target02	null
63695254500098	TASK_ADD	ListTargetPlaceholders	ObjectList	Target03	null
63695254500098	TASK_ADD	ListTargetPlaceholders	ObjectList	Target04	null
63695254500098	TASK_ADD	ListTargetPlaceholders	ObjectList	Target05	null
63695254500098	TASK_ADD	ListTargetPlaceholders	ObjectList	Target06	null
63695254500098	TASK_ADD	ListTargetPlaceholders	ObjectList	Target07	null
63695254500098	TASK_ADD	ListTargetPlaceholders	ObjectList	Target08	null
63695254500122	TASK_END	ListTargetPlaceholders	ObjectList	24
63695254500123	TASK_START	PopulateHighlightObjects	MoveObjects
63695254500123	Target01: 	Highlight01	Position: 	5.95	0.085	116.45	Rotation: 	270	270	0
63695254500123	Target02: 	Highlight02	Position: 	5.95	0.085	14.45	Rotation: 	270	270	0
63695254500123	Target03: 	Highlight03	Position: 	85.935	0.085	14.45	Rotation: 	270	270	0
63695254500123	Target04: 	Highlight04	Position: 	85.935	0.085	74.45999	Rotation: 	270	270	0
63695254500123	Target05: 	Highlight05	Position: 	36.55	0.085	74.45999	Rotation: 	270	180	0
63695254500123	Target06: 	Highlight06	Position: 	36.55	0.085	116.45	Rotation: 	270	180	0
63695254500123	Target07: 	Highlight07	Position: 	76.49999	0.085	106.25	Rotation: 	270	0	0
63695254500123	Target08: 	Highlight08	Position: 	76.49999	0.085	37.4	Rotation: 	270	90	0
63695254500129	TASK_END	PopulateHighlightObjects	MoveObjects	6
63695254500130	TASK_START	ListTargets	ObjectList
63695254500130	TASK_ADD	ListTargets	ObjectList	Hair Dresser	null
63695254500130	TASK_ADD	ListTargets	ObjectList	Grocery	null
63695254500130	TASK_ADD	ListTargets	ObjectList	Bakery	null
63695254500130	TASK_ADD	ListTargets	ObjectList	Ice Cream Shop	null
63695254500130	TASK_ADD	ListTargets	ObjectList	Repair Shop	null
63695254500130	TASK_ADD	ListTargets	ObjectList	Toy Shop	null
63695254500130	TASK_ADD	ListTargets	ObjectList	Pet Shop	null
63695254500130	TASK_ADD	ListTargets	ObjectList	Clothing Store	null
63695254500140	TASK_END	ListTargets	ObjectList	10
63695254500142	TASK_START	ListTargetLocations	ObjectList
63695254500142	TASK_ADD	ListTargetLocations	ObjectList	Target01	null
63695254500142	TASK_ADD	ListTargetLocations	ObjectList	Target02	null
63695254500142	TASK_ADD	ListTargetLocations	ObjectList	Target03	null
63695254500142	TASK_ADD	ListTargetLocations	ObjectList	Target04	null
63695254500142	TASK_ADD	ListTargetLocations	ObjectList	Target05	null
63695254500142	TASK_ADD	ListTargetLocations	ObjectList	Target06	null
63695254500142	TASK_ADD	ListTargetLocations	ObjectList	Target07	null
63695254500142	TASK_ADD	ListTargetLocations	ObjectList	Target08	null
63695254500151	TASK_END	ListTargetLocations	ObjectList	9
63695254500153	TASK_START	PopulateTargets	MoveObjects
63695254500153	TARGET INFORMATION ----------------------------------------
63695254500153	Target01: 	Hair Dresser	Position: 	5.95	0.085	116.45	Rotation: 	270	270	0
63695254500153	Target02: 	Grocery	Position: 	5.95	0.085	14.45	Rotation: 	270	270	0
63695254500153	Target03: 	Bakery	Position: 	85.935	0.085	14.45	Rotation: 	270	270	0
63695254500153	Target04: 	Ice Cream Shop	Position: 	85.935	0.085	74.45998	Rotation: 	270	270	0
63695254500154	Target05: 	Repair Shop	Position: 	36.55	0.085	74.45998	Rotation: 	270	180	0
63695254500154	Target06: 	Toy Shop	Position: 	36.55	0.085	116.45	Rotation: 	270	180	0
63695254500154	Target07: 	Pet Shop	Position: 	76.49999	0.085	106.25	Rotation: 	270	0	0
63695254500154	Target08: 	Clothing Store	Position: 	76.49999	0.085	37.4	Rotation: 	270	90	0
63695254500154	-----------------------------------------------------------
63695254500163	TASK_END	PopulateTargets	MoveObjects	10
63695254500164	TASK_START	UpdateUsedTargets	LM_CompareLists
63695254500174	TASK_END	UpdateUsedTargets	LM_CompareLists	10
63695254500174	TASK_END	PlaceTargets	TaskList	149
63695254500175	TASK_START	ListNavigationStarts	ObjectList
63695254500175	TASK_ADD	ListNavigationStarts	ObjectList	StartLoc07	null
63695254500175	TASK_ADD	ListNavigationStarts	ObjectList	StartLoc01	null
63695254500175	TASK_ADD	ListNavigationStarts	ObjectList	StartLoc04	null
63695254500175	TASK_ADD	ListNavigationStarts	ObjectList	StartLoc03	null
63695254500175	TASK_ADD	ListNavigationStarts	ObjectList	StartLoc06	null
63695254500175	TASK_ADD	ListNavigationStarts	ObjectList	StartLoc08	null
63695254500175	TASK_ADD	ListNavigationStarts	ObjectList	StartLoc02	null
63695254500175	TASK_ADD	ListNavigationStarts	ObjectList	StartLoc05	null
63695254500185	TASK_END	ListNavigationStarts	ObjectList	10
63695254500186	TASK_START	ListLargePlayerStarts	ObjectList
63695254500186	TASK_ADD	ListLargePlayerStarts	ObjectList	ScaledPlayerSpawn07	null
63695254500186	TASK_ADD	ListLargePlayerStarts	ObjectList	ScaledPlayerSpawn01	null
63695254500186	TASK_ADD	ListLargePlayerStarts	ObjectList	ScaledPlayerSpawn04	null
63695254500186	TASK_ADD	ListLargePlayerStarts	ObjectList	ScaledPlayerSpawn03	null
63695254500186	TASK_ADD	ListLargePlayerStarts	ObjectList	ScaledPlayerSpawn06	null
63695254500186	TASK_ADD	ListLargePlayerStarts	ObjectList	ScaledPlayerSpawn08	null
63695254500186	TASK_ADD	ListLargePlayerStarts	ObjectList	ScaledPlayerSpawn02	null
63695254500186	TASK_ADD	ListLargePlayerStarts	ObjectList	ScaledPlayerSpawn05	null
63695254500196	TASK_END	ListLargePlayerStarts	ObjectList	10
63695254500197	TASK_START	ListSmallPlayerStarts	ObjectList
63695254500197	TASK_ADD	ListSmallPlayerStarts	ObjectList	StartLoc06	null
63695254500197	TASK_ADD	ListSmallPlayerStarts	ObjectList	StartLoc07	null
63695254500197	TASK_ADD	ListSmallPlayerStarts	ObjectList	StartLoc04	null
63695254500197	TASK_ADD	ListSmallPlayerStarts	ObjectList	StartLoc08	null
63695254500197	TASK_ADD	ListSmallPlayerStarts	ObjectList	StartLoc01	null
63695254500197	TASK_ADD	ListSmallPlayerStarts	ObjectList	StartLoc02	null
63695254500197	TASK_ADD	ListSmallPlayerStarts	ObjectList	StartLoc05	null
63695254500197	TASK_ADD	ListSmallPlayerStarts	ObjectList	StartLoc03	null
63695254500207	TASK_END	ListSmallPlayerStarts	ObjectList	10
63695254500207	TASK_END	InitializeExperiment	TaskList	183
63695254500208	TASK_START	BeginMessage	InstructionsTask
63695254578127	TASK_END	LM_Timeline	TaskList	78104
