63721516364973	EXPERIMENT:		SUBJECT:	137	START_SCENE	esc_city01	START_CONDITION:	Standard	UI:	KeyboardMouse
63721516365026	TASK_START	LM_Timeline	TaskList
63721516365027	EEG_TRIGGER	Name	EXP_start	Value	1
63721516365027	TASK_START	InitializeExperiment	TaskList
63721516365027	TASK_START	PlaceTargets	TaskList
63721516365028	TASK_START	CheckForUsedTargets	LM_CompareLists
63721516365058	TASK_END	CheckForUsedTargets	LM_CompareLists	30
63721516365059	TASK_START	ListTargetLocations	ObjectList
63721516365059	TASK_ADD	ListTargetLocations	ObjectList	Target01	null
63721516365059	TASK_ADD	ListTargetLocations	ObjectList	Target02	null
63721516365059	TASK_ADD	ListTargetLocations	ObjectList	Target03	null
63721516365059	TASK_ADD	ListTargetLocations	ObjectList	Target04	null
63721516365059	TASK_ADD	ListTargetLocations	ObjectList	Target05	null
63721516365059	TASK_ADD	ListTargetLocations	ObjectList	Target06	null
63721516365059	TASK_ADD	ListTargetLocations	ObjectList	Target07	null
63721516365059	TASK_ADD	ListTargetLocations	ObjectList	Target08	null
63721516365105	TASK_END	ListTargetLocations	ObjectList	46
63721516365106	TASK_START	ListTargets	ObjectList
63721516365106	TASK_ADD	ListTargets	ObjectList	Post Office	null
63721516365106	TASK_ADD	ListTargets	ObjectList	Pet Shop	null
63721516365106	TASK_ADD	ListTargets	ObjectList	Bakery	null
63721516365106	TASK_ADD	ListTargets	ObjectList	Ice Cream Shop	null
63721516365106	TASK_ADD	ListTargets	ObjectList	Repair Shop	null
63721516365106	TASK_ADD	ListTargets	ObjectList	Music Store	null
63721516365106	TASK_ADD	ListTargets	ObjectList	Clothing Store	null
63721516365106	TASK_ADD	ListTargets	ObjectList	Toy Shop	null
63721516365106	TASK_ADD	ListTargets	ObjectList	Pharmacy	null
63721516365106	TASK_ADD	ListTargets	ObjectList	Camera Store	null
63721516365106	TASK_ADD	ListTargets	ObjectList	Grocery	null
63721516365106	TASK_ADD	ListTargets	ObjectList	Barber Shop	null
63721516365106	TASK_ADD	ListTargets	ObjectList	Hair Dresser	null
63721516365106	TASK_ADD	ListTargets	ObjectList	Bike Shop	null
63721516365106	TASK_ADD	ListTargets	ObjectList	Coffee Shop	null
63721516365106	TASK_ADD	ListTargets	ObjectList	Computer Shop	null
63721516365116	TASK_END	ListTargets	ObjectList	10
63721516365117	TASK_START	PopulateTargets	MoveObjects
63721516365118	TARGET INFORMATION ----------------------------------------
63721516365118	Target01: 	Post Office	Position: 	5.95	0.085	116.45	Rotation: 	270	270	0
63721516365118	Target02: 	Pet Shop	Position: 	5.95	0.085	14.45	Rotation: 	270	270	0
63721516365118	Target03: 	Bakery	Position: 	85.935	0.085	14.45	Rotation: 	270	270	0
63721516365118	Target04: 	Ice Cream Shop	Position: 	85.935	0.085	74.45998	Rotation: 	270	270	0
63721516365118	Target05: 	Repair Shop	Position: 	36.55	0.085	74.45998	Rotation: 	270	180	0
63721516365118	Target06: 	Music Store	Position: 	36.55	0.085	116.45	Rotation: 	270	180	0
63721516365118	Target07: 	Clothing Store	Position: 	76.49999	0.085	106.25	Rotation: 	270	0	0
63721516365118	Target08: 	Toy Shop	Position: 	76.49999	0.085	37.4	Rotation: 	270	90	0
63721516365118	-----------------------------------------------------------/
63721516365129	TASK_END	PopulateTargets	MoveObjects	12
63721516365129	TASK_START	UpdateUsedTargets	LM_CompareLists
63721516365137	TASK_END	UpdateUsedTargets	LM_CompareLists	8
63721516365137	LM_Output	TaskList
TaskListName	RepetitionNumber	CatchFlag
PlaceTargets1False
63721516365137	TASK_END	PlaceTargets	TaskList	110
63721516365138	TASK_START	ListNavigationStarts	ObjectList
63721516365138	TASK_ADD	ListNavigationStarts	ObjectList	StartLocation02	null
63721516365138	TASK_ADD	ListNavigationStarts	ObjectList	StartLocation07	null
63721516365138	TASK_ADD	ListNavigationStarts	ObjectList	StartLocation04	null
63721516365138	TASK_ADD	ListNavigationStarts	ObjectList	StartLocation08	null
63721516365138	TASK_ADD	ListNavigationStarts	ObjectList	StartLocation05	null
63721516365138	TASK_ADD	ListNavigationStarts	ObjectList	StartLocation01	null
63721516365138	TASK_ADD	ListNavigationStarts	ObjectList	StartLocation03	null
63721516365138	TASK_ADD	ListNavigationStarts	ObjectList	StartLocation06	null
63721516365144	TASK_END	ListNavigationStarts	ObjectList	6
63721516365145	TASK_START	ListLargePlayerStarts	ObjectList
63721516365145	TASK_ADD	ListLargePlayerStarts	ObjectList	ScaledPlayerSpawn03	null
63721516365145	TASK_ADD	ListLargePlayerStarts	ObjectList	ScaledPlayerSpawn05	null
63721516365145	TASK_ADD	ListLargePlayerStarts	ObjectList	ScaledPlayerSpawn08	null
63721516365145	TASK_ADD	ListLargePlayerStarts	ObjectList	ScaledPlayerSpawn04	null
63721516365145	TASK_ADD	ListLargePlayerStarts	ObjectList	ScaledPlayerSpawn06	null
63721516365145	TASK_ADD	ListLargePlayerStarts	ObjectList	ScaledPlayerSpawn02	null
63721516365145	TASK_ADD	ListLargePlayerStarts	ObjectList	ScaledPlayerSpawn01	null
63721516365145	TASK_ADD	ListLargePlayerStarts	ObjectList	ScaledPlayerSpawn07	null
63721516365152	TASK_END	ListLargePlayerStarts	ObjectList	7
63721516365152	TASK_START	ListSmallPlayerStarts	ObjectList
63721516365152	TASK_ADD	ListSmallPlayerStarts	ObjectList	StartLocation07	null
63721516365152	TASK_ADD	ListSmallPlayerStarts	ObjectList	StartLocation04	null
63721516365153	TASK_ADD	ListSmallPlayerStarts	ObjectList	StartLocation01	null
63721516365153	TASK_ADD	ListSmallPlayerStarts	ObjectList	StartLocation02	null
63721516365153	TASK_ADD	ListSmallPlayerStarts	ObjectList	StartLocation05	null
63721516365153	TASK_ADD	ListSmallPlayerStarts	ObjectList	StartLocation06	null
63721516365153	TASK_ADD	ListSmallPlayerStarts	ObjectList	StartLocation03	null
63721516365153	TASK_ADD	ListSmallPlayerStarts	ObjectList	StartLocation08	null
63721516365160	TASK_END	ListSmallPlayerStarts	ObjectList	8
63721516365160	LM_Output	TaskList
TaskListName	RepetitionNumber	CatchFlag
InitializeExperiment1False
63721516365160	TASK_END	InitializeExperiment	TaskList	133
63721516365161	TASK_START	BeginMessage	InstructionsTask
63721516367092	INPUT_EVENT    PlayerPressedActionButton    1
63721516367092	TASK_END	BeginMessage	InstructionsTask	1931
63721516367093	TASK_START	Tasks	TaskList
63721516367100	TASK_END	Tasks	TaskList	7
63721516367100	TASK_START	EndMessage	InstructionsTask
63721516372108	TASK_END	EndMessage	InstructionsTask	5008
63721516372108	LM_Output	TaskList
TaskListName	RepetitionNumber	CatchFlag
LM_Timeline1False
63721516372111	EEG_TRIGGER	Name	EXP_end	Value	2
63721516372111	TASK_END	LM_Timeline	TaskList	7085
63721516372111	
================ Index of EEG Triggers ================
1: EXP_start
2: EXP_end

