Using pre-set license

 COMMAND LINE ARGUMENTS:
/Applications/Unity/2020.3.12f1/Unity.app/Contents/MacOS/Unity
-adb2
-batchMode
-noUpm
-name
AssetImportWorker0
-projectPath
/Users/mjstarrett/Documents/unity/git/Landmarks
-logFile
Logs/AssetImportWorker0.log
-srvPort
61464
Successfully changed project path to: /Users/mjstarrett/Documents/unity/git/Landmarks
/Users/mjstarrett/Documents/unity/git/Landmarks
Using Asset Import Pipeline V2.
Refreshing native plugins compatible for Editor in 218.21 ms, found 3 plugins.
Preloading 1 native plugins for Editor in 9.10 ms.
Initialize engine version: 2020.3.12f1 (b3b2c6512326)
[Subsystems] Discovering subsystems at path /Applications/Unity/2020.3.12f1/Unity.app/Contents/Resources/UnitySubsystems
[Subsystems] Discovering subsystems at path /Users/mjstarrett/Documents/unity/git/Landmarks/Assets
GfxDevice: creating device client; threaded=0
2021-07-18 08:55:13.165 Unity[5405:314793] Color LCD preferred device: Intel(R) Iris(TM) Plus Graphics 640 (low power)
2021-07-18 08:55:13.165 Unity[5405:314793] Metal devices available: 1
2021-07-18 08:55:13.165 Unity[5405:314793] 0: Intel(R) Iris(TM) Plus Graphics 640 (low power)
2021-07-18 08:55:13.165 Unity[5405:314793] Using device Intel(R) Iris(TM) Plus Graphics 640 (low power)
Initializing Metal device caps: Intel(R) Iris(TM) Plus Graphics 640
Initialize mono
Mono path[0] = '/Applications/Unity/2020.3.12f1/Unity.app/Contents/Managed'
Mono path[1] = '/Applications/Unity/2020.3.12f1/Unity.app/Contents/MonoBleedingEdge/lib/mono/unityjit'
Mono config path = '/Applications/Unity/2020.3.12f1/Unity.app/Contents/MonoBleedingEdge/etc'
Using monoOptions --debugger-agent=transport=dt_socket,embedding=1,server=y,suspend=n,address=127.0.0.1:56405
Begin MonoManager ReloadAssembly
Registering precompiled unity dll's ...
Register platform support module: /Applications/Unity/2020.3.12f1/Unity.app/Contents/PlaybackEngines/MacStandaloneSupport/UnityEditor.OSXStandalone.Extensions.dll
Registered in 0.065311 seconds.
Native extension for OSXStandalone target not found
Refreshing native plugins compatible for Editor in 62.03 ms, found 3 plugins.
Preloading 1 native plugins for Editor in 2.37 ms.
Mono: successfully reloaded assembly
- Completed reload, in  6.618 seconds
Platform modules already initialized, skipping
Registering precompiled user dll's ...
Registered in 0.644398 seconds.
Begin MonoManager ReloadAssembly
Native extension for OSXStandalone target not found
Refreshing native plugins compatible for Editor in 0.70 ms, found 3 plugins.
Preloading 1 native plugins for Editor in 2.54 ms.
Mono: successfully reloaded assembly
- Completed reload, in  3.742 seconds
Platform modules already initialized, skipping
========================================================================
Worker process is ready to serve import requests
Launching external process: /Applications/Unity/2020.3.12f1/Unity.app/Contents/Tools/UnityShaderCompiler
Launched and connected shader compiler UnityShaderCompiler after 0.08 seconds
Refreshing native plugins compatible for Editor in 0.87 ms, found 3 plugins.
Preloading 1 native plugins for Editor in 2.64 ms.
Unloading 1992 Unused Serialized files (Serialized files now loaded: 0)
System memory in use before: 191.9 MB.
System memory in use after: 188.2 MB.

Unloading 36 unused Assets to reduce memory usage. Loaded Objects now: 2438.
Total: 5.838691 ms (FindLiveObjects: 0.248665 ms CreateObjectMapping: 0.127758 ms MarkObjects: 2.112371 ms  DeleteObjects: 3.348990 ms)

AssetImportParameters requested are different than current active one (requested -> active):
  custom:video-decoder-ogg-theora: a1e56fd34408186e4bbccfd4996cb3dc -> 
  custom:container-muxer-webm: aa71ff27fc2769a1b78a27578f13a17b -> 
  custom:container-demuxer-webm: 4f35f7cbe854078d1ac9338744f61a02 -> 
  custom:container-demuxer-ogg: 62fdf1f143b41e24485cea50d1cbac27 -> 
  custom:video-encoder-webm-vp8: eb34c28f22e8b96e1ab97ce403110664 -> 
  custom:framework-osx-AVFoundation: e770b220cccbd017edd2c1fefb359320 -> 
  custom:video-decoder-webm-vp8: 9c59270c3fd7afecdb556c50c9e8de78 -> 
  custom:audio-decoder-ogg-vorbis: bf7c407c2cedff20999df2af8eb42d56 -> 
  custom:audio-encoder-webm-vorbis: bf7c407c2cedff20999df2af8eb42d56 -> 
========================================================================
Received Import Request.
  path: Assets/Landmarks/Prefabs/_Landmarks_.prefab
  artifactKey: Guid(0eaa84beeb5544ef08a8fa759a1176ce) Importer(815301076,1909f56bfc062723c751e8b465ee728b)
Start importing Assets/Landmarks/Prefabs/_Landmarks_.prefab using Guid(0eaa84beeb5544ef08a8fa759a1176ce) Importer(815301076,1909f56bfc062723c751e8b465ee728b)  -> (artifact id: 'e67ea9828f5f29644a8a83ab4cd3c421') in 4.787072 seconds 
  Import took 4.798496 seconds .

========================================================================
Received Import Request.
  Time since last request: 23.964558 seconds.
  path: Assets/Landmarks/Prefabs/TASK_NavigationTask.prefab
  artifactKey: Guid(4e09813be04144d928219cb9abe866cf) Importer(815301076,1909f56bfc062723c751e8b465ee728b)
Start importing Assets/Landmarks/Prefabs/TASK_NavigationTask.prefab using Guid(4e09813be04144d928219cb9abe866cf) Importer(815301076,1909f56bfc062723c751e8b465ee728b)  -> (artifact id: 'ae32a51019596ed139f8decc5bcd03f3') in 0.147535 seconds 
  Import took 0.153342 seconds .

AssetImportWorkerClient::OnTransportError - code=2 error=End of file
