Using pre-set license

 COMMAND LINE ARGUMENTS:
/Applications/Unity/2020.3.12f1/Unity.app/Contents/MacOS/Unity
-adb2
-batchMode
-noUpm
-name
AssetImportWorker0
-projectPath
/Users/mjstarrett/Documents/unity/git/Landmarks
-logFile
Logs/AssetImportWorker0.log
-srvPort
58013
Successfully changed project path to: /Users/mjstarrett/Documents/unity/git/Landmarks
/Users/mjstarrett/Documents/unity/git/Landmarks
Using Asset Import Pipeline V2.
Refreshing native plugins compatible for Editor in 104.86 ms, found 3 plugins.
Preloading 1 native plugins for Editor in 4.58 ms.
Initialize engine version: 2020.3.12f1 (b3b2c6512326)
[Subsystems] Discovering subsystems at path /Applications/Unity/2020.3.12f1/Unity.app/Contents/Resources/UnitySubsystems
[Subsystems] Discovering subsystems at path /Users/mjstarrett/Documents/unity/git/Landmarks/Assets
GfxDevice: creating device client; threaded=0
2021-07-09 15:32:16.076 Unity[3501:136154] Color LCD preferred device: Intel(R) Iris(TM) Plus Graphics 640 (low power)
2021-07-09 15:32:16.076 Unity[3501:136154] Metal devices available: 1
2021-07-09 15:32:16.076 Unity[3501:136154] 0: Intel(R) Iris(TM) Plus Graphics 640 (low power)
2021-07-09 15:32:16.076 Unity[3501:136154] Using device Intel(R) Iris(TM) Plus Graphics 640 (low power)
Initializing Metal device caps: Intel(R) Iris(TM) Plus Graphics 640
Initialize mono
Mono path[0] = '/Applications/Unity/2020.3.12f1/Unity.app/Contents/Managed'
Mono path[1] = '/Applications/Unity/2020.3.12f1/Unity.app/Contents/MonoBleedingEdge/lib/mono/unityjit'
Mono config path = '/Applications/Unity/2020.3.12f1/Unity.app/Contents/MonoBleedingEdge/etc'
Using monoOptions --debugger-agent=transport=dt_socket,embedding=1,server=y,suspend=n,address=127.0.0.1:56501
Begin MonoManager ReloadAssembly
Registering precompiled unity dll's ...
Register platform support module: /Applications/Unity/2020.3.12f1/Unity.app/Contents/PlaybackEngines/MacStandaloneSupport/UnityEditor.OSXStandalone.Extensions.dll
Registered in 0.002972 seconds.
Native extension for OSXStandalone target not found
Refreshing native plugins compatible for Editor in 73.61 ms, found 3 plugins.
Preloading 1 native plugins for Editor in 3.37 ms.
Mono: successfully reloaded assembly
- Completed reload, in  4.314 seconds
Platform modules already initialized, skipping
Registering precompiled user dll's ...
Registered in 0.027439 seconds.
Begin MonoManager ReloadAssembly
Native extension for OSXStandalone target not found
Refreshing native plugins compatible for Editor in 0.88 ms, found 3 plugins.
Preloading 1 native plugins for Editor in 2.59 ms.
Mono: successfully reloaded assembly
- Completed reload, in  1.861 seconds
Platform modules already initialized, skipping
========================================================================
Worker process is ready to serve import requests
Launching external process: /Applications/Unity/2020.3.12f1/Unity.app/Contents/Tools/UnityShaderCompiler
Launched and connected shader compiler UnityShaderCompiler after 0.05 seconds
Refreshing native plugins compatible for Editor in 1.36 ms, found 3 plugins.
Preloading 1 native plugins for Editor in 2.28 ms.
Unloading 2011 Unused Serialized files (Serialized files now loaded: 0)
System memory in use before: 195.1 MB.
System memory in use after: 191.4 MB.

Unloading 37 unused Assets to reduce memory usage. Loaded Objects now: 2456.
Total: 6.767082 ms (FindLiveObjects: 0.237374 ms CreateObjectMapping: 0.078850 ms MarkObjects: 1.907632 ms  DeleteObjects: 4.542086 ms)

AssetImportParameters requested are different than current active one (requested -> active):
  custom:video-decoder-ogg-theora: a1e56fd34408186e4bbccfd4996cb3dc -> 
  custom:container-muxer-webm: aa71ff27fc2769a1b78a27578f13a17b -> 
  custom:container-demuxer-webm: 4f35f7cbe854078d1ac9338744f61a02 -> 
  custom:container-demuxer-ogg: 62fdf1f143b41e24485cea50d1cbac27 -> 
  custom:video-encoder-webm-vp8: eb34c28f22e8b96e1ab97ce403110664 -> 
  custom:framework-osx-AVFoundation: e770b220cccbd017edd2c1fefb359320 -> 
  custom:video-decoder-webm-vp8: 9c59270c3fd7afecdb556c50c9e8de78 -> 
  custom:audio-decoder-ogg-vorbis: bf7c407c2cedff20999df2af8eb42d56 -> 
  custom:audio-encoder-webm-vorbis: bf7c407c2cedff20999df2af8eb42d56 -> 
========================================================================
Received Prepare
Refreshing native plugins compatible for Editor in 15.66 ms, found 3 plugins.
Preloading 1 native plugins for Editor in 2.22 ms.
Unloading 30 Unused Serialized files (Serialized files now loaded: 0)
System memory in use before: 152.3 MB.
System memory in use after: 148.6 MB.

Unloading 29 unused Assets to reduce memory usage. Loaded Objects now: 2456.
Total: 5.606694 ms (FindLiveObjects: 0.212514 ms CreateObjectMapping: 0.068916 ms MarkObjects: 1.862651 ms  DeleteObjects: 3.461733 ms)

AssetImportParameters requested are different than current active one (requested -> active):
  custom:video-decoder-ogg-theora: a1e56fd34408186e4bbccfd4996cb3dc -> 
  custom:container-muxer-webm: aa71ff27fc2769a1b78a27578f13a17b -> 
  custom:container-demuxer-webm: 4f35f7cbe854078d1ac9338744f61a02 -> 
  custom:container-demuxer-ogg: 62fdf1f143b41e24485cea50d1cbac27 -> 
  custom:video-encoder-webm-vp8: eb34c28f22e8b96e1ab97ce403110664 -> 
  custom:framework-osx-AVFoundation: e770b220cccbd017edd2c1fefb359320 -> 
  custom:video-decoder-webm-vp8: 9c59270c3fd7afecdb556c50c9e8de78 -> 
  custom:audio-decoder-ogg-vorbis: bf7c407c2cedff20999df2af8eb42d56 -> 
  custom:audio-encoder-webm-vorbis: bf7c407c2cedff20999df2af8eb42d56 -> 
========================================================================
Received Import Request.
  path: Assets/Landmarks/Prefabs/Targets/Geometric/Cylinder.prefab
  artifactKey: Guid(10447f1d9a51542859902320668dd82c) Importer(815301076,1909f56bfc062723c751e8b465ee728b)
Start importing Assets/Landmarks/Prefabs/Targets/Geometric/Cylinder.prefab using Guid(10447f1d9a51542859902320668dd82c) Importer(815301076,1909f56bfc062723c751e8b465ee728b)  -> (artifact id: '9090af0831ab9bf83ef6105f259636d0') in 1.424517 seconds 
  Import took 1.430491 seconds .

========================================================================
Received Import Request.
  Time since last request: 9.710127 seconds.
  path: Assets/Landmarks/Prefabs/Targets/Geometric/Sphere.prefab
  artifactKey: Guid(880afdf0b16ec4d139e771350598b701) Importer(815301076,1909f56bfc062723c751e8b465ee728b)
Start importing Assets/Landmarks/Prefabs/Targets/Geometric/Sphere.prefab using Guid(880afdf0b16ec4d139e771350598b701) Importer(815301076,1909f56bfc062723c751e8b465ee728b)  -> (artifact id: 'a8a3f9f59be68dd45165d1d41854141b') in 0.027330 seconds 
  Import took 0.032872 seconds .

AssetImportWorkerClient::OnTransportError - code=2 error=End of file
