63694640470450	TASK_START	LM_Timeline	TaskList
63694640470450	TASK:	LM_Timeline	Repetition:	1	Catch:	False
63694640470450	TASK_START	InitializeExperiment	TaskList
63694640470450	TASK:	InitializeExperiment	Repetition:	1	Catch:	False
63694640470451	TASK_START	CheckForUsedStores	CheckForSavedObjects
63694640470459	TASK_END	CheckForUsedStores	CheckForSavedObjects	8
63694640470460	TASK_START	PlaceTargets	TaskList
63694640470460	TASK:	PlaceTargets	Repetition:	1	Catch:	False
63694640470461	TASK_START	ListHighlightObjects	ObjectList
63694640470461	TASK_ADD	ListHighlightObjects	ObjectList	Highlight01	null
63694640470461	TASK_ADD	ListHighlightObjects	ObjectList	Highlight02	null
63694640470461	TASK_ADD	ListHighlightObjects	ObjectList	Highlight03	null
63694640470461	TASK_ADD	ListHighlightObjects	ObjectList	Highlight04	null
63694640470461	TASK_ADD	ListHighlightObjects	ObjectList	Highlight05	null
63694640470461	TASK_ADD	ListHighlightObjects	ObjectList	Highlight06	null
63694640470461	TASK_ADD	ListHighlightObjects	ObjectList	Highlight07	null
63694640470461	TASK_ADD	ListHighlightObjects	ObjectList	Highlight08	null
63694640470503	TASK_END	ListHighlightObjects	ObjectList	42
63694640470504	TASK_START	ListTargetPlaceholders	ObjectList
63694640470504	TASK_ADD	ListTargetPlaceholders	ObjectList	Target01	null
63694640470504	TASK_ADD	ListTargetPlaceholders	ObjectList	Target02	null
63694640470504	TASK_ADD	ListTargetPlaceholders	ObjectList	Target03	null
63694640470504	TASK_ADD	ListTargetPlaceholders	ObjectList	Target04	null
63694640470504	TASK_ADD	ListTargetPlaceholders	ObjectList	Target05	null
63694640470504	TASK_ADD	ListTargetPlaceholders	ObjectList	Target06	null
63694640470504	TASK_ADD	ListTargetPlaceholders	ObjectList	Target07	null
63694640470504	TASK_ADD	ListTargetPlaceholders	ObjectList	Target08	null
63694640470512	TASK_END	ListTargetPlaceholders	ObjectList	8
63694640470513	TASK_START	PopulateHighlightObjects	MoveObjects
63694640470515	Target01: 	Highlight01	Position: 	5.95	0.085	116.45	Rotation: 	270	270	0
63694640470515	Target02: 	Highlight02	Position: 	5.95	0.085	14.45	Rotation: 	270	270	0
63694640470515	Target03: 	Highlight03	Position: 	85.935	0.085	14.45	Rotation: 	270	270	0
63694640470515	Target04: 	Highlight04	Position: 	85.935	0.085	74.45999	Rotation: 	270	270	0
63694640470515	Target05: 	Highlight05	Position: 	36.55	0.085	74.45999	Rotation: 	270	180	0
63694640470515	Target06: 	Highlight06	Position: 	36.55	0.085	116.45	Rotation: 	270	180	0
63694640470515	Target07: 	Highlight07	Position: 	76.49999	0.085	106.25	Rotation: 	270	0	0
63694640470515	Target08: 	Highlight08	Position: 	76.49999	0.085	37.4	Rotation: 	270	90	0
63694640470519	TASK_END	PopulateHighlightObjects	MoveObjects	6
63694640470521	TASK_START	ListTargets	ObjectList
63694640470521	TASK_ADD	ListTargets	ObjectList	Camera Store	null
63694640470521	TASK_ADD	ListTargets	ObjectList	Pharmacy	null
63694640470521	TASK_ADD	ListTargets	ObjectList	Bakery	null
63694640470521	TASK_ADD	ListTargets	ObjectList	Post Office	null
63694640470521	TASK_ADD	ListTargets	ObjectList	Grocery	null
63694640470521	TASK_ADD	ListTargets	ObjectList	Barber	null
63694640470521	TASK_ADD	ListTargets	ObjectList	Toy Shop	null
63694640470521	TASK_ADD	ListTargets	ObjectList	Repair Shop	null
63694640470521	TASK_ADD	ListTargets	ObjectList	Coffee Shop	null
63694640470521	TASK_ADD	ListTargets	ObjectList	Bike Shop	null
63694640470521	TASK_ADD	ListTargets	ObjectList	Ice Cream Shop	null
63694640470521	TASK_ADD	ListTargets	ObjectList	Clothing Store	null
63694640470521	TASK_ADD	ListTargets	ObjectList	Hair Dresser	null
63694640470521	TASK_ADD	ListTargets	ObjectList	Pet Shop	null
63694640470521	TASK_ADD	ListTargets	ObjectList	Music Store	null
63694640470521	TASK_ADD	ListTargets	ObjectList	Computer Shop	null
63694640470527	TASK_END	ListTargets	ObjectList	6
63694640470528	TASK_START	ListTargetLocations	ObjectList
63694640470528	TASK_ADD	ListTargetLocations	ObjectList	Target01	null
63694640470528	TASK_ADD	ListTargetLocations	ObjectList	Target02	null
63694640470528	TASK_ADD	ListTargetLocations	ObjectList	Target03	null
63694640470528	TASK_ADD	ListTargetLocations	ObjectList	Target04	null
63694640470528	TASK_ADD	ListTargetLocations	ObjectList	Target05	null
63694640470528	TASK_ADD	ListTargetLocations	ObjectList	Target06	null
63694640470528	TASK_ADD	ListTargetLocations	ObjectList	Target07	null
63694640470528	TASK_ADD	ListTargetLocations	ObjectList	Target08	null
63694640470531	TASK_END	ListTargetLocations	ObjectList	3
63694640470532	TASK_START	PopulateTargets	MoveObjects
63694640470533	Target01: 	Camera Store	Position: 	5.95	0.085	116.45	Rotation: 	270	270	0
63694640470533	Target02: 	Pharmacy	Position: 	5.95	0.085	14.45	Rotation: 	270	270	0
63694640470533	Target03: 	Bakery	Position: 	85.935	0.085	14.45	Rotation: 	270	270	0
63694640470533	Target04: 	Post Office	Position: 	85.935	0.085	74.45998	Rotation: 	270	270	0
63694640470533	Target05: 	Grocery	Position: 	36.55	0.085	74.45998	Rotation: 	270	180	0
63694640470533	Target06: 	Barber	Position: 	36.55	0.085	116.45	Rotation: 	270	180	0
63694640470533	Target07: 	Toy Shop	Position: 	76.49999	0.085	106.25	Rotation: 	270	0	0
63694640470533	Target08: 	Repair Shop	Position: 	76.49999	0.085	37.4	Rotation: 	270	90	0
63694640470539	TASK_END	PopulateTargets	MoveObjects	7
63694640470539	TASK_END	PlaceTargets	TaskList	79
63694640470540	TASK_START	ListNavigationStarts	ObjectList
63694640470540	TASK_ADD	ListNavigationStarts	ObjectList	StartLoc08	null
63694640470540	TASK_ADD	ListNavigationStarts	ObjectList	StartLoc03	null
63694640470540	TASK_ADD	ListNavigationStarts	ObjectList	StartLoc07	null
63694640470540	TASK_ADD	ListNavigationStarts	ObjectList	StartLoc01	null
63694640470540	TASK_ADD	ListNavigationStarts	ObjectList	StartLoc06	null
63694640470540	TASK_ADD	ListNavigationStarts	ObjectList	StartLoc02	null
63694640470540	TASK_ADD	ListNavigationStarts	ObjectList	StartLoc05	null
63694640470540	TASK_ADD	ListNavigationStarts	ObjectList	StartLoc04	null
63694640470543	TASK_END	ListNavigationStarts	ObjectList	3
63694640470544	TASK_START	ListLargePlayerStarts	ObjectList
63694640470544	TASK_ADD	ListLargePlayerStarts	ObjectList	ScaledPlayerSpawn03	null
63694640470544	TASK_ADD	ListLargePlayerStarts	ObjectList	ScaledPlayerSpawn05	null
63694640470544	TASK_ADD	ListLargePlayerStarts	ObjectList	ScaledPlayerSpawn07	null
63694640470544	TASK_ADD	ListLargePlayerStarts	ObjectList	ScaledPlayerSpawn08	null
63694640470544	TASK_ADD	ListLargePlayerStarts	ObjectList	ScaledPlayerSpawn02	null
63694640470544	TASK_ADD	ListLargePlayerStarts	ObjectList	ScaledPlayerSpawn01	null
63694640470544	TASK_ADD	ListLargePlayerStarts	ObjectList	ScaledPlayerSpawn06	null
63694640470544	TASK_ADD	ListLargePlayerStarts	ObjectList	ScaledPlayerSpawn04	null
63694640470547	TASK_END	ListLargePlayerStarts	ObjectList	3
63694640470548	TASK_START	ListSmallPlayerStarts	ObjectList
63694640470548	TASK_ADD	ListSmallPlayerStarts	ObjectList	StartLoc06	null
63694640470548	TASK_ADD	ListSmallPlayerStarts	ObjectList	StartLoc03	null
63694640470548	TASK_ADD	ListSmallPlayerStarts	ObjectList	StartLoc02	null
63694640470548	TASK_ADD	ListSmallPlayerStarts	ObjectList	StartLoc04	null
63694640470548	TASK_ADD	ListSmallPlayerStarts	ObjectList	StartLoc07	null
63694640470548	TASK_ADD	ListSmallPlayerStarts	ObjectList	StartLoc08	null
63694640470548	TASK_ADD	ListSmallPlayerStarts	ObjectList	StartLoc01	null
63694640470548	TASK_ADD	ListSmallPlayerStarts	ObjectList	StartLoc05	null
63694640470551	TASK_END	ListSmallPlayerStarts	ObjectList	3
63694640470551	TASK_END	InitializeExperiment	TaskList	101
63694640470553	TASK_START	BeginMessage	InstructionsTask
63694640551813	TASK_END	LM_Timeline	TaskList	81363
