63695424416250	EXPERIMENT:	esc	SUBJECT:	104	BIOSEX:	Male	AGE:	30	START_SCENE	esc_city01	START_CONDITION:	Scaled	UI:	ViveAndVirtualizer
63695424416339	TASK_START	LM_Timeline	TaskList
63695424416339	TASK:	LM_Timeline	Repetition:	1	Catch:	False
63695424416340	TASK_START	InitializeExperiment	TaskList
63695424416340	TASK:	InitializeExperiment	Repetition:	1	Catch:	False
63695424416340	TASK_START	PlaceTargets	TaskList
63695424416341	TASK:	PlaceTargets	Repetition:	1	Catch:	False
63695424416341	TASK_START	CheckForUsedTargets	LM_CompareLists
63695424416379	TASK_END	CheckForUsedTargets	LM_CompareLists	38
63695424416381	TASK_START	ListHighlightObjects	ObjectList
63695424416381	TASK_ADD	ListHighlightObjects	ObjectList	Highlight01	null
63695424416381	TASK_ADD	ListHighlightObjects	ObjectList	Highlight02	null
63695424416381	TASK_ADD	ListHighlightObjects	ObjectList	Highlight03	null
63695424416381	TASK_ADD	ListHighlightObjects	ObjectList	Highlight04	null
63695424416381	TASK_ADD	ListHighlightObjects	ObjectList	Highlight05	null
63695424416381	TASK_ADD	ListHighlightObjects	ObjectList	Highlight06	null
63695424416381	TASK_ADD	ListHighlightObjects	ObjectList	Highlight07	null
63695424416381	TASK_ADD	ListHighlightObjects	ObjectList	Highlight08	null
63695424416412	TASK_END	ListHighlightObjects	ObjectList	31
63695424416413	TASK_START	ListTargetPlaceholders	ObjectList
63695424416413	TASK_ADD	ListTargetPlaceholders	ObjectList	Target01	null
63695424416413	TASK_ADD	ListTargetPlaceholders	ObjectList	Target02	null
63695424416413	TASK_ADD	ListTargetPlaceholders	ObjectList	Target03	null
63695424416413	TASK_ADD	ListTargetPlaceholders	ObjectList	Target04	null
63695424416413	TASK_ADD	ListTargetPlaceholders	ObjectList	Target05	null
63695424416413	TASK_ADD	ListTargetPlaceholders	ObjectList	Target06	null
63695424416413	TASK_ADD	ListTargetPlaceholders	ObjectList	Target07	null
63695424416413	TASK_ADD	ListTargetPlaceholders	ObjectList	Target08	null
63695424416431	TASK_END	ListTargetPlaceholders	ObjectList	18
63695424416433	TASK_START	PopulateHighlightObjects	MoveObjects
63695424416434	Target01: 	Highlight01	Position: 	5.95	0.085	116.45	Rotation: 	270	270	0
63695424416434	Target02: 	Highlight02	Position: 	5.95	0.085	14.45	Rotation: 	270	270	0
63695424416434	Target03: 	Highlight03	Position: 	85.935	0.085	14.45	Rotation: 	270	270	0
63695424416434	Target04: 	Highlight04	Position: 	85.935	0.085	74.45999	Rotation: 	270	270	0
63695424416434	Target05: 	Highlight05	Position: 	36.55	0.085	74.45999	Rotation: 	270	180	0
63695424416434	Target06: 	Highlight06	Position: 	36.55	0.085	116.45	Rotation: 	270	180	0
63695424416434	Target07: 	Highlight07	Position: 	76.49999	0.085	106.25	Rotation: 	270	0	0
63695424416434	Target08: 	Highlight08	Position: 	76.49999	0.085	37.4	Rotation: 	270	90	0
63695424416451	TASK_END	PopulateHighlightObjects	MoveObjects	18
63695424416453	TASK_START	ListTargets	ObjectList
63695424416453	TASK_ADD	ListTargets	ObjectList	Bike Shop	null
63695424416453	TASK_ADD	ListTargets	ObjectList	Hair Dresser	null
63695424416453	TASK_ADD	ListTargets	ObjectList	Grocery	null
63695424416453	TASK_ADD	ListTargets	ObjectList	Ice Cream Shop	null
63695424416453	TASK_ADD	ListTargets	ObjectList	Toy Shop	null
63695424416453	TASK_ADD	ListTargets	ObjectList	Computer Shop	null
63695424416453	TASK_ADD	ListTargets	ObjectList	Pet Shop	null
63695424416453	TASK_ADD	ListTargets	ObjectList	Music Store	null
63695424416453	TASK_ADD	ListTargets	ObjectList	Barber Shop	null
63695424416453	TASK_ADD	ListTargets	ObjectList	Post Office	null
63695424416453	TASK_ADD	ListTargets	ObjectList	Repair Shop	null
63695424416453	TASK_ADD	ListTargets	ObjectList	Coffee Shop	null
63695424416453	TASK_ADD	ListTargets	ObjectList	Pharmacy	null
63695424416453	TASK_ADD	ListTargets	ObjectList	Clothing Store	null
63695424416453	TASK_ADD	ListTargets	ObjectList	Bakery	null
63695424416453	TASK_ADD	ListTargets	ObjectList	Camera Store	null
63695424416473	TASK_END	ListTargets	ObjectList	20
63695424416474	TASK_START	ListTargetLocations	ObjectList
63695424416474	TASK_ADD	ListTargetLocations	ObjectList	Target01	null
63695424416474	TASK_ADD	ListTargetLocations	ObjectList	Target02	null
63695424416474	TASK_ADD	ListTargetLocations	ObjectList	Target03	null
63695424416474	TASK_ADD	ListTargetLocations	ObjectList	Target04	null
63695424416474	TASK_ADD	ListTargetLocations	ObjectList	Target05	null
63695424416474	TASK_ADD	ListTargetLocations	ObjectList	Target06	null
63695424416474	TASK_ADD	ListTargetLocations	ObjectList	Target07	null
63695424416474	TASK_ADD	ListTargetLocations	ObjectList	Target08	null
63695424416483	TASK_END	ListTargetLocations	ObjectList	8
63695424416484	TASK_START	PopulateTargets	MoveObjects
63695424416485	TARGET INFORMATION ----------------------------------------
63695424416485	Target01: 	Bike Shop	Position: 	5.95	0.085	116.45	Rotation: 	270	270	0
63695424416485	Target02: 	Hair Dresser	Position: 	5.95	0.085	14.45	Rotation: 	270	270	0
63695424416485	Target03: 	Grocery	Position: 	85.935	0.085	14.45	Rotation: 	270	270	0
63695424416485	Target04: 	Ice Cream Shop	Position: 	85.935	0.085	74.45998	Rotation: 	270	270	0
63695424416486	Target05: 	Toy Shop	Position: 	36.55	0.085	74.45998	Rotation: 	270	180	0
63695424416486	Target06: 	Computer Shop	Position: 	36.55	0.085	116.45	Rotation: 	270	180	0
63695424416486	Target07: 	Pet Shop	Position: 	76.49999	0.085	106.25	Rotation: 	270	0	0
63695424416486	Target08: 	Music Store	Position: 	76.49999	0.085	37.4	Rotation: 	270	90	0
63695424416486	-----------------------------------------------------------
63695424416492	TASK_END	PopulateTargets	MoveObjects	8
63695424416493	TASK_START	UpdateUsedTargets	LM_CompareLists
63695424416501	TASK_END	UpdateUsedTargets	LM_CompareLists	8
63695424416502	TASK_END	PlaceTargets	TaskList	162
63695424416503	TASK_START	ListNavigationStarts	ObjectList
63695424416503	TASK_ADD	ListNavigationStarts	ObjectList	StartLoc05	null
63695424416503	TASK_ADD	ListNavigationStarts	ObjectList	StartLoc04	null
63695424416503	TASK_ADD	ListNavigationStarts	ObjectList	StartLoc03	null
63695424416503	TASK_ADD	ListNavigationStarts	ObjectList	StartLoc06	null
63695424416503	TASK_ADD	ListNavigationStarts	ObjectList	StartLoc02	null
63695424416503	TASK_ADD	ListNavigationStarts	ObjectList	StartLoc01	null
63695424416503	TASK_ADD	ListNavigationStarts	ObjectList	StartLoc07	null
63695424416503	TASK_ADD	ListNavigationStarts	ObjectList	StartLoc08	null
63695424416512	TASK_END	ListNavigationStarts	ObjectList	9
63695424416513	TASK_START	ListLargePlayerStarts	ObjectList
63695424416513	TASK_ADD	ListLargePlayerStarts	ObjectList	ScaledPlayerSpawn07	null
63695424416513	TASK_ADD	ListLargePlayerStarts	ObjectList	ScaledPlayerSpawn01	null
63695424416513	TASK_ADD	ListLargePlayerStarts	ObjectList	ScaledPlayerSpawn08	null
63695424416513	TASK_ADD	ListLargePlayerStarts	ObjectList	ScaledPlayerSpawn06	null
63695424416513	TASK_ADD	ListLargePlayerStarts	ObjectList	ScaledPlayerSpawn04	null
63695424416513	TASK_ADD	ListLargePlayerStarts	ObjectList	ScaledPlayerSpawn02	null
63695424416513	TASK_ADD	ListLargePlayerStarts	ObjectList	ScaledPlayerSpawn05	null
63695424416513	TASK_ADD	ListLargePlayerStarts	ObjectList	ScaledPlayerSpawn03	null
63695424416523	TASK_END	ListLargePlayerStarts	ObjectList	10
63695424416524	TASK_START	ListSmallPlayerStarts	ObjectList
63695424416524	TASK_ADD	ListSmallPlayerStarts	ObjectList	StartLoc05	null
63695424416524	TASK_ADD	ListSmallPlayerStarts	ObjectList	StartLoc04	null
63695424416524	TASK_ADD	ListSmallPlayerStarts	ObjectList	StartLoc02	null
63695424416524	TASK_ADD	ListSmallPlayerStarts	ObjectList	StartLoc08	null
63695424416524	TASK_ADD	ListSmallPlayerStarts	ObjectList	StartLoc01	null
63695424416524	TASK_ADD	ListSmallPlayerStarts	ObjectList	StartLoc07	null
63695424416524	TASK_ADD	ListSmallPlayerStarts	ObjectList	StartLoc03	null
63695424416524	TASK_ADD	ListSmallPlayerStarts	ObjectList	StartLoc06	null
63695424416534	TASK_END	ListSmallPlayerStarts	ObjectList	10
63695424416534	TASK_END	InitializeExperiment	TaskList	194
63695424416536	TASK_START	BeginMessage	InstructionsTask
63695424427948	INPUT_EVENT    PlayerP