63695424429357	EXPERIMENT:	esc	SUBJECT:	104	BIOSEX:	Male	AGE:	30	START_SCENE	esc_city02	START_CONDITION:	Standard	UI:	ViveAndVirtualizer
63695424429407	TASK_START	LM_Timeline	TaskList
63695424429407	TASK:	LM_Timeline	Repetition:	1	Catch:	False
63695424429408	TASK_START	InitializeExperiment	TaskList
63695424429408	TASK:	InitializeExperiment	Repetition:	1	Catch:	False
63695424429408	TASK_START	PlaceTargets	TaskList
63695424429408	TASK:	PlaceTargets	Repetition:	1	Catch:	False
63695424429409	TASK_START	CheckForUsedTargets	LM_CompareLists
63695424429432	TASK_END	CheckForUsedTargets	LM_CompareLists	23
63695424429433	TASK_START	ListHighlightObjects	ObjectList
63695424429433	TASK_ADD	ListHighlightObjects	ObjectList	Highlight01	null
63695424429433	TASK_ADD	ListHighlightObjects	ObjectList	Highlight02	null
63695424429433	TASK_ADD	ListHighlightObjects	ObjectList	Highlight03	null
63695424429433	TASK_ADD	ListHighlightObjects	ObjectList	Highlight04	null
63695424429433	TASK_ADD	ListHighlightObjects	ObjectList	Highlight05	null
63695424429433	TASK_ADD	ListHighlightObjects	ObjectList	Highlight06	null
63695424429433	TASK_ADD	ListHighlightObjects	ObjectList	Highlight07	null
63695424429433	TASK_ADD	ListHighlightObjects	ObjectList	Highlight08	null
63695424429478	TASK_END	ListHighlightObjects	ObjectList	45
63695424429479	TASK_START	ListTargetPlaceholders	ObjectList
63695424429479	TASK_ADD	ListTargetPlaceholders	ObjectList	Target01	null
63695424429479	TASK_ADD	ListTargetPlaceholders	ObjectList	Target02	null
63695424429479	TASK_ADD	ListTargetPlaceholders	ObjectList	Target03	null
63695424429479	TASK_ADD	ListTargetPlaceholders	ObjectList	Target04	null
63695424429479	TASK_ADD	ListTargetPlaceholders	ObjectList	Target05	null
63695424429479	TASK_ADD	ListTargetPlaceholders	ObjectList	Target06	null
63695424429479	TASK_ADD	ListTargetPlaceholders	ObjectList	Target07	null
63695424429479	TASK_ADD	ListTargetPlaceholders	ObjectList	Target08	null
63695424429502	TASK_END	ListTargetPlaceholders	ObjectList	23
63695424429503	TASK_START	PopulateHighlightObjects	MoveObjects
63695424429503	Target01: 	Highlight01	Position: 	86.70001	0.08500671	138.55	Rotation: 	270	0	0
63695424429503	Target02: 	Highlight02	Position: 	86.70001	0.08500671	55.25	Rotation: 	270	270	0
63695424429503	Target03: 	Highlight03	Position: 	36.54999	0.08500671	55.25	Rotation: 	270	90	0
63695424429503	Target04: 	Highlight04	Position: 	36.54999	0.08500671	86.70001	Rotation: 	270	270	0
63695424429503	Target05: 	Highlight05	Position: 	76.5	0.08500671	86.70001	Rotation: 	270	180	0
63695424429503	Target06: 	Highlight06	Position: 	76.5	0.08500671	16.15002	Rotation: 	270	90	0
63695424429503	Target07: 	Highlight07	Position: 	14.28003	0.08500671	16.15002	Rotation: 	270	90	0
63695424429503	Target08: 	Highlight08	Position: 	14.28003	0.08500671	137.445	Rotation: 	270	0	0
63695424429512	TASK_END	PopulateHighlightObjects	MoveObjects	9
63695424429513	TASK_START	ListTargets	ObjectList
63695424429513	TASK_ADD	ListTargets	ObjectList	Barber Shop	null
63695424429513	TASK_ADD	ListTargets	ObjectList	Clothing Store	null
63695424429513	TASK_ADD	ListTargets	ObjectList	Post Office	null
63695424429513	TASK_ADD	ListTargets	ObjectList	Bakery	null
63695424429513	TASK_ADD	ListTargets	ObjectList	Repair Shop	null
63695424429513	TASK_ADD	ListTargets	ObjectList	Camera Store	null
63695424429513	TASK_ADD	ListTargets	ObjectList	Pharmacy	null
63695424429513	TASK_ADD	ListTargets	ObjectList	Coffee Shop	null
63695424429519	TASK_END	ListTargets	ObjectList	6
63695424429520	TASK_START	ListTargetLocations	ObjectList
63695424429520	TASK_ADD	ListTargetLocations	ObjectList	Target01	null
63695424429520	TASK_ADD	ListTargetLocations	ObjectList	Target02	null
63695424429520	TASK_ADD	ListTargetLocations	ObjectList	Target03	null
63695424429520	TASK_ADD	ListTargetLocations	ObjectList	Target04	null
63695424429520	TASK_ADD	ListTargetLocations	ObjectList	Target05	null
63695424429520	TASK_ADD	ListTargetLocations	ObjectList	Target06	null
63695424429520	TASK_ADD	ListTargetLocations	ObjectList	Target07	null
63695424429520	TASK_ADD	ListTargetLocations	ObjectList	Target08	null
63695424429532	TASK_END	ListTargetLocations	ObjectList	12
63695424429533	TASK_START	PopulateTargets	MoveObjects
63695424429534	TARGET INFORMATION ----------------------------------------
63695424429534	Target01: 	Barber Shop	Position: 	86.70001	0.08500671	138.55	Rotation: 	270	0	0
63695424429534	Target02: 	Clothing Store	Position: 	86.70001	0.08500671	55.25	Rotation: 	270	270	0
63695424429534	Target03: 	Post Office	Position: 	36.54999	0.08500671	55.25	Rotation: 	270	90	0
63695424429534	Target04: 	Bakery	Position: 	36.54999	0.08500671	86.70001	Rotation: 	270	270	0
63695424429534	Target05: 	Repair Shop	Position: 	76.5	0.08500671	86.70001	Rotation: 	270	180	0
63695424429534	Target06: 	Camera Store	Position: 	76.5	0.08500671	16.15002	Rotation: 	270	90	0
63695424429534	Target07: 	Pharmacy	Position: 	14.28003	0.08500671	16.15002	Rotation: 	270	90	0
63695424429534	Target08: 	Coffee Shop	Position: 	14.28003	0.08500671	137.445	Rotation: 	270	0	0
63695424429534	-----------------------------------------------------------
63695424429540	TASK_END	PopulateTargets	MoveObjects	7
63695424429542	TASK_START	UpdateUsedTargets	LM_CompareLists
63695424429550	TASK_END	UpdateUsedTargets	LM_CompareLists	9
63695424429550	TASK_END	PlaceTargets	TaskList	142
63695424429551	TASK_START	ListNavigationStarts	ObjectList
63695424429551	TASK_ADD	ListNavigationStarts	ObjectList	StartLoc08	null
63695424429551	TASK_ADD	ListNavigationStarts	ObjectList	StartLoc04	null
63695424429551	TASK_ADD	ListNavigationStarts	ObjectList	StartLoc07	null
63695424429551	TASK_ADD	ListNavigationStarts	ObjectList	StartLoc03	null
63695424429551	TASK_ADD	ListNavigationStarts	ObjectList	StartLoc06	null
63695424429551	TASK_ADD	ListNavigationStarts	ObjectList	StartLoc05	null
63695424429551	TASK_ADD	ListNavigationStarts	ObjectList	StartLoc02	null
63695424429551	TASK_ADD	ListNavigationStarts	ObjectList	StartLoc01	null
63695424429561	TASK_END	ListNavigationStarts	ObjectList	10
63695424429562	TASK_START	ListLargePlayerStarts	ObjectList
63695424429562	TASK_ADD	ListLargePlayerStarts	ObjectList	ScaledPlayerSpawn05	null
63695424429562	TASK_ADD	ListLargePlayerStarts	ObjectList	ScaledPlayerSpawn01	null
63695424429562	TASK_ADD	ListLargePlayerStarts	ObjectList	ScaledPlayerSpawn02	null
63695424429562	TASK_ADD	ListLargePlayerStarts	ObjectList	ScaledPlayerSpawn04	null
63695424429562	TASK_ADD	ListLargePlayerStarts	ObjectList	ScaledPlayerSpawn08	null
63695424429562	TASK_ADD	ListLargePlayerStarts	ObjectList	ScaledPlayerSpawn06	null
63695424429562	TASK_ADD	ListLargePlayerStarts	ObjectList	ScaledPlayerSpawn07	null
63695424429562	TASK_ADD	ListLargePlayerStarts	ObjectList	ScaledPlayerSpawn03	null
63695424429572	TASK_END	ListLargePlayerStarts	ObjectList	10
63695424429573	TASK_START	ListSmallPlayerStarts	ObjectList
63695424429573	TASK_ADD	ListSmallPlayerStarts	ObjectList	StartLoc03	null
63695424429573	TASK_ADD	ListSmallPlayerStarts	ObjectList	StartLoc04	null
63695424429573	TASK_ADD	ListSmallPlayerStarts	ObjectList	StartLoc02	null
63695424429573	TASK_ADD	ListSmallPlayerStarts	ObjectList	StartLoc08	null
63695424429573	TASK_ADD	ListSmallPlayerStarts	ObjectList	StartLoc07	null
63695424429573	TASK_ADD	ListSmallPlayerStarts	ObjectList	StartLoc01	null
63695424429573	TASK_ADD	ListSmallPlayerStarts	ObjectList	StartLoc05	null
63695424429573	TASK_ADD	ListSmallPlayerStarts	ObjectList	StartLoc06	null
63695424429584	TASK_END	ListSmallPlayerStarts	ObjectList	11
63695424429584	TASK_END	InitializeExperiment	TaskList	176
63695424429585	TASK_START	BeginMessage	InstructionsTask
63695424477300	TASK_END	LM_Timeline	TaskList	47893
