63721516560386	EXPERIMENT:		SUBJECT:	138	START_SCENE	esc_city02	START_CONDITION:	Standard	UI:	KeyboardMouse
63721516560435	TASK_START	LM_Timeline	TaskList
63721516560436	EEG_TRIGGER	Name	EXP_start	Value	1
63721516560436	TASK_START	InitializeExperiment	TaskList
63721516560436	TASK_START	PlaceTargets	TaskList
63721516560436	TASK_START	CheckForUsedTargets	LM_CompareLists
63721516560441	TASK_END	CheckForUsedTargets	LM_CompareLists	5
63721516560442	TASK_START	ListTargetLocations	ObjectList
63721516560442	TASK_ADD	ListTargetLocations	ObjectList	Target01	null
63721516560442	TASK_ADD	ListTargetLocations	ObjectList	Target02	null
63721516560442	TASK_ADD	ListTargetLocations	ObjectList	Target03	null
63721516560442	TASK_ADD	ListTargetLocations	ObjectList	Target04	null
63721516560442	TASK_ADD	ListTargetLocations	ObjectList	Target05	null
63721516560442	TASK_ADD	ListTargetLocations	ObjectList	Target06	null
63721516560442	TASK_ADD	ListTargetLocations	ObjectList	Target07	null
63721516560442	TASK_ADD	ListTargetLocations	ObjectList	Target08	null
63721516560469	TASK_END	ListTargetLocations	ObjectList	27
63721516560470	TASK_START	ListTargets	ObjectList
63721516560470	TASK_ADD	ListTargets	ObjectList	Repair Shop	null
63721516560470	TASK_ADD	ListTargets	ObjectList	Bakery	null
63721516560470	TASK_ADD	ListTargets	ObjectList	Camera Store	null
63721516560470	TASK_ADD	ListTargets	ObjectList	Pet Shop	null
63721516560470	TASK_ADD	ListTargets	ObjectList	Hair Dresser	null
63721516560470	TASK_ADD	ListTargets	ObjectList	Pharmacy	null
63721516560470	TASK_ADD	ListTargets	ObjectList	Ice Cream Shop	null
63721516560470	TASK_ADD	ListTargets	ObjectList	Grocery	null
63721516560480	TASK_END	ListTargets	ObjectList	10
63721516560481	TASK_START	PopulateTargets	MoveObjects
63721516560481	TARGET INFORMATION ----------------------------------------
63721516560481	Target01: 	Repair Shop	Position: 	86.7	0.08500671	138.55	Rotation: 	270	0	0
63721516560481	Target02: 	Bakery	Position: 	86.7	0.08500671	55.25	Rotation: 	270	270	0
63721516560481	Target03: 	Camera Store	Position: 	36.54999	0.08500671	55.25	Rotation: 	270	90	0
63721516560481	Target04: 	Pet Shop	Position: 	36.54999	0.08500671	86.7	Rotation: 	270	270	0
63721516560481	Target05: 	Hair Dresser	Position: 	76.49999	0.08500671	86.7	Rotation: 	270	180	0
63721516560481	Target06: 	Pharmacy	Position: 	76.49999	0.08500671	16.15	Rotation: 	270	90	0
63721516560481	Target07: 	Ice Cream Shop	Position: 	14.28003	0.08500671	16.15	Rotation: 	270	90	0
63721516560481	Target08: 	Grocery	Position: 	14.28003	0.08500671	137.445	Rotation: 	270	0	0
63721516560481	-----------------------------------------------------------/
63721516560488	TASK_END	PopulateTargets	MoveObjects	7
63721516560489	TASK_START	UpdateUsedTargets	LM_CompareLists
63721516560498	TASK_END	UpdateUsedTargets	LM_CompareLists	9
63721516560498	LM_Output	TaskList
TaskListName	RepetitionNumber	CatchFlag
PlaceTargets1False
63721516560498	TASK_END	PlaceTargets	TaskList	62
63721516560498	TASK_START	ListNavigationStarts	ObjectList
63721516560498	TASK_ADD	ListNavigationStarts	ObjectList	StartLocation05	null
63721516560498	TASK_ADD	ListNavigationStarts	ObjectList	StartLocation07	null
63721516560498	TASK_ADD	ListNavigationStarts	ObjectList	StartLocation08	null
63721516560498	TASK_ADD	ListNavigationStarts	ObjectList	StartLocation02	null
63721516560498	TASK_ADD	ListNavigationStarts	ObjectList	StartLocation01	null
63721516560498	TASK_ADD	ListNavigationStarts	ObjectList	StartLocation03	null
63721516560498	TASK_ADD	ListNavigationStarts	ObjectList	StartLocation04	null
63721516560498	TASK_ADD	ListNavigationStarts	ObjectList	StartLocation06	null
63721516560512	TASK_END	ListNavigationStarts	ObjectList	14
63721516560513	TASK_START	ListLargePlayerStarts	ObjectList
63721516560513	TASK_ADD	ListLargePlayerStarts	ObjectList	ScaledPlayerSpawn08	null
63721516560513	TASK_ADD	ListLargePlayerStarts	ObjectList	ScaledPlayerSpawn04	null
63721516560513	TASK_ADD	ListLargePlayerStarts	ObjectList	ScaledPlayerSpawn03	null
63721516560513	TASK_ADD	ListLargePlayerStarts	ObjectList	ScaledPlayerSpawn01	null
63721516560513	TASK_ADD	ListLargePlayerStarts	ObjectList	ScaledPlayerSpawn02	null
63721516560513	TASK_ADD	ListLargePlayerStarts	ObjectList	ScaledPlayerSpawn06	null
63721516560513	TASK_ADD	ListLargePlayerStarts	ObjectList	ScaledPlayerSpawn07	null
63721516560513	TASK_ADD	ListLargePlayerStarts	ObjectList	ScaledPlayerSpawn05	null
63721516560520	TASK_END	ListLargePlayerStarts	ObjectList	7
63721516560521	TASK_START	ListSmallPlayerStarts	ObjectList
63721516560521	TASK_ADD	ListSmallPlayerStarts	ObjectList	StartLocation05	null
63721516560521	TASK_ADD	ListSmallPlayerStarts	ObjectList	StartLocation02	null
63721516560521	TASK_ADD	ListSmallPlayerStarts	ObjectList	StartLocation08	null
63721516560521	TASK_ADD	ListSmallPlayerStarts	ObjectList	StartLocation04	null
63721516560521	TASK_ADD	ListSmallPlayerStarts	ObjectList	StartLocation01	null
63721516560521	TASK_ADD	ListSmallPlayerStarts	ObjectList	StartLocation07	null
63721516560521	TASK_ADD	ListSmallPlayerStarts	ObjectList	StartLocation03	null
63721516560521	TASK_ADD	ListSmallPlayerSta