63695254883506	EXPERIMENT:	esc	SUBJECT:	203	BIOSEX:	Male	AGE:	30	START_SCENE	esc_city02	START_CONDITION:	Standard	UI:	ViveAndVirtualizer
63695254883600	TASK_START	LM_Timeline	TaskList
63695254883600	TASK:	LM_Timeline	Repetition:	1	Catch:	False
63695254883601	TASK_START	InitializeExperiment	TaskList
63695254883601	TASK:	InitializeExperiment	Repetition:	1	Catch:	False
63695254883602	TASK_START	PlaceTargets	TaskList
63695254883602	TASK:	PlaceTargets	Repetition:	1	Catch:	False
63695254883603	TASK_START	CheckForUsedTargets	LM_CompareLists
63695254883626	TASK_END	CheckForUsedTargets	LM_CompareLists	23
63695254883628	TASK_START	ListHighlightObjects	ObjectList
63695254883628	TASK_ADD	ListHighlightObjects	ObjectList	Highlight01	null
63695254883628	TASK_ADD	ListHighlightObjects	ObjectList	Highlight02	null
63695254883628	TASK_ADD	ListHighlightObjects	ObjectList	Highlight03	null
63695254883628	TASK_ADD	ListHighlightObjects	ObjectList	Highlight04	null
63695254883628	TASK_ADD	ListHighlightObjects	ObjectList	Highlight05	null
63695254883628	TASK_ADD	ListHighlightObjects	ObjectList	Highlight06	null
63695254883628	TASK_ADD	ListHighlightObjects	ObjectList	Highlight07	null
63695254883628	TASK_ADD	ListHighlightObjects	ObjectList	Highlight08	null
63695254883662	TASK_END	ListHighlightObjects	ObjectList	34
63695254883663	TASK_START	ListTargetPlaceholders	ObjectList
63695254883663	TASK_ADD	ListTargetPlaceholders	ObjectList	Target01	null
63695254883663	TASK_ADD	ListTargetPlaceholders	ObjectList	Target02	null
63695254883663	TASK_ADD	ListTargetPlaceholders	ObjectList	Target03	null
63695254883663	TASK_ADD	ListTargetPlaceholders	ObjectList	Target04	null
63695254883663	TASK_ADD	ListTargetPlaceholders	ObjectList	Target05	null
63695254883663	TASK_ADD	ListTargetPlaceholders	ObjectList	Target06	null
63695254883663	TASK_ADD	ListTargetPlaceholders	ObjectList	Target07	null
63695254883663	TASK_ADD	ListTargetPlaceholders	ObjectList	Target08	null
63695254883687	TASK_END	ListTargetPlaceholders	ObjectList	24
63695254883689	TASK_START	PopulateHighlightObjects	MoveObjects
63695254883690	Target01: 	Highlight01	Position: 	86.70001	0.08500671	138.55	Rotation: 	270	0	0
63695254883690	Target02: 	Highlight02	Position: 	86.70001	0.08500671	55.25	Rotation: 	270	270	0
63695254883690	Target03: 	Highlight03	Position: 	36.54999	0.08500671	55.25	Rotation: 	270	90	0
63695254883690	Target04: 	Highlight04	Position: 	36.54999	0.08500671	86.70001	Rotation: 	270	270	0
63695254883690	Target05: 	Highlight05	Position: 	76.5	0.08500671	86.70001	Rotation: 	270	180	0
63695254883690	Target06: 	Highlight06	Position: 	76.5	0.08500671	16.15002	Rotation: 	270	90	0
63695254883690	Target07: 	Highlight07	Position: 	14.28003	0.08500671	16.15002	Rotation: 	270	90	0
63695254883690	Target08: 	Highlight08	Position: 	14.28003	0.08500671	137.445	Rotation: 	270	0	0
63695254883710	TASK_END	PopulateHighlightObjects	MoveObjects	21
63695254883712	TASK_START	ListTargets	ObjectList
63695254883712	TASK_ADD	ListTargets	ObjectList	Ice Cream Shop	null
63695254883712	TASK_ADD	ListTargets	ObjectList	Bakery	null
63695254883712	TASK_ADD	ListTargets	ObjectList	Post Office	null
63695254883712	TASK_ADD	ListTargets	ObjectList	Pet Shop	null
63695254883712	TASK_ADD	ListTargets	ObjectList	Grocery	null
63695254883712	TASK_ADD	ListTargets	ObjectList	Camera Store	null
63695254883712	TASK_ADD	ListTargets	ObjectList	Coffee Shop	null
63695254883712	TASK_ADD	ListTargets	ObjectList	Music Store	null
63695254883712	TASK_ADD	ListTargets	ObjectList	Bike Shop	null
63695254883712	TASK_ADD	ListTargets	ObjectList	Hair Dresser	null
63695254883712	TASK_ADD	ListTargets	ObjectList	Barber Shop	null
63695254883712	TASK_ADD	ListTargets	ObjectList	Toy Shop	null
63695254883712	TASK_ADD	ListTargets	ObjectList	Computer Shop	null
63695254883712	TASK_ADD	ListTargets	ObjectList	Pharmacy	null
63695254883712	TASK_ADD	ListTargets	ObjectList	Repair Shop	null
63695254883712	TASK_ADD	ListTargets	ObjectList	Clothing Store	null
63695254883736	TASK_END	ListTargets	ObjectList	24
63695254883737	TASK_START	ListTargetLocations	ObjectList
63695254883737	TASK_ADD	ListTargetLocations	ObjectList	Target01	null
63695254883737	TASK_ADD	ListTargetLocations	ObjectList	Target02	null
63695254883737	TASK_ADD	ListTargetLocations	ObjectList	Target03	null
63695254883737	TASK_ADD	ListTargetLocations	ObjectList	Target04	null
63695254883737	TASK_ADD	ListTargetLocations	ObjectList	Target05	null
63695254883737	TASK_ADD	ListTargetLocations	ObjectList	Target06	null
63695254883737	TASK_ADD	ListTargetLocations	ObjectList	Target07	null
63695254883737	TASK_ADD	ListTargetLocations	ObjectList	Target08	null
63695254883744	TASK_END	ListTargetLocations	ObjectList	7
63695254883745	TASK_START	PopulateTargets	MoveObjects
63695254883746	TARGET INFORMATION ----------------------------------------
63695254883746	Target01: 	Ice Cream Shop	Position: 	86.70001	0.08500671	138.55	Rotation: 	270	0	0
63695254883746	Target02: 	Bakery	Position: 	86.70001	0.08500671	55.25	Rotation: 	270	270	0
63695254883746	Target03: 	Post Office	Position: 	36.54999	0.08500671	55.25	Rotation: 	270	90	0
63695254883746	Target04: 	Pet Shop	Position: 	36.54999	0.08500671	86.70001	Rotation: 	270	270	0
63695254883746	Target05: 	Grocery	Position: 	76.5	0.08500671	86.70001	Rotation: 	270	180	0
63695254883747	Target06: 	Camera Store	Position: 	76.5	0.08500671	16.15002	Rotation: 	270	90	0
63695254883747	Target07: 	Coffee Shop	Position: 	14.28003	0.08500671	16.15002	Rotation: 	270	90	0
63695254883747	Target08: 	Music Store	Position: 	14.28003	0.08500671	137.445	Rotation: 	270	0	0
63695254883747	-----------------------------------------------------------
63695254883753	TASK_END	PopulateTargets	MoveObjects	8
63695254883754	TASK_START	UpdateUsedTargets	LM_CompareLists
63695254883764	TASK_END	UpdateUsedTargets	LM_CompareLists	10
63695254883764	TASK_END	PlaceTargets	TaskList	162
63695254883765	TASK_START	ListNavigationStarts	ObjectList
63695254883765	TASK_ADD	ListNavigationStarts	ObjectList	StartLoc05	null
63695254883765	TASK_ADD	ListNavigationStarts	ObjectList	StartLoc08	null
63695254883765	TASK_ADD	ListNavigationStarts	ObjectList	StartLoc06	null
63695254883765	TASK_ADD	ListNavigationStarts	ObjectList	StartLoc03	null
63695254883765	TASK_ADD	ListNavigationStarts	ObjectList	StartLoc01	null
63695254883765	TASK_ADD	ListNavigationStarts	ObjectList	StartLoc07	null
63695254883765	TASK_ADD	ListNavigationStarts	ObjectList	StartLoc04	null
63695254883765	TASK_ADD	ListNavigationStarts	ObjectList	StartLoc02	null
63695254883775	TASK_END	ListNavigationStarts	ObjectList	10
63695254883776	TASK_START	ListLargePlayerStarts	ObjectList
63695254883776	TASK_ADD	ListLargePlayerStarts	ObjectList	ScaledPlayerSpawn05	null
63695254883776	TASK_ADD	ListLargePlayerStarts	ObjectList	ScaledPlayerSpawn08	null
63695254883776	TASK_ADD	ListLargePlayerStarts	ObjectList	ScaledPlayerSpawn06	null
63695254883776	TASK_ADD	ListLargePlayerStarts	ObjectList	ScaledPlayerSpawn03	null
63695254883776	TASK_ADD	ListLargePlayerStarts	ObjectList	ScaledPlayerSpawn01	null
63695254883776	TASK_ADD	ListLargePlayerStarts	ObjectList	ScaledPlayerSpawn07	null
63695254883776	TASK_ADD	ListLargePlayerStarts	ObjectList	ScaledPlayerSpawn04	null
63695254883776	TASK_ADD	ListLargePlayerStarts	ObjectList	ScaledPlayerSpawn02	null
63695254883786	TASK_END	ListLargePlayerStarts	ObjectList	10
63695254883787	TASK_START	ListSmallPlayerStarts	ObjectList
63695254883787	TASK_ADD	ListSmallPlayerStarts	ObjectList	StartLoc07	null
63695254883787	TASK_ADD	ListSmallPlayerStarts	ObjectList	StartLoc01	null
63695254883787	TASK_ADD	ListSmallPlayerStarts	ObjectList	StartLoc04	null
63695254883787	TASK_ADD	ListSmallPlayerStarts	ObjectList	StartLoc08	null
63695254883787	TASK_ADD	ListSmallPlayerStarts	ObjectList	StartLoc03	null
63695254883788	TASK_ADD	ListSmallPlayerStarts	ObjectList	StartLoc06	null
63695254883788	TASK_ADD	ListSmallPlayerStarts	ObjectList	StartLoc02	null
63695254883788	TASK_ADD	ListSmallPlayerStarts	ObjectList	StartLoc05	null
63695254883798	TASK_END	ListSmallPlayerStarts	ObjectList	11
63695254883798	TASK_END	InitializeExperiment	TaskList	197
63695254883800	TASK_START	BeginMessage	InstructionsTask
63695254894743	TASK_END	LM_Timeline	TaskList	11143
