63695254973762	EXPERIMENT:	esc	SUBJECT:	204	BIOSEX:	Male	AGE:	30	START_SCENE	esc_city01	START_CONDITION:	Standard	UI:	ViveAndVirtualizer
63695254973837	TASK_START	LM_Timeline	TaskList
63695254973837	TASK:	LM_Timeline	Repetition:	1	Catch:	False
63695254973838	TASK_START	InitializeExperiment	TaskList
63695254973838	TASK:	InitializeExperiment	Repetition:	1	Catch:	False
63695254973839	TASK_START	PlaceTargets	TaskList
63695254973839	TASK:	PlaceTargets	Repetition:	1	Catch:	False
63695254973840	TASK_START	CheckForUsedTargets	LM_CompareLists
63695254973893	TASK_END	CheckForUsedTargets	LM_CompareLists	52
63695254973894	TASK_START	ListHighlightObjects	ObjectList
63695254973894	TASK_ADD	ListHighlightObjects	ObjectList	Highlight01	null
63695254973894	TASK_ADD	ListHighlightObjects	ObjectList	Highlight02	null
63695254973894	TASK_ADD	ListHighlightObjects	ObjectList	Highlight03	null
63695254973894	TASK_ADD	ListHighlightObjects	ObjectList	Highlight04	null
63695254973894	TASK_ADD	ListHighlightObjects	ObjectList	Highlight05	null
63695254973894	TASK_ADD	ListHighlightObjects	ObjectList	Highlight06	null
63695254973894	TASK_ADD	ListHighlightObjects	ObjectList	Highlight07	null
63695254973894	TASK_ADD	ListHighlightObjects	ObjectList	Highlight08	null
63695254973921	TASK_END	ListHighlightObjects	ObjectList	27
63695254973922	TASK_START	ListTargetPlaceholders	ObjectList
63695254973922	TASK_ADD	ListTargetPlaceholders	ObjectList	Target01	null
63695254973922	TASK_ADD	ListTargetPlaceholders	ObjectList	Target02	null
63695254973922	TASK_ADD	ListTargetPlaceholders	ObjectList	Target03	null
63695254973922	TASK_ADD	ListTargetPlaceholders	ObjectList	Target04	null
63695254973922	TASK_ADD	ListTargetPlaceholders	ObjectList	Target05	null
63695254973922	TASK_ADD	ListTargetPlaceholders	ObjectList	Target06	null
63695254973922	TASK_ADD	ListTargetPlaceholders	ObjectList	Target07	null
63695254973922	TASK_ADD	ListTargetPlaceholders	ObjectList	Target08	null
63695254973940	TASK_END	ListTargetPlaceholders	ObjectList	18
63695254973941	TASK_START	PopulateHighlightObjects	MoveObjects
63695254973941	Target01: 	Highlight01	Position: 	5.95	0.085	116.45	Rotation: 	270	270	0
63695254973941	Target02: 	Highlight02	Position: 	5.95	0.085	14.45	Rotation: 	270	270	0
63695254973941	Target03: 	Highlight03	Position: 	85.935	0.085	14.45	Rotation: 	270	270	0
63695254973942	Target04: 	Highlight04	Position: 	85.935	0.085	74.45999	Rotation: 	270	270	0
63695254973942	Target05: 	Highlight05	Position: 	36.55	0.085	74.45999	Rotation: 	270	180	0
63695254973942	Target06: 	Highlight06	Position: 	36.55	0.085	116.45	Rotation: 	270	180	0
63695254973942	Target07: 	Highlight07	Position: 	76.49999	0.085	106.25	Rotation: 	270	0	0
63695254973942	Target08: 	Highlight08	Position: 	76.49999	0.085	37.4	Rotation: 	270	90	0
63695254973947	TASK_END	PopulateHighlightObjects	MoveObjects	6
63695254973949	TASK_START	ListTargets	ObjectList
63695254973949	TASK_ADD	ListTargets	ObjectList	Pet Shop	null
63695254973949	TASK_ADD	ListTargets	ObjectList	Coffee Shop	null
63695254973949	TASK_ADD	ListTargets	ObjectList	Grocery	null
63695254973949	TASK_ADD	ListTargets	ObjectList	Music Store	null
63695254973949	TASK_ADD	ListTargets	ObjectList	Barber Shop	null
63695254973949	TASK_ADD	ListTargets	ObjectList	Clothing Store	null
63695254973949	TASK_ADD	ListTargets	ObjectList	Post Office	null
63695254973949	TASK_ADD	ListTargets	ObjectList	Pharmacy	null
63695254973953	TASK_END	ListTargets	ObjectList	4
63695254973954	TASK_START	ListTargetLocations	ObjectList
63695254973954	TASK_ADD	ListTargetLocations	ObjectList	Target01	null
63695254973954	TASK_ADD	ListTargetLocations	ObjectList	Target02	null
63695254973954	TASK_ADD	ListTargetLocations	ObjectList	Target03	null
63695254973954	TASK_ADD	ListTargetLocations	ObjectList	Target04	null
63695254973954	TASK_ADD	ListTargetLocations	ObjectList	Target05	null
63695254973954	TASK_ADD	ListTargetLocations	ObjectList	Target06	null
63695254973954	TASK_ADD	ListTargetLocations	ObjectList	Target07	null
63695254973954	TASK_ADD	ListTargetLocations	ObjectList	Target08	null
63695254973960	TASK_END	ListTargetLocations	ObjectList	6
63695254973961	TASK_START	PopulateTargets	MoveObjects
63695254973962	TARGET INFORMATION ----------------------------------------
63695254973962	Target01: 	Pet Shop	Position: 	5.95	0.085	116.45	Rotation: 	270	270	0
63695254973962	Target02: 	Coffee Shop	Position: 	5.95	0.085	14.45	Rotation: 	270	270	0
63695254973962	Target03: 	Grocery	Position: 	85.935	0.085	14.45	Rotation: 	270	270	0
63695254973962	Target04: 	Music Store	Position: 	85.935	0.085	74.45998	Rotation: 	270	270	0
63695254973962	Target05: 	Barber Shop	Position: 	36.55	0.085	74.45998	Rotation: 	270	180	0
63695254973962	Target06: 	Clothing Store	Position: 	36.55	0.085	116.45	Rotation: 	270	180	0
63695254973962	Target07: 	Post Office	Position: 	76.49999	0.085	106.25	Rotation: 	270	0	0
63695254973962	Target08: 	Pharmacy	Position: 	76.49999	0.085	37.4	Rotation: 	270	90	0
63695254973962	-----------------------------------------------------------
63695254973971	TASK_END	PopulateTargets	MoveObjects	10
63695254973973	TASK_START	UpdateUsedTargets	LM_CompareLists
63695254973983	TASK_END	UpdateUsedTargets	LM_CompareLists	9
63695254973983	TASK_END	PlaceTargets	TaskList	144
63695254973984	TASK_START	ListNavigationStarts	ObjectList
63695254973984	TASK_ADD	ListNavigationStarts	ObjectList	StartLoc02	null
63695254973984	TASK_ADD	ListNavigationStarts	ObjectList	StartLoc03	null
63695254973984	TASK_ADD	ListNavigationStarts	ObjectList	StartLoc05	null
63695254973984	TASK_ADD	ListNavigationStarts	ObjectList	StartLoc01	null
63695254973984	TASK_ADD	ListNavigationStarts	ObjectList	StartLoc06	null
63695254973984	TASK_ADD	ListNavigationStarts	ObjectList	StartLoc07	null
63695254973984	TASK_ADD	ListNavigationStarts	ObjectList	StartLoc04	null
63695254973984	TASK_ADD	ListNavigationStarts	ObjectList	StartLoc08	null
63695254973994	TASK_END	ListNavigationStarts	ObjectList	10
63695254973995	TASK_START	ListLargePlayerStarts	ObjectList
63695254973995	TASK_ADD	ListLargePlayerStarts	ObjectList	ScaledPlayerSpawn02	null
63695254973995	TASK_ADD	ListLargePlayerStarts	ObjectList	ScaledPlayerSpawn03	null
63695254973995	TASK_ADD	ListLargePlayerStarts	ObjectList	ScaledPlayerSpawn05	null
63695254973995	TASK_ADD	ListLargePlayerStarts	ObjectList	ScaledPlayerSpawn01	null
63695254973995	TASK_ADD	ListLargePlayerStarts	ObjectList	ScaledPlayerSpawn06	null
63695254973995	TASK_ADD	ListLargePlayerStarts	ObjectList	ScaledPlayerSpawn07	null
63695254973995	TASK_ADD	ListLargePlayerStarts	ObjectList	ScaledPlayerSpawn04	null
63695254973995	TASK_ADD	ListLargePlayerStarts	ObjectList	ScaledPlayerSpawn08	null
63695254974005	TASK_END	ListLargePlayerStarts	ObjectList	10
63695254974006	TASK_START	ListSmallPlayerStarts	ObjectList
63695254974006	TASK_ADD	ListSmallPlayerStarts	ObjectList	StartLoc04	null
63695254974006	TASK_ADD	ListSmallPlayerStarts	ObjectList	StartLoc03	null
63695254974006	TASK_ADD	ListSmallPlayerStarts	ObjectList	StartLoc05	null
63695254974006	TASK_ADD	ListSmallPlayerStarts	ObjectList	StartLoc07	null
63695254974006	TASK_ADD	ListSmallPlayerStarts	ObjectList	StartLoc01	null
63695254974006	TASK_ADD	ListSmallPlayerStarts	ObjectList	StartLoc06	null
63695254974006	TASK_ADD	ListSmallPlayerStarts	ObjectList	StartLoc08	null
63695254974006	TASK_ADD	ListSmallPlayerStarts	ObjectList	StartLoc02	null
63695254974016	TASK_END	ListSmallPlayerStarts	ObjectList	10
63695254974016	TASK_END	InitializeExperiment	TaskList	178
63695254974017	TASK_START	BeginMessage	InstructionsTask
63695255005233	TASK_END	LM_Timeline	TaskList	31396
