63695254917492	EXPERIMENT:	esc	SUBJECT:	204	BIOSEX:	Male	AGE:	30	START_SCENE	esc_city02	START_CONDITION:	Scaled	UI:	ViveAndVirtualizer
63695254917586	TASK_START	LM_Timeline	TaskList
63695254917586	TASK:	LM_Timeline	Repetition:	1	Catch:	False
63695254917587	TASK_START	InitializeExperiment	TaskList
63695254917587	TASK:	InitializeExperiment	Repetition:	1	Catch:	False
63695254917588	TASK_START	PlaceTargets	TaskList
63695254917588	TASK:	PlaceTargets	Repetition:	1	Catch:	False
63695254917589	TASK_START	CheckForUsedTargets	LM_CompareLists
63695254917609	TASK_END	CheckForUsedTargets	LM_CompareLists	20
63695254917610	TASK_START	ListHighlightObjects	ObjectList
63695254917610	TASK_ADD	ListHighlightObjects	ObjectList	Highlight01	null
63695254917610	TASK_ADD	ListHighlightObjects	ObjectList	Highlight02	null
63695254917610	TASK_ADD	ListHighlightObjects	ObjectList	Highlight03	null
63695254917610	TASK_ADD	ListHighlightObjects	ObjectList	Highlight04	null
63695254917610	TASK_ADD	ListHighlightObjects	ObjectList	Highlight05	null
63695254917611	TASK_ADD	ListHighlightObjects	ObjectList	Highlight06	null
63695254917611	TASK_ADD	ListHighlightObjects	ObjectList	Highlight07	null
63695254917611	TASK_ADD	ListHighlightObjects	ObjectList	Highlight08	null
63695254917646	TASK_END	ListHighlightObjects	ObjectList	36
63695254917647	TASK_START	ListTargetPlaceholders	ObjectList
63695254917647	TASK_ADD	ListTargetPlaceholders	ObjectList	Target01	null
63695254917647	TASK_ADD	ListTargetPlaceholders	ObjectList	Target02	null
63695254917647	TASK_ADD	ListTargetPlaceholders	ObjectList	Target03	null
63695254917647	TASK_ADD	ListTargetPlaceholders	ObjectList	Target04	null
63695254917647	TASK_ADD	ListTargetPlaceholders	ObjectList	Target05	null
63695254917647	TASK_ADD	ListTargetPlaceholders	ObjectList	Target06	null
63695254917647	TASK_ADD	ListTargetPlaceholders	ObjectList	Target07	null
63695254917647	TASK_ADD	ListTargetPlaceholders	ObjectList	Target08	null
63695254917675	TASK_END	ListTargetPlaceholders	ObjectList	28
63695254917677	TASK_START	PopulateHighlightObjects	MoveObjects
63695254917677	Target01: 	Highlight01	Position: 	86.70001	0.08500671	138.55	Rotation: 	270	0	0
63695254917677	Target02: 	Highlight02	Position: 	86.70001	0.08500671	55.25	Rotation: 	270	270	0
63695254917677	Target03: 	Highlight03	Position: 	36.54999	0.08500671	55.25	Rotation: 	270	90	0
63695254917677	Target04: 	Highlight04	Position: 	36.54999	0.08500671	86.70001	Rotation: 	270	270	0
63695254917677	Target05: 	Highlight05	Position: 	76.5	0.08500671	86.70001	Rotation: 	270	180	0
63695254917678	Target06: 	Highlight06	Position: 	76.5	0.08500671	16.15002	Rotation: 	270	90	0
63695254917678	Target07: 	Highlight07	Position: 	14.28003	0.08500671	16.15002	Rotation: 	270	90	0
63695254917678	Target08: 	Highlight08	Position: 	14.28003	0.08500671	137.445	Rotation: 	270	0	0
63695254917703	TASK_END	PopulateHighlightObjects	MoveObjects	26
63695254917705	TASK_START	ListTargets	ObjectList
63695254917705	TASK_ADD	ListTargets	ObjectList	Toy Shop	null
63695254917705	TASK_ADD	ListTargets	ObjectList	Repair Shop	null
63695254917705	TASK_ADD	ListTargets	ObjectList	Camera Store	null
63695254917705	TASK_ADD	ListTargets	ObjectList	Bike Shop	null
63695254917705	TASK_ADD	ListTargets	ObjectList	Ice Cream Shop	null
63695254917705	TASK_ADD	ListTargets	ObjectList	Computer Shop	null
63695254917705	TASK_ADD	ListTargets	ObjectList	Bakery	null
63695254917705	TASK_ADD	ListTargets	ObjectList	Hair Dresser	null
63695254917705	TASK_ADD	ListTargets	ObjectList	Post Office	null
63695254917705	TASK_ADD	ListTargets	ObjectList	Music Store	null
63695254917705	TASK_ADD	ListTargets	ObjectList	Pet Shop	null
63695254917705	TASK_ADD	ListTargets	ObjectList	Grocery	null
63695254917705	TASK_ADD	ListTargets	ObjectList	Coffee Shop	null
63695254917705	TASK_ADD	ListTargets	ObjectList	Clothing Store	null
63695254917705	TASK_ADD	ListTargets	ObjectList	Barber Shop	null
63695254917705	TASK_ADD	ListTargets	ObjectList	Pharmacy	null
63695254917727	TASK_END	ListTargets	ObjectList	22
63695254917728	TASK_START	ListTargetLocations	ObjectList
63695254917728	TASK_ADD	ListTargetLocations	ObjectList	Target01	null
63695254917728	TASK_ADD	ListTargetLocations	ObjectList	Target02	null
63695254917728	TASK_ADD	ListTargetLocations	ObjectList	Target03	null
63695254917728	TASK_ADD	ListTargetLocations	ObjectList	Target04	null
63695254917728	TASK_ADD	ListTargetLocations	ObjectList	Target05	null
63695254917728	TASK_ADD	ListTargetLocations	ObjectList	Target06	null
63695254917728	TASK_ADD	ListTargetLocations	ObjectList	Target07	null
63695254917728	TASK_ADD	ListTargetLocations	ObjectList	Target08	null
63695254917737	TASK_END	ListTargetLocations	ObjectList	9
63695254917738	TASK_START	PopulateTargets	MoveObjects
63695254917739	TARGET INFORMATION ----------------------------------------
63695254917739	Target01: 	Toy Shop	Position: 	86.70001	0.08500671	138.55	Rotation: 	270	0	0
63695254917739	Target02: 	Repair Shop	Position: 	86.70001	0.08500671	55.25	Rotation: 	270	270	0
63695254917739	Target03: 	Camera Store	Position: 	36.54999	0.08500671	55.25	Rotation: 	270	90	0
63695254917740	Target04: 	Bike Shop	Position: 	36.54999	0.08500671	86.70001	Rotation: 	270	270	0
63695254917740	Target05: 	Ice Cream Shop	Position: 	76.5	0.08500671	86.70001	Rotation: 	270	180	0
63695254917740	Target06: 	Computer Shop	Position: 	76.5	0.08500671	16.15002	Rotation: 	270	90	0
63695254917740	Target07: 	Bakery	Position: 	14.28003	0.08500671	16.15002	Rotation: 	270	90	0
63695254917740	Target08: 	Hair Dresser	Position: 	14.28003	0.08500671	137.445	Rotation: 	270	0	0
63695254917740	-----------------------------------------------------------
63695254917745	TASK_END	PopulateTargets	MoveObjects	7
63695254917746	TASK_START	UpdateUsedTargets	LM_CompareLists
63695254917754	TASK_END	UpdateUsedTargets	LM_CompareLists	8
63695254917754	TASK_END	PlaceTargets	TaskList	166
63695254917755	TASK_START	ListNavigationStarts	ObjectList
63695254917755	TASK_ADD	ListNavigationStarts	ObjectList	StartLoc08	null
63695254917755	TASK_ADD	ListNavigationStarts	ObjectList	StartLoc04	null
63695254917755	TASK_ADD	ListNavigationStarts	ObjectList	StartLoc02	null
63695254917755	TASK_ADD	ListNavigationStarts	ObjectList	StartLoc06	null
63695254917755	TASK_ADD	ListNavigationStarts	ObjectList	StartLoc01	null
63695254917755	TASK_ADD	ListNavigationStarts	ObjectList	StartLoc05	null
63695254917755	TASK_ADD	ListNavigationStarts	ObjectList	StartLoc03	null
63695254917755	TASK_ADD	ListNavigationStarts	ObjectList	StartLoc07	null
63695254917765	TASK_END	ListNavigationStarts	ObjectList	10
63695254917766	TASK_START	ListLargePlayerStarts	ObjectList
63695254917766	TASK_ADD	ListLargePlayerStarts	ObjectList	ScaledPlayerSpawn04	null
63695254917766	TASK_ADD	ListLargePlayerStarts	ObjectList	ScaledPlayerSpawn03	null
63695254917766	TASK_ADD	ListLargePlayerStarts	ObjectList	ScaledPlayerSpawn05	null
63695254917766	TASK_ADD	ListLargePlayerStarts	ObjectList	ScaledPlayerSpawn01	null
63695254917766	TASK_ADD	ListLargePlayerStarts	ObjectList	ScaledPlayerSpawn07	null
63695254917766	TASK_ADD	ListLargePlayerStarts	ObjectList	ScaledPlayerSpawn02	null
63695254917766	TASK_ADD	ListLargePlayerStarts	ObjectList	ScaledPlayerSpawn08	null
63695254917766	TASK_ADD	ListLargePlayerStarts	ObjectList	ScaledPlayerSpawn06	null
63695254917776	TASK_END	ListLargePlayerStarts	ObjectList	10
63695254917777	TASK_START	ListSmallPlayerStarts	ObjectList
63695254917777	TASK_ADD	ListSmallPlayerStarts	ObjectList	StartLoc05	null
63695254917777	TASK_ADD	ListSmallPlayerStarts	ObjectList	StartLoc06	null
63695254917777	TASK_ADD	ListSmallPlayerStarts	ObjectList	StartLoc02	null
63695254917777	TASK_ADD	ListSmallPlayerStarts	ObjectList	StartLoc08	null
63695254917777	TASK_ADD	ListSmallPlayerStarts	ObjectList	StartLoc07	null
63695254917777	TASK_ADD	ListSmallPlayerStarts	ObjectList	StartLoc03	null
63695254917777	TASK_ADD	ListSmallPlayerStarts	ObjectList	StartLoc04	null
63695254917777	TASK_ADD	ListSmallPlayerStarts	ObjectList	StartLoc01	null
63695254917787	TASK_END	ListSmallPlayerStarts	ObjectList	10
63695254917787	TASK_END	InitializeExperiment	TaskList	200
63695254917789	TASK_START	BeginMessage	InstructionsTask
63695254924516	INPUT_EVENT    PlayerPressedActionButton    1
63695254924517	TASK_END	BeginMessage	InstructionsTask	6728
63695254924518	TASK_START	Tasks	TaskList
63695254924518	TASK:	Tasks	Repetition:	1	Catch:	False
63695254924519	TASK_START	PracticeTaskLoop	TaskList
63695254924519	TASK:	PracticeTaskLoop	Repetition:	1	Catch:	False
63695254924520	TASK_START	LearnTargets	TaskList
63695254924520	TASK:	LearnTargets	Repetition:	1	Catch:	False
63695254924521	TASK_START	LearnTargets Instructions	InstructionsTask
63695254925265	INPUT_EVENT    PlayerPressedActionButton    1
63695254925266	TASK_END	LearnTargets Instructions	InstructionsTask	745
63695254925267	TASK_START	ViewTargets	TaskList
63695254925267	TASK:	ViewTargets	Repetition:	1	Catch:	False
63695254925268	TASK_START	ListTargetsForLearning	ObjectList
63695254925268	TASK_ADD	ListTargetsForLearning	ObjectList	Ice Cream Shop	null
63695254925268	TASK_ADD	ListTargetsForLearning	ObjectList	Bike Shop	null
63695254925268	TASK_ADD	ListTargetsForLearning	ObjectList	Repair Shop	null
63695254925268	TASK_ADD	ListTargetsForLearning	ObjectList	Bakery	null
63695254925268	TASK_ADD	ListTargetsForLearning	ObjectList	Hair Dresser	null
63695254925268	TASK_ADD	ListTargetsForLearning	ObjectList	Computer Shop	null
63695254925268	TASK_ADD	ListTargetsForLearning	ObjectList	Toy Shop	null
63695254925268	TASK_ADD	ListTargetsForLearning	ObjectList	Camera Store	null
63695254925279	TASK_END	ListTargetsForLearning	ObjectList	11
63695254925280	TASK_START	RotateTarget	ViewTargets
63695254925281	Practice	Ice Cream Shop
63695254928281	Practice	Bike Shop
63695254931286	Practice	Repair Shop
63695254934290	Practice	Bakery
63695254937296	Practice	Hair Dresser
63695254940300	Practice	Computer Shop
63695254943305	Practice	Toy Shop
63695254946309	Practice	Camera Store
63695254949325	TASK_END	RotateTarget	ViewTargets	24045
63695254949326	TASK:	ViewTargets	Repetition:	2	Catch:	False
63695254949327	TASK_START	ListTargetsForLearning	ObjectList
63695254949327	TASK_ADD	ListTargetsForLearning	ObjectList	Bike Shop	null
63695254949327	TASK_ADD	ListTargetsForLearning	ObjectList	Toy Shop	null
63695254949327	TASK_ADD	ListTargetsForLearning	ObjectList	Bakery	null
63695254949327	TASK_ADD	ListTargetsForLearning	ObjectList	Ice Cream Shop	null
63695254949327	TASK_ADD	ListTargetsForLearning	ObjectList	Hair Dresser	null
63695254949327	TASK_ADD	ListTargetsForLearning	ObjectList	Repair Shop	null
63695254949327	TASK_ADD	ListTargetsForLearning	ObjectList	Camera Store	null
63695254949327	TASK_ADD	ListTargetsForLearning	ObjectList	Computer Shop	null
63695254949338	TASK_END	ListTargetsForLearning	ObjectList	11
63695254949339	TASK_START	RotateTarget	ViewTargets
63695254949339	Practice	Bike Shop
63695254952341	Practice	Toy Shop
63695254955342	Practice	Bakery
63695254958350	Practice	Ice Cream Shop
63695254961355	Practice	Hair Dresser
63695254964360	Practice	Repair Shop
63695254967364	Practice	Camera Store
6369525497036