63694745448595	EXPERIMENT:	esc	SUBJECT:	108	BIOSEX:	Male	AGE:	30	START_SCENE	esc_city02	START_CONDITION:	Standard	UI:	ViveAndVirtualizer
63694745448657	TASK_START	LM_Timeline	TaskList
63694745448657	TASK:	LM_Timeline	Repetition:	1	Catch:	False
63694745448657	TASK_START	InitializeExperiment	TaskList
63694745448657	TASK:	InitializeExperiment	Repetition:	1	Catch:	False
63694745448658	TASK_START	CheckForUsedStores	CheckForSavedObjects
63694745448718	TASK_END	CheckForUsedStores	CheckForSavedObjects	60
63694745448719	TASK_START	PlaceTargets	TaskList
63694745448719	TASK:	PlaceTargets	Repetition:	1	Catch:	False
63694745448720	TASK_START	ListHighlightObjects	ObjectList
63694745448720	TASK_ADD	ListHighlightObjects	ObjectList	Highlight01	null
63694745448720	TASK_ADD	ListHighlightObjects	ObjectList	Highlight02	null
63694745448720	TASK_ADD	ListHighlightObjects	ObjectList	Highlight03	null
63694745448720	TASK_ADD	ListHighlightObjects	ObjectList	Highlight04	null
63694745448720	TASK_ADD	ListHighlightObjects	ObjectList	Highlight05	null
63694745448720	TASK_ADD	ListHighlightObjects	ObjectList	Highlight06	null
63694745448720	TASK_ADD	ListHighlightObjects	ObjectList	Highlight07	null
63694745448720	TASK_ADD	ListHighlightObjects	ObjectList	Highlight08	null
63694745448746	TASK_END	ListHighlightObjects	ObjectList	26
63694745448747	TASK_START	ListTargetPlaceholders	ObjectList
63694745448747	TASK_ADD	ListTargetPlaceholders	ObjectList	Target01	null
63694745448747	TASK_ADD	ListTargetPlaceholders	ObjectList	Target02	null
63694745448747	TASK_ADD	ListTargetPlaceholders	ObjectList	Target03	null
63694745448747	TASK_ADD	ListTargetPlaceholders	ObjectList	Target04	null
63694745448747	TASK_ADD	ListTargetPlaceholders	ObjectList	Target05	null
63694745448747	TASK_ADD	ListTargetPlaceholders	ObjectList	Target06	null
63694745448747	TASK_ADD	ListTargetPlaceholders	ObjectList	Target07	null
63694745448747	TASK_ADD	ListTargetPlaceholders	ObjectList	Target08	null
63694745448767	TASK_END	ListTargetPlaceholders	ObjectList	20
63694745448768	TASK_START	PopulateHighlightObjects	MoveObjects
63694745448768	Target01: 	Highlight01	Position: 	86.70001	0.08500671	138.55	Rotation: 	270	0	0
63694745448768	Target02: 	Highlight02	Position: 	86.70001	0.08500671	55.25	Rotation: 	270	270	0
63694745448768	Target03: 	Highlight03	Position: 	36.54999	0.08500671	55.25	Rotation: 	270	90	0
63694745448768	Target04: 	Highlight04	Position: 	36.54999	0.08500671	86.70001	Rotation: 	270	270	0
63694745448768	Target05: 	Highlight05	Position: 	76.5	0.08500671	86.70001	Rotation: 	270	180	0
63694745448768	Target06: 	Highlight06	Position: 	76.5	0.08500671	16.15002	Rotation: 	270	90	0
63694745448768	Target07: 	Highlight07	Position: 	14.28003	0.08500671	16.15002	Rotation: 	270	90	0
63694745448768	Target08: 	Highlight08	Position: 	14.28003	0.08500671	137.445	Rotation: 	270	0	0
63694745448775	TASK_END	PopulateHighlightObjects	MoveObjects	7
63694745448777	TASK_START	ListTargets	ObjectList
63694745448777	TASK_ADD	ListTargets	ObjectList	Computer Shop	null
63694745448777	TASK_ADD	ListTargets	ObjectList	Ice Cream Shop	null
63694745448777	TASK_ADD	ListTargets	ObjectList	Pharmacy	null
63694745448777	TASK_ADD	ListTargets	ObjectList	Toy Shop	null
63694745448777	TASK_ADD	ListTargets	ObjectList	Barber	null
63694745448777	TASK_ADD	ListTargets	ObjectList	Bike Shop	null
63694745448777	TASK_ADD	ListTargets	ObjectList	Music Store	null
63694745448777	TASK_ADD	ListTargets	ObjectList	Hair Dresser	null
63694745448777	TASK_ADD	ListTargets	ObjectList	Camera Store	null
63694745448777	TASK_ADD	ListTargets	ObjectList	Bakery	null
63694745448777	TASK_ADD	ListTargets	ObjectList	Post Office	null
63694745448777	TASK_ADD	ListTargets	ObjectList	Coffee Shop	null
63694745448777	TASK_ADD	ListTargets	ObjectList	Repair Shop	null
63694745448777	TASK_ADD	ListTargets	ObjectList	Grocery	null
63694745448777	TASK_ADD	ListTargets	ObjectList	Pet Shop	null
63694745448777	TASK_ADD	ListTargets	ObjectList	Clothing Store	null
63694745448788	TASK_END	ListTargets	ObjectList	11
63694745448789	TASK_START	ListTargetLocations	ObjectList
63694745448790	TASK_ADD	ListTargetLocations	ObjectList	Target01	null
63694745448790	TASK_ADD	ListTargetLocations	ObjectList	Target02	null
63694745448790	TASK_ADD	ListTargetLocations	ObjectList	Target03	null
63694745448790	TASK_ADD	ListTargetLocations	ObjectList	Target04	null
63694745448790	TASK_ADD	ListTargetLocations	ObjectList	Target05	null
63694745448790	TASK_ADD	ListTargetLocations	ObjectList	Target06	null
63694745448790	TASK_ADD	ListTargetLocations	ObjectList	Target07	null
63694745448790	TASK_ADD	ListTargetLocations	ObjectList	Target08	null
63694745448798	TASK_END	ListTargetLocations	ObjectList	9
63694745448799	TASK_START	PopulateTargets	MoveObjects
63694745448800	Target01: 	Computer Shop	Position: 	86.70001	0.08500671	138.55	Rotation: 	270	0	0
63694745448801	Target02: 	Ice Cream Shop	Position: 	86.70001	0.08500671	55.25	Rotation: 	270	270	0
63694745448801	Target03: 	Pharmacy	Position: 	36.54999	0.08500671	55.25	Rotation: 	270	90	0
63694745448801	Target04: 	Toy Shop	Position: 	36.54999	0.08500671	86.70001	Rotation: 	270	270	0
63694745448801	Target05: 	Barber	Position: 	76.5	0.08500671	86.70001	Rotation: 	270	180	0
63694745448801	Target06: 	Bike Shop	Position: 	76.5	0.08500671	16.15002	Rotation: 	270	90	0
63694745448801	Target07: 	Music Store	Position: 	14.28003	0.08500671	16.15002	Rotation: 	270	90	0
63694745448801	Target08: 	Hair Dresser	Position: 	14.28003	0.08500671	137.445	Rotation: 	270	0	0
63694745448810	TASK_END	PopulateTargets	MoveObjects	11
63694745448810	TASK_END	PlaceTargets	TaskList	91
63694745448811	TASK_START	ListNavigationStarts	ObjectList
63694745448811	TASK_ADD	ListNavigationStarts	ObjectList	StartLoc07	null
63694745448811	TASK_ADD	ListNavigationStarts	ObjectList	StartLoc02	null
63694745448811	TASK_ADD	ListNavigationStarts	ObjectList	StartLoc04	null
63694745448811	TASK_ADD	ListNavigationStarts	ObjectList	StartLoc06	null
63694745448811	TASK_ADD	ListNavigationStarts	ObjectList	StartLoc01	null
63694745448811	TASK_ADD	ListNavigationStarts	ObjectList	StartLoc05	null
63694745448811	TASK_ADD	ListNavigationStarts	ObjectList	StartLoc03	null
63694745448811	TASK_ADD	ListNavigationStarts	ObjectList	StartLoc08	null
63694745448821	TASK_END	ListNavigationStarts	ObjectList	10
63694745448822	TASK_START	ListLargePlayerStarts	ObjectList
63694745448822	TASK_ADD	ListLargePlayerStarts	ObjectList	ScaledPlayerSpawn05	null
63694745448822	TASK_ADD	ListLargePlayerStarts	ObjectList	ScaledPlayerSpawn02	null
63694745448822	TASK_ADD	ListLargePlayerStarts	ObjectList	ScaledPlayerSpawn04	null
63694745448822	TASK_ADD	ListLargePlayerStarts	ObjectList	ScaledPlayerSpawn01	null
63694745448822	TASK_ADD	ListLargePlayerStarts	ObjectList	ScaledPlayerSpawn08	null
63694745448822	TASK_ADD	ListLargePlayerStarts	ObjectList	ScaledPlayerSpawn06	null
63694745448822	TASK_ADD	ListLargePlayerStarts	ObjectList	ScaledPlayerSpawn07	null
63694745448822	TASK_ADD	ListLargePlayerStarts	ObjectList	ScaledPlayerSpawn03	null
63694745448832	TASK_END	ListLargePlayerStarts	ObjectList	10
63694745448833	TASK_START	ListSmallPlayerStarts	ObjectList
63694745448833	TASK_ADD	ListSmallPlayerStarts	ObjectList	StartLoc05	null
63694745448833	TASK_ADD	ListSmallPlayerStarts	ObjectList	StartLoc02	null
63694745448833	TASK_ADD	ListSmallPlayerStarts	ObjectList	StartLoc04	null
63694745448833	TASK_ADD	ListSmallPlayerStarts	ObjectList	StartLoc01	null
63694745448833	TASK_ADD	ListSmallPlayerStarts	ObjectList	StartLoc08	null
63694745448833	TASK_ADD	ListSmallPlayerStarts	ObjectList	StartLoc06	null
63694745448833	TASK_ADD	ListSmallPlayerStarts	ObjectList	StartLoc07	null
63694745448833	TASK_ADD	ListSmallPlayerStarts	ObjectList	StartLoc03	null
63694745448843	TASK_END	ListSmallPlayerStarts	ObjectList	10
63694745448843	TASK_END	InitializeExperiment	TaskList	186
63694745448844	TASK_START	BeginMessage	InstructionsTask
63694745450287	INPUT_EVENT    PlayerPressedActionButton    1
63694745450288	TASK_END	BeginMessage	InstructionsTask	1444
63694745450289	TASK_START	Tasks	TaskList
63694745450289	TASK:	Tasks	Repetition:	1	Catch:	False
63694745450290	TASK_START	PracticeTaskLoop	TaskList
63694745450290	TASK:	PracticeTaskLoop	Repetition:	1	Catch:	False
63694745450301	TASK_END	PracticeTaskLoop	TaskList	11
63694745450302	TASK_START	Standard	TaskList
63694745450302	TASK:	Standard	Repetition:	1	Catch:	False
63694745450310	TASK_END	Standard	TaskList	8
63694745450311	TASK_START	Scaled	TaskList
63694745450311	TASK:	Scaled	Repetition:	1	Catch:	False
63694745450321	TASK_END	Scaled	TaskList	10
63694745450321	TASK_END	Tasks	TaskList	32
63694745450322	TASK_START	LoadNextScene	LM_LoadNextScene
63694745450333	TASK_END	LoadNextScene	LM_LoadNextScene	11
63694745450334	TASK_START	EndMessage	InstructionsTask
63694745455339	TASK_END	EndMessage	InstructionsTask	5005
63694745459590	TASK_END	LM_Timeline	TaskList	10933
