63694745435437	EXPERIMENT:	esc	SUBJECT:	108	BIOSEX:	Male	AGE:	30	START_SCENE	esc_city01	START_CONDITION:	Scaled	UI:	ViveAndVirtualizer
63694745435505	TASK_START	LM_Timeline	TaskList
63694745435506	TASK:	LM_Timeline	Repetition:	1	Catch:	False
63694745435506	TASK_START	InitializeExperiment	TaskList
63694745435506	TASK:	InitializeExperiment	Repetition:	1	Catch:	False
63694745435507	TASK_START	CheckForUsedStores	CheckForSavedObjects
63694745435574	TASK_END	CheckForUsedStores	CheckForSavedObjects	67
63694745435575	TASK_START	PlaceTargets	TaskList
63694745435575	TASK:	PlaceTargets	Repetition:	1	Catch:	False
63694745435577	TASK_START	ListHighlightObjects	ObjectList
63694745435577	TASK_ADD	ListHighlightObjects	ObjectList	Highlight01	null
63694745435577	TASK_ADD	ListHighlightObjects	ObjectList	Highlight02	null
63694745435577	TASK_ADD	ListHighlightObjects	ObjectList	Highlight03	null
63694745435577	TASK_ADD	ListHighlightObjects	ObjectList	Highlight04	null
63694745435577	TASK_ADD	ListHighlightObjects	ObjectList	Highlight05	null
63694745435577	TASK_ADD	ListHighlightObjects	ObjectList	Highlight06	null
63694745435577	TASK_ADD	ListHighlightObjects	ObjectList	Highlight07	null
63694745435577	TASK_ADD	ListHighlightObjects	ObjectList	Highlight08	null
63694745435621	TASK_END	ListHighlightObjects	ObjectList	44
63694745435622	TASK_START	ListTargetPlaceholders	ObjectList
63694745435622	TASK_ADD	ListTargetPlaceholders	ObjectList	Target01	null
63694745435622	TASK_ADD	ListTargetPlaceholders	ObjectList	Target02	null
63694745435622	TASK_ADD	ListTargetPlaceholders	ObjectList	Target03	null
63694745435622	TASK_ADD	ListTargetPlaceholders	ObjectList	Target04	null
63694745435622	TASK_ADD	ListTargetPlaceholders	ObjectList	Target05	null
63694745435622	TASK_ADD	ListTargetPlaceholders	ObjectList	Target06	null
63694745435622	TASK_ADD	ListTargetPlaceholders	ObjectList	Target07	null
63694745435622	TASK_ADD	ListTargetPlaceholders	ObjectList	Target08	null
63694745435638	TASK_END	ListTargetPlaceholders	ObjectList	16
63694745435640	TASK_START	PopulateHighlightObjects	MoveObjects
63694745435641	Target01: 	Highlight01	Position: 	5.95	0.085	116.45	Rotation: 	270	270	0
63694745435641	Target02: 	Highlight02	Position: 	5.95	0.085	14.45	Rotation: 	270	270	0
63694745435641	Target03: 	Highlight03	Position: 	85.935	0.085	14.45	Rotation: 	270	270	0
63694745435641	Target04: 	Highlight04	Position: 	85.935	0.085	74.45999	Rotation: 	270	270	0
63694745435641	Target05: 	Highlight05	Position: 	36.55	0.085	74.45999	Rotation: 	270	180	0
63694745435641	Target06: 	Highlight06	Position: 	36.55	0.085	116.45	Rotation: 	270	180	0
63694745435641	Target07: 	Highlight07	Position: 	76.49999	0.085	106.25	Rotation: 	270	0	0
63694745435641	Target08: 	Highlight08	Position: 	76.49999	0.085	37.4	Rotation: 	270	90	0
63694745435659	TASK_END	PopulateHighlightObjects	MoveObjects	19
63694745435660	TASK_START	ListTargets	ObjectList
63694745435660	TASK_ADD	ListTargets	ObjectList	Pharmacy	null
63694745435660	TASK_ADD	ListTargets	ObjectList	Bike Shop	null
63694745435660	TASK_ADD	ListTargets	ObjectList	Ice Cream Shop	null
63694745435661	TASK_ADD	ListTargets	ObjectList	Toy Shop	null
63694745435661	TASK_ADD	ListTargets	ObjectList	Repair Shop	null
63694745435661	TASK_ADD	ListTargets	ObjectList	Barber	null
63694745435661	TASK_ADD	ListTargets	ObjectList	Post Office	null
63694745435661	TASK_ADD	ListTargets	ObjectList	Coffee Shop	null
63694745435661	TASK_ADD	ListTargets	ObjectList	Bakery	null
63694745435661	TASK_ADD	ListTargets	ObjectList	Grocery	null
63694745435661	TASK_ADD	ListTargets	ObjectList	Computer Shop	null
63694745435661	TASK_ADD	ListTargets	ObjectList	Pet Shop	null
63694745435661	TASK_ADD	ListTargets	ObjectList	Clothing Store	null
63694745435661	TASK_ADD	ListTargets	ObjectList	Music Store	null
63694745435661	TASK_ADD	ListTargets	ObjectList	Hair Dresser	null
63694745435661	TASK_ADD	ListTargets	ObjectList	Camera Store	null
63694745435683	TASK_END	ListTargets	ObjectList	23
63694745435685	TASK_START	ListTargetLocations	ObjectList
63694745435685	TASK_ADD	ListTargetLocations	ObjectList	Target01	null
63694745435685	TASK_ADD	ListTargetLocations	ObjectList	Target02	null
63694745435685	TASK_ADD	ListTargetLocations	ObjectList	Target03	null
63694745435685	TASK_ADD	ListTargetLocations	ObjectList	Target04	null
63694745435685	TASK_ADD	ListTargetLocations	ObjectList	Target05	null
63694745435685	TASK_ADD	ListTargetLocations	ObjectList	Target06	null
63694745435685	TASK_ADD	ListTargetLocations	ObjectList	Target07	null
63694745435685	TASK_ADD	ListTargetLocations	ObjectList	Target08	null
63694745435689	TASK_END	ListTargetLocations	ObjectList	4
63694745435690	TASK_START	PopulateTargets	MoveObjects
63694745435692	Target01: 	Pharmacy	Position: 	5.95	0.085	116.45	Rotation: 	270	270	0
63694745435692	Target02: 	Bike Shop	Position: 	5.95	0.085	14.45	Rotation: 	270	270	0
63694745435692	Target03: 	Ice Cream Shop	Position: 	85.935	0.085	14.45	Rotation: 	270	270	0
63694745435692	Target04: 	Toy Shop	Position: 	85.935	0.085	74.45998	Rotation: 	270	270	0
63694745435692	Target05: 	Repair Shop	Position: 	36.55	0.085	74.45998	Rotation: 	270	180	0
63694745435692	Target06: 	Barber	Position: 	36.55	0.085	116.45	Rotation: 	270	180	0
63694745435692	Target07: 	Post Office	Position: 	76.49999	0.085	106.25	Rotation: 	270	0	0
63694745435692	Target08: 	Coffee Shop	Position: 	76.49999	0.085	37.4	Rotation: 	270	90	0
63694745435696	TASK_END	PopulateTargets	MoveObjects	6
63694745435697	TASK_END	PlaceTargets	TaskList	122
63694745435698	TASK_START	ListNavigationStarts	ObjectList
63694745435698	TASK_ADD	ListNavigationStarts	ObjectList	StartLoc08	null
63694745435698	TASK_ADD	ListNavigationStarts	ObjectList	StartLoc03	null
63694745435698	TASK_ADD	ListNavigationStarts	ObjectList	StartLoc06	null
63694745435698	TASK_ADD	ListNavigationStarts	ObjectList	StartLoc02	null
63694745435698	TASK_ADD	ListNavigationStarts	ObjectList	StartLoc01	null
63694745435698	TASK_ADD	ListNavigationStarts	ObjectList	StartLoc05	null
63694745435698	TASK_ADD	ListNavigationStarts	ObjectList	StartLoc07	null
63694745435698	TASK_ADD	ListNavigationStarts	ObjectList	StartLoc04	null
63694745435708	TASK_END	ListNavigationStarts	ObjectList	10
63694745435710	TASK_START	ListLargePlayerStarts	ObjectList
63694745435710	TASK_ADD	ListLargePlayerStarts	ObjectList	ScaledPlayerSpawn08	null
63694745435710	TASK_ADD	ListLargePlayerStarts	ObjectList	ScaledPlayerSpawn03	null
63694745435710	TASK_ADD	ListLargePlayerStarts	ObjectList	ScaledPlayerSpawn06	null
63694745435710	TASK_ADD	ListLargePlayerStarts	ObjectList	ScaledPlayerSpawn02	null
63694745435710	TASK_ADD	ListLargePlayerStarts	ObjectList	ScaledPlayerSpawn01	null
63694745435710	TASK_ADD	ListLargePlayerStarts	ObjectList	ScaledPlayerSpawn05	null
63694745435710	TASK_ADD	ListLargePlayerStarts	ObjectList	ScaledPlayerSpawn07	null
63694745435710	TASK_ADD	ListLargePlayerStarts	ObjectList	ScaledPlayerSpawn04	null
63694745435719	TASK_END	ListLargePlayerStarts	ObjectList	9
63694745435721	TASK_START	ListSmallPlayerStarts	ObjectList
63694745435721	TASK_ADD	ListSmallPlayerStarts	ObjectList	StartLoc02	null
63694745435721	TASK_ADD	ListSmallPlayerStarts	ObjectList	StartLoc08	null
63694745435721	TASK_ADD	ListSmallPlayerStarts	ObjectList	StartLoc01	null
63694745435721	TASK_ADD	ListSmallPlayerStarts	ObjectList	StartLoc05	null
63694745435721	TASK_ADD	ListSmallPlayerStarts	ObjectList	StartLoc03	null
63694745435721	TASK_ADD	ListSmallPlayerStarts	ObjectList	StartLoc06	null
63694745435721	TASK_ADD	ListSmallPlayerStarts	ObjectList	StartLoc04	null
63694745435721	TASK_ADD	ListSmallPlayerStarts	ObjectList	StartLoc07	null
63694745435730	TASK_END	ListSmallPlayerStarts	ObjectList	9
63694745435730	TASK_END	InitializeExperiment	TaskList	224
63694745435733	TASK_START	BeginMessage	InstructionsTask
63694745448188	INPUT_EVENT    PlayerPressedActionButton    1
63694745448189	TASK_END	BeginMessage	InstructionsTask	12456
63694745448191	TASK_START	Tasks	TaskList
63694745448191	TASK:	Tasks	Repetition:	1	Catch:	False
63694745448192	TASK_START	PracticeTaskLoop	TaskList
63694745448192	TASK:	PracticeTaskLoop	Re