63721452294025	EXPERIMENT:		SUBJECT:	102	START_SCENE	esc_city01	START_CONDITION:	Scaled	UI:	KeyboardMouse
63721452294085	TASK_START	LM_Timeline	TaskList
63721452294085	EEG_TRIGGER	Name	EXP_start	Value	1
63721452294086	TASK_START	InitializeExperiment	TaskList
63721452294086	TASK_START	PlaceTargets	TaskList
63721452294086	TASK_START	CheckForUsedTargets	LM_CompareLists
63721452294100	TASK_END	CheckForUsedTargets	LM_CompareLists	14
63721452294102	TASK_START	ListTargetLocations	ObjectList
63721452294102	TASK_ADD	ListTargetLocations	ObjectList	Target01	null
63721452294102	TASK_ADD	ListTargetLocations	ObjectList	Target02	null
63721452294102	TASK_ADD	ListTargetLocations	ObjectList	Target03	null
63721452294102	TASK_ADD	ListTargetLocations	ObjectList	Target04	null
63721452294102	TASK_ADD	ListTargetLocations	ObjectList	Target05	null
63721452294102	TASK_ADD	ListTargetLocations	ObjectList	Target06	null
63721452294102	TASK_ADD	ListTargetLocations	ObjectList	Target07	null
63721452294102	TASK_ADD	ListTargetLocations	ObjectList	Target08	null
63721452294225	TASK_END	ListTargetLocations	ObjectList	123
63721452294226	TASK_START	ListTargets	ObjectList
63721452294226	TASK_ADD	ListTargets	ObjectList	Clothing Store	null
63721452294226	TASK_ADD	ListTargets	ObjectList	Barber Shop	null
63721452294226	TASK_ADD	ListTargets	ObjectList	Pharmacy	null
63721452294226	TASK_ADD	ListTargets	ObjectList	Ice Cream Shop	null
63721452294226	TASK_ADD	ListTargets	ObjectList	Hair Dresser	null
63721452294226	TASK_ADD	ListTargets	ObjectList	Computer Shop	null
63721452294226	TASK_ADD	ListTargets	ObjectList	Bakery	null
63721452294226	TASK_ADD	ListTargets	ObjectList	Grocery	null
63721452294226	TASK_ADD	ListTargets	ObjectList	Repair Shop	null
63721452294226	TASK_ADD	ListTargets	ObjectList	Toy Shop	null
63721452294226	TASK_ADD	ListTargets	ObjectList	Bike Shop	null
63721452294226	TASK_ADD	ListTargets	ObjectList	Camera Store	null
63721452294226	TASK_ADD	ListTargets	ObjectList	Pet Shop	null
63721452294226	TASK_ADD	ListTargets	ObjectList	Coffee Shop	null
63721452294226	TASK_ADD	ListTargets	ObjectList	Music Store	null
63721452294226	TASK_ADD	ListTargets	ObjectList	Post Office	null
63721452294251	TASK_END	ListTargets	ObjectList	25
63721452294252	TASK_START	PopulateTargets	MoveObjects
63721452294252	TARGET INFORMATION ----------------------------------------
63721452294253	Target01: 	Clothing Store	Position: 	5.95	0.085	116.45	Rotation: 	270	270	0
63721452294253	Target02: 	Barber Shop	Position: 	5.95	0.085	14.45	Rotation: 	270	270	0
63721452294253	Target03: 	Pharmacy	Position: 	85.935	0.085	14.45	Rotation: 	270	270	0
63721452294253	Target04: 	Ice Cream Shop	Position: 	85.935	0.085	74.45998	Rotation: 	270	270	0
63721452294253	Target05: 	Hair Dresser	Position: 	36.55	0.085	74.45998	Rotation: 	270	180	0
63721452294253	Target06: 	Computer Shop	Position: 	36.55	0.085	116.45	Rotation: 	270	180	0
63721452294253	Target07: 	Bakery	Position: 	76.49999	0.085	106.25	Rotation: 	270	0	0
63721452294253	Target08: 	Grocery	Position: 	76.49999	0.085	37.4	Rotation: 	270	90	0
63721452294253	-----------------------------------------------------------/
63721452294262	TASK_END	PopulateTargets	MoveObjects	10
63721452294263	TASK_START	UpdateUsedTargets	LM_CompareLists
63721452294270	TASK_END	UpdateUsedTargets	LM_CompareLists	7
63721452294271	LM_Output	TaskList
TaskListName	RepetitionNumber	CatchFlag
PlaceTargets1False
63721452294271	TASK_END	PlaceTargets	TaskList	185
63721452294271	TASK_START	ListNavigationStarts	ObjectList
63721452294271	TASK_ADD	ListNavigationStarts	ObjectList	StartLocation07	null
63721452294271	TASK_ADD	ListNavigationStarts	ObjectList	StartLocation04	null
63721452294271	TASK_ADD	ListNavigationStarts	ObjectList	StartLocation05	null
63721452294271	TASK_ADD	ListNavigationStarts	ObjectList	StartLocation03	null
63721452294271	TASK_ADD	ListNavigationStarts	ObjectList	StartLocation08	null
63721452294271	TASK_ADD	ListNavigationStarts	ObjectList	StartLocation01	null
63721452294271	TASK_ADD	ListNavigationStarts	ObjectList	StartLocation02	null
63721452294271	TASK_ADD	ListNavigationStarts	ObjectList	StartLocation06	null
63721452294277	TASK_END	ListNavigationStarts	ObjectList	6
63721452294278	TASK_START	ListLargePlayerStarts	ObjectList
63721452294278	TASK_ADD	ListLargePlayerStarts	ObjectList	ScaledPlayerSpawn02	null
63721452294278	TASK_ADD	ListLargePlayerStarts	ObjectList	ScaledPlayerSpawn05	null
63721452294278	TASK_ADD	ListLargePlayerStarts	ObjectList	ScaledPlayerSpawn06	null
63721452294278	TASK_ADD	ListLargePlayerStarts	ObjectList	ScaledPlayerSpawn04	null
63721452294278	TASK_ADD	ListLargePlayerStarts	ObjectList	ScaledPlayerSpawn07	null
63721452294278	TASK_ADD	ListLargePlayerStarts	ObjectList	ScaledPlayerSpawn01	null
63721452294278	TASK_ADD	ListLargePlayerStarts	ObjectList	ScaledPlayerSpawn08	null
63721452294278	TASK_ADD	ListLargePlayerStarts	ObjectList	ScaledPlayerSpawn03	null
63721452294281	TASK_END	ListLargePlayerStarts	ObjectList	3
63721452294282	TASK_START	ListSmallPlayerStarts	ObjectList
63721452294282	TASK_ADD	ListSmallPlayerStarts	ObjectList	StartLocation02	null
63721452294282	TASK_ADD	ListSmallPlayerStarts	ObjectList	StartLocation01	null
63721452294282	TASK_ADD	ListSmallPlayerStarts	ObjectList	StartLocation07	null
63721452294282	TASK_ADD	ListSmallPlayerStarts	ObjectList	StartLocation06	null
63721452294282	TASK_ADD	ListSmallPlayerStarts	ObjectList	StartLocation03	null
63721452294282	TASK_ADD	ListSmallPlayerStarts	ObjectList	StartLocation05	null
63721452294282	TASK_ADD	ListSmallPlayerStarts	ObjectList	StartLocation08	null
63721452294282	TASK_ADD	ListSmallPlayerStarts	ObjectList	StartLocation04	null
63721452294294	TASK_END	ListSmallPlayerStarts	ObjectList	12
63721452294294	LM_Output	TaskList
TaskListName	RepetitionNumber	CatchFlag
InitializeExperiment1False
63721452294294	TASK_END	InitializeExperiment	TaskList	208
63721452294295	TASK_START	BeginMessage	InstructionsTask
63721452306390	INPUT_EVENT    PlayerPressedActionButton    1
63721452306390	TASK_END	BeginMessage	InstructionsTask	12095
63721452306399	TASK_START	Tasks	TaskList
63721452306405	TASK_END	Tasks	TaskList	6
63721452306406	TASK_START	EndMessage	InstructionsTask
63721452311409	TASK_END	EndMessage	InstructionsTask	5003
63721452311409	LM_Output	TaskList
TaskListName	RepetitionNumber	CatchFlag
LM_Timeline1False
63721452311410	EEG_TRIGGER	Name	EXP_end	Value	2
63721452311410	TASK_END	LM_Timeline	TaskList	17325
63721452311410	
================ Index of EEG Triggers ================
1: EXP_start
2: EXP_end

