63695423849040	EXPERIMENT:	esc	SUBJECT:	102	BIOSEX:	Male	AGE:	30	START_SCENE	esc_city02	START_CONDITION:	Standard	UI:	ViveAndVirtualizer
63695423849102	TASK_START	LM_Timeline	TaskList
63695423849102	TASK:	LM_Timeline	Repetition:	1	Catch:	False
63695423849103	TASK_START	InitializeExperiment	TaskList
63695423849103	TASK:	InitializeExperiment	Repetition:	1	Catch:	False
63695423849103	TASK_START	PlaceTargets	TaskList
63695423849103	TASK:	PlaceTargets	Repetition:	1	Catch:	False
63695423849104	TASK_START	CheckForUsedTargets	LM_CompareLists
63695423849109	TASK_END	CheckForUsedTargets	LM_CompareLists	5
63695423849110	TASK_START	ListHighlightObjects	ObjectList
63695423849110	TASK_ADD	ListHighlightObjects	ObjectList	Highlight01	null
63695423849110	TASK_ADD	ListHighlightObjects	ObjectList	Highlight02	null
63695423849110	TASK_ADD	ListHighlightObjects	ObjectList	Highlight03	null
63695423849110	TASK_ADD	ListHighlightObjects	ObjectList	Highlight04	null
63695423849110	TASK_ADD	ListHighlightObjects	ObjectList	Highlight05	null
63695423849110	TASK_ADD	ListHighlightObjects	ObjectList	Highlight06	null
63695423849110	TASK_ADD	ListHighlightObjects	ObjectList	Highlight07	null
63695423849110	TASK_ADD	ListHighlightObjects	ObjectList	Highlight08	null
63695423849154	TASK_END	ListHighlightObjects	ObjectList	44
63695423849156	TASK_START	ListTargetPlaceholders	ObjectList
63695423849156	TASK_ADD	ListTargetPlaceholders	ObjectList	Target01	null
63695423849156	TASK_ADD	ListTargetPlaceholders	ObjectList	Target02	null
63695423849156	TASK_ADD	ListTargetPlaceholders	ObjectList	Target03	null
63695423849156	TASK_ADD	ListTargetPlaceholders	ObjectList	Target04	null
63695423849156	TASK_ADD	ListTargetPlaceholders	ObjectList	Target05	null
63695423849156	TASK_ADD	ListTargetPlaceholders	ObjectList	Target06	null
63695423849156	TASK_ADD	ListTargetPlaceholders	ObjectList	Target07	null
63695423849156	TASK_ADD	ListTargetPlaceholders	ObjectList	Target08	null
63695423849181	TASK_END	ListTargetPlaceholders	ObjectList	25
63695423849182	TASK_START	PopulateHighlightObjects	MoveObjects
63695423849182	Target01: 	Highlight01	Position: 	86.70001	0.08500671	138.55	Rotation: 	270	0	0
63695423849182	Target02: 	Highlight02	Position: 	86.70001	0.08500671	55.25	Rotation: 	270	270	0
63695423849182	Target03: 	Highlight03	Position: 	36.54999	0.08500671	55.25	Rotation: 	270	90	0
63695423849182	Target04: 	Highlight04	Position: 	36.54999	0.08500671	86.70001	Rotation: 	270	270	0
63695423849182	Target05: 	Highlight05	Position: 	76.5	0.08500671	86.70001	Rotation: 	270	180	0
63695423849182	Target06: 	Highlight06	Position: 	76.5	0.08500671	16.15002	Rotation: 	270	90	0
63695423849182	Target07: 	Highlight07	Position: 	14.28003	0.08500671	16.15002	Rotation: 	270	90	0
63695423849182	Target08: 	Highlight08	Position: 	14.28003	0.08500671	137.445	Rotation: 	270	0	0
63695423849193	TASK_END	PopulateHighlightObjects	MoveObjects	11
63695423849194	TASK_START	ListTargets	ObjectList
63695423849194	TASK_ADD	ListTargets	ObjectList	Repair Shop	null
63695423849194	TASK_ADD	ListTargets	ObjectList	Camera Store	null
63695423849194	TASK_ADD	ListTargets	ObjectList	Bakery	null
63695423849194	TASK_ADD	ListTargets	ObjectList	Grocery	null
63695423849194	TASK_ADD	ListTargets	ObjectList	Barber Shop	null
63695423849194	TASK_ADD	ListTargets	ObjectList	Computer Shop	null
63695423849194	TASK_ADD	ListTargets	ObjectList	Pet Shop	null
63695423849194	TASK_ADD	ListTargets	ObjectList	Bike Shop	null
63695423849194	TASK_ADD	ListTargets	ObjectList	Pharmacy	null
63695423849194	TASK_ADD	ListTargets	ObjectList	Ice Cream Shop	null
63695423849194	TASK_ADD	ListTargets	ObjectList	Coffee Shop	null
63695423849194	TASK_ADD	ListTargets	ObjectList	Post Office	null
63695423849194	TASK_ADD	ListTargets	ObjectList	Toy Shop	null
63695423849194	TASK_ADD	ListTargets	ObjectList	Music Store	null
63695423849194	TASK_ADD	ListTargets	ObjectList	Hair Dresser	null
63695423849194	TASK_ADD	ListTargets	ObjectList	Clothing Store	null
63695423849199	TASK_END	ListTargets	ObjectList	5
63695423849201	TASK_START	ListTargetLocations	ObjectList
63695423849201	TASK_ADD	ListTargetLocations	ObjectList	Target01	null
63695423849201	TASK_ADD	ListTargetLocations	ObjectList	Target02	null
63695423849201	TASK_ADD	ListTargetLocations	ObjectList	Target03	null
63695423849201	TASK_ADD	ListTargetLocations	ObjectList	Target04	null
63695423849201	TASK_ADD	ListTargetLocations	ObjectList	Target05	null
63695423849201	TASK_ADD	ListTargetLocations	ObjectList	Target06	null
63695423849201	TASK_ADD	ListTargetLocations	ObjectList	Target07	null
63695423849201	TASK_ADD	ListTargetLocations	ObjectList	Target08	null
63695423849209	TASK_END	ListTargetLocations	ObjectList	8
63695423849210	TASK_START	PopulateTargets	MoveObjects
63695423849211	TARGET INFORMATION ----------------------------------------
63695423849211	Target01: 	Repair Shop	Position: 	86.70001	0.08500671	138.55	Rotation: 	270	0	0
63695423849211	Target02: 	Camera Store	Position: 	86.70001	0.08500671	55.25	Rotation: 	270	270	0
63695423849211	Target03: 	Bakery	Position: 	36.54999	0.08500671	55.25	Rotation: 	270	90	0
63695423849211	Target04: 	Grocery	Position: 	36.54999	0.08500671	86.70001	Rotation: 	270	270	0
63695423849211	Target05: 	Barber Shop	Position: 	76.5	0.08500671	86.70001	Rotation: 	270	180	0
63695423849211	Target06: 	Computer Shop	Position: 	76.5	0.08500671	16.15002	Rotation: 	270	90	0
63695423849211	Target07: 	Pet Shop	Position: 	14.28003	0.08500671	16.15002	Rotation: 	270	90	0
63695423849211	Target08: 	Bike Shop	Position: 	14.28003	0.08500671	137.445	Rotation: 	270	0	0
63695423849211	-----------------------------------------------------------
63695423849218	TASK_END	PopulateTargets	MoveObjects	8
63695423849220	TASK_START	UpdateUsedTargets	LM_CompareLists
63695423849229	TASK_END	UpdateUsedTargets	LM_CompareLists	9
63695423849229	TASK_END	PlaceTargets	TaskList	126
63695423849230	TASK_START	ListNavigationStarts	ObjectList
63695423849230	TASK_ADD	ListNavigationStarts	ObjectList	StartLoc07	null
63695423849230	TASK_ADD	ListNavigationStarts	ObjectList	StartLoc06	null
63695423849230	TASK_ADD	ListNavigationStarts	ObjectList	StartLoc05	null
63695423849230	TASK_ADD	ListNavigationStarts	ObjectList	StartLoc04	null
63695423849230	TASK_ADD	ListNavigationStarts	ObjectList	StartLoc01	null
63695423849230	TASK_ADD	ListNavigationStarts	ObjectList	StartLoc03	null
63695423849230	TASK_ADD	ListNavigationStarts	ObjectList	StartLoc02	null
63695423849230	TASK_ADD	ListNavigationStarts	ObjectList	StartLoc08	null
63695423849238	TASK_END	ListNavigationStarts	ObjectList	8
63695423849239	TASK_START	ListLargePlayerStarts	ObjectList
63695423849239	TASK_ADD	ListLargePlayerStarts	ObjectList	ScaledPlayerSpawn02	null
63695423849239	TASK_ADD	ListLargePlayerStarts	ObjectList	ScaledPlayerSpawn05	null
63695423849239	TASK_ADD	ListLargePlayerStarts	ObjectList	ScaledPlayerSpawn06	null
63695423849239	TASK_ADD	ListLargePlayerStarts	ObjectList	ScaledPlayerSpawn01	null
63695423849239	TASK_ADD	ListLargePlayerStarts	ObjectList	ScaledPlayerSpawn08	null
63695423849239	TASK_ADD	ListLargePlayerStarts	ObjectList	ScaledPlayerSpawn04	null
63695423849239	TASK_ADD	ListLargePlayerStarts	ObjectList	ScaledPlayerSpawn07	null
63695423849239	TASK_ADD	ListLargePlayerStarts	ObjectList	ScaledPlayerSpawn03	null
63695423849249	TASK_END	ListLargePlayerStarts	ObjectList	10
63695423849250	TASK_START	ListSmallPlayerStarts	ObjectList
63695423849250	TASK_ADD	ListSmallPlayerStarts	ObjectList	StartLoc02	null
63695423849250	TASK_ADD	ListSmallPlayerStarts	ObjectList	StartLoc05	null
63695423849250	TASK_ADD	ListSmallPlayerStarts	ObjectList	StartLoc06	null
63695423849250	TASK_ADD	ListSmallPlayerStarts	ObjectList	StartLoc01	null
63695423849250	TASK_ADD	ListSmallPlayerStarts	ObjectList	StartLoc08	null
63695423849250	TASK_ADD	ListSmallPlayerStarts	ObjectList	StartLoc04	null
63695423849250	TASK_ADD	ListSmallPlayerStarts	ObjectList	StartLoc07	null
63695423849250	TASK_ADD	ListSmallPlayerStarts	ObjectList	StartLoc03	null
63695423849260	TASK_END	ListSmallPlayerStarts	ObjectList	10
63695423849260	TASK_END	InitializeExperiment	TaskList	157
63695423849261	TASK_START	BeginMessage	InstructionsTask
63695423949269	TASK_END	BeginMessage	InstructionsTask	100008
63695423949269	TASK_START	Tasks	TaskList
63695423949269	TASK:	Tasks	Repetition:	1	Catch:	False
63695423949270	TASK_START	PracticeTaskLoop	TaskList
63695423949270	TASK:	PracticeTaskLoop	Repetition:	1	Catch:	False
63695423949271	TASK_START	LearnTargets	TaskList
63695423949271	TASK:	LearnTargets	Repetition:	1	Catch:	False
63695423949272	TASK_START	LearnTargets Instructions	InstructionsTask
63695424260985	TASK_END	LM_Timeline	TaskList	411883
