63694745517497	EXPERIMENT:	esc	SUBJECT:	110	BIOSEX:	Male	AGE:	30	START_SCENE	esc_city01	START_CONDITION:	Scaled	UI:	ViveAndVirtualizer
63694745517555	TASK_START	LM_Timeline	TaskList
63694745517555	TASK:	LM_Timeline	Repetition:	1	Catch:	False
63694745517556	TASK_START	InitializeExperiment	TaskList
63694745517556	TASK:	InitializeExperiment	Repetition:	1	Catch:	False
63694745517557	TASK_START	CheckForUsedStores	CheckForSavedObjects
63694745517624	TASK_END	CheckForUsedStores	CheckForSavedObjects	67
63694745517625	TASK_START	PlaceTargets	TaskList
63694745517625	TASK:	PlaceTargets	Repetition:	1	Catch:	False
63694745517627	TASK_START	ListHighlightObjects	ObjectList
63694745517627	TASK_ADD	ListHighlightObjects	ObjectList	Highlight01	null
63694745517627	TASK_ADD	ListHighlightObjects	ObjectList	Highlight02	null
63694745517627	TASK_ADD	ListHighlightObjects	ObjectList	Highlight03	null
63694745517627	TASK_ADD	ListHighlightObjects	ObjectList	Highlight04	null
63694745517627	TASK_ADD	ListHighlightObjects	ObjectList	Highlight05	null
63694745517627	TASK_ADD	ListHighlightObjects	ObjectList	Highlight06	null
63694745517627	TASK_ADD	ListHighlightObjects	ObjectList	Highlight07	null
63694745517627	TASK_ADD	ListHighlightObjects	ObjectList	Highlight08	null
63694745517671	TASK_END	ListHighlightObjects	ObjectList	44
63694745517672	TASK_START	ListTargetPlaceholders	ObjectList
63694745517672	TASK_ADD	ListTargetPlaceholders	ObjectList	Target01	null
63694745517672	TASK_ADD	ListTargetPlaceholders	ObjectList	Target02	null
63694745517672	TASK_ADD	ListTargetPlaceholders	ObjectList	Target03	null
63694745517672	TASK_ADD	ListTargetPlaceholders	ObjectList	Target04	null
63694745517672	TASK_ADD	ListTargetPlaceholders	ObjectList	Target05	null
63694745517672	TASK_ADD	ListTargetPlaceholders	ObjectList	Target06	null
63694745517672	TASK_ADD	ListTargetPlaceholders	ObjectList	Target07	null
63694745517672	TASK_ADD	ListTargetPlaceholders	ObjectList	Target08	null
63694745517690	TASK_END	ListTargetPlaceholders	ObjectList	18
63694745517692	TASK_START	PopulateHighlightObjects	MoveObjects
63694745517693	Target01: 	Highlight01	Position: 	5.95	0.085	116.45	Rotation: 	270	270	0
63694745517693	Target02: 	Highlight02	Position: 	5.95	0.085	14.45	Rotation: 	270	270	0
63694745517693	Target03: 	Highlight03	Position: 	85.935	0.085	14.45	Rotation: 	270	270	0
63694745517693	Target04: 	Highlight04	Position: 	85.935	0.085	74.45999	Rotation: 	270	270	0
63694745517693	Target05: 	Highlight05	Position: 	36.55	0.085	74.45999	Rotation: 	270	180	0
63694745517693	Target06: 	Highlight06	Position: 	36.55	0.085	116.45	Rotation: 	270	180	0
63694745517693	Target07: 	Highlight07	Position: 	76.49999	0.085	106.25	Rotation: 	270	0	0
63694745517693	Target08: 	Highlight08	Position: 	76.49999	0.085	37.4	Rotation: 	270	90	0
63694745517712	TASK_END	PopulateHighlightObjects	MoveObjects	20
63694745517713	TASK_START	ListTargets	ObjectList
63694745517714	TASK_ADD	ListTargets	ObjectList	Grocery	null
63694745517714	TASK_ADD	ListTargets	ObjectList	Pet Shop	null
63694745517714	TASK_ADD	ListTargets	ObjectList	Hair Dresser	null
63694745517714	TASK_ADD	ListTargets	ObjectList	Camera Store	null
63694745517714	TASK_ADD	ListTargets	ObjectList	Ice Cream Shop	null
63694745517714	TASK_ADD	ListTargets	ObjectList	Repair Shop	null
63694745517714	TASK_ADD	ListTargets	ObjectList	Computer Shop	null
63694745517714	TASK_ADD	ListTargets	ObjectList	Bakery	null
63694745517714	TASK_ADD	ListTargets	ObjectList	Pharmacy	null
63694745517714	TASK_ADD	ListTargets	ObjectList	Post Office	null
63694745517714	TASK_ADD	ListTargets	ObjectList	Barber	null
63694745517714	TASK_ADD	ListTargets	ObjectList	Toy Shop	null
63694745517714	TASK_ADD	ListTargets	ObjectList	Bike Shop	null
63694745517714	TASK_ADD	ListTargets	ObjectList	Clothing Store	null
63694745517714	TASK_ADD	ListTargets	ObjectList	Coffee Shop	null
63694745517714	TASK_ADD	ListTargets	ObjectList	Music Store	null
63694745517734	TASK_END	ListTargets	ObjectList	21
63694745517735	TASK_START	ListTargetLocations	ObjectList
63694745517735	TASK_ADD	ListTargetLocations	ObjectList	Target01	null
63694745517735	TASK_ADD	ListTargetLocations	ObjectList	Target02	null
63694745517735	TASK_ADD	ListTargetLocations	ObjectList	Target03	null
63694745517735	TASK_ADD	ListTargetLocations	ObjectList	Target04	null
63694745517735	TASK_ADD	ListTargetLocations	ObjectList	Target05	null
63694745517735	TASK_ADD	ListTargetLocations	ObjectList	Target06	null
63694745517735	TASK_ADD	ListTargetLocations	ObjectList	Target07	null
63694745517735	TASK_ADD	ListTargetLocations	ObjectList	Target08	null
63694745517741	TASK_END	ListTargetLocations	ObjectList	6
63694745517742	TASK_START	PopulateTargets	MoveObjects
63694745517743	Target01: 	Grocery	Position: 	5.95	0.085	116.45	Rotation: 	270	270	0
63694745517743	Target02: 	Pet Shop	Position: 	5.95	0.085	14.45	Rotation: 	270	270	0
63694745517743	Target03: 	Hair Dresser	Position: 	85.935	0.085	14.45	Rotation: 	270	270	0
63694745517743	Target04: 	Camera Store	Position: 	85.935	0.085	74.45998	Rotation: 	270	270	0
63694745517743	Target05: 	Ice Cream Shop	Position: 	36.55	0.085	74.45998	Rotation: 	270	180	0
63694745517744	Target06: 	Repair Shop	Position: 	36.55	0.085	116.45	Rotation: 	270	180	0
63694745517744	Target07: 	Computer Shop	Position: 	76.49999	0.085	106.25	Rotation: 	270	0	0
63694745517744	Target08: 	Bakery	Position: 	76.49999	0.085	37.4	Rotation: 	270	90	0
63694745517752	TASK_END	PopulateTargets	MoveObjects	10
63694745517752	TASK_END	PlaceTargets	TaskList	127
63694745517754	TASK_START	ListNavigationStarts	ObjectList
63694745517754	TASK_ADD	ListNavigationStarts	ObjectList	StartLoc01	null
63694745517754	TASK_ADD	ListNavigationStarts	ObjectList	StartLoc05	null
63694745517754	TASK_ADD	ListNavigationStarts	ObjectList	StartLoc06	null
63694745517754	TASK_ADD	ListNavigationStarts	ObjectList	StartLoc03	null
63694745517754	TASK_ADD	ListNavigationStarts	ObjectList	StartLoc02	null
63694745517754	TASK_ADD	ListNavigationStarts	ObjectList	StartLoc04	null
63694745517754	TASK_ADD	ListNavigationStarts	ObjectList	StartLoc07	null
63694745517754	TASK_ADD	ListNavigationStarts	ObjectList	StartLoc08	null
63694745517761	TASK_END	ListNavigationStarts	ObjectList	7
63694745517762	TASK_START	ListLargePlayerStarts	ObjectList
63694745517762	TASK_ADD	ListLargePlayerStarts	ObjectList	ScaledPlayerSpawn01	null
63694745517762	TASK_ADD	ListLargePlayerStarts	ObjectList	ScaledPlayerSpawn02	null
63694745517762	TASK_ADD	ListLargePlayerStarts	ObjectList	ScaledPlayerSpawn08	null
63694745517762	TASK_ADD	ListLargePlayerStarts	ObjectList	ScaledPlayerSpawn06	null
63694745517762	TASK_ADD	ListLargePlayerStarts	ObjectList	ScaledPlayerSpawn04	null
63694745517762	TASK_ADD	ListLargePlayerStarts	ObjectList	ScaledPlayerSpawn07	null
63694745517762	TASK_ADD	ListLargePlayerStarts	ObjectList	ScaledPlayerSpawn05	null
63694745517762	TASK_ADD	ListLargePlayerStarts	ObjectList	ScaledPlayerSpawn03	null
63694745517774	TASK_END	ListLargePlayerStarts	ObjectList	12
63694745517775	TASK_START	ListSmallPlayerStarts	ObjectList
63694745517775	TASK_ADD	ListSmallPlayerStarts	ObjectList	StartLoc07	null
63694745517775	TASK_ADD	ListSmallPlayerStarts	ObjectList	StartLoc06	null
63694745517775	TASK_ADD	ListSmallPlayerStarts	ObjectList	StartLoc04	null
63694745517775	TASK_ADD	ListSmallPlayerStarts	ObjectList	StartLoc03	null
63694745517775	TASK_ADD	ListSmallPlayerStarts	ObjectList	StartLoc05	null
63694745517775	TASK_ADD	ListSmallPlayerStarts	ObjectList	StartLoc02	null
63694745517775	TASK_ADD	ListSmallPlayerStarts	ObjectList	StartLoc08	null
63694745517775	TASK_ADD	ListSmallPlayerStarts	ObjectList	StartLoc01	null
63694745517786	TASK_END	ListSmallPlayerStarts	ObjectList	11
63694745517786	TASK_END	InitializeExperiment	TaskList	230
63694745517788	TASK_START	BeginMessage	InstructionsTask
63694745554523	INPUT_EVENT    PlayerPressedActionButton    1
63694745554524	TASK_END	BeginMessage	InstructionsTask	36736
63694745554526	TASK_START	Tasks	TaskList
63694745554526	TASK:	Tasks	Repetition:	1	Catch:	False
63694745554526	TASK_START	PracticeTaskLoop	TaskList
63694745554526	TASK:	PracticeTask