63694745554910	EXPERIMENT:	esc	SUBJECT:	110	BIOSEX:	Male	AGE:	30	START_SCENE	esc_city02	START_CONDITION:	Standard	UI:	ViveAndVirtualizer
63694745554977	TASK_START	LM_Timeline	TaskList
63694745554977	TASK:	LM_Timeline	Repetition:	1	Catch:	False
63694745554978	TASK_START	InitializeExperiment	TaskList
63694745554978	TASK:	InitializeExperiment	Repetition:	1	Catch:	False
63694745554979	TASK_START	CheckForUsedStores	CheckForSavedObjects
63694745555033	TASK_END	CheckForUsedStores	CheckForSavedObjects	54
63694745555034	TASK_START	PlaceTargets	TaskList
63694745555034	TASK:	PlaceTargets	Repetition:	1	Catch:	False
63694745555035	TASK_START	ListHighlightObjects	ObjectList
63694745555035	TASK_ADD	ListHighlightObjects	ObjectList	Highlight01	null
63694745555035	TASK_ADD	ListHighlightObjects	ObjectList	Highlight02	null
63694745555035	TASK_ADD	ListHighlightObjects	ObjectList	Highlight03	null
63694745555035	TASK_ADD	ListHighlightObjects	ObjectList	Highlight04	null
63694745555035	TASK_ADD	ListHighlightObjects	ObjectList	Highlight05	null
63694745555035	TASK_ADD	ListHighlightObjects	ObjectList	Highlight06	null
63694745555035	TASK_ADD	ListHighlightObjects	ObjectList	Highlight07	null
63694745555035	TASK_ADD	ListHighlightObjects	ObjectList	Highlight08	null
63694745555062	TASK_END	ListHighlightObjects	ObjectList	27
63694745555064	TASK_START	ListTargetPlaceholders	ObjectList
63694745555064	TASK_ADD	ListTargetPlaceholders	ObjectList	Target01	null
63694745555064	TASK_ADD	ListTargetPlaceholders	ObjectList	Target02	null
63694745555064	TASK_ADD	ListTargetPlaceholders	ObjectList	Target03	null
63694745555064	TASK_ADD	ListTargetPlaceholders	ObjectList	Target04	null
63694745555064	TASK_ADD	ListTargetPlaceholders	ObjectList	Target05	null
63694745555064	TASK_ADD	ListTargetPlaceholders	ObjectList	Target06	null
63694745555064	TASK_ADD	ListTargetPlaceholders	ObjectList	Target07	null
63694745555064	TASK_ADD	ListTargetPlaceholders	ObjectList	Target08	null
63694745555090	TASK_END	ListTargetPlaceholders	ObjectList	26
63694745555091	TASK_START	PopulateHighlightObjects	MoveObjects
63694745555091	Target01: 	Highlight01	Position: 	86.70001	0.08500671	138.55	Rotation: 	270	0	0
63694745555091	Target02: 	Highlight02	Position: 	86.70001	0.08500671	55.25	Rotation: 	270	270	0
63694745555091	Target03: 	Highlight03	Position: 	36.54999	0.08500671	55.25	Rotation: 	270	90	0
63694745555091	Target04: 	Highlight04	Position: 	36.54999	0.08500671	86.70001	Rotation: 	270	270	0
63694745555091	Target05: 	Highlight05	Position: 	76.5	0.08500671	86.70001	Rotation: 	270	180	0
63694745555091	Target06: 	Highlight06	Position: 	76.5	0.08500671	16.15002	Rotation: 	270	90	0
63694745555091	Target07: 	Highlight07	Position: 	14.28003	0.08500671	16.15002	Rotation: 	270	90	0
63694745555092	Target08: 	Highlight08	Position: 	14.28003	0.08500671	137.445	Rotation: 	270	0	0
63694745555108	TASK_END	PopulateHighlightObjects	MoveObjects	17
63694745555109	TASK_START	ListTargets	ObjectList
63694745555109	TASK_ADD	ListTargets	ObjectList	Coffee Shop	null
63694745555109	TASK_ADD	ListTargets	ObjectList	Toy Shop	null
63694745555109	TASK_ADD	ListTargets	ObjectList	Post Office	null
63694745555109	TASK_ADD	ListTargets	ObjectList	Bike Shop	null
63694745555109	TASK_ADD	ListTargets	ObjectList	Ice Cream Shop	null
63694745555109	TASK_ADD	ListTargets	ObjectList	Hair Dresser	null
63694745555109	TASK_ADD	ListTargets	ObjectList	Computer Shop	null
63694745555109	TASK_ADD	ListTargets	ObjectList	Camera Store	null
63694745555109	TASK_ADD	ListTargets	ObjectList	Pharmacy	null
63694745555109	TASK_ADD	ListTargets	ObjectList	Music Store	null
63694745555109	TASK_ADD	ListTargets	ObjectList	Barber	null
63694745555109	TASK_ADD	ListTargets	ObjectList	Bakery	null
63694745555109	TASK_ADD	ListTargets	ObjectList	Repair Shop	null
63694745555109	TASK_ADD	ListTargets	ObjectList	Grocery	null
63694745555109	TASK_ADD	ListTargets	ObjectList	Clothing Store	null
63694745555109	TASK_ADD	ListTargets	ObjectList	Pet Shop	null
63694745555124	TASK_END	ListTargets	ObjectList	15
63694745555125	TASK_START	ListTargetLocations	ObjectList
63694745555125	TASK_ADD	ListTargetLocations	ObjectList	Target01	null
63694745555125	TASK_ADD	ListTargetLocations	ObjectList	Target02	null
63694745555125	TASK_ADD	ListTargetLocations	ObjectList	Target03	null
63694745555125	TASK_ADD	ListTargetLocations	ObjectList	Target04	null
63694745555125	TASK_ADD	ListTargetLocations	ObjectList	Target05	null
63694745555125	TASK_ADD	ListTargetLocations	ObjectList	Target06	null
63694745555125	TASK_ADD	ListTargetLocations	ObjectList	Target07	null
63694745555125	TASK_ADD	ListTargetLocations	ObjectList	Target08	null
63694745555130	TASK_END	ListTargetLocations	ObjectList	5
63694745555131	TASK_START	PopulateTargets	MoveObjects
63694745555132	Target01: 	Coffee Shop	Position: 	86.70001	0.08500671	138.55	Rotation: 	270	0	0
63694745555132	Target02: 	Toy Shop	Position: 	86.70001	0.08500671	55.25	Rotation: 	270	270	0
63694745555132	Target03: 	Post Office	Position: 	36.54999	0.08500671	55.25	Rotation: 	270	90	0
63694745555132	Target04: 	Bike Shop	Position: 	36.54999	0.08500671	86.70001	Rotation: 	270	270	0
63694745555133	Target05: 	Ice Cream Shop	Position: 	76.5	0.08500671	86.70001	Rotation: 	270	180	0
63694745555133	Target06: 	Hair Dresser	Position: 	76.5	0.08500671	16.15002	Rotation: 	270	90	0
63694745555133	Target07: 	Computer Shop	Position: 	14.28003	0.08500671	16.15002	Rotation: 	270	90	0
63694745555133	Target08: 	Camera Store	Position: 	14.28003	0.08500671	137.445	Rotation: 	270	0	0
63694745555138	TASK_END	PopulateTargets	MoveObjects	7
63694745555138	TASK_END	PlaceTargets	TaskList	104
63694745555139	TASK_START	ListNavigationStarts	ObjectList
63694745555139	TASK_ADD	ListNavigationStarts	ObjectList	StartLoc05	null
63694745555139	TASK_ADD	ListNavigationStarts	ObjectList	StartLoc04	null
63694745555139	TASK_ADD	ListNavigationStarts	ObjectList	StartLoc06	null
63694745555139	TASK_ADD	ListNavigationStarts	ObjectList	StartLoc01	null
63694745555139	TASK_ADD	ListNavigationStarts	ObjectList	StartLoc07	null
63694745555139	TASK_ADD	ListNavigationStarts	ObjectList	StartLoc03	null
63694745555139	TASK_ADD	ListNavigationStarts	ObjectList	StartLoc02	null
63694745555139	TASK_ADD	ListNavigationStarts	ObjectList	StartLoc08	null
63694745555145	TASK_END	ListNavigationStarts	ObjectList	6
63694745555147	TASK_START	ListLargePlayerStarts	ObjectList
63694745555147	TASK_ADD	ListLargePlayerStarts	ObjectList	ScaledPlayerSpawn05	null
63694745555147	TASK_ADD	ListLargePlayerStarts	ObjectList	ScaledPlayerSpawn04	null
63694745555147	TASK_ADD	ListLargePlayerStarts	ObjectList	ScaledPlayerSpawn06	null
63694745555147	TASK_ADD	ListLargePlayerStarts	ObjectList	ScaledPlayerSpawn01	null
63694745555147	TASK_ADD	ListLargePlayerStarts	ObjectList	ScaledPlayerSpawn07	null
63694745555147	TASK_ADD	ListLargePlayerStarts	ObjectList	ScaledPlayerSpawn03	null
63694745555147	TASK_ADD	ListLargePlayerStarts	ObjectList	ScaledPlayerSpawn02	null
63694745555147	TASK_ADD	ListLargePlayerStarts	ObjectList	ScaledPlayerSpawn08	null
63694745555157	TASK_END	ListLargePlayerStarts	ObjectList	10
63694745555158	TASK_START	ListSmallPlayerStarts	ObjectList
63694745555158	TASK_ADD	ListSmallPlayerStarts	ObjectList	StartLoc01	null
63694745555158	TASK_ADD	ListSmallPlayerStarts	ObjectList	StartLoc02	null
63694745555158	TASK_ADD	ListSmallPlayerStarts	ObjectList	StartLoc08	null
63694745555158	TASK_ADD	ListSmallPlayerStarts	ObjectList	StartLoc04	null
63694745555158	TASK_ADD	ListSmallPlayerStarts	ObjectList	StartLoc03	null
63694745555158	TASK_ADD	ListSmallPlayerStarts	ObjectList	StartLoc06	null
63694745555158	TASK_ADD	ListSmallPlayerStarts	ObjectList	StartLoc05	null
63694745555158	TASK_ADD	ListSmallPlayerStarts	ObjectList	StartLoc07	null
63694745555168	TASK_END	ListSmallPlayerStarts	ObjectList	10
63694745555168	TASK_END	InitializeExperiment	TaskList	190
63694745555169	TASK_START	BeginMessage	InstructionsTask
63694745655175	TASK_END	BeginMessage	InstructionsTask	100006
63694745655176	TASK_START	Tasks	TaskList
63694745655176	TASK:	Tasks	Repetition:	1	Catch:	False
63694745655177	TASK_START	PracticeTaskLoop	TaskList
63694745655177	TASK:	PracticeTaskLoop	Repetition:	1	Catch:	False
63694745655189	TASK_END	PracticeTaskLoop	TaskList	12
63694745655190	TASK_START	Standard	TaskList
63694745655190	TASK:	Standard	Repetition:	1	Catch:	False
63694745655197	TASK_END	Standard	TaskList	7
63694745655198	TASK_START	Scaled	TaskList
63694745655198	TASK:	Scaled	Repetition:	1	Catch:	False
63694745655207	TASK_END	Scaled	TaskList	9
63694745655207	TASK_END	Tasks	TaskList	31
63694745655208	TASK_START	LoadNextScene	LM_LoadNextScene
63694745655219	TASK_END	LoadNextScene	LM_LoadNextScene	11
63694745655220	TASK_START	EndMessage	InstructionsTask
63694745660224	TASK_END	EndMessage	InstructionsTask	5004
63694745675635	TASK_END	LM_Timeline	TaskList	120658
