63721516169652	EXPERIMENT:		SUBJECT:	135	START_SCENE	esc_city01	START_CONDITION:	Standard	UI:	KeyboardMouse
63721516169707	TASK_START	LM_Timeline	TaskList
63721516169707	EEG_TRIGGER	Name	EXP_start	Value	1
63721516169708	TASK_START	InitializeExperiment	TaskList
63721516169708	TASK_START	PlaceTargets	TaskList
63721516169709	TASK_START	CheckForUsedTargets	LM_CompareLists
63721516169735	TASK_END	CheckForUsedTargets	LM_CompareLists	26
63721516169737	TASK_START	ListTargetLocations	ObjectList
63721516169737	TASK_ADD	ListTargetLocations	ObjectList	Target01	null
63721516169737	TASK_ADD	ListTargetLocations	ObjectList	Target02	null
63721516169737	TASK_ADD	ListTargetLocations	ObjectList	Target03	null
63721516169737	TASK_ADD	ListTargetLocations	ObjectList	Target04	null
63721516169737	TASK_ADD	ListTargetLocations	ObjectList	Target05	null
63721516169737	TASK_ADD	ListTargetLocations	ObjectList	Target06	null
63721516169737	TASK_ADD	ListTargetLocations	ObjectList	Target07	null
63721516169737	TASK_ADD	ListTargetLocations	ObjectList	Target08	null
63721516169786	TASK_END	ListTargetLocations	ObjectList	49
63721516169786	TASK_START	ListTargets	ObjectList
63721516169786	TASK_ADD	ListTargets	ObjectList	Hair Dresser	null
63721516169786	TASK_ADD	ListTargets	ObjectList	Ice Cream Shop	null
63721516169786	TASK_ADD	ListTargets	ObjectList	Grocery	null
63721516169786	TASK_ADD	ListTargets	ObjectList	Barber Shop	null
63721516169786	TASK_ADD	ListTargets	ObjectList	Music Store	null
63721516169786	TASK_ADD	ListTargets	ObjectList	Bakery	null
63721516169786	TASK_ADD	ListTargets	ObjectList	Bike Shop	null
63721516169786	TASK_ADD	ListTargets	ObjectList	Post Office	null
63721516169786	TASK_ADD	ListTargets	ObjectList	Pharmacy	null
63721516169786	TASK_ADD	ListTargets	ObjectList	Computer Shop	null
63721516169786	TASK_ADD	ListTargets	ObjectList	Pet Shop	null
63721516169786	TASK_ADD	ListTargets	ObjectList	Clothing Store	null
63721516169786	TASK_ADD	ListTargets	ObjectList	Toy Shop	null
63721516169786	TASK_ADD	ListTargets	ObjectList	Camera Store	null
63721516169786	TASK_ADD	ListTargets	ObjectList	Repair Shop	null
63721516169786	TASK_ADD	ListTargets	ObjectList	Coffee Shop	null
63721516169796	TASK_END	ListTargets	ObjectList	10
63721516169797	TASK_START	PopulateTargets	MoveObjects
63721516169798	TARGET INFORMATION ----------------------------------------
63721516169798	Target01: 	Hair Dresser	Position: 	5.95	0.085	116.45	Rotation: 	270	270	0
63721516169799	Target02: 	Ice Cream Shop	Position: 	5.95	0.085	14.45	Rotation: 	270	270	0
63721516169799	Target03: 	Grocery	Position: 	85.935	0.085	14.45	Rotation: 	270	270	0
63721516169799	Target04: 	Barber Shop	Position: 	85.935	0.085	74.45998	Rotation: 	270	270	0
63721516169799	Target05: 	Music Store	Position: 	36.55	0.085	74.45998	Rotation: 	270	180	0
63721516169799	Target06: 	Bakery	Position: 	36.55	0.085	116.45	Rotation: 	270	180	0
63721516169799	Target07: 	Bike Shop	Position: 	76.49999	0.085	106.25	Rotation: 	270	0	0
63721516169799	Target08: 	Post Office	Position: 	76.49999	0.085	37.4	Rotation: 	270	90	0
63721516169799	-----------------------------------------------------------/
63721516169808	TASK_END	PopulateTargets	MoveObjects	11
63721516169809	TASK_START	UpdateUsedTargets	LM_CompareLists
63721516169817	TASK_END	UpdateUsedTargets	LM_CompareLists	8
63721516169817	LM_Output	TaskList
TaskListName	RepetitionNumber	CatchFlag
PlaceTargets1False
63721516169817	TASK_END	PlaceTargets	TaskList	109
63721516169818	TASK_START	ListNavigationStarts	ObjectList
63721516169818	TASK_ADD	ListNavigationStarts	ObjectList	StartLocation03	null
63721516169818	TASK_ADD	ListNavigationStarts	ObjectList	StartLocation07	null
63721516169818	TASK_ADD	ListNavigationStarts	ObjectList	StartLocation01	null
63721516169818	TASK_ADD	ListNavigationStarts	ObjectList	StartLocation04	null
63721516169818	TASK_ADD	ListNavigationStarts	ObjectList	StartLocation02	null
63721516169818	TASK_ADD	ListNavigationStarts	ObjectList	StartLocation08	null
63721516169818	TASK_ADD	ListNavigationStarts	ObjectList	StartLocation06	null
63721516169818	TASK_ADD	ListNavigationStarts	ObjectList	StartLocation05	null
63721516169824	TASK_END	ListNavigationStarts	ObjectList	6
63721516169824	TASK_START	ListLargePlayerStarts	ObjectList
63721516169824	TASK_ADD	ListLargePlayerStarts	ObjectList	ScaledPlayerSpawn01	null
63721516169824	TASK_ADD	ListLargePlayerStarts	ObjectList	ScaledPlayerSpawn07	null
63721516169824	TASK_ADD	ListLargePlayerStarts	ObjectList	ScaledPlayerSpawn02	null
63721516169824	TASK_ADD	ListLargePlayerStarts	ObjectList	ScaledPlayerSpawn05	null
63721516169824	TASK_ADD	ListLargePlayerStarts	ObjectList	ScaledPlayerSpawn03	null
63721516169824	TASK_ADD	ListLargePlayerStarts	ObjectList	ScaledPlayerSpawn08	null
63721516169824	TASK_ADD	ListLargePlayerStarts	ObjectList	ScaledPlayerSpawn04	null
63721516169824	TASK_ADD	ListLargePlayerStarts	ObjectList	ScaledPlayerSpawn06	null
63721516169827	TASK_END	ListLargePlayerStarts	ObjectList	3
63721516169828	TASK_START	ListSmallPlayerStarts	ObjectList
63721516169828	TASK_ADD	ListSmallPlayerStarts	ObjectList	StartLocation04	null
63721516169828	TASK_ADD	ListSmallPlayerStarts	ObjectList	StartLocation06	null
63721516169829	TASK_ADD	ListSmallPlayerStarts	ObjectList	StartLocation01	null
63721516169829	TASK_ADD	ListSmallPlayerStarts	ObjectList	StartLocation02	null
63721516169829	TASK_ADD	ListSmallPlayerStarts	ObjectList	StartLocation03	null
63721516169829	TASK_ADD	ListSmallPlayerStarts	ObjectList	StartLocation08	null
63721516169829	TASK_ADD	ListSmallPlayerStarts	ObjectList	StartLocation05	null
63721516169829	TASK_ADD	ListSmallPlayerStarts	ObjectList	StartLocation07	null
63721516169836	TASK_END	ListSmallPlayerStarts	ObjectList	8
63721516169836	LM_Output	TaskList
TaskListName	RepetitionNumber	CatchFlag
InitializeExperiment1False
63721516169836	TASK_END	InitializeExperiment	TaskList	128
63721516169837	TASK_START	BeginMessage	InstructionsTask
63721516170979	INPUT_EVENT    PlayerPressedActionButton    1
63721516170979	TASK_END	BeginMessage	InstructionsTask	1142
63721516170980	TASK_START	Tasks	TaskList
63721516170983	TASK_END	Tasks	TaskList	3
63721516170983	TASK_START	EndMessage	InstructionsTask
63721516175987	TASK_END	EndMessage	InstructionsTask	5004
63721516175987	LM_Output	TaskList
TaskListName	RepetitionNumber	CatchFlag
LM_Timeline1False
63721516175990	EEG_TRIGGER	Name	EXP_end	Value	2
63721516175990	TASK_END	LM_Timeline	TaskList	6283
63721516175991	
================ Index of EEG Triggers ================
1: EXP_start
2: EXP_end

