63721453122461	EXPERIMENT:		SUBJECT:	105	START_SCENE	esc_city01	START_CONDITION:	Standard	UI:	KeyboardMouse
63721453122518	TASK_START	LM_Timeline	TaskList
63721453122518	EEG_TRIGGER	Name	EXP_start	Value	1
63721453122519	TASK_START	InitializeExperiment	TaskList
63721453122519	TASK_START	PlaceTargets	TaskList
63721453122519	TASK_START	CheckForUsedTargets	LM_CompareLists
63721453122534	TASK_END	CheckForUsedTargets	LM_CompareLists	15
63721453122536	TASK_START	ListTargetLocations	ObjectList
63721453122536	TASK_ADD	ListTargetLocations	ObjectList	Target01	null
63721453122536	TASK_ADD	ListTargetLocations	ObjectList	Target02	null
63721453122536	TASK_ADD	ListTargetLocations	ObjectList	Target03	null
63721453122536	TASK_ADD	ListTargetLocations	ObjectList	Target04	null
63721453122536	TASK_ADD	ListTargetLocations	ObjectList	Target05	null
63721453122536	TASK_ADD	ListTargetLocations	ObjectList	Target06	null
63721453122536	TASK_ADD	ListTargetLocations	ObjectList	Target07	null
63721453122536	TASK_ADD	ListTargetLocations	ObjectList	Target08	null
63721453122580	TASK_END	ListTargetLocations	ObjectList	44
63721453122580	TASK_START	ListTargets	ObjectList
63721453122580	TASK_ADD	ListTargets	ObjectList	Barber Shop	null
63721453122580	TASK_ADD	ListTargets	ObjectList	Hair Dresser	null
63721453122580	TASK_ADD	ListTargets	ObjectList	Camera Store	null
63721453122580	TASK_ADD	ListTargets	ObjectList	Clothing Store	null
63721453122580	TASK_ADD	ListTargets	ObjectList	Ice Cream Shop	null
63721453122580	TASK_ADD	ListTargets	ObjectList	Bike Shop	null
63721453122580	TASK_ADD	ListTargets	ObjectList	Toy Shop	null
63721453122580	TASK_ADD	ListTargets	ObjectList	Bakery	null
63721453122580	TASK_ADD	ListTargets	ObjectList	Pharmacy	null
63721453122580	TASK_ADD	ListTargets	ObjectList	Computer Shop	null
63721453122580	TASK_ADD	ListTargets	ObjectList	Post Office	null
63721453122580	TASK_ADD	ListTargets	ObjectList	Grocery	null
63721453122580	TASK_ADD	ListTargets	ObjectList	Music Store	null
63721453122580	TASK_ADD	ListTargets	ObjectList	Repair Shop	null
63721453122580	TASK_ADD	ListTargets	ObjectList	Coffee Shop	null
63721453122580	TASK_ADD	ListTargets	ObjectList	Pet Shop	null
63721453122592	TASK_END	ListTargets	ObjectList	12
63721453122593	TASK_START	PopulateTargets	MoveObjects
63721453122593	TARGET INFORMATION ----------------------------------------
63721453122594	Target01: 	Barber Shop	Position: 	5.95	0.085	116.45	Rotation: 	270	270	0
63721453122594	Target02: 	Hair Dresser	Position: 	5.95	0.085	14.45	Rotation: 	270	270	0
63721453122594	Target03: 	Camera Store	Position: 	85.935	0.085	14.45	Rotation: 	270	270	0
63721453122594	Target04: 	Clothing Store	Position: 	85.935	0.085	74.45998	Rotation: 	270	270	0
63721453122594	Target05: 	Ice Cream Shop	Position: 	36.55	0.085	74.45998	Rotation: 	270	180	0
63721453122594	Target06: 	Bike Shop	Position: 	36.55	0.085	116.45	Rotation: 	270	180	0
63721453122594	Target07: 	Toy Shop	Position: 	76.49999	0.085	106.25	Rotation: 	270	0	0
63721453122594	Target08: 	Bakery	Position: 	76.49999	0.085	37.4	Rotation: 	270	90	0
63721453122594	-----------------------------------------------------------/
63721453122600	TASK_END	PopulateTargets	MoveObjects	7
63721453122601	TASK_START	UpdateUsedTargets	LM_CompareLists
63721453122609	TASK_END	UpdateUsedTargets	LM_CompareLists	8
63721453122609	LM_Output	TaskList
TaskListName	RepetitionNumber	CatchFlag
PlaceTargets1False
63721453122609	TASK_END	PlaceTargets	TaskList	90
63721453122610	TASK_START	ListNavigationStarts	ObjectList
63721453122610	TASK_ADD	ListNavigationStarts	ObjectList	StartLocation04	null
63721453122610	TASK_ADD	ListNavigationStarts	ObjectList	StartLocation07	null
63721453122610	TASK_ADD	ListNavigationStarts	ObjectList	StartLocation01	null
63721453122610	TASK_ADD	ListNavigationStarts	ObjectList	StartLocation03	null
63721453122610	TASK_ADD	ListNavigationStarts	ObjectList	StartLocation06	null
63721453122610	TASK_ADD	ListNavigationStarts	ObjectList	StartLocation02	null
63721453122610	TASK_ADD	ListNavigationStarts	ObjectList	StartLocation05	null
63721453122610	TASK_ADD	ListNavigationStarts	ObjectList	StartLocation08	null
63721453122615	TASK_END	ListNavigationStarts	ObjectList	5
63721453122616	TASK_START	ListLargePlayerStarts	ObjectList
63721453122616	TASK_ADD	ListLargePlayerStarts	ObjectList	ScaledPlayerSpawn03	null
63721453122616	TASK_ADD	ListLargePlayerStarts	ObjectList	ScaledPlayerSpawn08	null
63721453122616	TASK_ADD	ListLargePlayerStarts	ObjectList	ScaledPlayerSpawn05	null
63721453122616	TASK_ADD	ListLargePlayerStarts	ObjectList	ScaledPlayerSpawn02	null
63721453122616	TASK_ADD	ListLargePlayerStarts	ObjectList	ScaledPlayerSpawn06	null
63721453122616	TASK_ADD	ListLargePlayerStarts	ObjectList	ScaledPlayerSpawn07	null
63721453122616	TASK_ADD	ListLargePlayerStarts	ObjectList	ScaledPlayerSpawn04	null
63721453122616	TASK_ADD	ListLargePlayerStarts	ObjectList	ScaledPlayerSpawn01	null
63721453122619	TASK_END	ListLargePlayerStarts	ObjectList	3
63721453122620	TASK_START	ListSmallPlayerStarts	ObjectList
63721453122620	TASK_ADD	ListSmallPlayerStarts	ObjectList	StartLocation06	null
63721453122620	TASK_ADD	ListSmallPlayerStarts	ObjectList	StartLocation08	null
63721453122620	TASK_ADD	ListSmallPlayerStarts	ObjectList	StartLocation01	null
63721453122620	TASK_ADD	ListSmallPlayerStarts	ObjectList	StartLocation07	null
63721453122620	TASK_ADD	ListSmallPlayerStarts	ObjectList	StartLocation02	null
63721453122620	TASK_ADD	ListSmallPlayerStarts	ObjectList	StartLocation04	null
63721453122620	TASK_ADD	ListSmallPlayerStarts	ObjectList	StartLocation03	null
63721453122620	TASK_ADD	ListSmallPlayerStarts	ObjectList	StartLocation05	null
63721453122628	TASK_END	ListSmallPlayerStarts	ObjectList	8
63721453122628	LM_Output	TaskList
TaskListName	RepetitionNumber	CatchFlag
InitializeExperiment1False
63721453122628	TASK_END	InitializeExperiment	TaskList	109
63721453122629	TASK_START	BeginMessage	InstructionsTask
63721453125979	INPUT_EVENT    PlayerPressedActionButton    1
63721453125979	TASK_END	BeginMessage	InstructionsTask	3350
63721453125980	TASK_START	Tasks	TaskList
63721453125981	TASK_START	Practice	TaskList
63721453125981	TASK_START	LearnTargets	TaskList
63721453125981	TASK_START	LearnTargets Instructions	InstructionsTask
63721453135560	TASK_END	Tasks	TaskList	9580
63721453135560	TASK_START	EndMessage	InstructionsTask
63721453140563	TASK_END	EndMessage	InstructionsTask	5003
63721453140563	LM_Output	TaskList
TaskListName	RepetitionNumber	CatchFlag
LM_Timeline1False
63721453140564	EEG_TRIGGER	Name	EXP_end	Value	2
63721453140564	TASK_END	LM_Timeline	TaskList	18046
63721453140565	
================ Index of EEG Triggers ================
1: EXP_start
2: EXP_end

