63721521199845	EXPERIMENT:		SUBJECT:	181	START_SCENE	esc_city01	START_CONDITION:	Standard	UI:	KeyboardMouse
63721521199899	TASK_START	LM_Timeline	TaskList
63721521199900	EEG_TRIGGER	Name	EXP_start	Value	1
63721521199900	TASK_START	InitializeExperiment	TaskList
63721521199900	TASK_START	PlaceTargets	TaskList
63721521199901	TASK_START	CheckForUsedTargets	LM_CompareLists
63721521199940	TASK_END	CheckForUsedTargets	LM_CompareLists	39
63721521199941	TASK_START	ListTargetLocations	ObjectList
63721521199941	TASK_ADD	ListTargetLocations	ObjectList	Target01	null
63721521199941	TASK_ADD	ListTargetLocations	ObjectList	Target02	null
63721521199941	TASK_ADD	ListTargetLocations	ObjectList	Target03	null
63721521199941	TASK_ADD	ListTargetLocations	ObjectList	Target04	null
63721521199941	TASK_ADD	ListTargetLocations	ObjectList	Target05	null
63721521199941	TASK_ADD	ListTargetLocations	ObjectList	Target06	null
63721521199941	TASK_ADD	ListTargetLocations	ObjectList	Target07	null
63721521199941	TASK_ADD	ListTargetLocations	ObjectList	Target08	null
63721521199995	TASK_END	ListTargetLocations	ObjectList	54
63721521199996	TASK_START	ListTargets	ObjectList
63721521199996	TASK_ADD	ListTargets	ObjectList	Grocery	null
63721521199996	TASK_ADD	ListTargets	ObjectList	Ice Cream Shop	null
63721521199996	TASK_ADD	ListTargets	ObjectList	Repair Shop	null
63721521199996	TASK_ADD	ListTargets	ObjectList	Music Store	null
63721521199996	TASK_ADD	ListTargets	ObjectList	Toy Shop	null
63721521199996	TASK_ADD	ListTargets	ObjectList	Pharmacy	null
63721521199996	TASK_ADD	ListTargets	ObjectList	Hair Dresser	null
63721521199996	TASK_ADD	ListTargets	ObjectList	Coffee Shop	null
63721521199996	TASK_ADD	ListTargets	ObjectList	Clothing Store	null
63721521199996	TASK_ADD	ListTargets	ObjectList	Barber Shop	null
63721521199996	TASK_ADD	ListTargets	ObjectList	Computer Shop	null
63721521199996	TASK_ADD	ListTargets	ObjectList	Bakery	null
63721521199996	TASK_ADD	ListTargets	ObjectList	Pet Shop	null
63721521199996	TASK_ADD	ListTargets	ObjectList	Post Office	null
63721521199996	TASK_ADD	ListTargets	ObjectList	Bike Shop	null
63721521199996	TASK_ADD	ListTargets	ObjectList	Camera Store	null
63721521200007	TASK_END	ListTargets	ObjectList	11
63721521200008	TASK_START	PopulateTargets	MoveObjects
63721521200008	TARGET INFORMATION ----------------------------------------
63721521200009	Target01: 	Grocery	Position: 	5.95	0.085	116.45	Rotation: 	270	270	0
63721521200009	Target02: 	Ice Cream Shop	Position: 	5.95	0.085	14.45	Rotation: 	270	270	0
63721521200009	Target03: 	Repair Shop	Position: 	85.935	0.085	14.45	Rotation: 	270	270	0
63721521200009	Target04: 	Music Store	Position: 	85.935	0.085	74.45998	Rotation: 	270	270	0
63721521200009	Target05: 	Toy Shop	Position: 	36.55	0.085	74.45998	Rotation: 	270	180	0
63721521200009	Target06: 	Pharmacy	Position: 	36.55	0.085	116.45	Rotation: 	270	180	0
63721521200009	Target07: 	Hair Dresser	Position: 	76.49999	0.085	106.25	Rotation: 	270	0	0
63721521200009	Target08: 	Coffee Shop	Position: 	76.49999	0.085	37.4	Rotation: 	270	90	0
63721521200009	-----------------------------------------------------------/
63721521200018	TASK_END	PopulateTargets	MoveObjects	10
63721521200019	TASK_START	UpdateUsedTargets	LM_CompareLists
63721521200027	TASK_END	UpdateUsedTargets	LM_CompareLists	8
63721521200028	LM_Output	TaskList
TaskListName	RepetitionNumber	CatchFlag
PlaceTargets1False
63721521200028	TASK_END	PlaceTargets	TaskList	128
63721521200028	TASK_START	ListNavigationStarts	ObjectList
63721521200028	TASK_ADD	ListNavigationStarts	ObjectList	StartLocation02	null
63721521200028	TASK_ADD	ListNavigationStarts	ObjectList	StartLocation04	null
63721521200028	TASK_ADD	ListNavigationStarts	ObjectList	StartLocation03	null
63721521200028	TASK_ADD	ListNavigationStarts	ObjectList	StartLocation08	null
63721521200028	TASK_ADD	ListNavigationStarts	ObjectList	StartLocation06	null
63721521200029	TASK_ADD	ListNavigationStarts	ObjectList	StartLocation07	null
63721521200029	TASK_ADD	ListNavigationStarts	ObjectList	StartLocation01	null
63721521200029	TASK_ADD	ListNavigationStarts	ObjectList	StartLocation05	null
63721521200034	TASK_END	ListNavigationStarts	ObjectList	6
63721521200035	TASK_START	ListLargePlayerStarts	ObjectList
63721521200035	TASK_ADD	ListLargePlayerStarts	ObjectList	ScaledPlayerSpawn02	null
63721521200035	TASK_ADD	ListLargePlayerStarts	ObjectList	ScaledPlayerSpawn04	null
63721521200035	TASK_ADD	ListLargePlayerStarts	ObjectList	ScaledPlayerSpawn05	null
63721521200035	TASK_ADD	ListLargePlayerStarts	ObjectList	ScaledPlayerSpawn06	null
63721521200035	TASK_ADD	ListLargePlayerStarts	ObjectList	ScaledPlayerSpawn08	null
63721521200035	TASK_ADD	ListLargePlayerStarts	ObjectList	ScaledPlayerSpawn07	null
63721521200035	TASK_ADD	ListLargePlayerStarts	ObjectList	ScaledPlayerSpawn01	null
63721521200035	TASK_ADD	ListLargePlayerStarts	ObjectList	ScaledPlayerSpawn03	null
63721521200038	TASK_END	ListLargePlayerStarts	ObjectList	3
63721521200038	TASK_START	ListSmallPlayerStarts	ObjectList
63721521200038	TASK_ADD	ListSmallPlayerStarts	ObjectList	StartLocation05	null
63721521200038	TASK_ADD	ListSmallPlayerStarts	ObjectList	StartLocation04	null
63721521200039	TASK_ADD	ListSmallPlayerStarts	ObjectList	StartLocation02	null
63721521200039	TASK_ADD	ListSmallPlayerStarts	ObjectList	StartLocation03	null
63721521200039	TASK_ADD	ListSmallPlayerStarts	ObjectList	StartLocation06	null
63721521200039	TASK_ADD	ListSmallPlayerStarts	ObjectList	StartLocation01	null
63721521200039	TASK_ADD	ListSmallPlayerStarts	ObjectList	StartLocation08	null
63721521200039	TASK_ADD	ListSmallPlayerStarts	ObjectList	StartLocation07	null
63721521200043	TASK_END	ListSmallPlayerStarts	ObjectList	5
63721521200043	LM_Output	TaskList
TaskListName	RepetitionNumber	CatchFlag
InitializeExperiment1False
63721521200043	TASK_END	InitializeExperiment	TaskList	143
63721521200044	TASK_START	BeginMessage	InstructionsTask
63721521201695	INPUT_EVENT    PlayerPressedActionButton    1
63721521201695	TASK_END	BeginMessage	InstructionsTask	1651
63721521201696	TASK_START	Tasks	TaskList
63721521201703	TASK_END	Tasks	TaskList	7
63721521201703	TASK_START	EndMessage	InstructionsTask
63721521206703	TASK_END	EndMessage	InstructionsTask	5000
63721521206703	LM_Output	TaskList
TaskListName	RepetitionNumber	CatchFlag
LM_Timeline1False
63721521206706	EEG_TRIGGER	Name	EXP_end	Value	2
63721521206706	TASK_END	LM_Timeline	TaskList	6807
63721521206706	
================ Index of EEG Triggers ================
1: EXP_start
2: EXP_end

