63721521207629	EXPERIMENT:		SUBJECT:	181	START_SCENE	esc_city02	START_CONDITION:	Scaled	UI:	KeyboardMouse
63721521207677	TASK_START	LM_Timeline	TaskList
63721521207678	EEG_TRIGGER	Name	EXP_start	Value	1
63721521207678	TASK_START	InitializeExperiment	TaskList
63721521207678	TASK_START	PlaceTargets	TaskList
63721521207678	TASK_START	CheckForUsedTargets	LM_CompareLists
63721521207682	TASK_END	CheckForUsedTargets	LM_CompareLists	4
63721521207683	TASK_START	ListTargetLocations	ObjectList
63721521207683	TASK_ADD	ListTargetLocations	ObjectList	Target01	null
63721521207683	TASK_ADD	ListTargetLocations	ObjectList	Target02	null
63721521207683	TASK_ADD	ListTargetLocations	ObjectList	Target03	null
63721521207683	TASK_ADD	ListTargetLocations	ObjectList	Target04	null
63721521207683	TASK_ADD	ListTargetLocations	ObjectList	Target05	null
63721521207683	TASK_ADD	ListTargetLocations	ObjectList	Target06	null
63721521207683	TASK_ADD	ListTargetLocations	ObjectList	Target07	null
63721521207683	TASK_ADD	ListTargetLocations	ObjectList	Target08	null
63721521207718	TASK_END	ListTargetLocations	ObjectList	35
63721521207719	TASK_START	ListTargets	ObjectList
63721521207719	TASK_ADD	ListTargets	ObjectList	Computer Shop	null
63721521207719	TASK_ADD	ListTargets	ObjectList	Camera Store	null
63721521207719	TASK_ADD	ListTargets	ObjectList	Barber Shop	null
63721521207719	TASK_ADD	ListTargets	ObjectList	Bakery	null
63721521207719	TASK_ADD	ListTargets	ObjectList	Bike Shop	null
63721521207719	TASK_ADD	ListTargets	ObjectList	Pet Shop	null
63721521207719	TASK_ADD	ListTargets	ObjectList	Clothing Store	null
63721521207719	TASK_ADD	ListTargets	ObjectList	Post Office	null
63721521207728	TASK_END	ListTargets	ObjectList	9
63721521207728	TASK_START	PopulateTargets	MoveObjects
63721521207728	TARGET INFORMATION ----------------------------------------
63721521207728	Target01: 	Computer Shop	Position: 	86.7	0.08500671	138.55	Rotation: 	270	0	0
63721521207728	Target02: 	Camera Store	Position: 	86.7	0.08500671	55.25	Rotation: 	270	270	0
63721521207728	Target03: 	Barber Shop	Position: 	36.54999	0.08500671	55.25	Rotation: 	270	90	0
63721521207728	Target04: 	Bakery	Position: 	36.54999	0.08500671	86.7	Rotation: 	270	270	0
63721521207728	Target05: 	Bike Shop	Position: 	76.49999	0.08500671	86.7	Rotation: 	270	180	0
63721521207728	Target06: 	Pet Shop	Position: 	76.49999	0.08500671	16.15	Rotation: 	270	90	0
63721521207728	Target07: 	Clothing Store	Position: 	14.28003	0.08500671	16.15	Rotation: 	270	90	0
63721521207728	Target08: 	Post Office	Position: 	14.28003	0.08500671	137.445	Rotation: 	270	0	0
63721521207728	-----------------------------------------------------------/
63721521207735	TASK_END	PopulateTargets	MoveObjects	7
63721521207735	TASK_START	UpdateUsedTargets	LM_CompareLists
63721521207740	TASK_END	UpdateUsedTargets	LM_CompareLists	5
63721521207740	LM_Output	TaskList
TaskListName	RepetitionNumber	CatchFlag
PlaceTargets1False
63721521207740	TASK_END	PlaceTargets	TaskList	62
63721521207740	TASK_START	ListNavigationStarts	ObjectList
63721521207740	TASK_ADD	ListNavigationStarts	ObjectList	StartLocation03	null
63721521207740	TASK_ADD	ListNavigationStarts	ObjectList	StartLocation02	null
63721521207740	TASK_ADD	ListNavigationStarts	ObjectList	StartLocation06	null
63721521207740	TASK_ADD	ListNavigationStarts	ObjectList	StartLocation04	null
63721521207740	TASK_ADD	ListNavigationStarts	ObjectList	StartLocation01	null
63721521207740	TASK_ADD	ListNavigationStarts	ObjectList	StartLocation08	null
63721521207740	TASK_ADD	ListNavigationStarts	ObjectList	StartLocation07	null
63721521207740	TASK_ADD	ListNavigationStarts	ObjectList	StartLocation05	null
63721521207747	TASK_END	ListNavigationStarts	ObjectList	7
63721521207747	TASK_START	ListLargePlayerStarts	ObjectList
63721521207747	TASK_ADD	ListLargePlayerStarts	ObjectList	ScaledPlayerSpawn05	null
63721521207747	TASK_ADD	ListLargePlayerStarts	ObjectList	ScaledPlayerSpawn03	null
63721521207747	TASK_ADD	ListLargePlayerStarts	ObjectList	ScaledPlayerSpawn08	null
63721521207747	TASK_ADD	ListLargePlayerStarts	ObjectList	ScaledPlayerSpawn01	null
63721521207747	TASK_ADD	ListLargePlayerStarts	ObjectList	ScaledPlayerSpawn06	null
63721521207747	TASK_ADD	ListLargePlayerStarts	ObjectList	ScaledPlayerSpawn04	null
63721521207747	TASK_ADD	ListLargePlayerStarts	ObjectList	ScaledPlayerSpawn07	null
63721521207747	TASK_ADD	ListLargePlayerStarts	ObjectList	ScaledPlayerSpawn02	null
63721521207754	TASK_END	ListLargePlayerStarts	ObjectList	7
63721521207755	TASK_START	ListSmallPlayerStarts	ObjectList
63721521207755	TASK_ADD	ListSmallPlayerStarts	ObjectList	StartLocation06	null
63721521207755	TASK_ADD	ListSmallPlayerStarts	ObjectList	StartLocation03	null
63721521207755	TASK_ADD	ListSmallPlayerStarts	ObjectList	StartLocation02	null
63721521207755	TASK_ADD	ListSmallPlayerStarts	ObjectList	StartLocation05	null
63721521207755	TASK_ADD	ListSmallPlayerStarts	ObjectList	StartLocation01	null
63721521207755	TASK_ADD	ListSmallPlayerStarts	ObjectList	StartLocation04	null
63721521207755	TASK_ADD	ListSmallPlayerStarts	ObjectList	StartLocation08	null
63721521207755	TASK_ADD	ListSmallP