63695255099977	EXPERIMENT:	esc	SUBJECT:	205	BIOSEX:	Male	AGE:	30	START_SCENE	esc_city01	START_CONDITION:	Scaled	UI:	ViveAndVirtualizer
63695255100061	TASK_START	LM_Timeline	TaskList
63695255100061	TASK:	LM_Timeline	Repetition:	1	Catch:	False
63695255100062	TASK_START	InitializeExperiment	TaskList
63695255100062	TASK:	InitializeExperiment	Repetition:	1	Catch:	False
63695255100063	TASK_START	PlaceTargets	TaskList
63695255100063	TASK:	PlaceTargets	Repetition:	1	Catch:	False
63695255100064	TASK_START	CheckForUsedTargets	LM_CompareLists
63695255100106	TASK_END	CheckForUsedTargets	LM_CompareLists	42
63695255100107	TASK_START	ListHighlightObjects	ObjectList
63695255100107	TASK_ADD	ListHighlightObjects	ObjectList	Highlight01	null
63695255100107	TASK_ADD	ListHighlightObjects	ObjectList	Highlight02	null
63695255100107	TASK_ADD	ListHighlightObjects	ObjectList	Highlight03	null
63695255100107	TASK_ADD	ListHighlightObjects	ObjectList	Highlight04	null
63695255100107	TASK_ADD	ListHighlightObjects	ObjectList	Highlight05	null
63695255100107	TASK_ADD	ListHighlightObjects	ObjectList	Highlight06	null
63695255100107	TASK_ADD	ListHighlightObjects	ObjectList	Highlight07	null
63695255100107	TASK_ADD	ListHighlightObjects	ObjectList	Highlight08	null
63695255100134	TASK_END	ListHighlightObjects	ObjectList	27
63695255100135	TASK_START	ListTargetPlaceholders	ObjectList
63695255100135	TASK_ADD	ListTargetPlaceholders	ObjectList	Target01	null
63695255100135	TASK_ADD	ListTargetPlaceholders	ObjectList	Target02	null
63695255100135	TASK_ADD	ListTargetPlaceholders	ObjectList	Target03	null
63695255100135	TASK_ADD	ListTargetPlaceholders	ObjectList	Target04	null
63695255100135	TASK_ADD	ListTargetPlaceholders	ObjectList	Target05	null
63695255100135	TASK_ADD	ListTargetPlaceholders	ObjectList	Target06	null
63695255100135	TASK_ADD	ListTargetPlaceholders	ObjectList	Target07	null
63695255100135	TASK_ADD	ListTargetPlaceholders	ObjectList	Target08	null
63695255100156	TASK_END	ListTargetPlaceholders	ObjectList	21
63695255100157	TASK_START	PopulateHighlightObjects	MoveObjects
63695255100157	Target01: 	Highlight01	Position: 	5.95	0.085	116.45	Rotation: 	270	270	0
63695255100157	Target02: 	Highlight02	Position: 	5.95	0.085	14.45	Rotation: 	270	270	0
63695255100157	Target03: 	Highlight03	Position: 	85.935	0.085	14.45	Rotation: 	270	270	0
63695255100157	Target04: 	Highlight04	Position: 	85.935	0.085	74.45999	Rotation: 	270	270	0
63695255100157	Target05: 	Highlight05	Position: 	36.55	0.085	74.45999	Rotation: 	270	180	0
63695255100157	Target06: 	Highlight06	Position: 	36.55	0.085	116.45	Rotation: 	270	180	0
63695255100157	Target07: 	Highlight07	Position: 	76.49999	0.085	106.25	Rotation: 	270	0	0
63695255100157	Target08: 	Highlight08	Position: 	76.49999	0.085	37.4	Rotation: 	270	90	0
63695255100173	TASK_END	PopulateHighlightObjects	MoveObjects	16
63695255100174	TASK_START	ListTargets	ObjectList
63695255100174	TASK_ADD	ListTargets	ObjectList	Camera Store	null
63695255100174	TASK_ADD	ListTargets	ObjectList	Bike Shop	null
63695255100174	TASK_ADD	ListTargets	ObjectList	Repair Shop	null
63695255100174	TASK_ADD	ListTargets	ObjectList	Grocery	null
63695255100174	TASK_ADD	ListTargets	ObjectList	Computer Shop	null
63695255100174	TASK_ADD	ListTargets	ObjectList	Barber Shop	null
63695255100174	TASK_ADD	ListTargets	ObjectList	Toy Shop	null
63695255100174	TASK_ADD	ListTargets	ObjectList	Clothing Store	null
63695255100189	TASK_END	ListTargets	ObjectList	15
63695255100190	TASK_START	ListTargetLocations	ObjectList
63695255100190	TASK_ADD	ListTargetLocations	ObjectList	Target01	null
63695255100190	TASK_ADD	ListTargetLocations	ObjectList	Target02	null
63695255100190	TASK_ADD	ListTargetLocations	ObjectList	Target03	null
63695255100190	TASK_ADD	ListTargetLocations	ObjectList	Target04	null
63695255100190	TASK_ADD	ListTargetLocations	ObjectList	Target05	null
63695255100190	TASK_ADD	ListTargetLocations	ObjectList	Target06	null
63695255100190	TASK_ADD	ListTargetLocations	ObjectList	Target07	null
63695255100190	TASK_ADD	ListTargetLocations	ObjectList	Target08	null
63695255100195	TASK_END	ListTargetLocations	ObjectList	5
63695255100196	TASK_START	PopulateTargets	MoveObjects
63695255100197	TARGET INFORMATION ----------------------------------------
63695255100197	Target01: 	Camera Store	Position: 	5.95	0.085	116.45	Rotation: 	270	270	0
63695255100197	Target02: 	Bike Shop	Position: 	5.95	0.085	14.45	Rotation: 	270	270	0
63695255100197	Target03: 	Repair Shop	Position: 	85.935	0.085	14.45	Rotation: 	270	270	0
63695255100197	Target04: 	Grocery	Position: 	85.935	0.085	74.45998	Rotation: 	270	270	0
63695255100197	Target05: 	Computer Shop	Position: 	36.55	0.085	74.45998	Rotation: 	270	180	0
63695255100197	Target06: 	Barber Shop	Position: 	36.55	0.085	116.45	Rotation: 	270	180	0
63695255100197	Target07: 	Toy Shop	Position: 	76.49999	0.085	106.25	Rotation: 	270	0	0
63695255100197	Target08: 	Clothing Store	Position: 	76.49999	0.085	37.4	Rotation: 	270	90	0
63695255100197	-----------------------------------------------------------
63695255100202	TASK_END	PopulateTargets	MoveObjects	6
63695255100203	TASK_START	UpdateUsedTargets	LM_CompareLists
63695255100211	TASK_END	UpdateUsedTargets	LM_CompareLists	8
63695255100212	TASK_END	PlaceTargets	TaskList	149
63695255100213	TASK_START	ListNavigationStarts	ObjectList
63695255100213	TASK_ADD	ListNavigationStarts	ObjectList	StartLoc01	null
63695255100213	TASK_ADD	ListNavigationStarts	ObjectList	StartLoc06	null
63695255100213	TASK_ADD	ListNavigationStarts	ObjectList	StartLoc05	null
63695255100213	TASK_ADD	ListNavigationStarts	ObjectList	StartLoc07	null
63695255100213	TASK_ADD	ListNavigationStarts	ObjectList	StartLoc04	null
63695255100213	TASK_ADD	ListNavigationStarts	ObjectList	StartLoc08	null
63695255100213	TASK_ADD	ListNavigationStarts	ObjectList	StartLoc02	null
63695255100213	TASK_ADD	ListNavigationStarts	ObjectList	StartLoc03	null
63695255100222	TASK_END	ListNavigationStarts	ObjectList	9
63695255100223	TASK_START	ListLargePlayerStarts	ObjectList
63695255100223	TASK_ADD	ListLargePlayerStarts	ObjectList	ScaledPlayerSpawn01	null
63695255100223	TASK_ADD	ListLargePlayerStarts	ObjectList	ScaledPlayerSpawn06	null
63695255100223	TASK_ADD	ListLargePlayerStarts	ObjectList	ScaledPlayerSpawn05	null
63695255100223	TASK_ADD	ListLargePlayerStarts	ObjectList	ScaledPlayerSpawn07	null
63695255100223	TASK_ADD	ListLargePlayerStarts	ObjectList	ScaledPlayerSpawn04	null
63695255100223	TASK_ADD	ListLargePlayerStarts	ObjectList	ScaledPlayerSpawn08	null
63695255100223	TASK_ADD	ListLargePlayerStarts	ObjectList	ScaledPlayerSpawn02	null
63695255100223	TASK_ADD	ListLargePlayerStarts	ObjectList	ScaledPlayerSpawn03	null
63695255100233	TASK_END	ListLargePlayerStarts	ObjectList	10
63695255100234	TASK_START	ListSmallPlayerStarts	ObjectList
63695255100234	TASK_ADD	ListSmallPlayerStarts	ObjectList	StartLoc02	null
63695255100234	TASK_ADD	ListSmallPlayerStarts	ObjectList	StartLoc04	null
63695255100234	TASK_ADD	ListSmallPlayerStarts	ObjectList	StartLoc03	null
63695255100234	TASK_ADD	ListSmallPlayerStarts	ObjectList	StartLoc08	null
63695255100234	TASK_ADD	ListSmallPlayerStarts	ObjectList	StartLoc07	null
63695255100234	TASK_ADD	ListSmallPlayerStarts	ObjectList	StartLoc06	null
63695255100234	TASK_ADD	ListSmallPlayerStarts	ObjectList	StartLoc05	null
63695255100234	TASK_ADD	ListSmallPlayerStarts	ObjectList	StartLoc01	null
63695255100245	TASK_END	ListSmallPlayerStarts	ObjectList	11
63695255100245	TASK_END	InitializeExperiment	TaskList	183
63695255100246	TASK_START	BeginMessage	InstructionsTask
63695255116199	TASK_END	LM_Timeline	TaskList	16138
