63695255030406	EXPERIMENT:	esc	SUBJECT:	205	BIOSEX:	Male	AGE:	30	START_SCENE	esc_city02	START_CONDITION:	Standard	UI:	ViveAndVirtualizer
63695255030499	TASK_START	LM_Timeline	TaskList
63695255030499	TASK:	LM_Timeline	Repetition:	1	Catch:	False
63695255030500	TASK_START	InitializeExperiment	TaskList
63695255030500	TASK:	InitializeExperiment	Repetition:	1	Catch:	False
63695255030501	TASK_START	PlaceTargets	TaskList
63695255030501	TASK:	PlaceTargets	Repetition:	1	Catch:	False
63695255030502	TASK_START	CheckForUsedTargets	LM_CompareLists
63695255030524	TASK_END	CheckForUsedTargets	LM_CompareLists	22
63695255030526	TASK_START	ListHighlightObjects	ObjectList
63695255030526	TASK_ADD	ListHighlightObjects	ObjectList	Highlight01	null
63695255030526	TASK_ADD	ListHighlightObjects	ObjectList	Highlight02	null
63695255030526	TASK_ADD	ListHighlightObjects	ObjectList	Highlight03	null
63695255030526	TASK_ADD	ListHighlightObjects	ObjectList	Highlight04	null
63695255030526	TASK_ADD	ListHighlightObjects	ObjectList	Highlight05	null
63695255030527	TASK_ADD	ListHighlightObjects	ObjectList	Highlight06	null
63695255030527	TASK_ADD	ListHighlightObjects	ObjectList	Highlight07	null
63695255030527	TASK_ADD	ListHighlightObjects	ObjectList	Highlight08	null
63695255030560	TASK_END	ListHighlightObjects	ObjectList	34
63695255030561	TASK_START	ListTargetPlaceholders	ObjectList
63695255030561	TASK_ADD	ListTargetPlaceholders	ObjectList	Target01	null
63695255030561	TASK_ADD	ListTargetPlaceholders	ObjectList	Target02	null
63695255030561	TASK_ADD	ListTargetPlaceholders	ObjectList	Target03	null
63695255030561	TASK_ADD	ListTargetPlaceholders	ObjectList	Target04	null
63695255030561	TASK_ADD	ListTargetPlaceholders	ObjectList	Target05	null
63695255030561	TASK_ADD	ListTargetPlaceholders	ObjectList	Target06	null
63695255030561	TASK_ADD	ListTargetPlaceholders	ObjectList	Target07	null
63695255030561	TASK_ADD	ListTargetPlaceholders	ObjectList	Target08	null
63695255030588	TASK_END	ListTargetPlaceholders	ObjectList	27
63695255030590	TASK_START	PopulateHighlightObjects	MoveObjects
63695255030591	Target01: 	Highlight01	Position: 	86.70001	0.08500671	138.55	Rotation: 	270	0	0
63695255030591	Target02: 	Highlight02	Position: 	86.70001	0.08500671	55.25	Rotation: 	270	270	0
63695255030591	Target03: 	Highlight03	Position: 	36.54999	0.08500671	55.25	Rotation: 	270	90	0
63695255030591	Target04: 	Highlight04	Position: 	36.54999	0.08500671	86.70001	Rotation: 	270	270	0
63695255030591	Target05: 	Highlight05	Position: 	76.5	0.08500671	86.70001	Rotation: 	270	180	0
63695255030591	Target06: 	Highlight06	Position: 	76.5	0.08500671	16.15002	Rotation: 	270	90	0
63695255030591	Target07: 	Highlight07	Position: 	14.28003	0.08500671	16.15002	Rotation: 	270	90	0
63695255030591	Target08: 	Highlight08	Position: 	14.28003	0.08500671	137.445	Rotation: 	270	0	0
63695255030621	TASK_END	PopulateHighlightObjects	MoveObjects	31
63695255030623	TASK_START	ListTargets	ObjectList
63695255030623	TASK_ADD	ListTargets	ObjectList	Bakery	null
63695255030623	TASK_ADD	ListTargets	ObjectList	Post Office	null
63695255030623	TASK_ADD	ListTargets	ObjectList	Coffee Shop	null
63695255030623	TASK_ADD	ListTargets	ObjectList	Music Store	null
63695255030623	TASK_ADD	ListTargets	ObjectList	Hair Dresser	null
63695255030623	TASK_ADD	ListTargets	ObjectList	Pharmacy	null
63695255030623	TASK_ADD	ListTargets	ObjectList	Ice Cream Shop	null
63695255030623	TASK_ADD	ListTargets	ObjectList	Pet Shop	null
63695255030623	TASK_ADD	ListTargets	ObjectList	Computer Shop	null
63695255030623	TASK_ADD	ListTargets	ObjectList	Clothing Store	null
63695255030623	TASK_ADD	ListTargets	ObjectList	Toy Shop	null
63695255030623	TASK_ADD	ListTargets	ObjectList	Barber Shop	null
63695255030623	TASK_ADD	ListTargets	ObjectList	Repair Shop	null
63695255030623	TASK_ADD	ListTargets	ObjectList	Camera Store	null
63695255030623	TASK_ADD	ListTargets	ObjectList	Grocery	null
63695255030623	TASK_ADD	ListTargets	ObjectList	Bike Shop	null
63695255030646	TASK_END	ListTargets	ObjectList	23
63695255030647	TASK_START	ListTargetLocations	ObjectList
63695255030648	TASK_ADD	ListTargetLocations	ObjectList	Target01	null
63695255030648	TASK_ADD	ListTargetLocations	ObjectList	Target02	null
63695255030648	TASK_ADD	ListTargetLocations	ObjectList	Target03	null
63695255030648	TASK_ADD	ListTargetLocations	ObjectList	Target04	null
63695255030648	TASK_ADD	ListTargetLocations	ObjectList	Target05	null
63695255030648	TASK_ADD	ListTargetLocations	ObjectList	Target06	null
63695255030648	TASK_ADD	ListTargetLocations	ObjectList	Target07	null
63695255030648	TASK_ADD	ListTargetLocations	ObjectList	Target08	null
63695255030658	TASK_END	ListTargetLocations	ObjectList	11
63695255030659	TASK_START	PopulateTargets	MoveObjects
63695255030660	TARGET INFORMATION ----------------------------------------
63695255030660	Target01: 	Bakery	Position: 	86.70001	0.08500671	138.55	Rotation: 	270	0	0
63695255030660	Target02: 	Post Office	Position: 	86.70001	0.08500671	55.25	Rotation: 	270	270	0
63695255030660	Target03: 	Coffee Shop	Position: 	36.54999	0.08500671	55.25	Rotation: 	270	90	0
63695255030661	Target04: 	Music Store	Position: 	36.54999	0.08500671	86.70001	Rotation: 	270	270	0
63695255030661	Target05: 	Hair Dresser	Position: 	76.5	0.08500671	86.70001	Rotation: 	270	180	0
63695255030661	Target06: 	Pharmacy	Position: 	76.5	0.08500671	16.15002	Rotation: 	270	90	0
63695255030661	Target07: 	Ice Cream Shop	Position: 	14.28003	0.08500671	16.15002	Rotation: 	270	90	0
63695255030661	Target08: 	Pet Shop	Position: 	14.28003	0.08500671	137.445	Rotation: 	270	0	0
63695255030661	-----------------------------------------------------------
63695255030670	TASK_END	PopulateTargets	MoveObjects	11
63695255030671	TASK_START	UpdateUsedTargets	LM_CompareLists
63695255030680	TASK_END	UpdateUsedTargets	LM_CompareLists	9
63695255030680	TASK_END	PlaceTargets	TaskList	179
63695255030681	TASK_START	ListNavigationStarts	ObjectList
63695255030681	TASK_ADD	ListNavigationStarts	ObjectList	StartLoc01	null
63695255030681	TASK_ADD	ListNavigationStarts	ObjectList	StartLoc08	null
63695255030681	TASK_ADD	ListNavigationStarts	ObjectList	StartLoc05	null
63695255030681	TASK_ADD	ListNavigationStarts	ObjectList	StartLoc04	null
63695255030681	TASK_ADD	ListNavigationStarts	ObjectList	StartLoc03	null
63695255030681	TASK_ADD	ListNavigationStarts	ObjectList	StartLoc07	null
63695255030681	TASK_ADD	ListNavigationStarts	ObjectList	StartLoc06	null
63695255030681	TASK_ADD	ListNavigationStarts	ObjectList	StartLoc02	null
63695255030691	TASK_END	ListNavigationStarts	ObjectList	10
63695255030692	TASK_START	ListLargePlayerStarts	ObjectList
63695255030692	TASK_ADD	ListLargePlayerStarts	ObjectList	ScaledPlayerSpawn07	null
63695255030692	TASK_ADD	ListLargePlayerStarts	ObjectList	ScaledPlayerSpawn01	null
63695255030692	TASK_ADD	ListLargePlayerStarts	ObjectList	ScaledPlayerSpawn05	null
63695255030692	TASK_ADD	ListLargePlayerStarts	ObjectList	ScaledPlayerSpawn06	null
63695255030692	TASK_ADD	ListLargePlayerStarts	ObjectList	ScaledPlayerSpawn04	null
63695255030692	TASK_ADD	ListLargePlayerStarts	ObjectList	ScaledPlayerSpawn03	null
63695255030692	TASK_ADD	ListLargePlayerStarts	ObjectList	ScaledPlayerSpawn02	null
63695255030692	TASK_ADD	ListLargePlayerStarts	ObjectList	ScaledPlayerSpawn08	null
63695255030703	TASK_END	ListLargePlayerStarts	ObjectList	11
63695255030704	TASK_START	ListSmallPlayerStarts	ObjectList
63695255030704	TASK_ADD	ListSmallPlayerStarts	ObjectList	StartLoc02	null
63695255030704	TASK_ADD	ListSmallPlayerStarts	ObjectList	StartLoc05	null
63695255030704	TASK_ADD	ListSmallPlayerStarts	ObjectList	StartLoc08	null
63695255030704	TASK_ADD	ListSmallPlayerStarts	ObjectList	StartLoc06	null
63695255030704	TASK_ADD	ListSmallPlayerStarts	ObjectList	StartLoc01	null
63695255030704	TASK_ADD	ListSmallPlayerStarts	ObjectList	StartLoc04	null
63695255030704	TASK_ADD	ListSmallPlayerStarts	ObjectList	StartLoc07	null
63695255030704	TASK_ADD	ListSmallPlayerStarts	ObjectList	StartLoc03	null
63695255030714	TASK_END	ListSmallPlayerStarts	ObjectList	10
63695255030714	TASK_END	InitializeExperiment	TaskList	214
63695255030716	TASK_START	BeginMessage	InstructionsTask
63695255051062	INPUT_EVENT    PlayerPressedReturn    1
63695255051063	TASK_END	BeginMessage	InstructionsTask	20347
63695255051064	TASK_START	Tasks	TaskList
63695255051064	TASK:	Tasks	Repetition:	1	Catch:	False
63695255051065	TASK_START	PracticeTaskLoop	TaskList
63695255051065	TASK:	PracticeTaskLoop	Repetition:	1	Catch:	False
63695255051066	TASK_START	LearnTargets	TaskList
63695255051066	TASK:	LearnTargets	Repetition:	1	Catch:	False
63695255051067	TASK_START	LearnTargets Instructions	InstructionsTask
63695255051460	INPUT_EVENT    PlayerPressedReturn    1
63695255051461	TASK_END	LearnTargets Instructions	InstructionsTask	394
63695255051462	TASK_START	ViewTargets	TaskList
63695255051462	TASK:	ViewTargets	Repetition:	1	Catch:	False
63695255051463	TASK_START	ListTargetsForLearning	ObjectList
63695255051463	TASK_ADD	ListTargetsForLearning	ObjectList	Post Office	null
63695255051463	TASK_ADD	ListTargetsForLearning	ObjectList	Pharmacy	null
63695255051464	TASK_ADD	ListTargetsForLearning	ObjectList	Music Store	null
63695255051464	TASK_ADD	ListTargetsForLearning	ObjectList	Ice Cream Shop	null
63695255051464	TASK_ADD	ListTargetsForLearning	ObjectList	Pet Shop	null
63695255051464	TASK_ADD	ListTargetsForLearning	ObjectList	Bakery	null
63695255051464	TASK_ADD	ListTargetsForLearning	ObjectList	Coffee Shop	null
63695255051464	TASK_ADD	ListTargetsForLearning	ObjectList	Hair Dresser	null
63695255051472	TASK_END	ListTargetsForLearning	ObjectList	9
63695255051473	TASK_START	RotateTarget	ViewTargets
63695255051474	Practice	Post Office
63695255054477	Practice	Pharmacy
63695255057482	Practice	Music Store
63695255060487	Practice	Ice Cream Shop
63695255063491	Practice	Pet Shop
63695255066496	Practice	Bakery
63695255069501	Practice	Coffee Shop
63695255072505	Practice	Hair Dresser
63695255075521	TASK_END	RotateTarget	ViewTargets	24048
63695255075521	TASK:	ViewTargets	Repetition:	2	Catch:	False
63695255075522	TASK_START	ListTargetsForLearning	ObjectList
63695255075522	TASK_ADD	ListTargetsForLearning	ObjectList	Hair Dresser	null
63695255075523	TASK_ADD	ListTargetsForLearning	ObjectList	Ice Cream Shop	null
63695255075523	TASK_ADD	ListTargetsForLearning	ObjectList	Coffee Shop	null
63695255075523	TASK_ADD	ListTargetsForLearning	ObjectList	Post Office	null
63695255075523	TASK_ADD	ListTargetsForLearning	ObjectList	Music Store	null
63695255075523	TASK_ADD	ListTargetsForLearning	ObjectList	Pharmacy	null
63695255075523	TASK_ADD	ListTargetsForLearning	ObjectList	Bakery	null
63695255075523	TASK_ADD	ListTargetsForLearning	ObjectList	Pet Shop	null
63695255075535	TASK_END	ListTargetsForLearning	ObjectList	13
63695255075536	TASK_START	RotateTarget	ViewTargets
63695255075536	Practice	Hair Dresser
63695255078537	Practice	Ice Cream Shop
63695255081541	Practice	Coffee Shop
63695255084546	Practice	Post Office
63695255087551	Practice	Music Store
63695255090555	Practice	Pharmacy
63695255093561	Practice	Bakery
63695255096565	Practice	Pet Shop
63