63721508985293	EXPERIMENT:		SUBJECT:	109	START_SCENE	esc_city01	START_CONDITION:	Standard	UI:	KeyboardMouse
63721508985358	TASK_START	LM_Timeline	TaskList
63721508985358	EEG_TRIGGER	Name	EXP_start	Value	1
63721508985359	TASK_START	InitializeExperiment	TaskList
63721508985359	TASK_START	PlaceTargets	TaskList
63721508985359	TASK_START	CheckForUsedTargets	LM_CompareLists
63721508985375	TASK_END	CheckForUsedTargets	LM_CompareLists	16
63721508985377	TASK_START	ListTargetLocations	ObjectList
63721508985377	TASK_ADD	ListTargetLocations	ObjectList	Target01	null
63721508985377	TASK_ADD	ListTargetLocations	ObjectList	Target02	null
63721508985377	TASK_ADD	ListTargetLocations	ObjectList	Target03	null
63721508985377	TASK_ADD	ListTargetLocations	ObjectList	Target04	null
63721508985377	TASK_ADD	ListTargetLocations	ObjectList	Target05	null
63721508985377	TASK_ADD	ListTargetLocations	ObjectList	Target06	null
63721508985377	TASK_ADD	ListTargetLocations	ObjectList	Target07	null
63721508985377	TASK_ADD	ListTargetLocations	ObjectList	Target08	null
63721508985420	TASK_END	ListTargetLocations	ObjectList	43
63721508985421	TASK_START	ListTargets	ObjectList
63721508985421	TASK_ADD	ListTargets	ObjectList	Post Office	null
63721508985421	TASK_ADD	ListTargets	ObjectList	Grocery	null
63721508985421	TASK_ADD	ListTargets	ObjectList	Pet Shop	null
63721508985421	TASK_ADD	ListTargets	ObjectList	Clothing Store	null
63721508985421	TASK_ADD	ListTargets	ObjectList	Computer Shop	null
63721508985421	TASK_ADD	ListTargets	ObjectList	Barber Shop	null
63721508985421	TASK_ADD	ListTargets	ObjectList	Ice Cream Shop	null
63721508985421	TASK_ADD	ListTargets	ObjectList	Pharmacy	null
63721508985421	TASK_ADD	ListTargets	ObjectList	Bike Shop	null
63721508985421	TASK_ADD	ListTargets	ObjectList	Toy Shop	null
63721508985421	TASK_ADD	ListTargets	ObjectList	Repair Shop	null
63721508985421	TASK_ADD	ListTargets	ObjectList	Hair Dresser	null
63721508985421	TASK_ADD	ListTargets	ObjectList	Coffee Shop	null
63721508985421	TASK_ADD	ListTargets	ObjectList	Bakery	null
63721508985421	TASK_ADD	ListTargets	ObjectList	Camera Store	null
63721508985421	TASK_ADD	ListTargets	ObjectList	Music Store	null
63721508985431	TASK_END	ListTargets	ObjectList	10
63721508985432	TASK_START	PopulateTargets	MoveObjects
63721508985433	TARGET INFORMATION ----------------------------------------
63721508985433	Target01: 	Post Office	Position: 	5.95	0.085	116.45	Rotation: 	270	270	0
63721508985433	Target02: 	Grocery	Position: 	5.95	0.085	14.45	Rotation: 	270	270	0
63721508985433	Target03: 	Pet Shop	Position: 	85.935	0.085	14.45	Rotation: 	270	270	0
63721508985433	Target04: 	Clothing Store	Position: 	85.935	0.085	74.45998	Rotation: 	270	270	0
63721508985433	Target05: 	Computer Shop	Position: 	36.55	0.085	74.45998	Rotation: 	270	180	0
63721508985433	Target06: 	Barber Shop	Position: 	36.55	0.085	116.45	Rotation: 	270	180	0
63721508985433	Target07: 	Ice Cream Shop	Position: 	76.49999	0.085	106.25	Rotation: 	270	0	0
63721508985433	Target08: 	Pharmacy	Position: 	76.49999	0.085	37.4	Rotation: 	270	90	0
63721508985433	-----------------------------------------------------------/
63721508985440	TASK_END	PopulateTargets	MoveObjects	8
63721508985441	TASK_START	UpdateUsedTargets	LM_CompareLists
63721508985448	TASK_END	UpdateUsedTargets	LM_CompareLists	7
63721508985449	LM_Output	TaskList
TaskListName	RepetitionNumber	CatchFlag
PlaceTargets1False
63721508985449	TASK_END	PlaceTargets	TaskList	90
63721508985450	TASK_START	ListNavigationStarts	ObjectList
63721508985450	TASK_ADD	ListNavigationStarts	ObjectList	StartLocation07	null
63721508985450	TASK_ADD	ListNavigationStarts	ObjectList	StartLocation06	null
63721508985450	TASK_ADD	ListNavigationStarts	ObjectList	StartLocation05	null
63721508985450	TASK_ADD	ListNavigationStarts	ObjectList	StartLocation04	null
63721508985450	TASK_ADD	ListNavigationStarts	ObjectList	StartLocation08	null
63721508985450	TASK_ADD	ListNavigationStarts	ObjectList	StartLocation01	null
63721508985450	TASK_ADD	ListNavigationStarts	ObjectList	StartLocation02	null
63721508985450	TASK_ADD	ListNavigationStarts	ObjectList	StartLocation03	null
63721508985455	TASK_END	ListNavigationStarts	ObjectList	5
63721508985456	TASK_START	ListLargePlayerStarts	ObjectList
63721508985456	TASK_ADD	ListLargePlayerStarts	ObjectList	ScaledPlayerSpawn08	null
63721508985456	TASK_ADD	ListLargePlayerStarts	ObjectList	ScaledPlayerSpawn06	null
63721508985456	TASK_ADD	ListLargePlayerStarts	ObjectList	ScaledPlayerSpawn01	null
63721508985456	TASK_ADD	ListLargePlayerStarts	ObjectList	ScaledPlayerSpawn03	null
63721508985456	TASK_ADD	ListLargePlayerStarts	ObjectList	ScaledPlayerSpawn05	null
63721508985456	TASK_ADD	ListLargePlayerStarts	ObjectList	ScaledPlayerSpawn02	null
63721508985456	TASK_ADD	ListLargePlayerStarts	ObjectList	ScaledPlayerSpawn07	null
63721508985456	TASK_ADD	ListLargePlayerStarts	ObjectList	ScaledPlayerSpawn04	null
63721508985459	TASK_END	ListLargePlayerStarts	ObjectList	3
63721508985460	TASK_START	ListSmallPlayerStarts	ObjectList
63721508985460	TASK_ADD	ListSmallPlayerStarts	ObjectList	StartLocation06	null
63721508985460	TASK_ADD	ListSmallPlayerStarts	ObjectList	StartLocation08	null
63721508985460	TASK_ADD	ListSmallPlayerStarts	ObjectList	StartLocation03	null
63721508985460	TASK_ADD	ListSmallPlayerStarts	ObjectList	StartLocation02	null
63721508985460	TASK_ADD	ListSmallPlayerStarts	ObjectList	StartLocation04	null
63721508985460	TASK_ADD	ListSmallPlayerStarts	ObjectList	StartLocation07	null
63721508985460	TASK_ADD	ListSmallPlayerStarts	ObjectList	StartLocation01	null
63721508985460	TASK_ADD	ListSmallPlayerStarts	ObjectList	StartLocation05	null
63721508985467	TASK_END	ListSmallPlayerStarts	ObjectList	7
63721508985467	LM_Output	TaskList
TaskListName	RepetitionNumber	CatchFlag
InitializeExperiment1False
63721508985467	TASK_END	InitializeExperiment	TaskList	108
63721508985468	TASK_START	BeginMessage	InstructionsTask
63721509007283	INPUT_EVENT    PlayerPressedActionButton    1
63721509007283	TASK_END	BeginMessage	InstructionsTask	21815
63721509007284	TASK_START	Tasks	TaskList
63721509007291	TASK_END	Tasks	TaskList	7
63721509007292	TASK_START	EndMessage	InstructionsTask
63721509012295	TASK_END	EndMessage	InstructionsTask	5003
63721509012295	LM_Output	TaskList
TaskListName	RepetitionNumber	CatchFlag
LM_Timeline1False
63721509012297	EEG_TRIGGER	Name	EXP_end	Value	2
63721509012297	TASK_END	LM_Timeline	TaskList	26939
63721509012298	
================ Index of EEG Triggers ================
1: EXP_start
2: EXP_end

